<t:root xmlns:t='test' xmlns:xsi='http://www.w3.org/2001/XMLSchema-instance' xsi:schemaLocation='test test.xsd'><record orange="0" apple="true"><int>42</int><double>42345.4232</double><name>name123_45</name><choice1>1 choice</choice1><enum>romance</enum></record><record orange="1"><int>42</int><double>42345.4232</double><name>name123_45</name><string>one two three</string><choice2>2 choice</choice2><enum>fiction</enum></record><record orange="2" apple="true"><int>42</int><double>42345.4232</double><name>name123_45</name><choice3>3 choice</choice3><enum>horror</enum></record><record orange="3"><int>42</int><double>42345.4232</double><name>name123_45</name><string>one two three</string><choice4>4 choice</choice4><enum>history</enum></record><record orange="4" apple="true"><int>42</int><double>42345.4232</double><name>name123_45</name><choice1>1 choice</choice1><enum>philosophy</enum></record><record orange="5"><int>42</int><double>42345.4232</double><name>name123_45</name><string>one two three</string><choice2>2 choice</choice2><enum>romance</enum></record><record orange="6" apple="true"><int>42</int><double>42345.4232</double><name>name123_45</name><choice3>3 choice</choice3><enum>fiction</enum></record><record orange="7"><int>42</int><double>42345.4232</double><name>name123_45</name><string>one two three</string><choice4>4 choice</choice4><enum>horror</enum></record><record orange="8" apple="true"><int>42</int><double>42345.4232</double><name>name123_45</name><choice1>1 choice</choice1><enum>history</enum></record><record orange="9"><int>42</int><double>42345.4232</double><name>name123_45</name><string>one two three</string><choice2>2 choice</choice2><enum>philosophy</enum></record><record orange="10" apple="true"><int>42</int><double>42345.4232</double><name>name123_45</name><choice3>3 choice</choice3><enum>romance</enum></record><record orange="11"><int>42</int><double>42345.4232</double><name>name123_45</name><string>one two three</string><choice4>4 choice</choice4><enum>fiction</enum></record><record orange="12" apple="true"><int>42</int><double>42345.4232</double><name>name123_45</name><choice1>1 choice</choice1><enum>horror</enum></record><record orange="13"><int>42</int><double>42345.4232</double><name>name123_45</name><string>one two three</string><choice2>2 choice</choice2><enum>history</enum></record><record orange="14" apple="true"><int>42</int><double>42345.4232</double><name>name123_45</name><choice3>3 choice</choice3><enum>philosophy</enum></record><record orange="15"><int>42</int><double>42345.4232</double><name>name123_45</name><string>one two three</string><choice4>4 choice</choice4><enum>romance</enum></record><record orange="16" apple="true"><int>42</int><double>42345.4232</double><name>name123_45</name><choice1>1 choice</choice1><enum>fiction</enum></record><record orange="17"><int>42</int><double>42345.4232</double><name>name123_45</name><string>one two three</string><choice2>2 choice</choice2><enum>horror</enum></record><record orange="18" apple="true"><int>42</int><double>42345.4232</double><name>name123_45</name><choice3>3 choice</choice3><enum>history</enum></record><record orange="19"><int>42</int><double>42345.4232</double><name>name123_45</name><string>one two three</string><choice4>4 choice</choice4><enum>philosophy</enum></record><record orange="20" apple="true"><int>42</int><double>42345.4232</double><name>name123_45</name><choice1>1 choice</choice1><enum>romance</enum></record><record orange="21"><int>42</int><double>42345.4232</double><name>name123_45</name><string>one two three</string><choice2>2 choice</choice2><enum>fiction</enum></record><record orange="22" apple="true"><int>42</int><double>42345.4232</double><name>name123_45</name><choice3>3 choice</choice3><enum>horror</enum></record><record orange="23"><int>42</int><double>42345.4232</double><name>name123_45</name><string>one two three</string><choice4>4 choice</choice4><enum>history</enum></record><record orange="24" apple="true"><int>42</int><double>42345.4232</double><name>name123_45</name><choice1>1 choice</choice1><enum>philosophy</enum></record><record orange="25"><int>42</int><double>42345.4232</double><name>name123_45</name><string>one two three</string><choice2>2 choice</choice2><enum>romance</enum></record><record orange="26" apple="true"><int>42</int><double>42345.4232</double><name>name123_45</name><choice3>3 choice</choice3><enum>fiction</enum></record><record orange="27"><int>42</int><double>42345.4232</double><name>name123_45</name><string>one two three</string><choice4>4 choice</choice4><enum>horror</enum></record><record orange="28" apple="true"><int>42</int><double>42345.4232</double><name>name123_45</name><choice1>1 choice</choice1><enum>history</enum></record><record orange="29"><int>42</int><double>42345.4232</double><name>name123_45</name><string>one two three</string><choice2>2 choice</choice2><enum>philosophy</enum></record><record orange="30" apple="true"><int>42</int><double>42345.4232</double><name>name123_45</name><choice3>3 choice</choice3><enum>romance</enum></record><record orange="31"><int>42</int><double>42345.4232</double><name>name123_45</name><string>one two three</string><choice4>4 choice</choice4><enum>fiction</enum></record><record orange="32" apple="true"><int>42</int><double>42345.4232</double><name>name123_45</name><choice1>1 choice</choice1><enum>horror</enum></record><record orange="33"><int>42</int><double>42345.4232</double><name>name123_45</name><string>one two three</string><choice2>2 choice</choice2><enum>history</enum></record><record orange="34" apple="true"><int>42</int><double>42345.4232</double><name>name123_45</name><choice3>3 choice</choice3><enum>philosophy</enum></record><record orange="35"><int>42</int><double>42345.4232</double><name>name123_45</name><string>one two three</string><choice4>4 choice</choice4><enum>romance</enum></record><record orange="36" apple="true"><int>42</int><double>42345.4232</double><name>name123_45</name><choice1>1 choice</choice1><enum>fiction</enum></record><record orange="37"><int>42</int><double>42345.4232</double><name>name123_45</name><string>one two three</string><choice2>2 choice</choice2><enum>horror</enum></record><record orange="38" apple="true"><int>42</int><double>42345.4232</double><name>name123_45</name><choice3>3 choice</choice3><enum>history</enum></record><record orange="39"><int>42</int><double>42345.4232</double><name>name123_45</name><string>one two three</string><choice4>4 choice</choice4><enum>philosophy</enum></record><record orange="40" apple="true"><int>42</int><double>42345.4232</double><name>name123_45</name><choice1>1 choice</choice1><enum>romance</enum></record><record orange="41"><int>42</int><double>42345.4232</double><name>name123_45</name><string>one two three</string><choice2>2 choice</choice2><enum>fiction</enum></record><record orange="42" apple="true"><int>42</int><double>42345.4232</double><name>name123_45</name><choice3>3 choice</choice3><enum>horror</enum></record><record orange="43"><int>42</int><double>42345.4232</double><name>name123_45</name><string>one two three</string><choice4>4 choice</choice4><enum>history</enum></record><record orange="44" apple="true"><int>42</int><double>42345.4232</double><name>name123_45</name><choice1>1 choice</choice1><enum>philosophy</enum></record><record orange="45"><int>42</int><double>42345.4232</double><name>name123_45</name><string>one two three</string><choice2>2 choice</choice2><enum>romance</enum></record><record orange="46" apple="true"><int>42</int><double>42345.4232</double><name>name123_45</name><choice3>3 choice</choice3><enum>fiction</enum></record><record orange="47"><int>42</int><double>42345.4232</double><name>name123_45</name><string>one two three</string><choice4>4 choice</choice4><enum>horror</enum></record><record orange="48" apple="true"><int>42</int><double>42345.4232</double><name>name123_45</name><choice1>1 choice</choice1><enum>history</enum></record><record orange="49"><int>42</int><double>42345.4232</double><name>name123_45</name><string>one two three</string><choice2>2 choice</choice2><enum>philosophy</enum></record><record orange="50" apple="true"><int>42</int><double>42345.4232</double><name>name123_45</name><choice3>3 choice</choice3><enum>romance</enum></record><record orange="51"><int>42</int><double>42345.4232</double><name>name123_45</name><string>one two three</string><choice4>4 choice</choice4><enum>fiction</enum></record><record orange="52" apple="true"><int>42</int><double>42345.4232</double><name>name123_45</name><choice1>1 choice</choice1><enum>horror</enum></record><record orange="53"><int>42</int><double>42345.4232</double><name>name123_45</name><string>one two three</string><choice2>2 choice</choice2><enum>history</enum></record><record orange="54" apple="true"><int>42</int><double>42345.4232</double><name>name123_45</name><choice3>3 choice</choice3><enum>philosophy</enum></record><record orange="55"><int>42</int><double>42345.4232</double><name>name123_45</name><string>one two three</string><choice4>4 choice</choice4><enum>romance</enum></record><record orange="56" apple="true"><int>42</int><double>42345.4232</double><name>name123_45</name><choice1>1 choice</choice1><enum>fiction</enum></record><record orange="57"><int>42</int><double>42345.4232</double><name>name123_45</name><string>one two three</string><choice2>2 choice</choice2><enum>horror</enum></record><record orange="58" apple="true"><int>42</int><double>42345.4232</double><name>name123_45</name><choice3>3 choice</choice3><enum>history</enum></record><record orange="59"><int>42</int><double>42345.4232</double><name>name123_45</name><string>one two three</string><choice4>4 choice</choice4><enum>philosophy</enum></record><record orange="60" apple="true"><int>42</int><double>42345.4232</double><name>name123_45</name><choice1>1 choice</choice1><enum>romance</enum></record><record orange="61"><int>42</int><double>42345.4232</double><name>name123_45</name><string>one two three</string><choice2>2 choice</choice2><enum>fiction</enum></record><record orange="62" apple="true"><int>42</int><double>42345.4232</double><name>name123_45</name><choice3>3 choice</choice3><enum>horror</enum></record><record orange="63"><int>42</int><double>42345.4232</double><name>name123_45</name><string>one two three</string><choice4>4 choice</choice4><enum>history</enum></record><record orange="64" apple="true"><int>42</int><double>42345.4232</double><name>name123_45</name><choice1>1 choice</choice1><enum>philosophy</enum></record><record orange="65"><int>42</int><double>42345.4232</double><name>name123_45</name><string>one two three</string><choice2>2 choice</choice2><enum>romance</enum></record><record orange="66" apple="true"><int>42</int><double>42345.4232</double><name>name123_45</name><choice3>3 choice</choice3><enum>fiction</enum></record><record orange="67"><int>42</int><double>42345.4232</double><name>name123_45</name><string>one two three</string><choice4>4 choice</choice4><enum>horror</enum></record><record orange="68" apple="true"><int>42</int><double>42345.4232</double><name>name123_45</name><choice1>1 choice</choice1><enum>history</enum></record><record orange="69"><int>42</int><double>42345.4232</double><name>name123_45</name><string>one two three</string><choice2>2 choice</choice2><enum>philosophy</enum></record><record orange="70" apple="true"><int>42</int><double>42345.4232</double><name>name123_45</name><choice3>3 choice</choice3><enum>romance</enum></record><record orange="71"><int>42</int><double>42345.4232</double><name>name123_45</name><string>one two three</string><choice4>4 choice</choice4><enum>fiction</enum></record><record orange="72" apple="true"><int>42</int><double>42345.4232</double><name>name123_45</name><choice1>1 choice</choice1><enum>horror</enum></record><record orange="73"><int>42</int><double>42345.4232</double><name>name123_45</name><string>one two three</string><choice2>2 choice</choice2><enum>history</enum></record><record orange="74" apple="true"><int>42</int><double>42345.4232</double><name>name123_45</name><choice3>3 choice</choice3><enum>philosophy</enum></record><record orange="75"><int>42</int><double>42345.4232</double><name>name123_45</name><string>one two three</string><choice4>4 choice</choice4><enum>romance</enum></record><record orange="76" apple="true"><int>42</int><double>42345.4232</double><name>name123_45</name><choice1>1 choice</choice1><enum>fiction</enum></record><record orange="77"><int>42</int><double>42345.4232</double><name>name123_45</name><string>one two three</string><choice2>2 choice</choice2><enum>horror</enum></record><record orange="78" apple="true"><int>42</int><double>42345.4232</double><name>name123_45</name><choice3>3 choice</choice3><enum>history</enum></record><record orange="79"><int>42</int><double>42345.4232</double><name>name123_45</name><string>one two three</string><choice4>4 choice</choice4><enum>philosophy</enum></record><record orange="80" apple="true"><int>42</int><double>42345.4232</double><name>name123_45</name><choice1>1 choice</choice1><enum>romance</enum></record><record orange="81"><int>42</int><double>42345.4232</double><name>name123_45</name><string>one two three</string><choice2>2 choice</choice2><enum>fiction</enum></record><record orange="82" apple="true"><int>42</int><double>42345.4232</double><name>name123_45</name><choice3>3 choice</choice3><enum>horror</enum></record><record orange="83"><int>42</int><double>42345.4232</double><name>name123_45</name><string>one two three</string><choice4>4 choice</choice4><enum>history</enum></record><record orange="84" apple="true"><int>42</int><double>42345.4232</double><name>name123_45</name><choice1>1 choice</choice1><enum>philosophy</enum></record><record orange="85"><int>42</int><double>42345.4232</double><name>name123_45</name><string>one two three</string><choice2>2 choice</choice2><enum>romance</enum></record><record orange="86" apple="true"><int>42</int><double>42345.4232</double><name>name123_45</name><choice3>3 choice</choice3><enum>fiction</enum></record><record orange="87"><int>42</int><double>42345.4232</double><name>name123_45</name><string>one two three</string><choice4>4 choice</choice4><enum>horror</enum></record><record orange="88" apple="true"><int>42</int><double>42345.4232</double><name>name123_45</name><choice1>1 choice</choice1><enum>history</enum></record><record orange="89"><int>42</int><double>42345.4232</double><name>name123_45</name><string>one two three</string><choice2>2 choice</choice2><enum>philosophy</enum></record><record orange="90" apple="true"><int>42</int><double>42345.4232</double><name>name123_45</name><choice3>3 choice</choice3><enum>romance</enum></record><record orange="91"><int>42</int><double>42345.4232</double><name>name123_45</name><string>one two three</string><choice4>4 choice</choice4><enum>fiction</enum></record><record orange="92" apple="true"><int>42</int><double>42345.4232</double><name>name123_45</name><choice1>1 choice</choice1><enum>horror</enum></record><record orange="93"><int>42</int><double>42345.4232</double><name>name123_45</name><string>one two three</string><choice2>2 choice</choice2><enum>history</enum></record><record orange="94" apple="true"><int>42</int><double>42345.4232</double><name>name123_45</name><choice3>3 choice</choice3><enum>philosophy</enum></record><record orange="95"><int>42</int><double>42345.4232</double><name>name123_45</name><string>one two three</string><choice4>4 choice</choice4><enum>romance</enum></record><record orange="96" apple="true"><int>42</int><double>42345.4232</double><name>name123_45</name><choice1>1 choice</choice1><enum>fiction</enum></record><record orange="97"><int>42</int><double>42345.4232</double><name>name123_45</name><string>one two three</string><choice2>2 choice</choice2><enum>horror</enum></record><record orange="98" apple="true"><int>42</int><double>42345.4232</double><name>name123_45</name><choice3>3 choice</choice3><enum>history</enum></record><record orange="99"><int>42</int><double>42345.4232</double><name>name123_45</name><string>one two three</string><choice4>4 choice</choice4><enum>philosophy</enum></record><record orange="100" apple="true"><int>42</int><double>42345.4232</double><name>name123_45</name><choice1>1 choice</choice1><enum>romance</enum></record><record orange="101"><int>42</int><double>42345.4232</double><name>name123_45</name><string>one two three</string><choice2>2 choice</choice2><enum>fiction</enum></record><record orange="102" apple="true"><int>42</int><double>42345.4232</double><name>name123_45</name><choice3>3 choice</choice3><enum>horror</enum></record><record orange="103"><int>42</int><double>42345.4232</double><name>name123_45</name><string>one two three</string><choice4>4 choice</choice4><enum>history</enum></record><record orange="104" apple="true"><int>42</int><double>42345.4232</double><name>name123_45</name><choice1>1 choice</choice1><enum>philosophy</enum></record><record orange="105"><int>42</int><double>42345.4232</double><name>name123_45</name><string>one two three</string><choice2>2 choice</choice2><enum>romance</enum></record><record orange="106" apple="true"><int>42</int><double>42345.4232</double><name>name123_45</name><choice3>3 choice</choice3><enum>fiction</enum></record><record orange="107"><int>42</int><double>42345.4232</double><name>name123_45</name><string>one two three</string><choice4>4 choice</choice4><enum>horror</enum></record><record orange="108" apple="true"><int>42</int><double>42345.4232</double><name>name123_45</name><choice1>1 choice</choice1><enum>history</enum></record><record orange="109"><int>42</int><double>42345.4232</double><name>name123_45</name><string>one two three</string><choice2>2 choice</choice2><enum>philosophy</enum></record><record orange="110" apple="true"><int>42</int><double>42345.4232</double><name>name123_45</name><choice3>3 choice</choice3><enum>romance</enum></record><record orange="111"><int>42</int><double>42345.4232</double><name>name123_45</name><string>one two three</string><choice4>4 choice</choice4><enum>fiction</enum></record><record orange="112" apple="true"><int>42</int><double>42345.4232</double><name>name123_45</name><choice1>1 choice</choice1><enum>horror</enum></record><record orange="113"><int>42</int><double>42345.4232</double><name>name123_45</name><string>one two three</string><choice2>2 choice</choice2><enum>history</enum></record><record orange="114" apple="true"><int>42</int><double>42345.4232</double><name>name123_45</name><choice3>3 choice</choice3><enum>philosophy</enum></record><record orange="115"><int>42</int><double>42345.4232</double><name>name123_45</name><string>one two three</string><choice4>4 choice</choice4><enum>romance</enum></record><record orange="116" apple="true"><int>42</int><double>42345.4232</double><name>name123_45</name><choice1>1 choice</choice1><enum>fiction</enum></record><record orange="117"><int>42</int><double>42345.4232</double><name>name123_45</name><string>one two three</string><choice2>2 choice</choice2><enum>horror</enum></record><record orange="118" apple="true"><int>42</int><double>42345.4232</double><name>name123_45</name><choice3>3 choice</choice3><enum>history</enum></record><record orange="119"><int>42</int><double>42345.4232</double><name>name123_45</name><string>one two three</string><choice4>4 choice</choice4><enum>philosophy</enum></record><record orange="120" apple="true"><int>42</int><double>42345.4232</double><name>name123_45</name><choice1>1 choice</choice1><enum>romance</enum></record><record orange="121"><int>42</int><double>42345.4232</double><name>name123_45</name><string>one two three</string><choice2>2 choice</choice2><enum>fiction</enum></record><record orange="122" apple="true"><int>42</int><double>42345.4232</double><name>name123_45</name><choice3>3 choice</choice3><enum>horror</enum></record><record orange="123"><int>42</int><double>42345.4232</double><name>name123_45</name><string>one two three</string><choice4>4 choice</choice4><enum>history</enum></record><record orange="124" apple="true"><int>42</int><double>42345.4232</double><name>name123_45</name><choice1>1 choice</choice1><enum>philosophy</enum></record><record orange="125"><int>42</int><double>42345.4232</double><name>name123_45</name><string>one two three</string><choice2>2 choice</choice2><enum>romance</enum></record><record orange="126" apple="true"><int>42</int><double>42345.4232</double><name>name123_45</name><choice3>3 choice</choice3><enum>fiction</enum></record><record orange="127"><int>42</int><double>42345.4232</double><name>name123_45</name><string>one two three</string><choice4>4 choice</choice4><enum>horror</enum></record><record orange="128" apple="true"><int>42</int><double>42345.4232</double><name>name123_45</name><choice1>1 choice</choice1><enum>history</enum></record><record orange="129"><int>42</int><double>42345.4232</double><name>name123_45</name><string>one two three</string><choice2>2 choice</choice2><enum>philosophy</enum></record><record orange="130" apple="true"><int>42</int><double>42345.4232</double><name>name123_45</name><choice3>3 choice</choice3><enum>romance</enum></record><record orange="131"><int>42</int><double>42345.4232</double><name>name123_45</name><string>one two three</string><choice4>4 choice</choice4><enum>fiction</enum></record><record orange="132" apple="true"><int>42</int><double>42345.4232</double><name>name123_45</name><choice1>1 choice</choice1><enum>horror</enum></record><record orange="133"><int>42</int><double>42345.4232</double><name>name123_45</name><string>one two three</string><choice2>2 choice</choice2><enum>history</enum></record><record orange="134" apple="true"><int>42</int><double>42345.4232</double><name>name123_45</name><choice3>3 choice</choice3><enum>philosophy</enum></record><record orange="135"><int>42</int><double>42345.4232</double><name>name123_45</name><string>one two three</string><choice4>4 choice</choice4><enum>romance</enum></record><record orange="136" apple="true"><int>42</int><double>42345.4232</double><name>name123_45</name><choice1>1 choice</choice1><enum>fiction</enum></record><record orange="137"><int>42</int><double>42345.4232</double><name>name123_45</name><string>one two three</string><choice2>2 choice</choice2><enum>horror</enum></record><record orange="138" apple="true"><int>42</int><double>42345.4232</double><name>name123_45</name><choice3>3 choice</choice3><enum>history</enum></record><record orange="139"><int>42</int><double>42345.4232</double><name>name123_45</name><string>one two three</string><choice4>4 choice</choice4><enum>philosophy</enum></record><record orange="140" apple="true"><int>42</int><double>42345.4232</double><name>name123_45</name><choice1>1 choice</choice1><enum>romance</enum></record><record orange="141"><int>42</int><double>42345.4232</double><name>name123_45</name><string>one two three</string><choice2>2 choice</choice2><enum>fiction</enum></record><record orange="142" apple="true"><int>42</int><double>42345.4232</double><name>name123_45</name><choice3>3 choice</choice3><enum>horror</enum></record><record orange="143"><int>42</int><double>42345.4232</double><name>name123_45</name><string>one two three</string><choice4>4 choice</choice4><enum>history</enum></record><record orange="144" apple="true"><int>42</int><double>42345.4232</double><name>name123_45</name><choice1>1 choice</choice1><enum>philosophy</enum></record><record orange="145"><int>42</int><double>42345.4232</double><name>name123_45</name><string>one two three</string><choice2>2 choice</choice2><enum>romance</enum></record><record orange="146" apple="true"><int>42</int><double>42345.4232</double><name>name123_45</name><choice3>3 choice</choice3><enum>fiction</enum></record><record orange="147"><int>42</int><double>42345.4232</double><name>name123_45</name><string>one two three</string><choice4>4 choice</choice4><enum>horror</enum></record><record orange="148" apple="true"><int>42</int><double>42345.4232</double><name>name123_45</name><choice1>1 choice</choice1><enum>history</enum></record><record orange="149"><int>42</int><double>42345.4232</double><name>name123_45</name><string>one two three</string><choice2>2 choice</choice2><enum>philosophy</enum></record><record orange="150" apple="true"><int>42</int><double>42345.4232</double><name>name123_45</name><choice3>3 choice</choice3><enum>romance</enum></record><record orange="151"><int>42</int><double>42345.4232</double><name>name123_45</name><string>one two three</string><choice4>4 choice</choice4><enum>fiction</enum></record><record orange="152" apple="true"><int>42</int><double>42345.4232</double><name>name123_45</name><choice1>1 choice</choice1><enum>horror</enum></record><record orange="153"><int>42</int><double>42345.4232</double><name>name123_45</name><string>one two three</string><choice2>2 choice</choice2><enum>history</enum></record><record orange="154" apple="true"><int>42</int><double>42345.4232</double><name>name123_45</name><choice3>3 choice</choice3><enum>philosophy</enum></record><record orange="155"><int>42</int><double>42345.4232</double><name>name123_45</name><string>one two three</string><choice4>4 choice</choice4><enum>romance</enum></record><record orange="156" apple="true"><int>42</int><double>42345.4232</double><name>name123_45</name><choice1>1 choice</choice1><enum>fiction</enum></record><record orange="157"><int>42</int><double>42345.4232</double><name>name123_45</name><string>one two three</string><choice2>2 choice</choice2><enum>horror</enum></record><record orange="158" apple="true"><int>42</int><double>42345.4232</double><name>name123_45</name><choice3>3 choice</choice3><enum>history</enum></record><record orange="159"><int>42</int><double>42345.4232</double><name>name123_45</name><string>one two three</string><choice4>4 choice</choice4><enum>philosophy</enum></record><record orange="160" apple="true"><int>42</int><double>42345.4232</double><name>name123_45</name><choice1>1 choice</choice1><enum>romance</enum></record><record orange="161"><int>42</int><double>42345.4232</double><name>name123_45</name><string>one two three</string><choice2>2 choice</choice2><enum>fiction</enum></record><record orange="162" apple="true"><int>42</int><double>42345.4232</double><name>name123_45</name><choice3>3 choice</choice3><enum>horror</enum></record><record orange="163"><int>42</int><double>42345.4232</double><name>name123_45</name><string>one two three</string><choice4>4 choice</choice4><enum>history</enum></record><record orange="164" apple="true"><int>42</int><double>42345.4232</double><name>name123_45</name><choice1>1 choice</choice1><enum>philosophy</enum></record><record orange="165"><int>42</int><double>42345.4232</double><name>name123_45</name><string>one two three</string><choice2>2 choice</choice2><enum>romance</enum></record><record orange="166" apple="true"><int>42</int><double>42345.4232</double><name>name123_45</name><choice3>3 choice</choice3><enum>fiction</enum></record><record orange="167"><int>42</int><double>42345.4232</double><name>name123_45</name><string>one two three</string><choice4>4 choice</choice4><enum>horror</enum></record><record orange="168" apple="true"><int>42</int><double>42345.4232</double><name>name123_45</name><choice1>1 choice</choice1><enum>history</enum></record><record orange="169"><int>42</int><double>42345.4232</double><name>name123_45</name><string>one two three</string><choice2>2 choice</choice2><enum>philosophy</enum></record><record orange="170" apple="true"><int>42</int><double>42345.4232</double><name>name123_45</name><choice3>3 choice</choice3><enum>romance</enum></record><record orange="171"><int>42</int><double>42345.4232</double><name>name123_45</name><string>one two three</string><choice4>4 choice</choice4><enum>fiction</enum></record><record orange="172" apple="true"><int>42</int><double>42345.4232</double><name>name123_45</name><choice1>1 choice</choice1><enum>horror</enum></record><record orange="173"><int>42</int><double>42345.4232</double><name>name123_45</name><string>one two three</string><choice2>2 choice</choice2><enum>history</enum></record><record orange="174" apple="true"><int>42</int><double>42345.4232</double><name>name123_45</name><choice3>3 choice</choice3><enum>philosophy</enum></record><record orange="175"><int>42</int><double>42345.4232</double><name>name123_45</name><string>one two three</string><choice4>4 choice</choice4><enum>romance</enum></record><record orange="176" apple="true"><int>42</int><double>42345.4232</double><name>name123_45</name><choice1>1 choice</choice1><enum>fiction</enum></record><record orange="177"><int>42</int><double>42345.4232</double><name>name123_45</name><string>one two three</string><choice2>2 choice</choice2><enum>horror</enum></record><record orange="178" apple="true"><int>42</int><double>42345.4232</double><name>name123_45</name><choice3>3 choice</choice3><enum>history</enum></record><record orange="179"><int>42</int><double>42345.4232</double><name>name123_45</name><string>one two three</string><choice4>4 choice</choice4><enum>philosophy</enum></record><record orange="180" apple="true"><int>42</int><double>42345.4232</double><name>name123_45</name><choice1>1 choice</choice1><enum>romance</enum></record><record orange="181"><int>42</int><double>42345.4232</double><name>name123_45</name><string>one two three</string><choice2>2 choice</choice2><enum>fiction</enum></record><record orange="182" apple="true"><int>42</int><double>42345.4232</double><name>name123_45</name><choice3>3 choice</choice3><enum>horror</enum></record><record orange="183"><int>42</int><double>42345.4232</double><name>name123_45</name><string>one two three</string><choice4>4 choice</choice4><enum>history</enum></record><record orange="184" apple="true"><int>42</int><double>42345.4232</double><name>name123_45</name><choice1>1 choice</choice1><enum>philosophy</enum></record><record orange="185"><int>42</int><double>42345.4232</double><name>name123_45</name><string>one two three</string><choice2>2 choice</choice2><enum>romance</enum></record><record orange="186" apple="true"><int>42</int><double>42345.4232</double><name>name123_45</name><choice3>3 choice</choice3><enum>fiction</enum></record><record orange="187"><int>42</int><double>42345.4232</double><name>name123_45</name><string>one two three</string><choice4>4 choice</choice4><enum>horror</enum></record><record orange="188" apple="true"><int>42</int><double>42345.4232</double><name>name123_45</name><choice1>1 choice</choice1><enum>history</enum></record><record orange="189"><int>42</int><double>42345.4232</double><name>name123_45</name><string>one two three</string><choice2>2 choice</choice2><enum>philosophy</enum></record><record orange="190" apple="true"><int>42</int><double>42345.4232</double><name>name123_45</name><choice3>3 choice</choice3><enum>romance</enum></record><record orange="191"><int>42</int><double>42345.4232</double><name>name123_45</name><string>one two three</string><choice4>4 choice</choice4><enum>fiction</enum></record><record orange="192" apple="true"><int>42</int><double>42345.4232</double><name>name123_45</name><choice1>1 choice</choice1><enum>horror</enum></record><record orange="193"><int>42</int><double>42345.4232</double><name>name123_45</name><string>one two three</string><choice2>2 choice</choice2><enum>history</enum></record><record orange="194" apple="true"><int>42</int><double>42345.4232</double><name>name123_45</name><choice3>3 choice</choice3><enum>philosophy</enum></record><record orange="195"><int>42</int><double>42345.4232</double><name>name123_45</name><string>one two three</string><choice4>4 choice</choice4><enum>romance</enum></record><record orange="196" apple="true"><int>42</int><double>42345.4232</double><name>name123_45</name><choice1>1 choice</choice1><enum>fiction</enum></record><record orange="197"><int>42</int><double>42345.4232</double><name>name123_45</name><string>one two three</string><choice2>2 choice</choice2><enum>horror</enum></record><record orange="198" apple="true"><int>42</int><double>42345.4232</double><name>name123_45</name><choice3>3 choice</choice3><enum>history</enum></record><record orange="199"><int>42</int><double>42345.4232</double><name>name123_45</name><string>one two three</string><choice4>4 choice</choice4><enum>philosophy</enum></record><record orange="200" apple="true"><int>42</int><double>42345.4232</double><name>name123_45</name><choice1>1 choice</choice1><enum>romance</enum></record><record orange="201"><int>42</int><double>42345.4232</double><name>name123_45</name><string>one two three</string><choice2>2 choice</choice2><enum>fiction</enum></record><record orange="202" apple="true"><int>42</int><double>42345.4232</double><name>name123_45</name><choice3>3 choice</choice3><enum>horror</enum></record><record orange="203"><int>42</int><double>42345.4232</double><name>name123_45</name><string>one two three</string><choice4>4 choice</choice4><enum>history</enum></record><record orange="204" apple="true"><int>42</int><double>42345.4232</double><name>name123_45</name><choice1>1 choice</choice1><enum>philosophy</enum></record><record orange="205"><int>42</int><double>42345.4232</double><name>name123_45</name><string>one two three</string><choice2>2 choice</choice2><enum>romance</enum></record><record orange="206" apple="true"><int>42</int><double>42345.4232</double><name>name123_45</name><choice3>3 choice</choice3><enum>fiction</enum></record><record orange="207"><int>42</int><double>42345.4232</double><name>name123_45</name><string>one two three</string><choice4>4 choice</choice4><enum>horror</enum></record><record orange="208" apple="true"><int>42</int><double>42345.4232</double><name>name123_45</name><choice1>1 choice</choice1><enum>history</enum></record><record orange="209"><int>42</int><double>42345.4232</double><name>name123_45</name><string>one two three</string><choice2>2 choice</choice2><enum>philosophy</enum></record><record orange="210" apple="true"><int>42</int><double>42345.4232</double><name>name123_45</name><choice3>3 choice</choice3><enum>romance</enum></record><record orange="211"><int>42</int><double>42345.4232</double><name>name123_45</name><string>one two three</string><choice4>4 choice</choice4><enum>fiction</enum></record><record orange="212" apple="true"><int>42</int><double>42345.4232</double><name>name123_45</name><choice1>1 choice</choice1><enum>horror</enum></record><record orange="213"><int>42</int><double>42345.4232</double><name>name123_45</name><string>one two three</string><choice2>2 choice</choice2><enum>history</enum></record><record orange="214" apple="true"><int>42</int><double>42345.4232</double><name>name123_45</name><choice3>3 choice</choice3><enum>philosophy</enum></record><record orange="215"><int>42</int><double>42345.4232</double><name>name123_45</name><string>one two three</string><choice4>4 choice</choice4><enum>romance</enum></record><record orange="216" apple="true"><int>42</int><double>42345.4232</double><name>name123_45</name><choice1>1 choice</choice1><enum>fiction</enum></record><record orange="217"><int>42</int><double>42345.4232</double><name>name123_45</name><string>one two three</string><choice2>2 choice</choice2><enum>horror</enum></record><record orange="218" apple="true"><int>42</int><double>42345.4232</double><name>name123_45</name><choice3>3 choice</choice3><enum>history</enum></record><record orange="219"><int>42</int><double>42345.4232</double><name>name123_45</name><string>one two three</string><choice4>4 choice</choice4><enum>philosophy</enum></record><record orange="220" apple="true"><int>42</int><double>42345.4232</double><name>name123_45</name><choice1>1 choice</choice1><enum>romance</enum></record><record orange="221"><int>42</int><double>42345.4232</double><name>name123_45</name><string>one two three</string><choice2>2 choice</choice2><enum>fiction</enum></record><record orange="222" apple="true"><int>42</int><double>42345.4232</double><name>name123_45</name><choice3>3 choice</choice3><enum>horror</enum></record><record orange="223"><int>42</int><double>42345.4232</double><name>name123_45</name><string>one two three</string><choice4>4 choice</choice4><enum>history</enum></record><record orange="224" apple="true"><int>42</int><double>42345.4232</double><name>name123_45</name><choice1>1 choice</choice1><enum>philosophy</enum></record><record orange="225"><int>42</int><double>42345.4232</double><name>name123_45</name><string>one two three</string><choice2>2 choice</choice2><enum>romance</enum></record><record orange="226" apple="true"><int>42</int><double>42345.4232</double><name>name123_45</name><choice3>3 choice</choice3><enum>fiction</enum></record><record orange="227"><int>42</int><double>42345.4232</double><name>name123_45</name><string>one two three</string><choice4>4 choice</choice4><enum>horror</enum></record><record orange="228" apple="true"><int>42</int><double>42345.4232</double><name>name123_45</name><choice1>1 choice</choice1><enum>history</enum></record><record orange="229"><int>42</int><double>42345.4232</double><name>name123_45</name><string>one two three</string><choice2>2 choice</choice2><enum>philosophy</enum></record><record orange="230" apple="true"><int>42</int><double>42345.4232</double><name>name123_45</name><choice3>3 choice</choice3><enum>romance</enum></record><record orange="231"><int>42</int><double>42345.4232</double><name>name123_45</name><string>one two three</string><choice4>4 choice</choice4><enum>fiction</enum></record><record orange="232" apple="true"><int>42</int><double>42345.4232</double><name>name123_45</name><choice1>1 choice</choice1><enum>horror</enum></record><record orange="233"><int>42</int><double>42345.4232</double><name>name123_45</name><string>one two three</string><choice2>2 choice</choice2><enum>history</enum></record><record orange="234" apple="true"><int>42</int><double>42345.4232</double><name>name123_45</name><choice3>3 choice</choice3><enum>philosophy</enum></record><record orange="235"><int>42</int><double>42345.4232</double><name>name123_45</name><string>one two three</string><choice4>4 choice</choice4><enum>romance</enum></record><record orange="236" apple="true"><int>42</int><double>42345.4232</double><name>name123_45</name><choice1>1 choice</choice1><enum>fiction</enum></record><record orange="237"><int>42</int><double>42345.4232</double><name>name123_45</name><string>one two three</string><choice2>2 choice</choice2><enum>horror</enum></record><record orange="238" apple="true"><int>42</int><double>42345.4232</double><name>name123_45</name><choice3>3 choice</choice3><enum>history</enum></record><record orange="239"><int>42</int><double>42345.4232</double><name>name123_45</name><string>one two three</string><choice4>4 choice</choice4><enum>philosophy</enum></record><record orange="240" apple="true"><int>42</int><double>42345.4232</double><name>name123_45</name><choice1>1 choice</choice1><enum>romance</enum></record><record orange="241"><int>42</int><double>42345.4232</double><name>name123_45</name><string>one two three</string><choice2>2 choice</choice2><enum>fiction</enum></record><record orange="242" apple="true"><int>42</int><double>42345.4232</double><name>name123_45</name><choice3>3 choice</choice3><enum>horror</enum></record><record orange="243"><int>42</int><double>42345.4232</double><name>name123_45</name><string>one two three</string><choice4>4 choice</choice4><enum>history</enum></record><record orange="244" apple="true"><int>42</int><double>42345.4232</double><name>name123_45</name><choice1>1 choice</choice1><enum>philosophy</enum></record><record orange="245"><int>42</int><double>42345.4232</double><name>name123_45</name><string>one two three</string><choice2>2 choice</choice2><enum>romance</enum></record><record orange="246" apple="true"><int>42</int><double>42345.4232</double><name>name123_45</name><choice3>3 choice</choice3><enum>fiction</enum></record><record orange="247"><int>42</int><double>42345.4232</double><name>name123_45</name><string>one two three</string><choice4>4 choice</choice4><enum>horror</enum></record><record orange="248" apple="true"><int>42</int><double>42345.4232</double><name>name123_45</name><choice1>1 choice</choice1><enum>history</enum></record><record orange="249"><int>42</int><double>42345.4232</double><name>name123_45</name><string>one two three</string><choice2>2 choice</choice2><enum>philosophy</enum></record><record orange="250" apple="true"><int>42</int><double>42345.4232</double><name>name123_45</name><choice3>3 choice</choice3><enum>romance</enum></record><record orange="251"><int>42</int><double>42345.4232</double><name>name123_45</name><string>one two three</string><choice4>4 choice</choice4><enum>fiction</enum></record><record orange="252" apple="true"><int>42</int><double>42345.4232</double><name>name123_45</name><choice1>1 choice</choice1><enum>horror</enum></record><record orange="253"><int>42</int><double>42345.4232</double><name>name123_45</name><string>one two three</string><choice2>2 choice</choice2><enum>history</enum></record><record orange="254" apple="true"><int>42</int><double>42345.4232</double><name>name123_45</name><choice3>3 choice</choice3><enum>philosophy</enum></record><record orange="255"><int>42</int><double>42345.4232</double><name>name123_45</name><string>one two three</string><choice4>4 choice</choice4><enum>romance</enum></record><record orange="256" apple="true"><int>42</int><double>42345.4232</double><name>name123_45</name><choice1>1 choice</choice1><enum>fiction</enum></record><record orange="257"><int>42</int><double>42345.4232</double><name>name123_45</name><string>one two three</string><choice2>2 choice</choice2><enum>horror</enum></record><record orange="258" apple="true"><int>42</int><double>42345.4232</double><name>name123_45</name><choice3>3 choice</choice3><enum>history</enum></record><record orange="259"><int>42</int><double>42345.4232</double><name>name123_45</name><string>one two three</string><choice4>4 choice</choice4><enum>philosophy</enum></record><record orange="260" apple="true"><int>42</int><double>42345.4232</double><name>name123_45</name><choice1>1 choice</choice1><enum>romance</enum></record><record orange="261"><int>42</int><double>42345.4232</double><name>name123_45</name><string>one two three</string><choice2>2 choice</choice2><enum>fiction</enum></record><record orange="262" apple="true"><int>42</int><double>42345.4232</double><name>name123_45</name><choice3>3 choice</choice3><enum>horror</enum></record><record orange="263"><int>42</int><double>42345.4232</double><name>name123_45</name><string>one two three</string><choice4>4 choice</choice4><enum>history</enum></record><record orange="264" apple="true"><int>42</int><double>42345.4232</double><name>name123_45</name><choice1>1 choice</choice1><enum>philosophy</enum></record><record orange="265"><int>42</int><double>42345.4232</double><name>name123_45</name><string>one two three</string><choice2>2 choice</choice2><enum>romance</enum></record><record orange="266" apple="true"><int>42</int><double>42345.4232</double><name>name123_45</name><choice3>3 choice</choice3><enum>fiction</enum></record><record orange="267"><int>42</int><double>42345.4232</double><name>name123_45</name><string>one two three</string><choice4>4 choice</choice4><enum>horror</enum></record><record orange="268" apple="true"><int>42</int><double>42345.4232</double><name>name123_45</name><choice1>1 choice</choice1><enum>history</enum></record><record orange="269"><int>42</int><double>42345.4232</double><name>name123_45</name><string>one two three</string><choice2>2 choice</choice2><enum>philosophy</enum></record><record orange="270" apple="true"><int>42</int><double>42345.4232</double><name>name123_45</name><choice3>3 choice</choice3><enum>romance</enum></record><record orange="271"><int>42</int><double>42345.4232</double><name>name123_45</name><string>one two three</string><choice4>4 choice</choice4><enum>fiction</enum></record><record orange="272" apple="true"><int>42</int><double>42345.4232</double><name>name123_45</name><choice1>1 choice</choice1><enum>horror</enum></record><record orange="273"><int>42</int><double>42345.4232</double><name>name123_45</name><string>one two three</string><choice2>2 choice</choice2><enum>history</enum></record><record orange="274" apple="true"><int>42</int><double>42345.4232</double><name>name123_45</name><choice3>3 choice</choice3><enum>philosophy</enum></record><record orange="275"><int>42</int><double>42345.4232</double><name>name123_45</name><string>one two three</string><choice4>4 choice</choice4><enum>romance</enum></record><record orange="276" apple="true"><int>42</int><double>42345.4232</double><name>name123_45</name><choice1>1 choice</choice1><enum>fiction</enum></record><record orange="277"><int>42</int><double>42345.4232</double><name>name123_45</name><string>one two three</string><choice2>2 choice</choice2><enum>horror</enum></record><record orange="278" apple="true"><int>42</int><double>42345.4232</double><name>name123_45</name><choice3>3 choice</choice3><enum>history</enum></record><record orange="279"><int>42</int><double>42345.4232</double><name>name123_45</name><string>one two three</string><choice4>4 choice</choice4><enum>philosophy</enum></record><record orange="280" apple="true"><int>42</int><double>42345.4232</double><name>name123_45</name><choice1>1 choice</choice1><enum>romance</enum></record><record orange="281"><int>42</int><double>42345.4232</double><name>name123_45</name><string>one two three</string><choice2>2 choice</choice2><enum>fiction</enum></record><record orange="282" apple="true"><int>42</int><double>42345.4232</double><name>name123_45</name><choice3>3 choice</choice3><enum>horror</enum></record><record orange="283"><int>42</int><double>42345.4232</double><name>name123_45</name><string>one two three</string><choice4>4 choice</choice4><enum>history</enum></record><record orange="284" apple="true"><int>42</int><double>42345.4232</double><name>name123_45</name><choice1>1 choice</choice1><enum>philosophy</enum></record><record orange="285"><int>42</int><double>42345.4232</double><name>name123_45</name><string>one two three</string><choice2>2 choice</choice2><enum>romance</enum></record><record orange="286" apple="true"><int>42</int><double>42345.4232</double><name>name123_45</name><choice3>3 choice</choice3><enum>fiction</enum></record><record orange="287"><int>42</int><double>42345.4232</double><name>name123_45</name><string>one two three</string><choice4>4 choice</choice4><enum>horror</enum></record><record orange="288" apple="true"><int>42</int><double>42345.4232</double><name>name123_45</name><choice1>1 choice</choice1><enum>history</enum></record><record orange="289"><int>42</int><double>42345.4232</double><name>name123_45</name><string>one two three</string><choice2>2 choice</choice2><enum>philosophy</enum></record><record orange="290" apple="true"><int>42</int><double>42345.4232</double><name>name123_45</name><choice3>3 choice</choice3><enum>romance</enum></record><record orange="291"><int>42</int><double>42345.4232</double><name>name123_45</name><string>one two three</string><choice4>4 choice</choice4><enum>fiction</enum></record><record orange="292" apple="true"><int>42</int><double>42345.4232</double><name>name123_45</name><choice1>1 choice</choice1><enum>horror</enum></record><record orange="293"><int>42</int><double>42345.4232</double><name>name123_45</name><string>one two three</string><choice2>2 choice</choice2><enum>history</enum></record><record orange="294" apple="true"><int>42</int><double>42345.4232</double><name>name123_45</name><choice3>3 choice</choice3><enum>philosophy</enum></record><record orange="295"><int>42</int><double>42345.4232</double><name>name123_45</name><string>one two three</string><choice4>4 choice</choice4><enum>romance</enum></record><record orange="296" apple="true"><int>42</int><double>42345.4232</double><name>name123_45</name><choice1>1 choice</choice1><enum>fiction</enum></record><record orange="297"><int>42</int><double>42345.4232</double><name>name123_45</name><string>one two three</string><choice2>2 choice</choice2><enum>horror</enum></record><record orange="298" apple="true"><int>42</int><double>42345.4232</double><name>name123_45</name><choice3>3 choice</choice3><enum>history</enum></record><record orange="299"><int>42</int><double>42345.4232</double><name>name123_45</name><string>one two three</string><choice4>4 choice</choice4><enum>philosophy</enum></record><record orange="300" apple="true"><int>42</int><double>42345.4232</double><name>name123_45</name><choice1>1 choice</choice1><enum>romance</enum></record><record orange="301"><int>42</int><double>42345.4232</double><name>name123_45</name><string>one two three</string><choice2>2 choice</choice2><enum>fiction</enum></record><record orange="302" apple="true"><int>42</int><double>42345.4232</double><name>name123_45</name><choice3>3 choice</choice3><enum>horror</enum></record><record orange="303"><int>42</int><double>42345.4232</double><name>name123_45</name><string>one two three</string><choice4>4 choice</choice4><enum>history</enum></record><record orange="304" apple="true"><int>42</int><double>42345.4232</double><name>name123_45</name><choice1>1 choice</choice1><enum>philosophy</enum></record><record orange="305"><int>42</int><double>42345.4232</double><name>name123_45</name><string>one two three</string><choice2>2 choice</choice2><enum>romance</enum></record><record orange="306" apple="true"><int>42</int><double>42345.4232</double><name>name123_45</name><choice3>3 choice</choice3><enum>fiction</enum></record><record orange="307"><int>42</int><double>42345.4232</double><name>name123_45</name><string>one two three</string><choice4>4 choice</choice4><enum>horror</enum></record><record orange="308" apple="true"><int>42</int><double>42345.4232</double><name>name123_45</name><choice1>1 choice</choice1><enum>history</enum></record><record orange="309"><int>42</int><double>42345.4232</double><name>name123_45</name><string>one two three</string><choice2>2 choice</choice2><enum>philosophy</enum></record><record orange="310" apple="true"><int>42</int><double>42345.4232</double><name>name123_45</name><choice3>3 choice</choice3><enum>romance</enum></record><record orange="311"><int>42</int><double>42345.4232</double><name>name123_45</name><string>one two three</string><choice4>4 choice</choice4><enum>fiction</enum></record><record orange="312" apple="true"><int>42</int><double>42345.4232</double><name>name123_45</name><choice1>1 choice</choice1><enum>horror</enum></record><record orange="313"><int>42</int><double>42345.4232</double><name>name123_45</name><string>one two three</string><choice2>2 choice</choice2><enum>history</enum></record><record orange="314" apple="true"><int>42</int><double>42345.4232</double><name>name123_45</name><choice3>3 choice</choice3><enum>philosophy</enum></record><record orange="315"><int>42</int><double>42345.4232</double><name>name123_45</name><string>one two three</string><choice4>4 choice</choice4><enum>romance</enum></record><record orange="316" apple="true"><int>42</int><double>42345.4232</double><name>name123_45</name><choice1>1 choice</choice1><enum>fiction</enum></record><record orange="317"><int>42</int><double>42345.4232</double><name>name123_45</name><string>one two three</string><choice2>2 choice</choice2><enum>horror</enum></record><record orange="318" apple="true"><int>42</int><double>42345.4232</double><name>name123_45</name><choice3>3 choice</choice3><enum>history</enum></record><record orange="319"><int>42</int><double>42345.4232</double><name>name123_45</name><string>one two three</string><choice4>4 choice</choice4><enum>philosophy</enum></record><record orange="320" apple="true"><int>42</int><double>42345.4232</double><name>name123_45</name><choice1>1 choice</choice1><enum>romance</enum></record><record orange="321"><int>42</int><double>42345.4232</double><name>name123_45</name><string>one two three</string><choice2>2 choice</choice2><enum>fiction</enum></record><record orange="322" apple="true"><int>42</int><double>42345.4232</double><name>name123_45</name><choice3>3 choice</choice3><enum>horror</enum></record><record orange="323"><int>42</int><double>42345.4232</double><name>name123_45</name><string>one two three</string><choice4>4 choice</choice4><enum>history</enum></record><record orange="324" apple="true"><int>42</int><double>42345.4232</double><name>name123_45</name><choice1>1 choice</choice1><enum>philosophy</enum></record><record orange="325"><int>42</int><double>42345.4232</double><name>name123_45</name><string>one two three</string><choice2>2 choice</choice2><enum>romance</enum></record><record orange="326" apple="true"><int>42</int><double>42345.4232</double><name>name123_45</name><choice3>3 choice</choice3><enum>fiction</enum></record><record orange="327"><int>42</int><double>42345.4232</double><name>name123_45</name><string>one two three</string><choice4>4 choice</choice4><enum>horror</enum></record><record orange="328" apple="true"><int>42</int><double>42345.4232</double><name>name123_45</name><choice1>1 choice</choice1><enum>history</enum></record><record orange="329"><int>42</int><double>42345.4232</double><name>name123_45</name><string>one two three</string><choice2>2 choice</choice2><enum>philosophy</enum></record><record orange="330" apple="true"><int>42</int><double>42345.4232</double><name>name123_45</name><choice3>3 choice</choice3><enum>romance</enum></record><record orange="331"><int>42</int><double>42345.4232</double><name>name123_45</name><string>one two three</string><choice4>4 choice</choice4><enum>fiction</enum></record><record orange="332" apple="true"><int>42</int><double>42345.4232</double><name>name123_45</name><choice1>1 choice</choice1><enum>horror</enum></record><record orange="333"><int>42</int><double>42345.4232</double><name>name123_45</name><string>one two three</string><choice2>2 choice</choice2><enum>history</enum></record><record orange="334" apple="true"><int>42</int><double>42345.4232</double><name>name123_45</name><choice3>3 choice</choice3><enum>philosophy</enum></record><record orange="335"><int>42</int><double>42345.4232</double><name>name123_45</name><string>one two three</string><choice4>4 choice</choice4><enum>romance</enum></record><record orange="336" apple="true"><int>42</int><double>42345.4232</double><name>name123_45</name><choice1>1 choice</choice1><enum>fiction</enum></record><record orange="337"><int>42</int><double>42345.4232</double><name>name123_45</name><string>one two three</string><choice2>2 choice</choice2><enum>horror</enum></record><record orange="338" apple="true"><int>42</int><double>42345.4232</double><name>name123_45</name><choice3>3 choice</choice3><enum>history</enum></record><record orange="339"><int>42</int><double>42345.4232</double><name>name123_45</name><string>one two three</string><choice4>4 choice</choice4><enum>philosophy</enum></record><record orange="340" apple="true"><int>42</int><double>42345.4232</double><name>name123_45</name><choice1>1 choice</choice1><enum>romance</enum></record><record orange="341"><int>42</int><double>42345.4232</double><name>name123_45</name><string>one two three</string><choice2>2 choice</choice2><enum>fiction</enum></record><record orange="342" apple="true"><int>42</int><double>42345.4232</double><name>name123_45</name><choice3>3 choice</choice3><enum>horror</enum></record><record orange="343"><int>42</int><double>42345.4232</double><name>name123_45</name><string>one two three</string><choice4>4 choice</choice4><enum>history</enum></record><record orange="344" apple="true"><int>42</int><double>42345.4232</double><name>name123_45</name><choice1>1 choice</choice1><enum>philosophy</enum></record><record orange="345"><int>42</int><double>42345.4232</double><name>name123_45</name><string>one two three</string><choice2>2 choice</choice2><enum>romance</enum></record><record orange="346" apple="true"><int>42</int><double>42345.4232</double><name>name123_45</name><choice3>3 choice</choice3><enum>fiction</enum></record><record orange="347"><int>42</int><double>42345.4232</double><name>name123_45</name><string>one two three</string><choice4>4 choice</choice4><enum>horror</enum></record><record orange="348" apple="true"><int>42</int><double>42345.4232</double><name>name123_45</name><choice1>1 choice</choice1><enum>history</enum></record><record orange="349"><int>42</int><double>42345.4232</double><name>name123_45</name><string>one two three</string><choice2>2 choice</choice2><enum>philosophy</enum></record><record orange="350" apple="true"><int>42</int><double>42345.4232</double><name>name123_45</name><choice3>3 choice</choice3><enum>romance</enum></record><record orange="351"><int>42</int><double>42345.4232</double><name>name123_45</name><string>one two three</string><choice4>4 choice</choice4><enum>fiction</enum></record><record orange="352" apple="true"><int>42</int><double>42345.4232</double><name>name123_45</name><choice1>1 choice</choice1><enum>horror</enum></record><record orange="353"><int>42</int><double>42345.4232</double><name>name123_45</name><string>one two three</string><choice2>2 choice</choice2><enum>history</enum></record><record orange="354" apple="true"><int>42</int><double>42345.4232</double><name>name123_45</name><choice3>3 choice</choice3><enum>philosophy</enum></record><record orange="355"><int>42</int><double>42345.4232</double><name>name123_45</name><string>one two three</string><choice4>4 choice</choice4><enum>romance</enum></record><record orange="356" apple="true"><int>42</int><double>42345.4232</double><name>name123_45</name><choice1>1 choice</choice1><enum>fiction</enum></record><record orange="357"><int>42</int><double>42345.4232</double><name>name123_45</name><string>one two three</string><choice2>2 choice</choice2><enum>horror</enum></record><record orange="358" apple="true"><int>42</int><double>42345.4232</double><name>name123_45</name><choice3>3 choice</choice3><enum>history</enum></record><record orange="359"><int>42</int><double>42345.4232</double><name>name123_45</name><string>one two three</string><choice4>4 choice</choice4><enum>philosophy</enum></record><record orange="360" apple="true"><int>42</int><double>42345.4232</double><name>name123_45</name><choice1>1 choice</choice1><enum>romance</enum></record><record orange="361"><int>42</int><double>42345.4232</double><name>name123_45</name><string>one two three</string><choice2>2 choice</choice2><enum>fiction</enum></record><record orange="362" apple="true"><int>42</int><double>42345.4232</double><name>name123_45</name><choice3>3 choice</choice3><enum>horror</enum></record><record orange="363"><int>42</int><double>42345.4232</double><name>name123_45</name><string>one two three</string><choice4>4 choice</choice4><enum>history</enum></record><record orange="364" apple="true"><int>42</int><double>42345.4232</double><name>name123_45</name><choice1>1 choice</choice1><enum>philosophy</enum></record><record orange="365"><int>42</int><double>42345.4232</double><name>name123_45</name><string>one two three</string><choice2>2 choice</choice2><enum>romance</enum></record><record orange="366" apple="true"><int>42</int><double>42345.4232</double><name>name123_45</name><choice3>3 choice</choice3><enum>fiction</enum></record><record orange="367"><int>42</int><double>42345.4232</double><name>name123_45</name><string>one two three</string><choice4>4 choice</choice4><enum>horror</enum></record><record orange="368" apple="true"><int>42</int><double>42345.4232</double><name>name123_45</name><choice1>1 choice</choice1><enum>history</enum></record><record orange="369"><int>42</int><double>42345.4232</double><name>name123_45</name><string>one two three</string><choice2>2 choice</choice2><enum>philosophy</enum></record><record orange="370" apple="true"><int>42</int><double>42345.4232</double><name>name123_45</name><choice3>3 choice</choice3><enum>romance</enum></record><record orange="371"><int>42</int><double>42345.4232</double><name>name123_45</name><string>one two three</string><choice4>4 choice</choice4><enum>fiction</enum></record><record orange="372" apple="true"><int>42</int><double>42345.4232</double><name>name123_45</name><choice1>1 choice</choice1><enum>horror</enum></record><record orange="373"><int>42</int><double>42345.4232</double><name>name123_45</name><string>one two three</string><choice2>2 choice</choice2><enum>history</enum></record><record orange="374" apple="true"><int>42</int><double>42345.4232</double><name>name123_45</name><choice3>3 choice</choice3><enum>philosophy</enum></record><record orange="375"><int>42</int><double>42345.4232</double><name>name123_45</name><string>one two three</string><choice4>4 choice</choice4><enum>romance</enum></record><record orange="376" apple="true"><int>42</int><double>42345.4232</double><name>name123_45</name><choice1>1 choice</choice1><enum>fiction</enum></record><record orange="377"><int>42</int><double>42345.4232</double><name>name123_45</name><string>one two three</string><choice2>2 choice</choice2><enum>horror</enum></record><record orange="378" apple="true"><int>42</int><double>42345.4232</double><name>name123_45</name><choice3>3 choice</choice3><enum>history</enum></record><record orange="379"><int>42</int><double>42345.4232</double><name>name123_45</name><string>one two three</string><choice4>4 choice</choice4><enum>philosophy</enum></record><record orange="380" apple="true"><int>42</int><double>42345.4232</double><name>name123_45</name><choice1>1 choice</choice1><enum>romance</enum></record><record orange="381"><int>42</int><double>42345.4232</double><name>name123_45</name><string>one two three</string><choice2>2 choice</choice2><enum>fiction</enum></record><record orange="382" apple="true"><int>42</int><double>42345.4232</double><name>name123_45</name><choice3>3 choice</choice3><enum>horror</enum></record><record orange="383"><int>42</int><double>42345.4232</double><name>name123_45</name><string>one two three</string><choice4>4 choice</choice4><enum>history</enum></record><record orange="384" apple="true"><int>42</int><double>42345.4232</double><name>name123_45</name><choice1>1 choice</choice1><enum>philosophy</enum></record><record orange="385"><int>42</int><double>42345.4232</double><name>name123_45</name><string>one two three</string><choice2>2 choice</choice2><enum>romance</enum></record><record orange="386" apple="true"><int>42</int><double>42345.4232</double><name>name123_45</name><choice3>3 choice</choice3><enum>fiction</enum></record><record orange="387"><int>42</int><double>42345.4232</double><name>name123_45</name><string>one two three</string><choice4>4 choice</choice4><enum>horror</enum></record><record orange="388" apple="true"><int>42</int><double>42345.4232</double><name>name123_45</name><choice1>1 choice</choice1><enum>history</enum></record><record orange="389"><int>42</int><double>42345.4232</double><name>name123_45</name><string>one two three</string><choice2>2 choice</choice2><enum>philosophy</enum></record><record orange="390" apple="true"><int>42</int><double>42345.4232</double><name>name123_45</name><choice3>3 choice</choice3><enum>romance</enum></record><record orange="391"><int>42</int><double>42345.4232</double><name>name123_45</name><string>one two three</string><choice4>4 choice</choice4><enum>fiction</enum></record><record orange="392" apple="true"><int>42</int><double>42345.4232</double><name>name123_45</name><choice1>1 choice</choice1><enum>horror</enum></record><record orange="393"><int>42</int><double>42345.4232</double><name>name123_45</name><string>one two three</string><choice2>2 choice</choice2><enum>history</enum></record><record orange="394" apple="true"><int>42</int><double>42345.4232</double><name>name123_45</name><choice3>3 choice</choice3><enum>philosophy</enum></record><record orange="395"><int>42</int><double>42345.4232</double><name>name123_45</name><string>one two three</string><choice4>4 choice</choice4><enum>romance</enum></record><record orange="396" apple="true"><int>42</int><double>42345.4232</double><name>name123_45</name><choice1>1 choice</choice1><enum>fiction</enum></record><record orange="397"><int>42</int><double>42345.4232</double><name>name123_45</name><string>one two three</string><choice2>2 choice</choice2><enum>horror</enum></record><record orange="398" apple="true"><int>42</int><double>42345.4232</double><name>name123_45</name><choice3>3 choice</choice3><enum>history</enum></record><record orange="399"><int>42</int><double>42345.4232</double><name>name123_45</name><string>one two three</string><choice4>4 choice</choice4><enum>philosophy</enum></record><record orange="400" apple="true"><int>42</int><double>42345.4232</double><name>name123_45</name><choice1>1 choice</choice1><enum>romance</enum></record><record orange="401"><int>42</int><double>42345.4232</double><name>name123_45</name><string>one two three</string><choice2>2 choice</choice2><enum>fiction</enum></record><record orange="402" apple="true"><int>42</int><double>42345.4232</double><name>name123_45</name><choice3>3 choice</choice3><enum>horror</enum></record><record orange="403"><int>42</int><double>42345.4232</double><name>name123_45</name><string>one two three</string><choice4>4 choice</choice4><enum>history</enum></record><record orange="404" apple="true"><int>42</int><double>42345.4232</double><name>name123_45</name><choice1>1 choice</choice1><enum>philosophy</enum></record><record orange="405"><int>42</int><double>42345.4232</double><name>name123_45</name><string>one two three</string><choice2>2 choice</choice2><enum>romance</enum></record><record orange="406" apple="true"><int>42</int><double>42345.4232</double><name>name123_45</name><choice3>3 choice</choice3><enum>fiction</enum></record><record orange="407"><int>42</int><double>42345.4232</double><name>name123_45</name><string>one two three</string><choice4>4 choice</choice4><enum>horror</enum></record><record orange="408" apple="true"><int>42</int><double>42345.4232</double><name>name123_45</name><choice1>1 choice</choice1><enum>history</enum></record><record orange="409"><int>42</int><double>42345.4232</double><name>name123_45</name><string>one two three</string><choice2>2 choice</choice2><enum>philosophy</enum></record><record orange="410" apple="true"><int>42</int><double>42345.4232</double><name>name123_45</name><choice3>3 choice</choice3><enum>romance</enum></record><record orange="411"><int>42</int><double>42345.4232</double><name>name123_45</name><string>one two three</string><choice4>4 choice</choice4><enum>fiction</enum></record><record orange="412" apple="true"><int>42</int><double>42345.4232</double><name>name123_45</name><choice1>1 choice</choice1><enum>horror</enum></record><record orange="413"><int>42</int><double>42345.4232</double><name>name123_45</name><string>one two three</string><choice2>2 choice</choice2><enum>history</enum></record><record orange="414" apple="true"><int>42</int><double>42345.4232</double><name>name123_45</name><choice3>3 choice</choice3><enum>philosophy</enum></record><record orange="415"><int>42</int><double>42345.4232</double><name>name123_45</name><string>one two three</string><choice4>4 choice</choice4><enum>romance</enum></record><record orange="416" apple="true"><int>42</int><double>42345.4232</double><name>name123_45</name><choice1>1 choice</choice1><enum>fiction</enum></record><record orange="417"><int>42</int><double>42345.4232</double><name>name123_45</name><string>one two three</string><choice2>2 choice</choice2><enum>horror</enum></record><record orange="418" apple="true"><int>42</int><double>42345.4232</double><name>name123_45</name><choice3>3 choice</choice3><enum>history</enum></record><record orange="419"><int>42</int><double>42345.4232</double><name>name123_45</name><string>one two three</string><choice4>4 choice</choice4><enum>philosophy</enum></record><record orange="420" apple="true"><int>42</int><double>42345.4232</double><name>name123_45</name><choice1>1 choice</choice1><enum>romance</enum></record><record orange="421"><int>42</int><double>42345.4232</double><name>name123_45</name><string>one two three</string><choice2>2 choice</choice2><enum>fiction</enum></record><record orange="422" apple="true"><int>42</int><double>42345.4232</double><name>name123_45</name><choice3>3 choice</choice3><enum>horror</enum></record><record orange="423"><int>42</int><double>42345.4232</double><name>name123_45</name><string>one two three</string><choice4>4 choice</choice4><enum>history</enum></record><record orange="424" apple="true"><int>42</int><double>42345.4232</double><name>name123_45</name><choice1>1 choice</choice1><enum>philosophy</enum></record><record orange="425"><int>42</int><double>42345.4232</double><name>name123_45</name><string>one two three</string><choice2>2 choice</choice2><enum>romance</enum></record><record orange="426" apple="true"><int>42</int><double>42345.4232</double><name>name123_45</name><choice3>3 choice</choice3><enum>fiction</enum></record><record orange="427"><int>42</int><double>42345.4232</double><name>name123_45</name><string>one two three</string><choice4>4 choice</choice4><enum>horror</enum></record><record orange="428" apple="true"><int>42</int><double>42345.4232</double><name>name123_45</name><choice1>1 choice</choice1><enum>history</enum></record><record orange="429"><int>42</int><double>42345.4232</double><name>name123_45</name><string>one two three</string><choice2>2 choice</choice2><enum>philosophy</enum></record><record orange="430" apple="true"><int>42</int><double>42345.4232</double><name>name123_45</name><choice3>3 choice</choice3><enum>romance</enum></record><record orange="431"><int>42</int><double>42345.4232</double><name>name123_45</name><string>one two three</string><choice4>4 choice</choice4><enum>fiction</enum></record><record orange="432" apple="true"><int>42</int><double>42345.4232</double><name>name123_45</name><choice1>1 choice</choice1><enum>horror</enum></record><record orange="433"><int>42</int><double>42345.4232</double><name>name123_45</name><string>one two three</string><choice2>2 choice</choice2><enum>history</enum></record><record orange="434" apple="true"><int>42</int><double>42345.4232</double><name>name123_45</name><choice3>3 choice</choice3><enum>philosophy</enum></record><record orange="435"><int>42</int><double>42345.4232</double><name>name123_45</name><string>one two three</string><choice4>4 choice</choice4><enum>romance</enum></record><record orange="436" apple="true"><int>42</int><double>42345.4232</double><name>name123_45</name><choice1>1 choice</choice1><enum>fiction</enum></record><record orange="437"><int>42</int><double>42345.4232</double><name>name123_45</name><string>one two three</string><choice2>2 choice</choice2><enum>horror</enum></record><record orange="438" apple="true"><int>42</int><double>42345.4232</double><name>name123_45</name><choice3>3 choice</choice3><enum>history</enum></record><record orange="439"><int>42</int><double>42345.4232</double><name>name123_45</name><string>one two three</string><choice4>4 choice</choice4><enum>philosophy</enum></record><record orange="440" apple="true"><int>42</int><double>42345.4232</double><name>name123_45</name><choice1>1 choice</choice1><enum>romance</enum></record><record orange="441"><int>42</int><double>42345.4232</double><name>name123_45</name><string>one two three</string><choice2>2 choice</choice2><enum>fiction</enum></record><record orange="442" apple="true"><int>42</int><double>42345.4232</double><name>name123_45</name><choice3>3 choice</choice3><enum>horror</enum></record><record orange="443"><int>42</int><double>42345.4232</double><name>name123_45</name><string>one two three</string><choice4>4 choice</choice4><enum>history</enum></record><record orange="444" apple="true"><int>42</int><double>42345.4232</double><name>name123_45</name><choice1>1 choice</choice1><enum>philosophy</enum></record><record orange="445"><int>42</int><double>42345.4232</double><name>name123_45</name><string>one two three</string><choice2>2 choice</choice2><enum>romance</enum></record><record orange="446" apple="true"><int>42</int><double>42345.4232</double><name>name123_45</name><choice3>3 choice</choice3><enum>fiction</enum></record><record orange="447"><int>42</int><double>42345.4232</double><name>name123_45</name><string>one two three</string><choice4>4 choice</choice4><enum>horror</enum></record><record orange="448" apple="true"><int>42</int><double>42345.4232</double><name>name123_45</name><choice1>1 choice</choice1><enum>history</enum></record><record orange="449"><int>42</int><double>42345.4232</double><name>name123_45</name><string>one two three</string><choice2>2 choice</choice2><enum>philosophy</enum></record><record orange="450" apple="true"><int>42</int><double>42345.4232</double><name>name123_45</name><choice3>3 choice</choice3><enum>romance</enum></record><record orange="451"><int>42</int><double>42345.4232</double><name>name123_45</name><string>one two three</string><choice4>4 choice</choice4><enum>fiction</enum></record><record orange="452" apple="true"><int>42</int><double>42345.4232</double><name>name123_45</name><choice1>1 choice</choice1><enum>horror</enum></record><record orange="453"><int>42</int><double>42345.4232</double><name>name123_45</name><string>one two three</string><choice2>2 choice</choice2><enum>history</enum></record><record orange="454" apple="true"><int>42</int><double>42345.4232</double><name>name123_45</name><choice3>3 choice</choice3><enum>philosophy</enum></record><record orange="455"><int>42</int><double>42345.4232</double><name>name123_45</name><string>one two three</string><choice4>4 choice</choice4><enum>romance</enum></record><record orange="456" apple="true"><int>42</int><double>42345.4232</double><name>name123_45</name><choice1>1 choice</choice1><enum>fiction</enum></record><record orange="457"><int>42</int><double>42345.4232</double><name>name123_45</name><string>one two three</string><choice2>2 choice</choice2><enum>horror</enum></record><record orange="458" apple="true"><int>42</int><double>42345.4232</double><name>name123_45</name><choice3>3 choice</choice3><enum>history</enum></record><record orange="459"><int>42</int><double>42345.4232</double><name>name123_45</name><string>one two three</string><choice4>4 choice</choice4><enum>philosophy</enum></record><record orange="460" apple="true"><int>42</int><double>42345.4232</double><name>name123_45</name><choice1>1 choice</choice1><enum>romance</enum></record><record orange="461"><int>42</int><double>42345.4232</double><name>name123_45</name><string>one two three</string><choice2>2 choice</choice2><enum>fiction</enum></record><record orange="462" apple="true"><int>42</int><double>42345.4232</double><name>name123_45</name><choice3>3 choice</choice3><enum>horror</enum></record><record orange="463"><int>42</int><double>42345.4232</double><name>name123_45</name><string>one two three</string><choice4>4 choice</choice4><enum>history</enum></record><record orange="464" apple="true"><int>42</int><double>42345.4232</double><name>name123_45</name><choice1>1 choice</choice1><enum>philosophy</enum></record><record orange="465"><int>42</int><double>42345.4232</double><name>name123_45</name><string>one two three</string><choice2>2 choice</choice2><enum>romance</enum></record><record orange="466" apple="true"><int>42</int><double>42345.4232</double><name>name123_45</name><choice3>3 choice</choice3><enum>fiction</enum></record><record orange="467"><int>42</int><double>42345.4232</double><name>name123_45</name><string>one two three</string><choice4>4 choice</choice4><enum>horror</enum></record><record orange="468" apple="true"><int>42</int><double>42345.4232</double><name>name123_45</name><choice1>1 choice</choice1><enum>history</enum></record><record orange="469"><int>42</int><double>42345.4232</double><name>name123_45</name><string>one two three</string><choice2>2 choice</choice2><enum>philosophy</enum></record><record orange="470" apple="true"><int>42</int><double>42345.4232</double><name>name123_45</name><choice3>3 choice</choice3><enum>romance</enum></record><record orange="471"><int>42</int><double>42345.4232</double><name>name123_45</name><string>one two three</string><choice4>4 choice</choice4><enum>fiction</enum></record><record orange="472" apple="true"><int>42</int><double>42345.4232</double><name>name123_45</name><choice1>1 choice</choice1><enum>horror</enum></record><record orange="473"><int>42</int><double>42345.4232</double><name>name123_45</name><string>one two three</string><choice2>2 choice</choice2><enum>history</enum></record><record orange="474" apple="true"><int>42</int><double>42345.4232</double><name>name123_45</name><choice3>3 choice</choice3><enum>philosophy</enum></record><record orange="475"><int>42</int><double>42345.4232</double><name>name123_45</name><string>one two three</string><choice4>4 choice</choice4><enum>romance</enum></record><record orange="476" apple="true"><int>42</int><double>42345.4232</double><name>name123_45</name><choice1>1 choice</choice1><enum>fiction</enum></record><record orange="477"><int>42</int><double>42345.4232</double><name>name123_45</name><string>one two three</string><choice2>2 choice</choice2><enum>horror</enum></record><record orange="478" apple="true"><int>42</int><double>42345.4232</double><name>name123_45</name><choice3>3 choice</choice3><enum>history</enum></record><record orange="479"><int>42</int><double>42345.4232</double><name>name123_45</name><string>one two three</string><choice4>4 choice</choice4><enum>philosophy</enum></record><record orange="480" apple="true"><int>42</int><double>42345.4232</double><name>name123_45</name><choice1>1 choice</choice1><enum>romance</enum></record><record orange="481"><int>42</int><double>42345.4232</double><name>name123_45</name><string>one two three</string><choice2>2 choice</choice2><enum>fiction</enum></record><record orange="482" apple="true"><int>42</int><double>42345.4232</double><name>name123_45</name><choice3>3 choice</choice3><enum>horror</enum></record><record orange="483"><int>42</int><double>42345.4232</double><name>name123_45</name><string>one two three</string><choice4>4 choice</choice4><enum>history</enum></record><record orange="484" apple="true"><int>42</int><double>42345.4232</double><name>name123_45</name><choice1>1 choice</choice1><enum>philosophy</enum></record><record orange="485"><int>42</int><double>42345.4232</double><name>name123_45</name><string>one two three</string><choice2>2 choice</choice2><enum>romance</enum></record><record orange="486" apple="true"><int>42</int><double>42345.4232</double><name>name123_45</name><choice3>3 choice</choice3><enum>fiction</enum></record><record orange="487"><int>42</int><double>42345.4232</double><name>name123_45</name><string>one two three</string><choice4>4 choice</choice4><enum>horror</enum></record><record orange="488" apple="true"><int>42</int><double>42345.4232</double><name>name123_45</name><choice1>1 choice</choice1><enum>history</enum></record><record orange="489"><int>42</int><double>42345.4232</double><name>name123_45</name><string>one two three</string><choice2>2 choice</choice2><enum>philosophy</enum></record><record orange="490" apple="true"><int>42</int><double>42345.4232</double><name>name123_45</name><choice3>3 choice</choice3><enum>romance</enum></record><record orange="491"><int>42</int><double>42345.4232</double><name>name123_45</name><string>one two three</string><choice4>4 choice</choice4><enum>fiction</enum></record><record orange="492" apple="true"><int>42</int><double>42345.4232</double><name>name123_45</name><choice1>1 choice</choice1><enum>horror</enum></record><record orange="493"><int>42</int><double>42345.4232</double><name>name123_45</name><string>one two three</string><choice2>2 choice</choice2><enum>history</enum></record><record orange="494" apple="true"><int>42</int><double>42345.4232</double><name>name123_45</name><choice3>3 choice</choice3><enum>philosophy</enum></record><record orange="495"><int>42</int><double>42345.4232</double><name>name123_45</name><string>one two three</string><choice4>4 choice</choice4><enum>romance</enum></record><record orange="496" apple="true"><int>42</int><double>42345.4232</double><name>name123_45</name><choice1>1 choice</choice1><enum>fiction</enum></record><record orange="497"><int>42</int><double>42345.4232</double><name>name123_45</name><string>one two three</string><choice2>2 choice</choice2><enum>horror</enum></record><record orange="498" apple="true"><int>42</int><double>42345.4232</double><name>name123_45</name><choice3>3 choice</choice3><enum>history</enum></record><record orange="499"><int>42</int><double>42345.4232</double><name>name123_45</name><string>one two three</string><choice4>4 choice</choice4><enum>philosophy</enum></record><record orange="500" apple="true"><int>42</int><double>42345.4232</double><name>name123_45</name><choice1>1 choice</choice1><enum>romance</enum></record><record orange="501"><int>42</int><double>42345.4232</double><name>name123_45</name><string>one two three</string><choice2>2 choice</choice2><enum>fiction</enum></record><record orange="502" apple="true"><int>42</int><double>42345.4232</double><name>name123_45</name><choice3>3 choice</choice3><enum>horror</enum></record><record orange="503"><int>42</int><double>42345.4232</double><name>name123_45</name><string>one two three</string><choice4>4 choice</choice4><enum>history</enum></record><record orange="504" apple="true"><int>42</int><double>42345.4232</double><name>name123_45</name><choice1>1 choice</choice1><enum>philosophy</enum></record><record orange="505"><int>42</int><double>42345.4232</double><name>name123_45</name><string>one two three</string><choice2>2 choice</choice2><enum>romance</enum></record><record orange="506" apple="true"><int>42</int><double>42345.4232</double><name>name123_45</name><choice3>3 choice</choice3><enum>fiction</enum></record><record orange="507"><int>42</int><double>42345.4232</double><name>name123_45</name><string>one two three</string><choice4>4 choice</choice4><enum>horror</enum></record><record orange="508" apple="true"><int>42</int><double>42345.4232</double><name>name123_45</name><choice1>1 choice</choice1><enum>history</enum></record><record orange="509"><int>42</int><double>42345.4232</double><name>name123_45</name><string>one two three</string><choice2>2 choice</choice2><enum>philosophy</enum></record><record orange="510" apple="true"><int>42</int><double>42345.4232</double><name>name123_45</name><choice3>3 choice</choice3><enum>romance</enum></record><record orange="511"><int>42</int><double>42345.4232</double><name>name123_45</name><string>one two three</string><choice4>4 choice</choice4><enum>fiction</enum></record><record orange="512" apple="true"><int>42</int><double>42345.4232</double><name>name123_45</name><choice1>1 choice</choice1><enum>horror</enum></record><record orange="513"><int>42</int><double>42345.4232</double><name>name123_45</name><string>one two three</string><choice2>2 choice</choice2><enum>history</enum></record><record orange="514" apple="true"><int>42</int><double>42345.4232</double><name>name123_45</name><choice3>3 choice</choice3><enum>philosophy</enum></record><record orange="515"><int>42</int><double>42345.4232</double><name>name123_45</name><string>one two three</string><choice4>4 choice</choice4><enum>romance</enum></record><record orange="516" apple="true"><int>42</int><double>42345.4232</double><name>name123_45</name><choice1>1 choice</choice1><enum>fiction</enum></record><record orange="517"><int>42</int><double>42345.4232</double><name>name123_45</name><string>one two three</string><choice2>2 choice</choice2><enum>horror</enum></record><record orange="518" apple="true"><int>42</int><double>42345.4232</double><name>name123_45</name><choice3>3 choice</choice3><enum>history</enum></record><record orange="519"><int>42</int><double>42345.4232</double><name>name123_45</name><string>one two three</string><choice4>4 choice</choice4><enum>philosophy</enum></record><record orange="520" apple="true"><int>42</int><double>42345.4232</double><name>name123_45</name><choice1>1 choice</choice1><enum>romance</enum></record><record orange="521"><int>42</int><double>42345.4232</double><name>name123_45</name><string>one two three</string><choice2>2 choice</choice2><enum>fiction</enum></record><record orange="522" apple="true"><int>42</int><double>42345.4232</double><name>name123_45</name><choice3>3 choice</choice3><enum>horror</enum></record><record orange="523"><int>42</int><double>42345.4232</double><name>name123_45</name><string>one two three</string><choice4>4 choice</choice4><enum>history</enum></record><record orange="524" apple="true"><int>42</int><double>42345.4232</double><name>name123_45</name><choice1>1 choice</choice1><enum>philosophy</enum></record><record orange="525"><int>42</int><double>42345.4232</double><name>name123_45</name><string>one two three</string><choice2>2 choice</choice2><enum>romance</enum></record><record orange="526" apple="true"><int>42</int><double>42345.4232</double><name>name123_45</name><choice3>3 choice</choice3><enum>fiction</enum></record><record orange="527"><int>42</int><double>42345.4232</double><name>name123_45</name><string>one two three</string><choice4>4 choice</choice4><enum>horror</enum></record><record orange="528" apple="true"><int>42</int><double>42345.4232</double><name>name123_45</name><choice1>1 choice</choice1><enum>history</enum></record><record orange="529"><int>42</int><double>42345.4232</double><name>name123_45</name><string>one two three</string><choice2>2 choice</choice2><enum>philosophy</enum></record><record orange="530" apple="true"><int>42</int><double>42345.4232</double><name>name123_45</name><choice3>3 choice</choice3><enum>romance</enum></record><record orange="531"><int>42</int><double>42345.4232</double><name>name123_45</name><string>one two three</string><choice4>4 choice</choice4><enum>fiction</enum></record><record orange="532" apple="true"><int>42</int><double>42345.4232</double><name>name123_45</name><choice1>1 choice</choice1><enum>horror</enum></record><record orange="533"><int>42</int><double>42345.4232</double><name>name123_45</name><string>one two three</string><choice2>2 choice</choice2><enum>history</enum></record><record orange="534" apple="true"><int>42</int><double>42345.4232</double><name>name123_45</name><choice3>3 choice</choice3><enum>philosophy</enum></record><record orange="535"><int>42</int><double>42345.4232</double><name>name123_45</name><string>one two three</string><choice4>4 choice</choice4><enum>romance</enum></record><record orange="536" apple="true"><int>42</int><double>42345.4232</double><name>name123_45</name><choice1>1 choice</choice1><enum>fiction</enum></record><record orange="537"><int>42</int><double>42345.4232</double><name>name123_45</name><string>one two three</string><choice2>2 choice</choice2><enum>horror</enum></record><record orange="538" apple="true"><int>42</int><double>42345.4232</double><name>name123_45</name><choice3>3 choice</choice3><enum>history</enum></record><record orange="539"><int>42</int><double>42345.4232</double><name>name123_45</name><string>one two three</string><choice4>4 choice</choice4><enum>philosophy</enum></record><record orange="540" apple="true"><int>42</int><double>42345.4232</double><name>name123_45</name><choice1>1 choice</choice1><enum>romance</enum></record><record orange="541"><int>42</int><double>42345.4232</double><name>name123_45</name><string>one two three</string><choice2>2 choice</choice2><enum>fiction</enum></record><record orange="542" apple="true"><int>42</int><double>42345.4232</double><name>name123_45</name><choice3>3 choice</choice3><enum>horror</enum></record><record orange="543"><int>42</int><double>42345.4232</double><name>name123_45</name><string>one two three</string><choice4>4 choice</choice4><enum>history</enum></record><record orange="544" apple="true"><int>42</int><double>42345.4232</double><name>name123_45</name><choice1>1 choice</choice1><enum>philosophy</enum></record><record orange="545"><int>42</int><double>42345.4232</double><name>name123_45</name><string>one two three</string><choice2>2 choice</choice2><enum>romance</enum></record><record orange="546" apple="true"><int>42</int><double>42345.4232</double><name>name123_45</name><choice3>3 choice</choice3><enum>fiction</enum></record><record orange="547"><int>42</int><double>42345.4232</double><name>name123_45</name><string>one two three</string><choice4>4 choice</choice4><enum>horror</enum></record><record orange="548" apple="true"><int>42</int><double>42345.4232</double><name>name123_45</name><choice1>1 choice</choice1><enum>history</enum></record><record orange="549"><int>42</int><double>42345.4232</double><name>name123_45</name><string>one two three</string><choice2>2 choice</choice2><enum>philosophy</enum></record><record orange="550" apple="true"><int>42</int><double>42345.4232</double><name>name123_45</name><choice3>3 choice</choice3><enum>romance</enum></record><record orange="551"><int>42</int><double>42345.4232</double><name>name123_45</name><string>one two three</string><choice4>4 choice</choice4><enum>fiction</enum></record><record orange="552" apple="true"><int>42</int><double>42345.4232</double><name>name123_45</name><choice1>1 choice</choice1><enum>horror</enum></record><record orange="553"><int>42</int><double>42345.4232</double><name>name123_45</name><string>one two three</string><choice2>2 choice</choice2><enum>history</enum></record><record orange="554" apple="true"><int>42</int><double>42345.4232</double><name>name123_45</name><choice3>3 choice</choice3><enum>philosophy</enum></record><record orange="555"><int>42</int><double>42345.4232</double><name>name123_45</name><string>one two three</string><choice4>4 choice</choice4><enum>romance</enum></record><record orange="556" apple="true"><int>42</int><double>42345.4232</double><name>name123_45</name><choice1>1 choice</choice1><enum>fiction</enum></record><record orange="557"><int>42</int><double>42345.4232</double><name>name123_45</name><string>one two three</string><choice2>2 choice</choice2><enum>horror</enum></record><record orange="558" apple="true"><int>42</int><double>42345.4232</double><name>name123_45</name><choice3>3 choice</choice3><enum>history</enum></record><record orange="559"><int>42</int><double>42345.4232</double><name>name123_45</name><string>one two three</string><choice4>4 choice</choice4><enum>philosophy</enum></record><record orange="560" apple="true"><int>42</int><double>42345.4232</double><name>name123_45</name><choice1>1 choice</choice1><enum>romance</enum></record><record orange="561"><int>42</int><double>42345.4232</double><name>name123_45</name><string>one two three</string><choice2>2 choice</choice2><enum>fiction</enum></record><record orange="562" apple="true"><int>42</int><double>42345.4232</double><name>name123_45</name><choice3>3 choice</choice3><enum>horror</enum></record><record orange="563"><int>42</int><double>42345.4232</double><name>name123_45</name><string>one two three</string><choice4>4 choice</choice4><enum>history</enum></record><record orange="564" apple="true"><int>42</int><double>42345.4232</double><name>name123_45</name><choice1>1 choice</choice1><enum>philosophy</enum></record><record orange="565"><int>42</int><double>42345.4232</double><name>name123_45</name><string>one two three</string><choice2>2 choice</choice2><enum>romance</enum></record><record orange="566" apple="true"><int>42</int><double>42345.4232</double><name>name123_45</name><choice3>3 choice</choice3><enum>fiction</enum></record><record orange="567"><int>42</int><double>42345.4232</double><name>name123_45</name><string>one two three</string><choice4>4 choice</choice4><enum>horror</enum></record><record orange="568" apple="true"><int>42</int><double>42345.4232</double><name>name123_45</name><choice1>1 choice</choice1><enum>history</enum></record><record orange="569"><int>42</int><double>42345.4232</double><name>name123_45</name><string>one two three</string><choice2>2 choice</choice2><enum>philosophy</enum></record><record orange="570" apple="true"><int>42</int><double>42345.4232</double><name>name123_45</name><choice3>3 choice</choice3><enum>romance</enum></record><record orange="571"><int>42</int><double>42345.4232</double><name>name123_45</name><string>one two three</string><choice4>4 choice</choice4><enum>fiction</enum></record><record orange="572" apple="true"><int>42</int><double>42345.4232</double><name>name123_45</name><choice1>1 choice</choice1><enum>horror</enum></record><record orange="573"><int>42</int><double>42345.4232</double><name>name123_45</name><string>one two three</string><choice2>2 choice</choice2><enum>history</enum></record><record orange="574" apple="true"><int>42</int><double>42345.4232</double><name>name123_45</name><choice3>3 choice</choice3><enum>philosophy</enum></record><record orange="575"><int>42</int><double>42345.4232</double><name>name123_45</name><string>one two three</string><choice4>4 choice</choice4><enum>romance</enum></record><record orange="576" apple="true"><int>42</int><double>42345.4232</double><name>name123_45</name><choice1>1 choice</choice1><enum>fiction</enum></record><record orange="577"><int>42</int><double>42345.4232</double><name>name123_45</name><string>one two three</string><choice2>2 choice</choice2><enum>horror</enum></record><record orange="578" apple="true"><int>42</int><double>42345.4232</double><name>name123_45</name><choice3>3 choice</choice3><enum>history</enum></record><record orange="579"><int>42</int><double>42345.4232</double><name>name123_45</name><string>one two three</string><choice4>4 choice</choice4><enum>philosophy</enum></record><record orange="580" apple="true"><int>42</int><double>42345.4232</double><name>name123_45</name><choice1>1 choice</choice1><enum>romance</enum></record><record orange="581"><int>42</int><double>42345.4232</double><name>name123_45</name><string>one two three</string><choice2>2 choice</choice2><enum>fiction</enum></record><record orange="582" apple="true"><int>42</int><double>42345.4232</double><name>name123_45</name><choice3>3 choice</choice3><enum>horror</enum></record><record orange="583"><int>42</int><double>42345.4232</double><name>name123_45</name><string>one two three</string><choice4>4 choice</choice4><enum>history</enum></record><record orange="584" apple="true"><int>42</int><double>42345.4232</double><name>name123_45</name><choice1>1 choice</choice1><enum>philosophy</enum></record><record orange="585"><int>42</int><double>42345.4232</double><name>name123_45</name><string>one two three</string><choice2>2 choice</choice2><enum>romance</enum></record><record orange="586" apple="true"><int>42</int><double>42345.4232</double><name>name123_45</name><choice3>3 choice</choice3><enum>fiction</enum></record><record orange="587"><int>42</int><double>42345.4232</double><name>name123_45</name><string>one two three</string><choice4>4 choice</choice4><enum>horror</enum></record><record orange="588" apple="true"><int>42</int><double>42345.4232</double><name>name123_45</name><choice1>1 choice</choice1><enum>history</enum></record><record orange="589"><int>42</int><double>42345.4232</double><name>name123_45</name><string>one two three</string><choice2>2 choice</choice2><enum>philosophy</enum></record><record orange="590" apple="true"><int>42</int><double>42345.4232</double><name>name123_45</name><choice3>3 choice</choice3><enum>romance</enum></record><record orange="591"><int>42</int><double>42345.4232</double><name>name123_45</name><string>one two three</string><choice4>4 choice</choice4><enum>fiction</enum></record><record orange="592" apple="true"><int>42</int><double>42345.4232</double><name>name123_45</name><choice1>1 choice</choice1><enum>horror</enum></record><record orange="593"><int>42</int><double>42345.4232</double><name>name123_45</name><string>one two three</string><choice2>2 choice</choice2><enum>history</enum></record><record orange="594" apple="true"><int>42</int><double>42345.4232</double><name>name123_45</name><choice3>3 choice</choice3><enum>philosophy</enum></record><record orange="595"><int>42</int><double>42345.4232</double><name>name123_45</name><string>one two three</string><choice4>4 choice</choice4><enum>romance</enum></record><record orange="596" apple="true"><int>42</int><double>42345.4232</double><name>name123_45</name><choice1>1 choice</choice1><enum>fiction</enum></record><record orange="597"><int>42</int><double>42345.4232</double><name>name123_45</name><string>one two three</string><choice2>2 choice</choice2><enum>horror</enum></record><record orange="598" apple="true"><int>42</int><double>42345.4232</double><name>name123_45</name><choice3>3 choice</choice3><enum>history</enum></record><record orange="599"><int>42</int><double>42345.4232</double><name>name123_45</name><string>one two three</string><choice4>4 choice</choice4><enum>philosophy</enum></record><record orange="600" apple="true"><int>42</int><double>42345.4232</double><name>name123_45</name><choice1>1 choice</choice1><enum>romance</enum></record><record orange="601"><int>42</int><double>42345.4232</double><name>name123_45</name><string>one two three</string><choice2>2 choice</choice2><enum>fiction</enum></record><record orange="602" apple="true"><int>42</int><double>42345.4232</double><name>name123_45</name><choice3>3 choice</choice3><enum>horror</enum></record><record orange="603"><int>42</int><double>42345.4232</double><name>name123_45</name><string>one two three</string><choice4>4 choice</choice4><enum>history</enum></record><record orange="604" apple="true"><int>42</int><double>42345.4232</double><name>name123_45</name><choice1>1 choice</choice1><enum>philosophy</enum></record><record orange="605"><int>42</int><double>42345.4232</double><name>name123_45</name><string>one two three</string><choice2>2 choice</choice2><enum>romance</enum></record><record orange="606" apple="true"><int>42</int><double>42345.4232</double><name>name123_45</name><choice3>3 choice</choice3><enum>fiction</enum></record><record orange="607"><int>42</int><double>42345.4232</double><name>name123_45</name><string>one two three</string><choice4>4 choice</choice4><enum>horror</enum></record><record orange="608" apple="true"><int>42</int><double>42345.4232</double><name>name123_45</name><choice1>1 choice</choice1><enum>history</enum></record><record orange="609"><int>42</int><double>42345.4232</double><name>name123_45</name><string>one two three</string><choice2>2 choice</choice2><enum>philosophy</enum></record><record orange="610" apple="true"><int>42</int><double>42345.4232</double><name>name123_45</name><choice3>3 choice</choice3><enum>romance</enum></record><record orange="611"><int>42</int><double>42345.4232</double><name>name123_45</name><string>one two three</string><choice4>4 choice</choice4><enum>fiction</enum></record><record orange="612" apple="true"><int>42</int><double>42345.4232</double><name>name123_45</name><choice1>1 choice</choice1><enum>horror</enum></record><record orange="613"><int>42</int><double>42345.4232</double><name>name123_45</name><string>one two three</string><choice2>2 choice</choice2><enum>history</enum></record><record orange="614" apple="true"><int>42</int><double>42345.4232</double><name>name123_45</name><choice3>3 choice</choice3><enum>philosophy</enum></record><record orange="615"><int>42</int><double>42345.4232</double><name>name123_45</name><string>one two three</string><choice4>4 choice</choice4><enum>romance</enum></record><record orange="616" apple="true"><int>42</int><double>42345.4232</double><name>name123_45</name><choice1>1 choice</choice1><enum>fiction</enum></record><record orange="617"><int>42</int><double>42345.4232</double><name>name123_45</name><string>one two three</string><choice2>2 choice</choice2><enum>horror</enum></record><record orange="618" apple="true"><int>42</int><double>42345.4232</double><name>name123_45</name><choice3>3 choice</choice3><enum>history</enum></record><record orange="619"><int>42</int><double>42345.4232</double><name>name123_45</name><string>one two three</string><choice4>4 choice</choice4><enum>philosophy</enum></record><record orange="620" apple="true"><int>42</int><double>42345.4232</double><name>name123_45</name><choice1>1 choice</choice1><enum>romance</enum></record><record orange="621"><int>42</int><double>42345.4232</double><name>name123_45</name><string>one two three</string><choice2>2 choice</choice2><enum>fiction</enum></record><record orange="622" apple="true"><int>42</int><double>42345.4232</double><name>name123_45</name><choice3>3 choice</choice3><enum>horror</enum></record><record orange="623"><int>42</int><double>42345.4232</double><name>name123_45</name><string>one two three</string><choice4>4 choice</choice4><enum>history</enum></record><record orange="624" apple="true"><int>42</int><double>42345.4232</double><name>name123_45</name><choice1>1 choice</choice1><enum>philosophy</enum></record><record orange="625"><int>42</int><double>42345.4232</double><name>name123_45</name><string>one two three</string><choice2>2 choice</choice2><enum>romance</enum></record><record orange="626" apple="true"><int>42</int><double>42345.4232</double><name>name123_45</name><choice3>3 choice</choice3><enum>fiction</enum></record><record orange="627"><int>42</int><double>42345.4232</double><name>name123_45</name><string>one two three</string><choice4>4 choice</choice4><enum>horror</enum></record><record orange="628" apple="true"><int>42</int><double>42345.4232</double><name>name123_45</name><choice1>1 choice</choice1><enum>history</enum></record><record orange="629"><int>42</int><double>42345.4232</double><name>name123_45</name><string>one two three</string><choice2>2 choice</choice2><enum>philosophy</enum></record><record orange="630" apple="true"><int>42</int><double>42345.4232</double><name>name123_45</name><choice3>3 choice</choice3><enum>romance</enum></record><record orange="631"><int>42</int><double>42345.4232</double><name>name123_45</name><string>one two three</string><choice4>4 choice</choice4><enum>fiction</enum></record><record orange="632" apple="true"><int>42</int><double>42345.4232</double><name>name123_45</name><choice1>1 choice</choice1><enum>horror</enum></record><record orange="633"><int>42</int><double>42345.4232</double><name>name123_45</name><string>one two three</string><choice2>2 choice</choice2><enum>history</enum></record><record orange="634" apple="true"><int>42</int><double>42345.4232</double><name>name123_45</name><choice3>3 choice</choice3><enum>philosophy</enum></record><record orange="635"><int>42</int><double>42345.4232</double><name>name123_45</name><string>one two three</string><choice4>4 choice</choice4><enum>romance</enum></record><record orange="636" apple="true"><int>42</int><double>42345.4232</double><name>name123_45</name><choice1>1 choice</choice1><enum>fiction</enum></record><record orange="637"><int>42</int><double>42345.4232</double><name>name123_45</name><string>one two three</string><choice2>2 choice</choice2><enum>horror</enum></record><record orange="638" apple="true"><int>42</int><double>42345.4232</double><name>name123_45</name><choice3>3 choice</choice3><enum>history</enum></record><record orange="639"><int>42</int><double>42345.4232</double><name>name123_45</name><string>one two three</string><choice4>4 choice</choice4><enum>philosophy</enum></record><record orange="640" apple="true"><int>42</int><double>42345.4232</double><name>name123_45</name><choice1>1 choice</choice1><enum>romance</enum></record><record orange="641"><int>42</int><double>42345.4232</double><name>name123_45</name><string>one two three</string><choice2>2 choice</choice2><enum>fiction</enum></record><record orange="642" apple="true"><int>42</int><double>42345.4232</double><name>name123_45</name><choice3>3 choice</choice3><enum>horror</enum></record><record orange="643"><int>42</int><double>42345.4232</double><name>name123_45</name><string>one two three</string><choice4>4 choice</choice4><enum>history</enum></record><record orange="644" apple="true"><int>42</int><double>42345.4232</double><name>name123_45</name><choice1>1 choice</choice1><enum>philosophy</enum></record><record orange="645"><int>42</int><double>42345.4232</double><name>name123_45</name><string>one two three</string><choice2>2 choice</choice2><enum>romance</enum></record><record orange="646" apple="true"><int>42</int><double>42345.4232</double><name>name123_45</name><choice3>3 choice</choice3><enum>fiction</enum></record><record orange="647"><int>42</int><double>42345.4232</double><name>name123_45</name><string>one two three</string><choice4>4 choice</choice4><enum>horror</enum></record><record orange="648" apple="true"><int>42</int><double>42345.4232</double><name>name123_45</name><choice1>1 choice</choice1><enum>history</enum></record><record orange="649"><int>42</int><double>42345.4232</double><name>name123_45</name><string>one two three</string><choice2>2 choice</choice2><enum>philosophy</enum></record><record orange="650" apple="true"><int>42</int><double>42345.4232</double><name>name123_45</name><choice3>3 choice</choice3><enum>romance</enum></record><record orange="651"><int>42</int><double>42345.4232</double><name>name123_45</name><string>one two three</string><choice4>4 choice</choice4><enum>fiction</enum></record><record orange="652" apple="true"><int>42</int><double>42345.4232</double><name>name123_45</name><choice1>1 choice</choice1><enum>horror</enum></record><record orange="653"><int>42</int><double>42345.4232</double><name>name123_45</name><string>one two three</string><choice2>2 choice</choice2><enum>history</enum></record><record orange="654" apple="true"><int>42</int><double>42345.4232</double><name>name123_45</name><choice3>3 choice</choice3><enum>philosophy</enum></record><record orange="655"><int>42</int><double>42345.4232</double><name>name123_45</name><string>one two three</string><choice4>4 choice</choice4><enum>romance</enum></record><record orange="656" apple="true"><int>42</int><double>42345.4232</double><name>name123_45</name><choice1>1 choice</choice1><enum>fiction</enum></record><record orange="657"><int>42</int><double>42345.4232</double><name>name123_45</name><string>one two three</string><choice2>2 choice</choice2><enum>horror</enum></record><record orange="658" apple="true"><int>42</int><double>42345.4232</double><name>name123_45</name><choice3>3 choice</choice3><enum>history</enum></record><record orange="659"><int>42</int><double>42345.4232</double><name>name123_45</name><string>one two three</string><choice4>4 choice</choice4><enum>philosophy</enum></record><record orange="660" apple="true"><int>42</int><double>42345.4232</double><name>name123_45</name><choice1>1 choice</choice1><enum>romance</enum></record><record orange="661"><int>42</int><double>42345.4232</double><name>name123_45</name><string>one two three</string><choice2>2 choice</choice2><enum>fiction</enum></record><record orange="662" apple="true"><int>42</int><double>42345.4232</double><name>name123_45</name><choice3>3 choice</choice3><enum>horror</enum></record><record orange="663"><int>42</int><double>42345.4232</double><name>name123_45</name><string>one two three</string><choice4>4 choice</choice4><enum>history</enum></record><record orange="664" apple="true"><int>42</int><double>42345.4232</double><name>name123_45</name><choice1>1 choice</choice1><enum>philosophy</enum></record><record orange="665"><int>42</int><double>42345.4232</double><name>name123_45</name><string>one two three</string><choice2>2 choice</choice2><enum>romance</enum></record><record orange="666" apple="true"><int>42</int><double>42345.4232</double><name>name123_45</name><choice3>3 choice</choice3><enum>fiction</enum></record><record orange="667"><int>42</int><double>42345.4232</double><name>name123_45</name><string>one two three</string><choice4>4 choice</choice4><enum>horror</enum></record><record orange="668" apple="true"><int>42</int><double>42345.4232</double><name>name123_45</name><choice1>1 choice</choice1><enum>history</enum></record><record orange="669"><int>42</int><double>42345.4232</double><name>name123_45</name><string>one two three</string><choice2>2 choice</choice2><enum>philosophy</enum></record><record orange="670" apple="true"><int>42</int><double>42345.4232</double><name>name123_45</name><choice3>3 choice</choice3><enum>romance</enum></record><record orange="671"><int>42</int><double>42345.4232</double><name>name123_45</name><string>one two three</string><choice4>4 choice</choice4><enum>fiction</enum></record><record orange="672" apple="true"><int>42</int><double>42345.4232</double><name>name123_45</name><choice1>1 choice</choice1><enum>horror</enum></record><record orange="673"><int>42</int><double>42345.4232</double><name>name123_45</name><string>one two three</string><choice2>2 choice</choice2><enum>history</enum></record><record orange="674" apple="true"><int>42</int><double>42345.4232</double><name>name123_45</name><choice3>3 choice</choice3><enum>philosophy</enum></record><record orange="675"><int>42</int><double>42345.4232</double><name>name123_45</name><string>one two three</string><choice4>4 choice</choice4><enum>romance</enum></record><record orange="676" apple="true"><int>42</int><double>42345.4232</double><name>name123_45</name><choice1>1 choice</choice1><enum>fiction</enum></record><record orange="677"><int>42</int><double>42345.4232</double><name>name123_45</name><string>one two three</string><choice2>2 choice</choice2><enum>horror</enum></record><record orange="678" apple="true"><int>42</int><double>42345.4232</double><name>name123_45</name><choice3>3 choice</choice3><enum>history</enum></record><record orange="679"><int>42</int><double>42345.4232</double><name>name123_45</name><string>one two three</string><choice4>4 choice</choice4><enum>philosophy</enum></record><record orange="680" apple="true"><int>42</int><double>42345.4232</double><name>name123_45</name><choice1>1 choice</choice1><enum>romance</enum></record><record orange="681"><int>42</int><double>42345.4232</double><name>name123_45</name><string>one two three</string><choice2>2 choice</choice2><enum>fiction</enum></record><record orange="682" apple="true"><int>42</int><double>42345.4232</double><name>name123_45</name><choice3>3 choice</choice3><enum>horror</enum></record><record orange="683"><int>42</int><double>42345.4232</double><name>name123_45</name><string>one two three</string><choice4>4 choice</choice4><enum>history</enum></record><record orange="684" apple="true"><int>42</int><double>42345.4232</double><name>name123_45</name><choice1>1 choice</choice1><enum>philosophy</enum></record><record orange="685"><int>42</int><double>42345.4232</double><name>name123_45</name><string>one two three</string><choice2>2 choice</choice2><enum>romance</enum></record><record orange="686" apple="true"><int>42</int><double>42345.4232</double><name>name123_45</name><choice3>3 choice</choice3><enum>fiction</enum></record><record orange="687"><int>42</int><double>42345.4232</double><name>name123_45</name><string>one two three</string><choice4>4 choice</choice4><enum>horror</enum></record><record orange="688" apple="true"><int>42</int><double>42345.4232</double><name>name123_45</name><choice1>1 choice</choice1><enum>history</enum></record><record orange="689"><int>42</int><double>42345.4232</double><name>name123_45</name><string>one two three</string><choice2>2 choice</choice2><enum>philosophy</enum></record><record orange="690" apple="true"><int>42</int><double>42345.4232</double><name>name123_45</name><choice3>3 choice</choice3><enum>romance</enum></record><record orange="691"><int>42</int><double>42345.4232</double><name>name123_45</name><string>one two three</string><choice4>4 choice</choice4><enum>fiction</enum></record><record orange="692" apple="true"><int>42</int><double>42345.4232</double><name>name123_45</name><choice1>1 choice</choice1><enum>horror</enum></record><record orange="693"><int>42</int><double>42345.4232</double><name>name123_45</name><string>one two three</string><choice2>2 choice</choice2><enum>history</enum></record><record orange="694" apple="true"><int>42</int><double>42345.4232</double><name>name123_45</name><choice3>3 choice</choice3><enum>philosophy</enum></record><record orange="695"><int>42</int><double>42345.4232</double><name>name123_45</name><string>one two three</string><choice4>4 choice</choice4><enum>romance</enum></record><record orange="696" apple="true"><int>42</int><double>42345.4232</double><name>name123_45</name><choice1>1 choice</choice1><enum>fiction</enum></record><record orange="697"><int>42</int><double>42345.4232</double><name>name123_45</name><string>one two three</string><choice2>2 choice</choice2><enum>horror</enum></record><record orange="698" apple="true"><int>42</int><double>42345.4232</double><name>name123_45</name><choice3>3 choice</choice3><enum>history</enum></record><record orange="699"><int>42</int><double>42345.4232</double><name>name123_45</name><string>one two three</string><choice4>4 choice</choice4><enum>philosophy</enum></record><record orange="700" apple="true"><int>42</int><double>42345.4232</double><name>name123_45</name><choice1>1 choice</choice1><enum>romance</enum></record><record orange="701"><int>42</int><double>42345.4232</double><name>name123_45</name><string>one two three</string><choice2>2 choice</choice2><enum>fiction</enum></record><record orange="702" apple="true"><int>42</int><double>42345.4232</double><name>name123_45</name><choice3>3 choice</choice3><enum>horror</enum></record><record orange="703"><int>42</int><double>42345.4232</double><name>name123_45</name><string>one two three</string><choice4>4 choice</choice4><enum>history</enum></record><record orange="704" apple="true"><int>42</int><double>42345.4232</double><name>name123_45</name><choice1>1 choice</choice1><enum>philosophy</enum></record><record orange="705"><int>42</int><double>42345.4232</double><name>name123_45</name><string>one two three</string><choice2>2 choice</choice2><enum>romance</enum></record><record orange="706" apple="true"><int>42</int><double>42345.4232</double><name>name123_45</name><choice3>3 choice</choice3><enum>fiction</enum></record><record orange="707"><int>42</int><double>42345.4232</double><name>name123_45</name><string>one two three</string><choice4>4 choice</choice4><enum>horror</enum></record><record orange="708" apple="true"><int>42</int><double>42345.4232</double><name>name123_45</name><choice1>1 choice</choice1><enum>history</enum></record><record orange="709"><int>42</int><double>42345.4232</double><name>name123_45</name><string>one two three</string><choice2>2 choice</choice2><enum>philosophy</enum></record><record orange="710" apple="true"><int>42</int><double>42345.4232</double><name>name123_45</name><choice3>3 choice</choice3><enum>romance</enum></record><record orange="711"><int>42</int><double>42345.4232</double><name>name123_45</name><string>one two three</string><choice4>4 choice</choice4><enum>fiction</enum></record><record orange="712" apple="true"><int>42</int><double>42345.4232</double><name>name123_45</name><choice1>1 choice</choice1><enum>horror</enum></record><record orange="713"><int>42</int><double>42345.4232</double><name>name123_45</name><string>one two three</string><choice2>2 choice</choice2><enum>history</enum></record><record orange="714" apple="true"><int>42</int><double>42345.4232</double><name>name123_45</name><choice3>3 choice</choice3><enum>philosophy</enum></record><record orange="715"><int>42</int><double>42345.4232</double><name>name123_45</name><string>one two three</string><choice4>4 choice</choice4><enum>romance</enum></record><record orange="716" apple="true"><int>42</int><double>42345.4232</double><name>name123_45</name><choice1>1 choice</choice1><enum>fiction</enum></record><record orange="717"><int>42</int><double>42345.4232</double><name>name123_45</name><string>one two three</string><choice2>2 choice</choice2><enum>horror</enum></record><record orange="718" apple="true"><int>42</int><double>42345.4232</double><name>name123_45</name><choice3>3 choice</choice3><enum>history</enum></record><record orange="719"><int>42</int><double>42345.4232</double><name>name123_45</name><string>one two three</string><choice4>4 choice</choice4><enum>philosophy</enum></record><record orange="720" apple="true"><int>42</int><double>42345.4232</double><name>name123_45</name><choice1>1 choice</choice1><enum>romance</enum></record><record orange="721"><int>42</int><double>42345.4232</double><name>name123_45</name><string>one two three</string><choice2>2 choice</choice2><enum>fiction</enum></record><record orange="722" apple="true"><int>42</int><double>42345.4232</double><name>name123_45</name><choice3>3 choice</choice3><enum>horror</enum></record><record orange="723"><int>42</int><double>42345.4232</double><name>name123_45</name><string>one two three</string><choice4>4 choice</choice4><enum>history</enum></record><record orange="724" apple="true"><int>42</int><double>42345.4232</double><name>name123_45</name><choice1>1 choice</choice1><enum>philosophy</enum></record><record orange="725"><int>42</int><double>42345.4232</double><name>name123_45</name><string>one two three</string><choice2>2 choice</choice2><enum>romance</enum></record><record orange="726" apple="true"><int>42</int><double>42345.4232</double><name>name123_45</name><choice3>3 choice</choice3><enum>fiction</enum></record><record orange="727"><int>42</int><double>42345.4232</double><name>name123_45</name><string>one two three</string><choice4>4 choice</choice4><enum>horror</enum></record><record orange="728" apple="true"><int>42</int><double>42345.4232</double><name>name123_45</name><choice1>1 choice</choice1><enum>history</enum></record><record orange="729"><int>42</int><double>42345.4232</double><name>name123_45</name><string>one two three</string><choice2>2 choice</choice2><enum>philosophy</enum></record><record orange="730" apple="true"><int>42</int><double>42345.4232</double><name>name123_45</name><choice3>3 choice</choice3><enum>romance</enum></record><record orange="731"><int>42</int><double>42345.4232</double><name>name123_45</name><string>one two three</string><choice4>4 choice</choice4><enum>fiction</enum></record><record orange="732" apple="true"><int>42</int><double>42345.4232</double><name>name123_45</name><choice1>1 choice</choice1><enum>horror</enum></record><record orange="733"><int>42</int><double>42345.4232</double><name>name123_45</name><string>one two three</string><choice2>2 choice</choice2><enum>history</enum></record><record orange="734" apple="true"><int>42</int><double>42345.4232</double><name>name123_45</name><choice3>3 choice</choice3><enum>philosophy</enum></record><record orange="735"><int>42</int><double>42345.4232</double><name>name123_45</name><string>one two three</string><choice4>4 choice</choice4><enum>romance</enum></record><record orange="736" apple="true"><int>42</int><double>42345.4232</double><name>name123_45</name><choice1>1 choice</choice1><enum>fiction</enum></record><record orange="737"><int>42</int><double>42345.4232</double><name>name123_45</name><string>one two three</string><choice2>2 choice</choice2><enum>horror</enum></record><record orange="738" apple="true"><int>42</int><double>42345.4232</double><name>name123_45</name><choice3>3 choice</choice3><enum>history</enum></record><record orange="739"><int>42</int><double>42345.4232</double><name>name123_45</name><string>one two three</string><choice4>4 choice</choice4><enum>philosophy</enum></record><record orange="740" apple="true"><int>42</int><double>42345.4232</double><name>name123_45</name><choice1>1 choice</choice1><enum>romance</enum></record><record orange="741"><int>42</int><double>42345.4232</double><name>name123_45</name><string>one two three</string><choice2>2 choice</choice2><enum>fiction</enum></record><record orange="742" apple="true"><int>42</int><double>42345.4232</double><name>name123_45</name><choice3>3 choice</choice3><enum>horror</enum></record><record orange="743"><int>42</int><double>42345.4232</double><name>name123_45</name><string>one two three</string><choice4>4 choice</choice4><enum>history</enum></record><record orange="744" apple="true"><int>42</int><double>42345.4232</double><name>name123_45</name><choice1>1 choice</choice1><enum>philosophy</enum></record><record orange="745"><int>42</int><double>42345.4232</double><name>name123_45</name><string>one two three</string><choice2>2 choice</choice2><enum>romance</enum></record><record orange="746" apple="true"><int>42</int><double>42345.4232</double><name>name123_45</name><choice3>3 choice</choice3><enum>fiction</enum></record><record orange="747"><int>42</int><double>42345.4232</double><name>name123_45</name><string>one two three</string><choice4>4 choice</choice4><enum>horror</enum></record><record orange="748" apple="true"><int>42</int><double>42345.4232</double><name>name123_45</name><choice1>1 choice</choice1><enum>history</enum></record><record orange="749"><int>42</int><double>42345.4232</double><name>name123_45</name><string>one two three</string><choice2>2 choice</choice2><enum>philosophy</enum></record><record orange="750" apple="true"><int>42</int><double>42345.4232</double><name>name123_45</name><choice3>3 choice</choice3><enum>romance</enum></record><record orange="751"><int>42</int><double>42345.4232</double><name>name123_45</name><string>one two three</string><choice4>4 choice</choice4><enum>fiction</enum></record><record orange="752" apple="true"><int>42</int><double>42345.4232</double><name>name123_45</name><choice1>1 choice</choice1><enum>horror</enum></record><record orange="753"><int>42</int><double>42345.4232</double><name>name123_45</name><string>one two three</string><choice2>2 choice</choice2><enum>history</enum></record><record orange="754" apple="true"><int>42</int><double>42345.4232</double><name>name123_45</name><choice3>3 choice</choice3><enum>philosophy</enum></record><record orange="755"><int>42</int><double>42345.4232</double><name>name123_45</name><string>one two three</string><choice4>4 choice</choice4><enum>romance</enum></record><record orange="756" apple="true"><int>42</int><double>42345.4232</double><name>name123_45</name><choice1>1 choice</choice1><enum>fiction</enum></record><record orange="757"><int>42</int><double>42345.4232</double><name>name123_45</name><string>one two three</string><choice2>2 choice</choice2><enum>horror</enum></record><record orange="758" apple="true"><int>42</int><double>42345.4232</double><name>name123_45</name><choice3>3 choice</choice3><enum>history</enum></record><record orange="759"><int>42</int><double>42345.4232</double><name>name123_45</name><string>one two three</string><choice4>4 choice</choice4><enum>philosophy</enum></record><record orange="760" apple="true"><int>42</int><double>42345.4232</double><name>name123_45</name><choice1>1 choice</choice1><enum>romance</enum></record><record orange="761"><int>42</int><double>42345.4232</double><name>name123_45</name><string>one two three</string><choice2>2 choice</choice2><enum>fiction</enum></record><record orange="762" apple="true"><int>42</int><double>42345.4232</double><name>name123_45</name><choice3>3 choice</choice3><enum>horror</enum></record><record orange="763"><int>42</int><double>42345.4232</double><name>name123_45</name><string>one two three</string><choice4>4 choice</choice4><enum>history</enum></record><record orange="764" apple="true"><int>42</int><double>42345.4232</double><name>name123_45</name><choice1>1 choice</choice1><enum>philosophy</enum></record><record orange="765"><int>42</int><double>42345.4232</double><name>name123_45</name><string>one two three</string><choice2>2 choice</choice2><enum>romance</enum></record><record orange="766" apple="true"><int>42</int><double>42345.4232</double><name>name123_45</name><choice3>3 choice</choice3><enum>fiction</enum></record><record orange="767"><int>42</int><double>42345.4232</double><name>name123_45</name><string>one two three</string><choice4>4 choice</choice4><enum>horror</enum></record><record orange="768" apple="true"><int>42</int><double>42345.4232</double><name>name123_45</name><choice1>1 choice</choice1><enum>history</enum></record><record orange="769"><int>42</int><double>42345.4232</double><name>name123_45</name><string>one two three</string><choice2>2 choice</choice2><enum>philosophy</enum></record><record orange="770" apple="true"><int>42</int><double>42345.4232</double><name>name123_45</name><choice3>3 choice</choice3><enum>romance</enum></record><record orange="771"><int>42</int><double>42345.4232</double><name>name123_45</name><string>one two three</string><choice4>4 choice</choice4><enum>fiction</enum></record><record orange="772" apple="true"><int>42</int><double>42345.4232</double><name>name123_45</name><choice1>1 choice</choice1><enum>horror</enum></record><record orange="773"><int>42</int><double>42345.4232</double><name>name123_45</name><string>one two three</string><choice2>2 choice</choice2><enum>history</enum></record><record orange="774" apple="true"><int>42</int><double>42345.4232</double><name>name123_45</name><choice3>3 choice</choice3><enum>philosophy</enum></record><record orange="775"><int>42</int><double>42345.4232</double><name>name123_45</name><string>one two three</string><choice4>4 choice</choice4><enum>romance</enum></record><record orange="776" apple="true"><int>42</int><double>42345.4232</double><name>name123_45</name><choice1>1 choice</choice1><enum>fiction</enum></record><record orange="777"><int>42</int><double>42345.4232</double><name>name123_45</name><string>one two three</string><choice2>2 choice</choice2><enum>horror</enum></record><record orange="778" apple="true"><int>42</int><double>42345.4232</double><name>name123_45</name><choice3>3 choice</choice3><enum>history</enum></record><record orange="779"><int>42</int><double>42345.4232</double><name>name123_45</name><string>one two three</string><choice4>4 choice</choice4><enum>philosophy</enum></record><record orange="780" apple="true"><int>42</int><double>42345.4232</double><name>name123_45</name><choice1>1 choice</choice1><enum>romance</enum></record><record orange="781"><int>42</int><double>42345.4232</double><name>name123_45</name><string>one two three</string><choice2>2 choice</choice2><enum>fiction</enum></record><record orange="782" apple="true"><int>42</int><double>42345.4232</double><name>name123_45</name><choice3>3 choice</choice3><enum>horror</enum></record><record orange="783"><int>42</int><double>42345.4232</double><name>name123_45</name><string>one two three</string><choice4>4 choice</choice4><enum>history</enum></record><record orange="784" apple="true"><int>42</int><double>42345.4232</double><name>name123_45</name><choice1>1 choice</choice1><enum>philosophy</enum></record><record orange="785"><int>42</int><double>42345.4232</double><name>name123_45</name><string>one two three</string><choice2>2 choice</choice2><enum>romance</enum></record><record orange="786" apple="true"><int>42</int><double>42345.4232</double><name>name123_45</name><choice3>3 choice</choice3><enum>fiction</enum></record><record orange="787"><int>42</int><double>42345.4232</double><name>name123_45</name><string>one two three</string><choice4>4 choice</choice4><enum>horror</enum></record><record orange="788" apple="true"><int>42</int><double>42345.4232</double><name>name123_45</name><choice1>1 choice</choice1><enum>history</enum></record><record orange="789"><int>42</int><double>42345.4232</double><name>name123_45</name><string>one two three</string><choice2>2 choice</choice2><enum>philosophy</enum></record><record orange="790" apple="true"><int>42</int><double>42345.4232</double><name>name123_45</name><choice3>3 choice</choice3><enum>romance</enum></record><record orange="791"><int>42</int><double>42345.4232</double><name>name123_45</name><string>one two three</string><choice4>4 choice</choice4><enum>fiction</enum></record><record orange="792" apple="true"><int>42</int><double>42345.4232</double><name>name123_45</name><choice1>1 choice</choice1><enum>horror</enum></record><record orange="793"><int>42</int><double>42345.4232</double><name>name123_45</name><string>one two three</string><choice2>2 choice</choice2><enum>history</enum></record><record orange="794" apple="true"><int>42</int><double>42345.4232</double><name>name123_45</name><choice3>3 choice</choice3><enum>philosophy</enum></record><record orange="795"><int>42</int><double>42345.4232</double><name>name123_45</name><string>one two three</string><choice4>4 choice</choice4><enum>romance</enum></record><record orange="796" apple="true"><int>42</int><double>42345.4232</double><name>name123_45</name><choice1>1 choice</choice1><enum>fiction</enum></record><record orange="797"><int>42</int><double>42345.4232</double><name>name123_45</name><string>one two three</string><choice2>2 choice</choice2><enum>horror</enum></record><record orange="798" apple="true"><int>42</int><double>42345.4232</double><name>name123_45</name><choice3>3 choice</choice3><enum>history</enum></record><record orange="799"><int>42</int><double>42345.4232</double><name>name123_45</name><string>one two three</string><choice4>4 choice</choice4><enum>philosophy</enum></record><record orange="800" apple="true"><int>42</int><double>42345.4232</double><name>name123_45</name><choice1>1 choice</choice1><enum>romance</enum></record><record orange="801"><int>42</int><double>42345.4232</double><name>name123_45</name><string>one two three</string><choice2>2 choice</choice2><enum>fiction</enum></record><record orange="802" apple="true"><int>42</int><double>42345.4232</double><name>name123_45</name><choice3>3 choice</choice3><enum>horror</enum></record><record orange="803"><int>42</int><double>42345.4232</double><name>name123_45</name><string>one two three</string><choice4>4 choice</choice4><enum>history</enum></record><record orange="804" apple="true"><int>42</int><double>42345.4232</double><name>name123_45</name><choice1>1 choice</choice1><enum>philosophy</enum></record><record orange="805"><int>42</int><double>42345.4232</double><name>name123_45</name><string>one two three</string><choice2>2 choice</choice2><enum>romance</enum></record><record orange="806" apple="true"><int>42</int><double>42345.4232</double><name>name123_45</name><choice3>3 choice</choice3><enum>fiction</enum></record><record orange="807"><int>42</int><double>42345.4232</double><name>name123_45</name><string>one two three</string><choice4>4 choice</choice4><enum>horror</enum></record><record orange="808" apple="true"><int>42</int><double>42345.4232</double><name>name123_45</name><choice1>1 choice</choice1><enum>history</enum></record><record orange="809"><int>42</int><double>42345.4232</double><name>name123_45</name><string>one two three</string><choice2>2 choice</choice2><enum>philosophy</enum></record><record orange="810" apple="true"><int>42</int><double>42345.4232</double><name>name123_45</name><choice3>3 choice</choice3><enum>romance</enum></record><record orange="811"><int>42</int><double>42345.4232</double><name>name123_45</name><string>one two three</string><choice4>4 choice</choice4><enum>fiction</enum></record><record orange="812" apple="true"><int>42</int><double>42345.4232</double><name>name123_45</name><choice1>1 choice</choice1><enum>horror</enum></record><record orange="813"><int>42</int><double>42345.4232</double><name>name123_45</name><string>one two three</string><choice2>2 choice</choice2><enum>history</enum></record><record orange="814" apple="true"><int>42</int><double>42345.4232</double><name>name123_45</name><choice3>3 choice</choice3><enum>philosophy</enum></record><record orange="815"><int>42</int><double>42345.4232</double><name>name123_45</name><string>one two three</string><choice4>4 choice</choice4><enum>romance</enum></record><record orange="816" apple="true"><int>42</int><double>42345.4232</double><name>name123_45</name><choice1>1 choice</choice1><enum>fiction</enum></record><record orange="817"><int>42</int><double>42345.4232</double><name>name123_45</name><string>one two three</string><choice2>2 choice</choice2><enum>horror</enum></record><record orange="818" apple="true"><int>42</int><double>42345.4232</double><name>name123_45</name><choice3>3 choice</choice3><enum>history</enum></record><record orange="819"><int>42</int><double>42345.4232</double><name>name123_45</name><string>one two three</string><choice4>4 choice</choice4><enum>philosophy</enum></record><record orange="820" apple="true"><int>42</int><double>42345.4232</double><name>name123_45</name><choice1>1 choice</choice1><enum>romance</enum></record><record orange="821"><int>42</int><double>42345.4232</double><name>name123_45</name><string>one two three</string><choice2>2 choice</choice2><enum>fiction</enum></record><record orange="822" apple="true"><int>42</int><double>42345.4232</double><name>name123_45</name><choice3>3 choice</choice3><enum>horror</enum></record><record orange="823"><int>42</int><double>42345.4232</double><name>name123_45</name><string>one two three</string><choice4>4 choice</choice4><enum>history</enum></record><record orange="824" apple="true"><int>42</int><double>42345.4232</double><name>name123_45</name><choice1>1 choice</choice1><enum>philosophy</enum></record><record orange="825"><int>42</int><double>42345.4232</double><name>name123_45</name><string>one two three</string><choice2>2 choice</choice2><enum>romance</enum></record><record orange="826" apple="true"><int>42</int><double>42345.4232</double><name>name123_45</name><choice3>3 choice</choice3><enum>fiction</enum></record><record orange="827"><int>42</int><double>42345.4232</double><name>name123_45</name><string>one two three</string><choice4>4 choice</choice4><enum>horror</enum></record><record orange="828" apple="true"><int>42</int><double>42345.4232</double><name>name123_45</name><choice1>1 choice</choice1><enum>history</enum></record><record orange="829"><int>42</int><double>42345.4232</double><name>name123_45</name><string>one two three</string><choice2>2 choice</choice2><enum>philosophy</enum></record><record orange="830" apple="true"><int>42</int><double>42345.4232</double><name>name123_45</name><choice3>3 choice</choice3><enum>romance</enum></record><record orange="831"><int>42</int><double>42345.4232</double><name>name123_45</name><string>one two three</string><choice4>4 choice</choice4><enum>fiction</enum></record><record orange="832" apple="true"><int>42</int><double>42345.4232</double><name>name123_45</name><choice1>1 choice</choice1><enum>horror</enum></record><record orange="833"><int>42</int><double>42345.4232</double><name>name123_45</name><string>one two three</string><choice2>2 choice</choice2><enum>history</enum></record><record orange="834" apple="true"><int>42</int><double>42345.4232</double><name>name123_45</name><choice3>3 choice</choice3><enum>philosophy</enum></record><record orange="835"><int>42</int><double>42345.4232</double><name>name123_45</name><string>one two three</string><choice4>4 choice</choice4><enum>romance</enum></record><record orange="836" apple="true"><int>42</int><double>42345.4232</double><name>name123_45</name><choice1>1 choice</choice1><enum>fiction</enum></record><record orange="837"><int>42</int><double>42345.4232</double><name>name123_45</name><string>one two three</string><choice2>2 choice</choice2><enum>horror</enum></record><record orange="838" apple="true"><int>42</int><double>42345.4232</double><name>name123_45</name><choice3>3 choice</choice3><enum>history</enum></record><record orange="839"><int>42</int><double>42345.4232</double><name>name123_45</name><string>one two three</string><choice4>4 choice</choice4><enum>philosophy</enum></record><record orange="840" apple="true"><int>42</int><double>42345.4232</double><name>name123_45</name><choice1>1 choice</choice1><enum>romance</enum></record><record orange="841"><int>42</int><double>42345.4232</double><name>name123_45</name><string>one two three</string><choice2>2 choice</choice2><enum>fiction</enum></record><record orange="842" apple="true"><int>42</int><double>42345.4232</double><name>name123_45</name><choice3>3 choice</choice3><enum>horror</enum></record><record orange="843"><int>42</int><double>42345.4232</double><name>name123_45</name><string>one two three</string><choice4>4 choice</choice4><enum>history</enum></record><record orange="844" apple="true"><int>42</int><double>42345.4232</double><name>name123_45</name><choice1>1 choice</choice1><enum>philosophy</enum></record><record orange="845"><int>42</int><double>42345.4232</double><name>name123_45</name><string>one two three</string><choice2>2 choice</choice2><enum>romance</enum></record><record orange="846" apple="true"><int>42</int><double>42345.4232</double><name>name123_45</name><choice3>3 choice</choice3><enum>fiction</enum></record><record orange="847"><int>42</int><double>42345.4232</double><name>name123_45</name><string>one two three</string><choice4>4 choice</choice4><enum>horror</enum></record><record orange="848" apple="true"><int>42</int><double>42345.4232</double><name>name123_45</name><choice1>1 choice</choice1><enum>history</enum></record><record orange="849"><int>42</int><double>42345.4232</double><name>name123_45</name><string>one two three</string><choice2>2 choice</choice2><enum>philosophy</enum></record><record orange="850" apple="true"><int>42</int><double>42345.4232</double><name>name123_45</name><choice3>3 choice</choice3><enum>romance</enum></record><record orange="851"><int>42</int><double>42345.4232</double><name>name123_45</name><string>one two three</string><choice4>4 choice</choice4><enum>fiction</enum></record><record orange="852" apple="true"><int>42</int><double>42345.4232</double><name>name123_45</name><choice1>1 choice</choice1><enum>horror</enum></record><record orange="853"><int>42</int><double>42345.4232</double><name>name123_45</name><string>one two three</string><choice2>2 choice</choice2><enum>history</enum></record><record orange="854" apple="true"><int>42</int><double>42345.4232</double><name>name123_45</name><choice3>3 choice</choice3><enum>philosophy</enum></record><record orange="855"><int>42</int><double>42345.4232</double><name>name123_45</name><string>one two three</string><choice4>4 choice</choice4><enum>romance</enum></record><record orange="856" apple="true"><int>42</int><double>42345.4232</double><name>name123_45</name><choice1>1 choice</choice1><enum>fiction</enum></record><record orange="857"><int>42</int><double>42345.4232</double><name>name123_45</name><string>one two three</string><choice2>2 choice</choice2><enum>horror</enum></record><record orange="858" apple="true"><int>42</int><double>42345.4232</double><name>name123_45</name><choice3>3 choice</choice3><enum>history</enum></record><record orange="859"><int>42</int><double>42345.4232</double><name>name123_45</name><string>one two three</string><choice4>4 choice</choice4><enum>philosophy</enum></record><record orange="860" apple="true"><int>42</int><double>42345.4232</double><name>name123_45</name><choice1>1 choice</choice1><enum>romance</enum></record><record orange="861"><int>42</int><double>42345.4232</double><name>name123_45</name><string>one two three</string><choice2>2 choice</choice2><enum>fiction</enum></record><record orange="862" apple="true"><int>42</int><double>42345.4232</double><name>name123_45</name><choice3>3 choice</choice3><enum>horror</enum></record><record orange="863"><int>42</int><double>42345.4232</double><name>name123_45</name><string>one two three</string><choice4>4 choice</choice4><enum>history</enum></record><record orange="864" apple="true"><int>42</int><double>42345.4232</double><name>name123_45</name><choice1>1 choice</choice1><enum>philosophy</enum></record><record orange="865"><int>42</int><double>42345.4232</double><name>name123_45</name><string>one two three</string><choice2>2 choice</choice2><enum>romance</enum></record><record orange="866" apple="true"><int>42</int><double>42345.4232</double><name>name123_45</name><choice3>3 choice</choice3><enum>fiction</enum></record><record orange="867"><int>42</int><double>42345.4232</double><name>name123_45</name><string>one two three</string><choice4>4 choice</choice4><enum>horror</enum></record><record orange="868" apple="true"><int>42</int><double>42345.4232</double><name>name123_45</name><choice1>1 choice</choice1><enum>history</enum></record><record orange="869"><int>42</int><double>42345.4232</double><name>name123_45</name><string>one two three</string><choice2>2 choice</choice2><enum>philosophy</enum></record><record orange="870" apple="true"><int>42</int><double>42345.4232</double><name>name123_45</name><choice3>3 choice</choice3><enum>romance</enum></record><record orange="871"><int>42</int><double>42345.4232</double><name>name123_45</name><string>one two three</string><choice4>4 choice</choice4><enum>fiction</enum></record><record orange="872" apple="true"><int>42</int><double>42345.4232</double><name>name123_45</name><choice1>1 choice</choice1><enum>horror</enum></record><record orange="873"><int>42</int><double>42345.4232</double><name>name123_45</name><string>one two three</string><choice2>2 choice</choice2><enum>history</enum></record><record orange="874" apple="true"><int>42</int><double>42345.4232</double><name>name123_45</name><choice3>3 choice</choice3><enum>philosophy</enum></record><record orange="875"><int>42</int><double>42345.4232</double><name>name123_45</name><string>one two three</string><choice4>4 choice</choice4><enum>romance</enum></record><record orange="876" apple="true"><int>42</int><double>42345.4232</double><name>name123_45</name><choice1>1 choice</choice1><enum>fiction</enum></record><record orange="877"><int>42</int><double>42345.4232</double><name>name123_45</name><string>one two three</string><choice2>2 choice</choice2><enum>horror</enum></record><record orange="878" apple="true"><int>42</int><double>42345.4232</double><name>name123_45</name><choice3>3 choice</choice3><enum>history</enum></record><record orange="879"><int>42</int><double>42345.4232</double><name>name123_45</name><string>one two three</string><choice4>4 choice</choice4><enum>philosophy</enum></record><record orange="880" apple="true"><int>42</int><double>42345.4232</double><name>name123_45</name><choice1>1 choice</choice1><enum>romance</enum></record><record orange="881"><int>42</int><double>42345.4232</double><name>name123_45</name><string>one two three</string><choice2>2 choice</choice2><enum>fiction</enum></record><record orange="882" apple="true"><int>42</int><double>42345.4232</double><name>name123_45</name><choice3>3 choice</choice3><enum>horror</enum></record><record orange="883"><int>42</int><double>42345.4232</double><name>name123_45</name><string>one two three</string><choice4>4 choice</choice4><enum>history</enum></record><record orange="884" apple="true"><int>42</int><double>42345.4232</double><name>name123_45</name><choice1>1 choice</choice1><enum>philosophy</enum></record><record orange="885"><int>42</int><double>42345.4232</double><name>name123_45</name><string>one two three</string><choice2>2 choice</choice2><enum>romance</enum></record><record orange="886" apple="true"><int>42</int><double>42345.4232</double><name>name123_45</name><choice3>3 choice</choice3><enum>fiction</enum></record><record orange="887"><int>42</int><double>42345.4232</double><name>name123_45</name><string>one two three</string><choice4>4 choice</choice4><enum>horror</enum></record><record orange="888" apple="true"><int>42</int><double>42345.4232</double><name>name123_45</name><choice1>1 choice</choice1><enum>history</enum></record><record orange="889"><int>42</int><double>42345.4232</double><name>name123_45</name><string>one two three</string><choice2>2 choice</choice2><enum>philosophy</enum></record><record orange="890" apple="true"><int>42</int><double>42345.4232</double><name>name123_45</name><choice3>3 choice</choice3><enum>romance</enum></record><record orange="891"><int>42</int><double>42345.4232</double><name>name123_45</name><string>one two three</string><choice4>4 choice</choice4><enum>fiction</enum></record><record orange="892" apple="true"><int>42</int><double>42345.4232</double><name>name123_45</name><choice1>1 choice</choice1><enum>horror</enum></record><record orange="893"><int>42</int><double>42345.4232</double><name>name123_45</name><string>one two three</string><choice2>2 choice</choice2><enum>history</enum></record><record orange="894" apple="true"><int>42</int><double>42345.4232</double><name>name123_45</name><choice3>3 choice</choice3><enum>philosophy</enum></record><record orange="895"><int>42</int><double>42345.4232</double><name>name123_45</name><string>one two three</string><choice4>4 choice</choice4><enum>romance</enum></record><record orange="896" apple="true"><int>42</int><double>42345.4232</double><name>name123_45</name><choice1>1 choice</choice1><enum>fiction</enum></record><record orange="897"><int>42</int><double>42345.4232</double><name>name123_45</name><string>one two three</string><choice2>2 choice</choice2><enum>horror</enum></record><record orange="898" apple="true"><int>42</int><double>42345.4232</double><name>name123_45</name><choice3>3 choice</choice3><enum>history</enum></record><record orange="899"><int>42</int><double>42345.4232</double><name>name123_45</name><string>one two three</string><choice4>4 choice</choice4><enum>philosophy</enum></record><record orange="900" apple="true"><int>42</int><double>42345.4232</double><name>name123_45</name><choice1>1 choice</choice1><enum>romance</enum></record><record orange="901"><int>42</int><double>42345.4232</double><name>name123_45</name><string>one two three</string><choice2>2 choice</choice2><enum>fiction</enum></record><record orange="902" apple="true"><int>42</int><double>42345.4232</double><name>name123_45</name><choice3>3 choice</choice3><enum>horror</enum></record><record orange="903"><int>42</int><double>42345.4232</double><name>name123_45</name><string>one two three</string><choice4>4 choice</choice4><enum>history</enum></record><record orange="904" apple="true"><int>42</int><double>42345.4232</double><name>name123_45</name><choice1>1 choice</choice1><enum>philosophy</enum></record><record orange="905"><int>42</int><double>42345.4232</double><name>name123_45</name><string>one two three</string><choice2>2 choice</choice2><enum>romance</enum></record><record orange="906" apple="true"><int>42</int><double>42345.4232</double><name>name123_45</name><choice3>3 choice</choice3><enum>fiction</enum></record><record orange="907"><int>42</int><double>42345.4232</double><name>name123_45</name><string>one two three</string><choice4>4 choice</choice4><enum>horror</enum></record><record orange="908" apple="true"><int>42</int><double>42345.4232</double><name>name123_45</name><choice1>1 choice</choice1><enum>history</enum></record><record orange="909"><int>42</int><double>42345.4232</double><name>name123_45</name><string>one two three</string><choice2>2 choice</choice2><enum>philosophy</enum></record><record orange="910" apple="true"><int>42</int><double>42345.4232</double><name>name123_45</name><choice3>3 choice</choice3><enum>romance</enum></record><record orange="911"><int>42</int><double>42345.4232</double><name>name123_45</name><string>one two three</string><choice4>4 choice</choice4><enum>fiction</enum></record><record orange="912" apple="true"><int>42</int><double>42345.4232</double><name>name123_45</name><choice1>1 choice</choice1><enum>horror</enum></record><record orange="913"><int>42</int><double>42345.4232</double><name>name123_45</name><string>one two three</string><choice2>2 choice</choice2><enum>history</enum></record><record orange="914" apple="true"><int>42</int><double>42345.4232</double><name>name123_45</name><choice3>3 choice</choice3><enum>philosophy</enum></record><record orange="915"><int>42</int><double>42345.4232</double><name>name123_45</name><string>one two three</string><choice4>4 choice</choice4><enum>romance</enum></record><record orange="916" apple="true"><int>42</int><double>42345.4232</double><name>name123_45</name><choice1>1 choice</choice1><enum>fiction</enum></record><record orange="917"><int>42</int><double>42345.4232</double><name>name123_45</name><string>one two three</string><choice2>2 choice</choice2><enum>horror</enum></record><record orange="918" apple="true"><int>42</int><double>42345.4232</double><name>name123_45</name><choice3>3 choice</choice3><enum>history</enum></record><record orange="919"><int>42</int><double>42345.4232</double><name>name123_45</name><string>one two three</string><choice4>4 choice</choice4><enum>philosophy</enum></record><record orange="920" apple="true"><int>42</int><double>42345.4232</double><name>name123_45</name><choice1>1 choice</choice1><enum>romance</enum></record><record orange="921"><int>42</int><double>42345.4232</double><name>name123_45</name><string>one two three</string><choice2>2 choice</choice2><enum>fiction</enum></record><record orange="922" apple="true"><int>42</int><double>42345.4232</double><name>name123_45</name><choice3>3 choice</choice3><enum>horror</enum></record><record orange="923"><int>42</int><double>42345.4232</double><name>name123_45</name><string>one two three</string><choice4>4 choice</choice4><enum>history</enum></record><record orange="924" apple="true"><int>42</int><double>42345.4232</double><name>name123_45</name><choice1>1 choice</choice1><enum>philosophy</enum></record><record orange="925"><int>42</int><double>42345.4232</double><name>name123_45</name><string>one two three</string><choice2>2 choice</choice2><enum>romance</enum></record><record orange="926" apple="true"><int>42</int><double>42345.4232</double><name>name123_45</name><choice3>3 choice</choice3><enum>fiction</enum></record><record orange="927"><int>42</int><double>42345.4232</double><name>name123_45</name><string>one two three</string><choice4>4 choice</choice4><enum>horror</enum></record><record orange="928" apple="true"><int>42</int><double>42345.4232</double><name>name123_45</name><choice1>1 choice</choice1><enum>history</enum></record><record orange="929"><int>42</int><double>42345.4232</double><name>name123_45</name><string>one two three</string><choice2>2 choice</choice2><enum>philosophy</enum></record><record orange="930" apple="true"><int>42</int><double>42345.4232</double><name>name123_45</name><choice3>3 choice</choice3><enum>romance</enum></record><record orange="931"><int>42</int><double>42345.4232</double><name>name123_45</name><string>one two three</string><choice4>4 choice</choice4><enum>fiction</enum></record><record orange="932" apple="true"><int>42</int><double>42345.4232</double><name>name123_45</name><choice1>1 choice</choice1><enum>horror</enum></record><record orange="933"><int>42</int><double>42345.4232</double><name>name123_45</name><string>one two three</string><choice2>2 choice</choice2><enum>history</enum></record><record orange="934" apple="true"><int>42</int><double>42345.4232</double><name>name123_45</name><choice3>3 choice</choice3><enum>philosophy</enum></record><record orange="935"><int>42</int><double>42345.4232</double><name>name123_45</name><string>one two three</string><choice4>4 choice</choice4><enum>romance</enum></record><record orange="936" apple="true"><int>42</int><double>42345.4232</double><name>name123_45</name><choice1>1 choice</choice1><enum>fiction</enum></record><record orange="937"><int>42</int><double>42345.4232</double><name>name123_45</name><string>one two three</string><choice2>2 choice</choice2><enum>horror</enum></record><record orange="938" apple="true"><int>42</int><double>42345.4232</double><name>name123_45</name><choice3>3 choice</choice3><enum>history</enum></record><record orange="939"><int>42</int><double>42345.4232</double><name>name123_45</name><string>one two three</string><choice4>4 choice</choice4><enum>philosophy</enum></record><record orange="940" apple="true"><int>42</int><double>42345.4232</double><name>name123_45</name><choice1>1 choice</choice1><enum>romance</enum></record><record orange="941"><int>42</int><double>42345.4232</double><name>name123_45</name><string>one two three</string><choice2>2 choice</choice2><enum>fiction</enum></record><record orange="942" apple="true"><int>42</int><double>42345.4232</double><name>name123_45</name><choice3>3 choice</choice3><enum>horror</enum></record><record orange="943"><int>42</int><double>42345.4232</double><name>name123_45</name><string>one two three</string><choice4>4 choice</choice4><enum>history</enum></record><record orange="944" apple="true"><int>42</int><double>42345.4232</double><name>name123_45</name><choice1>1 choice</choice1><enum>philosophy</enum></record><record orange="945"><int>42</int><double>42345.4232</double><name>name123_45</name><string>one two three</string><choice2>2 choice</choice2><enum>romance</enum></record><record orange="946" apple="true"><int>42</int><double>42345.4232</double><name>name123_45</name><choice3>3 choice</choice3><enum>fiction</enum></record><record orange="947"><int>42</int><double>42345.4232</double><name>name123_45</name><string>one two three</string><choice4>4 choice</choice4><enum>horror</enum></record><record orange="948" apple="true"><int>42</int><double>42345.4232</double><name>name123_45</name><choice1>1 choice</choice1><enum>history</enum></record><record orange="949"><int>42</int><double>42345.4232</double><name>name123_45</name><string>one two three</string><choice2>2 choice</choice2><enum>philosophy</enum></record><record orange="950" apple="true"><int>42</int><double>42345.4232</double><name>name123_45</name><choice3>3 choice</choice3><enum>romance</enum></record><record orange="951"><int>42</int><double>42345.4232</double><name>name123_45</name><string>one two three</string><choice4>4 choice</choice4><enum>fiction</enum></record><record orange="952" apple="true"><int>42</int><double>42345.4232</double><name>name123_45</name><choice1>1 choice</choice1><enum>horror</enum></record><record orange="953"><int>42</int><double>42345.4232</double><name>name123_45</name><string>one two three</string><choice2>2 choice</choice2><enum>history</enum></record><record orange="954" apple="true"><int>42</int><double>42345.4232</double><name>name123_45</name><choice3>3 choice</choice3><enum>philosophy</enum></record><record orange="955"><int>42</int><double>42345.4232</double><name>name123_45</name><string>one two three</string><choice4>4 choice</choice4><enum>romance</enum></record><record orange="956" apple="true"><int>42</int><double>42345.4232</double><name>name123_45</name><choice1>1 choice</choice1><enum>fiction</enum></record><record orange="957"><int>42</int><double>42345.4232</double><name>name123_45</name><string>one two three</string><choice2>2 choice</choice2><enum>horror</enum></record><record orange="958" apple="true"><int>42</int><double>42345.4232</double><name>name123_45</name><choice3>3 choice</choice3><enum>history</enum></record><record orange="959"><int>42</int><double>42345.4232</double><name>name123_45</name><string>one two three</string><choice4>4 choice</choice4><enum>philosophy</enum></record><record orange="960" apple="true"><int>42</int><double>42345.4232</double><name>name123_45</name><choice1>1 choice</choice1><enum>romance</enum></record><record orange="961"><int>42</int><double>42345.4232</double><name>name123_45</name><string>one two three</string><choice2>2 choice</choice2><enum>fiction</enum></record><record orange="962" apple="true"><int>42</int><double>42345.4232</double><name>name123_45</name><choice3>3 choice</choice3><enum>horror</enum></record><record orange="963"><int>42</int><double>42345.4232</double><name>name123_45</name><string>one two three</string><choice4>4 choice</choice4><enum>history</enum></record><record orange="964" apple="true"><int>42</int><double>42345.4232</double><name>name123_45</name><choice1>1 choice</choice1><enum>philosophy</enum></record><record orange="965"><int>42</int><double>42345.4232</double><name>name123_45</name><string>one two three</string><choice2>2 choice</choice2><enum>romance</enum></record><record orange="966" apple="true"><int>42</int><double>42345.4232</double><name>name123_45</name><choice3>3 choice</choice3><enum>fiction</enum></record><record orange="967"><int>42</int><double>42345.4232</double><name>name123_45</name><string>one two three</string><choice4>4 choice</choice4><enum>horror</enum></record><record orange="968" apple="true"><int>42</int><double>42345.4232</double><name>name123_45</name><choice1>1 choice</choice1><enum>history</enum></record><record orange="969"><int>42</int><double>42345.4232</double><name>name123_45</name><string>one two three</string><choice2>2 choice</choice2><enum>philosophy</enum></record><record orange="970" apple="true"><int>42</int><double>42345.4232</double><name>name123_45</name><choice3>3 choice</choice3><enum>romance</enum></record><record orange="971"><int>42</int><double>42345.4232</double><name>name123_45</name><string>one two three</string><choice4>4 choice</choice4><enum>fiction</enum></record><record orange="972" apple="true"><int>42</int><double>42345.4232</double><name>name123_45</name><choice1>1 choice</choice1><enum>horror</enum></record><record orange="973"><int>42</int><double>42345.4232</double><name>name123_45</name><string>one two three</string><choice2>2 choice</choice2><enum>history</enum></record><record orange="974" apple="true"><int>42</int><double>42345.4232</double><name>name123_45</name><choice3>3 choice</choice3><enum>philosophy</enum></record><record orange="975"><int>42</int><double>42345.4232</double><name>name123_45</name><string>one two three</string><choice4>4 choice</choice4><enum>romance</enum></record><record orange="976" apple="true"><int>42</int><double>42345.4232</double><name>name123_45</name><choice1>1 choice</choice1><enum>fiction</enum></record><record orange="977"><int>42</int><double>42345.4232</double><name>name123_45</name><string>one two three</string><choice2>2 choice</choice2><enum>horror</enum></record><record orange="978" apple="true"><int>42</int><double>42345.4232</double><name>name123_45</name><choice3>3 choice</choice3><enum>history</enum></record><record orange="979"><int>42</int><double>42345.4232</double><name>name123_45</name><string>one two three</string><choice4>4 choice</choice4><enum>philosophy</enum></record><record orange="980" apple="true"><int>42</int><double>42345.4232</double><name>name123_45</name><choice1>1 choice</choice1><enum>romance</enum></record><record orange="981"><int>42</int><double>42345.4232</double><name>name123_45</name><string>one two three</string><choice2>2 choice</choice2><enum>fiction</enum></record><record orange="982" apple="true"><int>42</int><double>42345.4232</double><name>name123_45</name><choice3>3 choice</choice3><enum>horror</enum></record><record orange="983"><int>42</int><double>42345.4232</double><name>name123_45</name><string>one two three</string><choice4>4 choice</choice4><enum>history</enum></record><record orange="984" apple="true"><int>42</int><double>42345.4232</double><name>name123_45</name><choice1>1 choice</choice1><enum>philosophy</enum></record><record orange="985"><int>42</int><double>42345.4232</double><name>name123_45</name><string>one two three</string><choice2>2 choice</choice2><enum>romance</enum></record><record orange="986" apple="true"><int>42</int><double>42345.4232</double><name>name123_45</name><choice3>3 choice</choice3><enum>fiction</enum></record><record orange="987"><int>42</int><double>42345.4232</double><name>name123_45</name><string>one two three</string><choice4>4 choice</choice4><enum>horror</enum></record><record orange="988" apple="true"><int>42</int><double>42345.4232</double><name>name123_45</name><choice1>1 choice</choice1><enum>history</enum></record><record orange="989"><int>42</int><double>42345.4232</double><name>name123_45</name><string>one two three</string><choice2>2 choice</choice2><enum>philosophy</enum></record><record orange="990" apple="true"><int>42</int><double>42345.4232</double><name>name123_45</name><choice3>3 choice</choice3><enum>romance</enum></record><record orange="991"><int>42</int><double>42345.4232</double><name>name123_45</name><string>one two three</string><choice4>4 choice</choice4><enum>fiction</enum></record><record orange="992" apple="true"><int>42</int><double>42345.4232</double><name>name123_45</name><choice1>1 choice</choice1><enum>horror</enum></record><record orange="993"><int>42</int><double>42345.4232</double><name>name123_45</name><string>one two three</string><choice2>2 choice</choice2><enum>history</enum></record><record orange="994" apple="true"><int>42</int><double>42345.4232</double><name>name123_45</name><choice3>3 choice</choice3><enum>philosophy</enum></record><record orange="995"><int>42</int><double>42345.4232</double><name>name123_45</name><string>one two three</string><choice4>4 choice</choice4><enum>romance</enum></record><record orange="996" apple="true"><int>42</int><double>42345.4232</double><name>name123_45</name><choice1>1 choice</choice1><enum>fiction</enum></record><record orange="997"><int>42</int><double>42345.4232</double><name>name123_45</name><string>one two three</string><choice2>2 choice</choice2><enum>horror</enum></record><record orange="998" apple="true"><int>42</int><double>42345.4232</double><name>name123_45</name><choice3>3 choice</choice3><enum>history</enum></record><record orange="999"><int>42</int><double>42345.4232</double><name>name123_45</name><string>one two three</string><choice4>4 choice</choice4><enum>philosophy</enum></record><record orange="1000" apple="true"><int>42</int><double>42345.4232</double><name>name123_45</name><choice1>1 choice</choice1><enum>romance</enum></record><record orange="1001"><int>42</int><double>42345.4232</double><name>name123_45</name><string>one two three</string><choice2>2 choice</choice2><enum>fiction</enum></record><record orange="1002" apple="true"><int>42</int><double>42345.4232</double><name>name123_45</name><choice3>3 choice</choice3><enum>horror</enum></record><record orange="1003"><int>42</int><double>42345.4232</double><name>name123_45</name><string>one two three</string><choice4>4 choice</choice4><enum>history</enum></record><record orange="1004" apple="true"><int>42</int><double>42345.4232</double><name>name123_45</name><choice1>1 choice</choice1><enum>philosophy</enum></record><record orange="1005"><int>42</int><double>42345.4232</double><name>name123_45</name><string>one two three</string><choice2>2 choice</choice2><enum>romance</enum></record><record orange="1006" apple="true"><int>42</int><double>42345.4232</double><name>name123_45</name><choice3>3 choice</choice3><enum>fiction</enum></record><record orange="1007"><int>42</int><double>42345.4232</double><name>name123_45</name><string>one two three</string><choice4>4 choice</choice4><enum>horror</enum></record><record orange="1008" apple="true"><int>42</int><double>42345.4232</double><name>name123_45</name><choice1>1 choice</choice1><enum>history</enum></record><record orange="1009"><int>42</int><double>42345.4232</double><name>name123_45</name><string>one two three</string><choice2>2 choice</choice2><enum>philosophy</enum></record><record orange="1010" apple="true"><int>42</int><double>42345.4232</double><name>name123_45</name><choice3>3 choice</choice3><enum>romance</enum></record><record orange="1011"><int>42</int><double>42345.4232</double><name>name123_45</name><string>one two three</string><choice4>4 choice</choice4><enum>fiction</enum></record><record orange="1012" apple="true"><int>42</int><double>42345.4232</double><name>name123_45</name><choice1>1 choice</choice1><enum>horror</enum></record><record orange="1013"><int>42</int><double>42345.4232</double><name>name123_45</name><string>one two three</string><choice2>2 choice</choice2><enum>history</enum></record><record orange="1014" apple="true"><int>42</int><double>42345.4232</double><name>name123_45</name><choice3>3 choice</choice3><enum>philosophy</enum></record><record orange="1015"><int>42</int><double>42345.4232</double><name>name123_45</name><string>one two three</string><choice4>4 choice</choice4><enum>romance</enum></record><record orange="1016" apple="true"><int>42</int><double>42345.4232</double><name>name123_45</name><choice1>1 choice</choice1><enum>fiction</enum></record><record orange="1017"><int>42</int><double>42345.4232</double><name>name123_45</name><string>one two three</string><choice2>2 choice</choice2><enum>horror</enum></record><record orange="1018" apple="true"><int>42</int><double>42345.4232</double><name>name123_45</name><choice3>3 choice</choice3><enum>history</enum></record><record orange="1019"><int>42</int><double>42345.4232</double><name>name123_45</name><string>one two three</string><choice4>4 choice</choice4><enum>philosophy</enum></record><record orange="1020" apple="true"><int>42</int><double>42345.4232</double><name>name123_45</name><choice1>1 choice</choice1><enum>romance</enum></record><record orange="1021"><int>42</int><double>42345.4232</double><name>name123_45</name><string>one two three</string><choice2>2 choice</choice2><enum>fiction</enum></record><record orange="1022" apple="true"><int>42</int><double>42345.4232</double><name>name123_45</name><choice3>3 choice</choice3><enum>horror</enum></record><record orange="1023"><int>42</int><double>42345.4232</double><name>name123_45</name><string>one two three</string><choice4>4 choice</choice4><enum>history</enum></record><record orange="1024" apple="true"><int>42</int><double>42345.4232</double><name>name123_45</name><choice1>1 choice</choice1><enum>philosophy</enum></record><record orange="1025"><int>42</int><double>42345.4232</double><name>name123_45</name><string>one two three</string><choice2>2 choice</choice2><enum>romance</enum></record><record orange="1026" apple="true"><int>42</int><double>42345.4232</double><name>name123_45</name><choice3>3 choice</choice3><enum>fiction</enum></record><record orange="1027"><int>42</int><double>42345.4232</double><name>name123_45</name><string>one two three</string><choice4>4 choice</choice4><enum>horror</enum></record><record orange="1028" apple="true"><int>42</int><double>42345.4232</double><name>name123_45</name><choice1>1 choice</choice1><enum>history</enum></record><record orange="1029"><int>42</int><double>42345.4232</double><name>name123_45</name><string>one two three</string><choice2>2 choice</choice2><enum>philosophy</enum></record><record orange="1030" apple="true"><int>42</int><double>42345.4232</double><name>name123_45</name><choice3>3 choice</choice3><enum>romance</enum></record><record orange="1031"><int>42</int><double>42345.4232</double><name>name123_45</name><string>one two three</string><choice4>4 choice</choice4><enum>fiction</enum></record><record orange="1032" apple="true"><int>42</int><double>42345.4232</double><name>name123_45</name><choice1>1 choice</choice1><enum>horror</enum></record><record orange="1033"><int>42</int><double>42345.4232</double><name>name123_45</name><string>one two three</string><choice2>2 choice</choice2><enum>history</enum></record><record orange="1034" apple="true"><int>42</int><double>42345.4232</double><name>name123_45</name><choice3>3 choice</choice3><enum>philosophy</enum></record><record orange="1035"><int>42</int><double>42345.4232</double><name>name123_45</name><string>one two three</string><choice4>4 choice</choice4><enum>romance</enum></record><record orange="1036" apple="true"><int>42</int><double>42345.4232</double><name>name123_45</name><choice1>1 choice</choice1><enum>fiction</enum></record><record orange="1037"><int>42</int><double>42345.4232</double><name>name123_45</name><string>one two three</string><choice2>2 choice</choice2><enum>horror</enum></record><record orange="1038" apple="true"><int>42</int><double>42345.4232</double><name>name123_45</name><choice3>3 choice</choice3><enum>history</enum></record><record orange="1039"><int>42</int><double>42345.4232</double><name>name123_45</name><string>one two three</string><choice4>4 choice</choice4><enum>philosophy</enum></record><record orange="1040" apple="true"><int>42</int><double>42345.4232</double><name>name123_45</name><choice1>1 choice</choice1><enum>romance</enum></record><record orange="1041"><int>42</int><double>42345.4232</double><name>name123_45</name><string>one two three</string><choice2>2 choice</choice2><enum>fiction</enum></record><record orange="1042" apple="true"><int>42</int><double>42345.4232</double><name>name123_45</name><choice3>3 choice</choice3><enum>horror</enum></record><record orange="1043"><int>42</int><double>42345.4232</double><name>name123_45</name><string>one two three</string><choice4>4 choice</choice4><enum>history</enum></record><record orange="1044" apple="true"><int>42</int><double>42345.4232</double><name>name123_45</name><choice1>1 choice</choice1><enum>philosophy</enum></record><record orange="1045"><int>42</int><double>42345.4232</double><name>name123_45</name><string>one two three</string><choice2>2 choice</choice2><enum>romance</enum></record><record orange="1046" apple="true"><int>42</int><double>42345.4232</double><name>name123_45</name><choice3>3 choice</choice3><enum>fiction</enum></record><record orange="1047"><int>42</int><double>42345.4232</double><name>name123_45</name><string>one two three</string><choice4>4 choice</choice4><enum>horror</enum></record><record orange="1048" apple="true"><int>42</int><double>42345.4232</double><name>name123_45</name><choice1>1 choice</choice1><enum>history</enum></record><record orange="1049"><int>42</int><double>42345.4232</double><name>name123_45</name><string>one two three</string><choice2>2 choice</choice2><enum>philosophy</enum></record><record orange="1050" apple="true"><int>42</int><double>42345.4232</double><name>name123_45</name><choice3>3 choice</choice3><enum>romance</enum></record><record orange="1051"><int>42</int><double>42345.4232</double><name>name123_45</name><string>one two three</string><choice4>4 choice</choice4><enum>fiction</enum></record><record orange="1052" apple="true"><int>42</int><double>42345.4232</double><name>name123_45</name><choice1>1 choice</choice1><enum>horror</enum></record><record orange="1053"><int>42</int><double>42345.4232</double><name>name123_45</name><string>one two three</string><choice2>2 choice</choice2><enum>history</enum></record><record orange="1054" apple="true"><int>42</int><double>42345.4232</double><name>name123_45</name><choice3>3 choice</choice3><enum>philosophy</enum></record><record orange="1055"><int>42</int><double>42345.4232</double><name>name123_45</name><string>one two three</string><choice4>4 choice</choice4><enum>romance</enum></record><record orange="1056" apple="true"><int>42</int><double>42345.4232</double><name>name123_45</name><choice1>1 choice</choice1><enum>fiction</enum></record><record orange="1057"><int>42</int><double>42345.4232</double><name>name123_45</name><string>one two three</string><choice2>2 choice</choice2><enum>horror</enum></record><record orange="1058" apple="true"><int>42</int><double>42345.4232</double><name>name123_45</name><choice3>3 choice</choice3><enum>history</enum></record><record orange="1059"><int>42</int><double>42345.4232</double><name>name123_45</name><string>one two three</string><choice4>4 choice</choice4><enum>philosophy</enum></record><record orange="1060" apple="true"><int>42</int><double>42345.4232</double><name>name123_45</name><choice1>1 choice</choice1><enum>romance</enum></record><record orange="1061"><int>42</int><double>42345.4232</double><name>name123_45</name><string>one two three</string><choice2>2 choice</choice2><enum>fiction</enum></record><record orange="1062" apple="true"><int>42</int><double>42345.4232</double><name>name123_45</name><choice3>3 choice</choice3><enum>horror</enum></record><record orange="1063"><int>42</int><double>42345.4232</double><name>name123_45</name><string>one two three</string><choice4>4 choice</choice4><enum>history</enum></record><record orange="1064" apple="true"><int>42</int><double>42345.4232</double><name>name123_45</name><choice1>1 choice</choice1><enum>philosophy</enum></record><record orange="1065"><int>42</int><double>42345.4232</double><name>name123_45</name><string>one two three</string><choice2>2 choice</choice2><enum>romance</enum></record><record orange="1066" apple="true"><int>42</int><double>42345.4232</double><name>name123_45</name><choice3>3 choice</choice3><enum>fiction</enum></record><record orange="1067"><int>42</int><double>42345.4232</double><name>name123_45</name><string>one two three</string><choice4>4 choice</choice4><enum>horror</enum></record><record orange="1068" apple="true"><int>42</int><double>42345.4232</double><name>name123_45</name><choice1>1 choice</choice1><enum>history</enum></record><record orange="1069"><int>42</int><double>42345.4232</double><name>name123_45</name><string>one two three</string><choice2>2 choice</choice2><enum>philosophy</enum></record><record orange="1070" apple="true"><int>42</int><double>42345.4232</double><name>name123_45</name><choice3>3 choice</choice3><enum>romance</enum></record><record orange="1071"><int>42</int><double>42345.4232</double><name>name123_45</name><string>one two three</string><choice4>4 choice</choice4><enum>fiction</enum></record><record orange="1072" apple="true"><int>42</int><double>42345.4232</double><name>name123_45</name><choice1>1 choice</choice1><enum>horror</enum></record><record orange="1073"><int>42</int><double>42345.4232</double><name>name123_45</name><string>one two three</string><choice2>2 choice</choice2><enum>history</enum></record><record orange="1074" apple="true"><int>42</int><double>42345.4232</double><name>name123_45</name><choice3>3 choice</choice3><enum>philosophy</enum></record><record orange="1075"><int>42</int><double>42345.4232</double><name>name123_45</name><string>one two three</string><choice4>4 choice</choice4><enum>romance</enum></record><record orange="1076" apple="true"><int>42</int><double>42345.4232</double><name>name123_45</name><choice1>1 choice</choice1><enum>fiction</enum></record><record orange="1077"><int>42</int><double>42345.4232</double><name>name123_45</name><string>one two three</string><choice2>2 choice</choice2><enum>horror</enum></record><record orange="1078" apple="true"><int>42</int><double>42345.4232</double><name>name123_45</name><choice3>3 choice</choice3><enum>history</enum></record><record orange="1079"><int>42</int><double>42345.4232</double><name>name123_45</name><string>one two three</string><choice4>4 choice</choice4><enum>philosophy</enum></record><record orange="1080" apple="true"><int>42</int><double>42345.4232</double><name>name123_45</name><choice1>1 choice</choice1><enum>romance</enum></record><record orange="1081"><int>42</int><double>42345.4232</double><name>name123_45</name><string>one two three</string><choice2>2 choice</choice2><enum>fiction</enum></record><record orange="1082" apple="true"><int>42</int><double>42345.4232</double><name>name123_45</name><choice3>3 choice</choice3><enum>horror</enum></record><record orange="1083"><int>42</int><double>42345.4232</double><name>name123_45</name><string>one two three</string><choice4>4 choice</choice4><enum>history</enum></record><record orange="1084" apple="true"><int>42</int><double>42345.4232</double><name>name123_45</name><choice1>1 choice</choice1><enum>philosophy</enum></record><record orange="1085"><int>42</int><double>42345.4232</double><name>name123_45</name><string>one two three</string><choice2>2 choice</choice2><enum>romance</enum></record><record orange="1086" apple="true"><int>42</int><double>42345.4232</double><name>name123_45</name><choice3>3 choice</choice3><enum>fiction</enum></record><record orange="1087"><int>42</int><double>42345.4232</double><name>name123_45</name><string>one two three</string><choice4>4 choice</choice4><enum>horror</enum></record><record orange="1088" apple="true"><int>42</int><double>42345.4232</double><name>name123_45</name><choice1>1 choice</choice1><enum>history</enum></record><record orange="1089"><int>42</int><double>42345.4232</double><name>name123_45</name><string>one two three</string><choice2>2 choice</choice2><enum>philosophy</enum></record><record orange="1090" apple="true"><int>42</int><double>42345.4232</double><name>name123_45</name><choice3>3 choice</choice3><enum>romance</enum></record><record orange="1091"><int>42</int><double>42345.4232</double><name>name123_45</name><string>one two three</string><choice4>4 choice</choice4><enum>fiction</enum></record><record orange="1092" apple="true"><int>42</int><double>42345.4232</double><name>name123_45</name><choice1>1 choice</choice1><enum>horror</enum></record><record orange="1093"><int>42</int><double>42345.4232</double><name>name123_45</name><string>one two three</string><choice2>2 choice</choice2><enum>history</enum></record><record orange="1094" apple="true"><int>42</int><double>42345.4232</double><name>name123_45</name><choice3>3 choice</choice3><enum>philosophy</enum></record><record orange="1095"><int>42</int><double>42345.4232</double><name>name123_45</name><string>one two three</string><choice4>4 choice</choice4><enum>romance</enum></record><record orange="1096" apple="true"><int>42</int><double>42345.4232</double><name>name123_45</name><choice1>1 choice</choice1><enum>fiction</enum></record><record orange="1097"><int>42</int><double>42345.4232</double><name>name123_45</name><string>one two three</string><choice2>2 choice</choice2><enum>horror</enum></record><record orange="1098" apple="true"><int>42</int><double>42345.4232</double><name>name123_45</name><choice3>3 choice</choice3><enum>history</enum></record><record orange="1099"><int>42</int><double>42345.4232</double><name>name123_45</name><string>one two three</string><choice4>4 choice</choice4><enum>philosophy</enum></record><record orange="1100" apple="true"><int>42</int><double>42345.4232</double><name>name123_45</name><choice1>1 choice</choice1><enum>romance</enum></record><record orange="1101"><int>42</int><double>42345.4232</double><name>name123_45</name><string>one two three</string><choice2>2 choice</choice2><enum>fiction</enum></record><record orange="1102" apple="true"><int>42</int><double>42345.4232</double><name>name123_45</name><choice3>3 choice</choice3><enum>horror</enum></record><record orange="1103"><int>42</int><double>42345.4232</double><name>name123_45</name><string>one two three</string><choice4>4 choice</choice4><enum>history</enum></record><record orange="1104" apple="true"><int>42</int><double>42345.4232</double><name>name123_45</name><choice1>1 choice</choice1><enum>philosophy</enum></record><record orange="1105"><int>42</int><double>42345.4232</double><name>name123_45</name><string>one two three</string><choice2>2 choice</choice2><enum>romance</enum></record><record orange="1106" apple="true"><int>42</int><double>42345.4232</double><name>name123_45</name><choice3>3 choice</choice3><enum>fiction</enum></record><record orange="1107"><int>42</int><double>42345.4232</double><name>name123_45</name><string>one two three</string><choice4>4 choice</choice4><enum>horror</enum></record><record orange="1108" apple="true"><int>42</int><double>42345.4232</double><name>name123_45</name><choice1>1 choice</choice1><enum>history</enum></record><record orange="1109"><int>42</int><double>42345.4232</double><name>name123_45</name><string>one two three</string><choice2>2 choice</choice2><enum>philosophy</enum></record><record orange="1110" apple="true"><int>42</int><double>42345.4232</double><name>name123_45</name><choice3>3 choice</choice3><enum>romance</enum></record><record orange="1111"><int>42</int><double>42345.4232</double><name>name123_45</name><string>one two three</string><choice4>4 choice</choice4><enum>fiction</enum></record><record orange="1112" apple="true"><int>42</int><double>42345.4232</double><name>name123_45</name><choice1>1 choice</choice1><enum>horror</enum></record><record orange="1113"><int>42</int><double>42345.4232</double><name>name123_45</name><string>one two three</string><choice2>2 choice</choice2><enum>history</enum></record><record orange="1114" apple="true"><int>42</int><double>42345.4232</double><name>name123_45</name><choice3>3 choice</choice3><enum>philosophy</enum></record><record orange="1115"><int>42</int><double>42345.4232</double><name>name123_45</name><string>one two three</string><choice4>4 choice</choice4><enum>romance</enum></record><record orange="1116" apple="true"><int>42</int><double>42345.4232</double><name>name123_45</name><choice1>1 choice</choice1><enum>fiction</enum></record><record orange="1117"><int>42</int><double>42345.4232</double><name>name123_45</name><string>one two three</string><choice2>2 choice</choice2><enum>horror</enum></record><record orange="1118" apple="true"><int>42</int><double>42345.4232</double><name>name123_45</name><choice3>3 choice</choice3><enum>history</enum></record><record orange="1119"><int>42</int><double>42345.4232</double><name>name123_45</name><string>one two three</string><choice4>4 choice</choice4><enum>philosophy</enum></record><record orange="1120" apple="true"><int>42</int><double>42345.4232</double><name>name123_45</name><choice1>1 choice</choice1><enum>romance</enum></record><record orange="1121"><int>42</int><double>42345.4232</double><name>name123_45</name><string>one two three</string><choice2>2 choice</choice2><enum>fiction</enum></record><record orange="1122" apple="true"><int>42</int><double>42345.4232</double><name>name123_45</name><choice3>3 choice</choice3><enum>horror</enum></record><record orange="1123"><int>42</int><double>42345.4232</double><name>name123_45</name><string>one two three</string><choice4>4 choice</choice4><enum>history</enum></record><record orange="1124" apple="true"><int>42</int><double>42345.4232</double><name>name123_45</name><choice1>1 choice</choice1><enum>philosophy</enum></record><record orange="1125"><int>42</int><double>42345.4232</double><name>name123_45</name><string>one two three</string><choice2>2 choice</choice2><enum>romance</enum></record><record orange="1126" apple="true"><int>42</int><double>42345.4232</double><name>name123_45</name><choice3>3 choice</choice3><enum>fiction</enum></record><record orange="1127"><int>42</int><double>42345.4232</double><name>name123_45</name><string>one two three</string><choice4>4 choice</choice4><enum>horror</enum></record><record orange="1128" apple="true"><int>42</int><double>42345.4232</double><name>name123_45</name><choice1>1 choice</choice1><enum>history</enum></record><record orange="1129"><int>42</int><double>42345.4232</double><name>name123_45</name><string>one two three</string><choice2>2 choice</choice2><enum>philosophy</enum></record><record orange="1130" apple="true"><int>42</int><double>42345.4232</double><name>name123_45</name><choice3>3 choice</choice3><enum>romance</enum></record><record orange="1131"><int>42</int><double>42345.4232</double><name>name123_45</name><string>one two three</string><choice4>4 choice</choice4><enum>fiction</enum></record><record orange="1132" apple="true"><int>42</int><double>42345.4232</double><name>name123_45</name><choice1>1 choice</choice1><enum>horror</enum></record><record orange="1133"><int>42</int><double>42345.4232</double><name>name123_45</name><string>one two three</string><choice2>2 choice</choice2><enum>history</enum></record><record orange="1134" apple="true"><int>42</int><double>42345.4232</double><name>name123_45</name><choice3>3 choice</choice3><enum>philosophy</enum></record><record orange="1135"><int>42</int><double>42345.4232</double><name>name123_45</name><string>one two three</string><choice4>4 choice</choice4><enum>romance</enum></record><record orange="1136" apple="true"><int>42</int><double>42345.4232</double><name>name123_45</name><choice1>1 choice</choice1><enum>fiction</enum></record><record orange="1137"><int>42</int><double>42345.4232</double><name>name123_45</name><string>one two three</string><choice2>2 choice</choice2><enum>horror</enum></record><record orange="1138" apple="true"><int>42</int><double>42345.4232</double><name>name123_45</name><choice3>3 choice</choice3><enum>history</enum></record><record orange="1139"><int>42</int><double>42345.4232</double><name>name123_45</name><string>one two three</string><choice4>4 choice</choice4><enum>philosophy</enum></record><record orange="1140" apple="true"><int>42</int><double>42345.4232</double><name>name123_45</name><choice1>1 choice</choice1><enum>romance</enum></record><record orange="1141"><int>42</int><double>42345.4232</double><name>name123_45</name><string>one two three</string><choice2>2 choice</choice2><enum>fiction</enum></record><record orange="1142" apple="true"><int>42</int><double>42345.4232</double><name>name123_45</name><choice3>3 choice</choice3><enum>horror</enum></record><record orange="1143"><int>42</int><double>42345.4232</double><name>name123_45</name><string>one two three</string><choice4>4 choice</choice4><enum>history</enum></record><record orange="1144" apple="true"><int>42</int><double>42345.4232</double><name>name123_45</name><choice1>1 choice</choice1><enum>philosophy</enum></record><record orange="1145"><int>42</int><double>42345.4232</double><name>name123_45</name><string>one two three</string><choice2>2 choice</choice2><enum>romance</enum></record><record orange="1146" apple="true"><int>42</int><double>42345.4232</double><name>name123_45</name><choice3>3 choice</choice3><enum>fiction</enum></record><record orange="1147"><int>42</int><double>42345.4232</double><name>name123_45</name><string>one two three</string><choice4>4 choice</choice4><enum>horror</enum></record><record orange="1148" apple="true"><int>42</int><double>42345.4232</double><name>name123_45</name><choice1>1 choice</choice1><enum>history</enum></record><record orange="1149"><int>42</int><double>42345.4232</double><name>name123_45</name><string>one two three</string><choice2>2 choice</choice2><enum>philosophy</enum></record><record orange="1150" apple="true"><int>42</int><double>42345.4232</double><name>name123_45</name><choice3>3 choice</choice3><enum>romance</enum></record><record orange="1151"><int>42</int><double>42345.4232</double><name>name123_45</name><string>one two three</string><choice4>4 choice</choice4><enum>fiction</enum></record><record orange="1152" apple="true"><int>42</int><double>42345.4232</double><name>name123_45</name><choice1>1 choice</choice1><enum>horror</enum></record><record orange="1153"><int>42</int><double>42345.4232</double><name>name123_45</name><string>one two three</string><choice2>2 choice</choice2><enum>history</enum></record><record orange="1154" apple="true"><int>42</int><double>42345.4232</double><name>name123_45</name><choice3>3 choice</choice3><enum>philosophy</enum></record><record orange="1155"><int>42</int><double>42345.4232</double><name>name123_45</name><string>one two three</string><choice4>4 choice</choice4><enum>romance</enum></record><record orange="1156" apple="true"><int>42</int><double>42345.4232</double><name>name123_45</name><choice1>1 choice</choice1><enum>fiction</enum></record><record orange="1157"><int>42</int><double>42345.4232</double><name>name123_45</name><string>one two three</string><choice2>2 choice</choice2><enum>horror</enum></record><record orange="1158" apple="true"><int>42</int><double>42345.4232</double><name>name123_45</name><choice3>3 choice</choice3><enum>history</enum></record><record orange="1159"><int>42</int><double>42345.4232</double><name>name123_45</name><string>one two three</string><choice4>4 choice</choice4><enum>philosophy</enum></record><record orange="1160" apple="true"><int>42</int><double>42345.4232</double><name>name123_45</name><choice1>1 choice</choice1><enum>romance</enum></record><record orange="1161"><int>42</int><double>42345.4232</double><name>name123_45</name><string>one two three</string><choice2>2 choice</choice2><enum>fiction</enum></record><record orange="1162" apple="true"><int>42</int><double>42345.4232</double><name>name123_45</name><choice3>3 choice</choice3><enum>horror</enum></record><record orange="1163"><int>42</int><double>42345.4232</double><name>name123_45</name><string>one two three</string><choice4>4 choice</choice4><enum>history</enum></record><record orange="1164" apple="true"><int>42</int><double>42345.4232</double><name>name123_45</name><choice1>1 choice</choice1><enum>philosophy</enum></record><record orange="1165"><int>42</int><double>42345.4232</double><name>name123_45</name><string>one two three</string><choice2>2 choice</choice2><enum>romance</enum></record><record orange="1166" apple="true"><int>42</int><double>42345.4232</double><name>name123_45</name><choice3>3 choice</choice3><enum>fiction</enum></record><record orange="1167"><int>42</int><double>42345.4232</double><name>name123_45</name><string>one two three</string><choice4>4 choice</choice4><enum>horror</enum></record><record orange="1168" apple="true"><int>42</int><double>42345.4232</double><name>name123_45</name><choice1>1 choice</choice1><enum>history</enum></record><record orange="1169"><int>42</int><double>42345.4232</double><name>name123_45</name><string>one two three</string><choice2>2 choice</choice2><enum>philosophy</enum></record><record orange="1170" apple="true"><int>42</int><double>42345.4232</double><name>name123_45</name><choice3>3 choice</choice3><enum>romance</enum></record><record orange="1171"><int>42</int><double>42345.4232</double><name>name123_45</name><string>one two three</string><choice4>4 choice</choice4><enum>fiction</enum></record><record orange="1172" apple="true"><int>42</int><double>42345.4232</double><name>name123_45</name><choice1>1 choice</choice1><enum>horror</enum></record><record orange="1173"><int>42</int><double>42345.4232</double><name>name123_45</name><string>one two three</string><choice2>2 choice</choice2><enum>history</enum></record><record orange="1174" apple="true"><int>42</int><double>42345.4232</double><name>name123_45</name><choice3>3 choice</choice3><enum>philosophy</enum></record><record orange="1175"><int>42</int><double>42345.4232</double><name>name123_45</name><string>one two three</string><choice4>4 choice</choice4><enum>romance</enum></record><record orange="1176" apple="true"><int>42</int><double>42345.4232</double><name>name123_45</name><choice1>1 choice</choice1><enum>fiction</enum></record><record orange="1177"><int>42</int><double>42345.4232</double><name>name123_45</name><string>one two three</string><choice2>2 choice</choice2><enum>horror</enum></record><record orange="1178" apple="true"><int>42</int><double>42345.4232</double><name>name123_45</name><choice3>3 choice</choice3><enum>history</enum></record><record orange="1179"><int>42</int><double>42345.4232</double><name>name123_45</name><string>one two three</string><choice4>4 choice</choice4><enum>philosophy</enum></record><record orange="1180" apple="true"><int>42</int><double>42345.4232</double><name>name123_45</name><choice1>1 choice</choice1><enum>romance</enum></record><record orange="1181"><int>42</int><double>42345.4232</double><name>name123_45</name><string>one two three</string><choice2>2 choice</choice2><enum>fiction</enum></record><record orange="1182" apple="true"><int>42</int><double>42345.4232</double><name>name123_45</name><choice3>3 choice</choice3><enum>horror</enum></record><record orange="1183"><int>42</int><double>42345.4232</double><name>name123_45</name><string>one two three</string><choice4>4 choice</choice4><enum>history</enum></record><record orange="1184" apple="true"><int>42</int><double>42345.4232</double><name>name123_45</name><choice1>1 choice</choice1><enum>philosophy</enum></record><record orange="1185"><int>42</int><double>42345.4232</double><name>name123_45</name><string>one two three</string><choice2>2 choice</choice2><enum>romance</enum></record><record orange="1186" apple="true"><int>42</int><double>42345.4232</double><name>name123_45</name><choice3>3 choice</choice3><enum>fiction</enum></record><record orange="1187"><int>42</int><double>42345.4232</double><name>name123_45</name><string>one two three</string><choice4>4 choice</choice4><enum>horror</enum></record><record orange="1188" apple="true"><int>42</int><double>42345.4232</double><name>name123_45</name><choice1>1 choice</choice1><enum>history</enum></record><record orange="1189"><int>42</int><double>42345.4232</double><name>name123_45</name><string>one two three</string><choice2>2 choice</choice2><enum>philosophy</enum></record><record orange="1190" apple="true"><int>42</int><double>42345.4232</double><name>name123_45</name><choice3>3 choice</choice3><enum>romance</enum></record><record orange="1191"><int>42</int><double>42345.4232</double><name>name123_45</name><string>one two three</string><choice4>4 choice</choice4><enum>fiction</enum></record><record orange="1192" apple="true"><int>42</int><double>42345.4232</double><name>name123_45</name><choice1>1 choice</choice1><enum>horror</enum></record><record orange="1193"><int>42</int><double>42345.4232</double><name>name123_45</name><string>one two three</string><choice2>2 choice</choice2><enum>history</enum></record><record orange="1194" apple="true"><int>42</int><double>42345.4232</double><name>name123_45</name><choice3>3 choice</choice3><enum>philosophy</enum></record><record orange="1195"><int>42</int><double>42345.4232</double><name>name123_45</name><string>one two three</string><choice4>4 choice</choice4><enum>romance</enum></record><record orange="1196" apple="true"><int>42</int><double>42345.4232</double><name>name123_45</name><choice1>1 choice</choice1><enum>fiction</enum></record><record orange="1197"><int>42</int><double>42345.4232</double><name>name123_45</name><string>one two three</string><choice2>2 choice</choice2><enum>horror</enum></record><record orange="1198" apple="true"><int>42</int><double>42345.4232</double><name>name123_45</name><choice3>3 choice</choice3><enum>history</enum></record><record orange="1199"><int>42</int><double>42345.4232</double><name>name123_45</name><string>one two three</string><choice4>4 choice</choice4><enum>philosophy</enum></record><record orange="1200" apple="true"><int>42</int><double>42345.4232</double><name>name123_45</name><choice1>1 choice</choice1><enum>romance</enum></record><record orange="1201"><int>42</int><double>42345.4232</double><name>name123_45</name><string>one two three</string><choice2>2 choice</choice2><enum>fiction</enum></record><record orange="1202" apple="true"><int>42</int><double>42345.4232</double><name>name123_45</name><choice3>3 choice</choice3><enum>horror</enum></record><record orange="1203"><int>42</int><double>42345.4232</double><name>name123_45</name><string>one two three</string><choice4>4 choice</choice4><enum>history</enum></record><record orange="1204" apple="true"><int>42</int><double>42345.4232</double><name>name123_45</name><choice1>1 choice</choice1><enum>philosophy</enum></record><record orange="1205"><int>42</int><double>42345.4232</double><name>name123_45</name><string>one two three</string><choice2>2 choice</choice2><enum>romance</enum></record><record orange="1206" apple="true"><int>42</int><double>42345.4232</double><name>name123_45</name><choice3>3 choice</choice3><enum>fiction</enum></record><record orange="1207"><int>42</int><double>42345.4232</double><name>name123_45</name><string>one two three</string><choice4>4 choice</choice4><enum>horror</enum></record><record orange="1208" apple="true"><int>42</int><double>42345.4232</double><name>name123_45</name><choice1>1 choice</choice1><enum>history</enum></record><record orange="1209"><int>42</int><double>42345.4232</double><name>name123_45</name><string>one two three</string><choice2>2 choice</choice2><enum>philosophy</enum></record><record orange="1210" apple="true"><int>42</int><double>42345.4232</double><name>name123_45</name><choice3>3 choice</choice3><enum>romance</enum></record><record orange="1211"><int>42</int><double>42345.4232</double><name>name123_45</name><string>one two three</string><choice4>4 choice</choice4><enum>fiction</enum></record><record orange="1212" apple="true"><int>42</int><double>42345.4232</double><name>name123_45</name><choice1>1 choice</choice1><enum>horror</enum></record><record orange="1213"><int>42</int><double>42345.4232</double><name>name123_45</name><string>one two three</string><choice2>2 choice</choice2><enum>history</enum></record><record orange="1214" apple="true"><int>42</int><double>42345.4232</double><name>name123_45</name><choice3>3 choice</choice3><enum>philosophy</enum></record><record orange="1215"><int>42</int><double>42345.4232</double><name>name123_45</name><string>one two three</string><choice4>4 choice</choice4><enum>romance</enum></record><record orange="1216" apple="true"><int>42</int><double>42345.4232</double><name>name123_45</name><choice1>1 choice</choice1><enum>fiction</enum></record><record orange="1217"><int>42</int><double>42345.4232</double><name>name123_45</name><string>one two three</string><choice2>2 choice</choice2><enum>horror</enum></record><record orange="1218" apple="true"><int>42</int><double>42345.4232</double><name>name123_45</name><choice3>3 choice</choice3><enum>history</enum></record><record orange="1219"><int>42</int><double>42345.4232</double><name>name123_45</name><string>one two three</string><choice4>4 choice</choice4><enum>philosophy</enum></record><record orange="1220" apple="true"><int>42</int><double>42345.4232</double><name>name123_45</name><choice1>1 choice</choice1><enum>romance</enum></record><record orange="1221"><int>42</int><double>42345.4232</double><name>name123_45</name><string>one two three</string><choice2>2 choice</choice2><enum>fiction</enum></record><record orange="1222" apple="true"><int>42</int><double>42345.4232</double><name>name123_45</name><choice3>3 choice</choice3><enum>horror</enum></record><record orange="1223"><int>42</int><double>42345.4232</double><name>name123_45</name><string>one two three</string><choice4>4 choice</choice4><enum>history</enum></record><record orange="1224" apple="true"><int>42</int><double>42345.4232</double><name>name123_45</name><choice1>1 choice</choice1><enum>philosophy</enum></record><record orange="1225"><int>42</int><double>42345.4232</double><name>name123_45</name><string>one two three</string><choice2>2 choice</choice2><enum>romance</enum></record><record orange="1226" apple="true"><int>42</int><double>42345.4232</double><name>name123_45</name><choice3>3 choice</choice3><enum>fiction</enum></record><record orange="1227"><int>42</int><double>42345.4232</double><name>name123_45</name><string>one two three</string><choice4>4 choice</choice4><enum>horror</enum></record><record orange="1228" apple="true"><int>42</int><double>42345.4232</double><name>name123_45</name><choice1>1 choice</choice1><enum>history</enum></record><record orange="1229"><int>42</int><double>42345.4232</double><name>name123_45</name><string>one two three</string><choice2>2 choice</choice2><enum>philosophy</enum></record><record orange="1230" apple="true"><int>42</int><double>42345.4232</double><name>name123_45</name><choice3>3 choice</choice3><enum>romance</enum></record><record orange="1231"><int>42</int><double>42345.4232</double><name>name123_45</name><string>one two three</string><choice4>4 choice</choice4><enum>fiction</enum></record><record orange="1232" apple="true"><int>42</int><double>42345.4232</double><name>name123_45</name><choice1>1 choice</choice1><enum>horror</enum></record><record orange="1233"><int>42</int><double>42345.4232</double><name>name123_45</name><string>one two three</string><choice2>2 choice</choice2><enum>history</enum></record><record orange="1234" apple="true"><int>42</int><double>42345.4232</double><name>name123_45</name><choice3>3 choice</choice3><enum>philosophy</enum></record><record orange="1235"><int>42</int><double>42345.4232</double><name>name123_45</name><string>one two three</string><choice4>4 choice</choice4><enum>romance</enum></record><record orange="1236" apple="true"><int>42</int><double>42345.4232</double><name>name123_45</name><choice1>1 choice</choice1><enum>fiction</enum></record><record orange="1237"><int>42</int><double>42345.4232</double><name>name123_45</name><string>one two three</string><choice2>2 choice</choice2><enum>horror</enum></record><record orange="1238" apple="true"><int>42</int><double>42345.4232</double><name>name123_45</name><choice3>3 choice</choice3><enum>history</enum></record><record orange="1239"><int>42</int><double>42345.4232</double><name>name123_45</name><string>one two three</string><choice4>4 choice</choice4><enum>philosophy</enum></record><record orange="1240" apple="true"><int>42</int><double>42345.4232</double><name>name123_45</name><choice1>1 choice</choice1><enum>romance</enum></record><record orange="1241"><int>42</int><double>42345.4232</double><name>name123_45</name><string>one two three</string><choice2>2 choice</choice2><enum>fiction</enum></record><record orange="1242" apple="true"><int>42</int><double>42345.4232</double><name>name123_45</name><choice3>3 choice</choice3><enum>horror</enum></record><record orange="1243"><int>42</int><double>42345.4232</double><name>name123_45</name><string>one two three</string><choice4>4 choice</choice4><enum>history</enum></record><record orange="1244" apple="true"><int>42</int><double>42345.4232</double><name>name123_45</name><choice1>1 choice</choice1><enum>philosophy</enum></record><record orange="1245"><int>42</int><double>42345.4232</double><name>name123_45</name><string>one two three</string><choice2>2 choice</choice2><enum>romance</enum></record><record orange="1246" apple="true"><int>42</int><double>42345.4232</double><name>name123_45</name><choice3>3 choice</choice3><enum>fiction</enum></record><record orange="1247"><int>42</int><double>42345.4232</double><name>name123_45</name><string>one two three</string><choice4>4 choice</choice4><enum>horror</enum></record><record orange="1248" apple="true"><int>42</int><double>42345.4232</double><name>name123_45</name><choice1>1 choice</choice1><enum>history</enum></record><record orange="1249"><int>42</int><double>42345.4232</double><name>name123_45</name><string>one two three</string><choice2>2 choice</choice2><enum>philosophy</enum></record><record orange="1250" apple="true"><int>42</int><double>42345.4232</double><name>name123_45</name><choice3>3 choice</choice3><enum>romance</enum></record><record orange="1251"><int>42</int><double>42345.4232</double><name>name123_45</name><string>one two three</string><choice4>4 choice</choice4><enum>fiction</enum></record><record orange="1252" apple="true"><int>42</int><double>42345.4232</double><name>name123_45</name><choice1>1 choice</choice1><enum>horror</enum></record><record orange="1253"><int>42</int><double>42345.4232</double><name>name123_45</name><string>one two three</string><choice2>2 choice</choice2><enum>history</enum></record><record orange="1254" apple="true"><int>42</int><double>42345.4232</double><name>name123_45</name><choice3>3 choice</choice3><enum>philosophy</enum></record><record orange="1255"><int>42</int><double>42345.4232</double><name>name123_45</name><string>one two three</string><choice4>4 choice</choice4><enum>romance</enum></record><record orange="1256" apple="true"><int>42</int><double>42345.4232</double><name>name123_45</name><choice1>1 choice</choice1><enum>fiction</enum></record><record orange="1257"><int>42</int><double>42345.4232</double><name>name123_45</name><string>one two three</string><choice2>2 choice</choice2><enum>horror</enum></record><record orange="1258" apple="true"><int>42</int><double>42345.4232</double><name>name123_45</name><choice3>3 choice</choice3><enum>history</enum></record><record orange="1259"><int>42</int><double>42345.4232</double><name>name123_45</name><string>one two three</string><choice4>4 choice</choice4><enum>philosophy</enum></record><record orange="1260" apple="true"><int>42</int><double>42345.4232</double><name>name123_45</name><choice1>1 choice</choice1><enum>romance</enum></record><record orange="1261"><int>42</int><double>42345.4232</double><name>name123_45</name><string>one two three</string><choice2>2 choice</choice2><enum>fiction</enum></record><record orange="1262" apple="true"><int>42</int><double>42345.4232</double><name>name123_45</name><choice3>3 choice</choice3><enum>horror</enum></record><record orange="1263"><int>42</int><double>42345.4232</double><name>name123_45</name><string>one two three</string><choice4>4 choice</choice4><enum>history</enum></record><record orange="1264" apple="true"><int>42</int><double>42345.4232</double><name>name123_45</name><choice1>1 choice</choice1><enum>philosophy</enum></record><record orange="1265"><int>42</int><double>42345.4232</double><name>name123_45</name><string>one two three</string><choice2>2 choice</choice2><enum>romance</enum></record><record orange="1266" apple="true"><int>42</int><double>42345.4232</double><name>name123_45</name><choice3>3 choice</choice3><enum>fiction</enum></record><record orange="1267"><int>42</int><double>42345.4232</double><name>name123_45</name><string>one two three</string><choice4>4 choice</choice4><enum>horror</enum></record><record orange="1268" apple="true"><int>42</int><double>42345.4232</double><name>name123_45</name><choice1>1 choice</choice1><enum>history</enum></record><record orange="1269"><int>42</int><double>42345.4232</double><name>name123_45</name><string>one two three</string><choice2>2 choice</choice2><enum>philosophy</enum></record><record orange="1270" apple="true"><int>42</int><double>42345.4232</double><name>name123_45</name><choice3>3 choice</choice3><enum>romance</enum></record><record orange="1271"><int>42</int><double>42345.4232</double><name>name123_45</name><string>one two three</string><choice4>4 choice</choice4><enum>fiction</enum></record><record orange="1272" apple="true"><int>42</int><double>42345.4232</double><name>name123_45</name><choice1>1 choice</choice1><enum>horror</enum></record><record orange="1273"><int>42</int><double>42345.4232</double><name>name123_45</name><string>one two three</string><choice2>2 choice</choice2><enum>history</enum></record><record orange="1274" apple="true"><int>42</int><double>42345.4232</double><name>name123_45</name><choice3>3 choice</choice3><enum>philosophy</enum></record><record orange="1275"><int>42</int><double>42345.4232</double><name>name123_45</name><string>one two three</string><choice4>4 choice</choice4><enum>romance</enum></record><record orange="1276" apple="true"><int>42</int><double>42345.4232</double><name>name123_45</name><choice1>1 choice</choice1><enum>fiction</enum></record><record orange="1277"><int>42</int><double>42345.4232</double><name>name123_45</name><string>one two three</string><choice2>2 choice</choice2><enum>horror</enum></record><record orange="1278" apple="true"><int>42</int><double>42345.4232</double><name>name123_45</name><choice3>3 choice</choice3><enum>history</enum></record><record orange="1279"><int>42</int><double>42345.4232</double><name>name123_45</name><string>one two three</string><choice4>4 choice</choice4><enum>philosophy</enum></record><record orange="1280" apple="true"><int>42</int><double>42345.4232</double><name>name123_45</name><choice1>1 choice</choice1><enum>romance</enum></record><record orange="1281"><int>42</int><double>42345.4232</double><name>name123_45</name><string>one two three</string><choice2>2 choice</choice2><enum>fiction</enum></record><record orange="1282" apple="true"><int>42</int><double>42345.4232</double><name>name123_45</name><choice3>3 choice</choice3><enum>horror</enum></record><record orange="1283"><int>42</int><double>42345.4232</double><name>name123_45</name><string>one two three</string><choice4>4 choice</choice4><enum>history</enum></record><record orange="1284" apple="true"><int>42</int><double>42345.4232</double><name>name123_45</name><choice1>1 choice</choice1><enum>philosophy</enum></record><record orange="1285"><int>42</int><double>42345.4232</double><name>name123_45</name><string>one two three</string><choice2>2 choice</choice2><enum>romance</enum></record><record orange="1286" apple="true"><int>42</int><double>42345.4232</double><name>name123_45</name><choice3>3 choice</choice3><enum>fiction</enum></record><record orange="1287"><int>42</int><double>42345.4232</double><name>name123_45</name><string>one two three</string><choice4>4 choice</choice4><enum>horror</enum></record><record orange="1288" apple="true"><int>42</int><double>42345.4232</double><name>name123_45</name><choice1>1 choice</choice1><enum>history</enum></record><record orange="1289"><int>42</int><double>42345.4232</double><name>name123_45</name><string>one two three</string><choice2>2 choice</choice2><enum>philosophy</enum></record><record orange="1290" apple="true"><int>42</int><double>42345.4232</double><name>name123_45</name><choice3>3 choice</choice3><enum>romance</enum></record><record orange="1291"><int>42</int><double>42345.4232</double><name>name123_45</name><string>one two three</string><choice4>4 choice</choice4><enum>fiction</enum></record><record orange="1292" apple="true"><int>42</int><double>42345.4232</double><name>name123_45</name><choice1>1 choice</choice1><enum>horror</enum></record><record orange="1293"><int>42</int><double>42345.4232</double><name>name123_45</name><string>one two three</string><choice2>2 choice</choice2><enum>history</enum></record><record orange="1294" apple="true"><int>42</int><double>42345.4232</double><name>name123_45</name><choice3>3 choice</choice3><enum>philosophy</enum></record><record orange="1295"><int>42</int><double>42345.4232</double><name>name123_45</name><string>one two three</string><choice4>4 choice</choice4><enum>romance</enum></record><record orange="1296" apple="true"><int>42</int><double>42345.4232</double><name>name123_45</name><choice1>1 choice</choice1><enum>fiction</enum></record><record orange="1297"><int>42</int><double>42345.4232</double><name>name123_45</name><string>one two three</string><choice2>2 choice</choice2><enum>horror</enum></record><record orange="1298" apple="true"><int>42</int><double>42345.4232</double><name>name123_45</name><choice3>3 choice</choice3><enum>history</enum></record><record orange="1299"><int>42</int><double>42345.4232</double><name>name123_45</name><string>one two three</string><choice4>4 choice</choice4><enum>philosophy</enum></record><record orange="1300" apple="true"><int>42</int><double>42345.4232</double><name>name123_45</name><choice1>1 choice</choice1><enum>romance</enum></record><record orange="1301"><int>42</int><double>42345.4232</double><name>name123_45</name><string>one two three</string><choice2>2 choice</choice2><enum>fiction</enum></record><record orange="1302" apple="true"><int>42</int><double>42345.4232</double><name>name123_45</name><choice3>3 choice</choice3><enum>horror</enum></record><record orange="1303"><int>42</int><double>42345.4232</double><name>name123_45</name><string>one two three</string><choice4>4 choice</choice4><enum>history</enum></record><record orange="1304" apple="true"><int>42</int><double>42345.4232</double><name>name123_45</name><choice1>1 choice</choice1><enum>philosophy</enum></record><record orange="1305"><int>42</int><double>42345.4232</double><name>name123_45</name><string>one two three</string><choice2>2 choice</choice2><enum>romance</enum></record><record orange="1306" apple="true"><int>42</int><double>42345.4232</double><name>name123_45</name><choice3>3 choice</choice3><enum>fiction</enum></record><record orange="1307"><int>42</int><double>42345.4232</double><name>name123_45</name><string>one two three</string><choice4>4 choice</choice4><enum>horror</enum></record><record orange="1308" apple="true"><int>42</int><double>42345.4232</double><name>name123_45</name><choice1>1 choice</choice1><enum>history</enum></record><record orange="1309"><int>42</int><double>42345.4232</double><name>name123_45</name><string>one two three</string><choice2>2 choice</choice2><enum>philosophy</enum></record><record orange="1310" apple="true"><int>42</int><double>42345.4232</double><name>name123_45</name><choice3>3 choice</choice3><enum>romance</enum></record><record orange="1311"><int>42</int><double>42345.4232</double><name>name123_45</name><string>one two three</string><choice4>4 choice</choice4><enum>fiction</enum></record><record orange="1312" apple="true"><int>42</int><double>42345.4232</double><name>name123_45</name><choice1>1 choice</choice1><enum>horror</enum></record><record orange="1313"><int>42</int><double>42345.4232</double><name>name123_45</name><string>one two three</string><choice2>2 choice</choice2><enum>history</enum></record><record orange="1314" apple="true"><int>42</int><double>42345.4232</double><name>name123_45</name><choice3>3 choice</choice3><enum>philosophy</enum></record><record orange="1315"><int>42</int><double>42345.4232</double><name>name123_45</name><string>one two three</string><choice4>4 choice</choice4><enum>romance</enum></record><record orange="1316" apple="true"><int>42</int><double>42345.4232</double><name>name123_45</name><choice1>1 choice</choice1><enum>fiction</enum></record><record orange="1317"><int>42</int><double>42345.4232</double><name>name123_45</name><string>one two three</string><choice2>2 choice</choice2><enum>horror</enum></record><record orange="1318" apple="true"><int>42</int><double>42345.4232</double><name>name123_45</name><choice3>3 choice</choice3><enum>history</enum></record><record orange="1319"><int>42</int><double>42345.4232</double><name>name123_45</name><string>one two three</string><choice4>4 choice</choice4><enum>philosophy</enum></record><record orange="1320" apple="true"><int>42</int><double>42345.4232</double><name>name123_45</name><choice1>1 choice</choice1><enum>romance</enum></record><record orange="1321"><int>42</int><double>42345.4232</double><name>name123_45</name><string>one two three</string><choice2>2 choice</choice2><enum>fiction</enum></record><record orange="1322" apple="true"><int>42</int><double>42345.4232</double><name>name123_45</name><choice3>3 choice</choice3><enum>horror</enum></record><record orange="1323"><int>42</int><double>42345.4232</double><name>name123_45</name><string>one two three</string><choice4>4 choice</choice4><enum>history</enum></record><record orange="1324" apple="true"><int>42</int><double>42345.4232</double><name>name123_45</name><choice1>1 choice</choice1><enum>philosophy</enum></record><record orange="1325"><int>42</int><double>42345.4232</double><name>name123_45</name><string>one two three</string><choice2>2 choice</choice2><enum>romance</enum></record><record orange="1326" apple="true"><int>42</int><double>42345.4232</double><name>name123_45</name><choice3>3 choice</choice3><enum>fiction</enum></record><record orange="1327"><int>42</int><double>42345.4232</double><name>name123_45</name><string>one two three</string><choice4>4 choice</choice4><enum>horror</enum></record><record orange="1328" apple="true"><int>42</int><double>42345.4232</double><name>name123_45</name><choice1>1 choice</choice1><enum>history</enum></record><record orange="1329"><int>42</int><double>42345.4232</double><name>name123_45</name><string>one two three</string><choice2>2 choice</choice2><enum>philosophy</enum></record><record orange="1330" apple="true"><int>42</int><double>42345.4232</double><name>name123_45</name><choice3>3 choice</choice3><enum>romance</enum></record><record orange="1331"><int>42</int><double>42345.4232</double><name>name123_45</name><string>one two three</string><choice4>4 choice</choice4><enum>fiction</enum></record><record orange="1332" apple="true"><int>42</int><double>42345.4232</double><name>name123_45</name><choice1>1 choice</choice1><enum>horror</enum></record><record orange="1333"><int>42</int><double>42345.4232</double><name>name123_45</name><string>one two three</string><choice2>2 choice</choice2><enum>history</enum></record><record orange="1334" apple="true"><int>42</int><double>42345.4232</double><name>name123_45</name><choice3>3 choice</choice3><enum>philosophy</enum></record><record orange="1335"><int>42</int><double>42345.4232</double><name>name123_45</name><string>one two three</string><choice4>4 choice</choice4><enum>romance</enum></record><record orange="1336" apple="true"><int>42</int><double>42345.4232</double><name>name123_45</name><choice1>1 choice</choice1><enum>fiction</enum></record><record orange="1337"><int>42</int><double>42345.4232</double><name>name123_45</name><string>one two three</string><choice2>2 choice</choice2><enum>horror</enum></record><record orange="1338" apple="true"><int>42</int><double>42345.4232</double><name>name123_45</name><choice3>3 choice</choice3><enum>history</enum></record><record orange="1339"><int>42</int><double>42345.4232</double><name>name123_45</name><string>one two three</string><choice4>4 choice</choice4><enum>philosophy</enum></record><record orange="1340" apple="true"><int>42</int><double>42345.4232</double><name>name123_45</name><choice1>1 choice</choice1><enum>romance</enum></record><record orange="1341"><int>42</int><double>42345.4232</double><name>name123_45</name><string>one two three</string><choice2>2 choice</choice2><enum>fiction</enum></record><record orange="1342" apple="true"><int>42</int><double>42345.4232</double><name>name123_45</name><choice3>3 choice</choice3><enum>horror</enum></record><record orange="1343"><int>42</int><double>42345.4232</double><name>name123_45</name><string>one two three</string><choice4>4 choice</choice4><enum>history</enum></record><record orange="1344" apple="true"><int>42</int><double>42345.4232</double><name>name123_45</name><choice1>1 choice</choice1><enum>philosophy</enum></record><record orange="1345"><int>42</int><double>42345.4232</double><name>name123_45</name><string>one two three</string><choice2>2 choice</choice2><enum>romance</enum></record><record orange="1346" apple="true"><int>42</int><double>42345.4232</double><name>name123_45</name><choice3>3 choice</choice3><enum>fiction</enum></record><record orange="1347"><int>42</int><double>42345.4232</double><name>name123_45</name><string>one two three</string><choice4>4 choice</choice4><enum>horror</enum></record><record orange="1348" apple="true"><int>42</int><double>42345.4232</double><name>name123_45</name><choice1>1 choice</choice1><enum>history</enum></record><record orange="1349"><int>42</int><double>42345.4232</double><name>name123_45</name><string>one two three</string><choice2>2 choice</choice2><enum>philosophy</enum></record><record orange="1350" apple="true"><int>42</int><double>42345.4232</double><name>name123_45</name><choice3>3 choice</choice3><enum>romance</enum></record><record orange="1351"><int>42</int><double>42345.4232</double><name>name123_45</name><string>one two three</string><choice4>4 choice</choice4><enum>fiction</enum></record><record orange="1352" apple="true"><int>42</int><double>42345.4232</double><name>name123_45</name><choice1>1 choice</choice1><enum>horror</enum></record><record orange="1353"><int>42</int><double>42345.4232</double><name>name123_45</name><string>one two three</string><choice2>2 choice</choice2><enum>history</enum></record><record orange="1354" apple="true"><int>42</int><double>42345.4232</double><name>name123_45</name><choice3>3 choice</choice3><enum>philosophy</enum></record><record orange="1355"><int>42</int><double>42345.4232</double><name>name123_45</name><string>one two three</string><choice4>4 choice</choice4><enum>romance</enum></record><record orange="1356" apple="true"><int>42</int><double>42345.4232</double><name>name123_45</name><choice1>1 choice</choice1><enum>fiction</enum></record><record orange="1357"><int>42</int><double>42345.4232</double><name>name123_45</name><string>one two three</string><choice2>2 choice</choice2><enum>horror</enum></record><record orange="1358" apple="true"><int>42</int><double>42345.4232</double><name>name123_45</name><choice3>3 choice</choice3><enum>history</enum></record><record orange="1359"><int>42</int><double>42345.4232</double><name>name123_45</name><string>one two three</string><choice4>4 choice</choice4><enum>philosophy</enum></record><record orange="1360" apple="true"><int>42</int><double>42345.4232</double><name>name123_45</name><choice1>1 choice</choice1><enum>romance</enum></record><record orange="1361"><int>42</int><double>42345.4232</double><name>name123_45</name><string>one two three</string><choice2>2 choice</choice2><enum>fiction</enum></record><record orange="1362" apple="true"><int>42</int><double>42345.4232</double><name>name123_45</name><choice3>3 choice</choice3><enum>horror</enum></record><record orange="1363"><int>42</int><double>42345.4232</double><name>name123_45</name><string>one two three</string><choice4>4 choice</choice4><enum>history</enum></record><record orange="1364" apple="true"><int>42</int><double>42345.4232</double><name>name123_45</name><choice1>1 choice</choice1><enum>philosophy</enum></record><record orange="1365"><int>42</int><double>42345.4232</double><name>name123_45</name><string>one two three</string><choice2>2 choice</choice2><enum>romance</enum></record><record orange="1366" apple="true"><int>42</int><double>42345.4232</double><name>name123_45</name><choice3>3 choice</choice3><enum>fiction</enum></record><record orange="1367"><int>42</int><double>42345.4232</double><name>name123_45</name><string>one two three</string><choice4>4 choice</choice4><enum>horror</enum></record><record orange="1368" apple="true"><int>42</int><double>42345.4232</double><name>name123_45</name><choice1>1 choice</choice1><enum>history</enum></record><record orange="1369"><int>42</int><double>42345.4232</double><name>name123_45</name><string>one two three</string><choice2>2 choice</choice2><enum>philosophy</enum></record><record orange="1370" apple="true"><int>42</int><double>42345.4232</double><name>name123_45</name><choice3>3 choice</choice3><enum>romance</enum></record><record orange="1371"><int>42</int><double>42345.4232</double><name>name123_45</name><string>one two three</string><choice4>4 choice</choice4><enum>fiction</enum></record><record orange="1372" apple="true"><int>42</int><double>42345.4232</double><name>name123_45</name><choice1>1 choice</choice1><enum>horror</enum></record><record orange="1373"><int>42</int><double>42345.4232</double><name>name123_45</name><string>one two three</string><choice2>2 choice</choice2><enum>history</enum></record><record orange="1374" apple="true"><int>42</int><double>42345.4232</double><name>name123_45</name><choice3>3 choice</choice3><enum>philosophy</enum></record><record orange="1375"><int>42</int><double>42345.4232</double><name>name123_45</name><string>one two three</string><choice4>4 choice</choice4><enum>romance</enum></record><record orange="1376" apple="true"><int>42</int><double>42345.4232</double><name>name123_45</name><choice1>1 choice</choice1><enum>fiction</enum></record><record orange="1377"><int>42</int><double>42345.4232</double><name>name123_45</name><string>one two three</string><choice2>2 choice</choice2><enum>horror</enum></record><record orange="1378" apple="true"><int>42</int><double>42345.4232</double><name>name123_45</name><choice3>3 choice</choice3><enum>history</enum></record><record orange="1379"><int>42</int><double>42345.4232</double><name>name123_45</name><string>one two three</string><choice4>4 choice</choice4><enum>philosophy</enum></record><record orange="1380" apple="true"><int>42</int><double>42345.4232</double><name>name123_45</name><choice1>1 choice</choice1><enum>romance</enum></record><record orange="1381"><int>42</int><double>42345.4232</double><name>name123_45</name><string>one two three</string><choice2>2 choice</choice2><enum>fiction</enum></record><record orange="1382" apple="true"><int>42</int><double>42345.4232</double><name>name123_45</name><choice3>3 choice</choice3><enum>horror</enum></record><record orange="1383"><int>42</int><double>42345.4232</double><name>name123_45</name><string>one two three</string><choice4>4 choice</choice4><enum>history</enum></record><record orange="1384" apple="true"><int>42</int><double>42345.4232</double><name>name123_45</name><choice1>1 choice</choice1><enum>philosophy</enum></record><record orange="1385"><int>42</int><double>42345.4232</double><name>name123_45</name><string>one two three</string><choice2>2 choice</choice2><enum>romance</enum></record><record orange="1386" apple="true"><int>42</int><double>42345.4232</double><name>name123_45</name><choice3>3 choice</choice3><enum>fiction</enum></record><record orange="1387"><int>42</int><double>42345.4232</double><name>name123_45</name><string>one two three</string><choice4>4 choice</choice4><enum>horror</enum></record><record orange="1388" apple="true"><int>42</int><double>42345.4232</double><name>name123_45</name><choice1>1 choice</choice1><enum>history</enum></record><record orange="1389"><int>42</int><double>42345.4232</double><name>name123_45</name><string>one two three</string><choice2>2 choice</choice2><enum>philosophy</enum></record><record orange="1390" apple="true"><int>42</int><double>42345.4232</double><name>name123_45</name><choice3>3 choice</choice3><enum>romance</enum></record><record orange="1391"><int>42</int><double>42345.4232</double><name>name123_45</name><string>one two three</string><choice4>4 choice</choice4><enum>fiction</enum></record><record orange="1392" apple="true"><int>42</int><double>42345.4232</double><name>name123_45</name><choice1>1 choice</choice1><enum>horror</enum></record><record orange="1393"><int>42</int><double>42345.4232</double><name>name123_45</name><string>one two three</string><choice2>2 choice</choice2><enum>history</enum></record><record orange="1394" apple="true"><int>42</int><double>42345.4232</double><name>name123_45</name><choice3>3 choice</choice3><enum>philosophy</enum></record><record orange="1395"><int>42</int><double>42345.4232</double><name>name123_45</name><string>one two three</string><choice4>4 choice</choice4><enum>romance</enum></record><record orange="1396" apple="true"><int>42</int><double>42345.4232</double><name>name123_45</name><choice1>1 choice</choice1><enum>fiction</enum></record><record orange="1397"><int>42</int><double>42345.4232</double><name>name123_45</name><string>one two three</string><choice2>2 choice</choice2><enum>horror</enum></record><record orange="1398" apple="true"><int>42</int><double>42345.4232</double><name>name123_45</name><choice3>3 choice</choice3><enum>history</enum></record><record orange="1399"><int>42</int><double>42345.4232</double><name>name123_45</name><string>one two three</string><choice4>4 choice</choice4><enum>philosophy</enum></record><record orange="1400" apple="true"><int>42</int><double>42345.4232</double><name>name123_45</name><choice1>1 choice</choice1><enum>romance</enum></record><record orange="1401"><int>42</int><double>42345.4232</double><name>name123_45</name><string>one two three</string><choice2>2 choice</choice2><enum>fiction</enum></record><record orange="1402" apple="true"><int>42</int><double>42345.4232</double><name>name123_45</name><choice3>3 choice</choice3><enum>horror</enum></record><record orange="1403"><int>42</int><double>42345.4232</double><name>name123_45</name><string>one two three</string><choice4>4 choice</choice4><enum>history</enum></record><record orange="1404" apple="true"><int>42</int><double>42345.4232</double><name>name123_45</name><choice1>1 choice</choice1><enum>philosophy</enum></record><record orange="1405"><int>42</int><double>42345.4232</double><name>name123_45</name><string>one two three</string><choice2>2 choice</choice2><enum>romance</enum></record><record orange="1406" apple="true"><int>42</int><double>42345.4232</double><name>name123_45</name><choice3>3 choice</choice3><enum>fiction</enum></record><record orange="1407"><int>42</int><double>42345.4232</double><name>name123_45</name><string>one two three</string><choice4>4 choice</choice4><enum>horror</enum></record><record orange="1408" apple="true"><int>42</int><double>42345.4232</double><name>name123_45</name><choice1>1 choice</choice1><enum>history</enum></record><record orange="1409"><int>42</int><double>42345.4232</double><name>name123_45</name><string>one two three</string><choice2>2 choice</choice2><enum>philosophy</enum></record><record orange="1410" apple="true"><int>42</int><double>42345.4232</double><name>name123_45</name><choice3>3 choice</choice3><enum>romance</enum></record><record orange="1411"><int>42</int><double>42345.4232</double><name>name123_45</name><string>one two three</string><choice4>4 choice</choice4><enum>fiction</enum></record><record orange="1412" apple="true"><int>42</int><double>42345.4232</double><name>name123_45</name><choice1>1 choice</choice1><enum>horror</enum></record><record orange="1413"><int>42</int><double>42345.4232</double><name>name123_45</name><string>one two three</string><choice2>2 choice</choice2><enum>history</enum></record><record orange="1414" apple="true"><int>42</int><double>42345.4232</double><name>name123_45</name><choice3>3 choice</choice3><enum>philosophy</enum></record><record orange="1415"><int>42</int><double>42345.4232</double><name>name123_45</name><string>one two three</string><choice4>4 choice</choice4><enum>romance</enum></record><record orange="1416" apple="true"><int>42</int><double>42345.4232</double><name>name123_45</name><choice1>1 choice</choice1><enum>fiction</enum></record><record orange="1417"><int>42</int><double>42345.4232</double><name>name123_45</name><string>one two three</string><choice2>2 choice</choice2><enum>horror</enum></record><record orange="1418" apple="true"><int>42</int><double>42345.4232</double><name>name123_45</name><choice3>3 choice</choice3><enum>history</enum></record><record orange="1419"><int>42</int><double>42345.4232</double><name>name123_45</name><string>one two three</string><choice4>4 choice</choice4><enum>philosophy</enum></record><record orange="1420" apple="true"><int>42</int><double>42345.4232</double><name>name123_45</name><choice1>1 choice</choice1><enum>romance</enum></record><record orange="1421"><int>42</int><double>42345.4232</double><name>name123_45</name><string>one two three</string><choice2>2 choice</choice2><enum>fiction</enum></record><record orange="1422" apple="true"><int>42</int><double>42345.4232</double><name>name123_45</name><choice3>3 choice</choice3><enum>horror</enum></record><record orange="1423"><int>42</int><double>42345.4232</double><name>name123_45</name><string>one two three</string><choice4>4 choice</choice4><enum>history</enum></record><record orange="1424" apple="true"><int>42</int><double>42345.4232</double><name>name123_45</name><choice1>1 choice</choice1><enum>philosophy</enum></record><record orange="1425"><int>42</int><double>42345.4232</double><name>name123_45</name><string>one two three</string><choice2>2 choice</choice2><enum>romance</enum></record><record orange="1426" apple="true"><int>42</int><double>42345.4232</double><name>name123_45</name><choice3>3 choice</choice3><enum>fiction</enum></record><record orange="1427"><int>42</int><double>42345.4232</double><name>name123_45</name><string>one two three</string><choice4>4 choice</choice4><enum>horror</enum></record><record orange="1428" apple="true"><int>42</int><double>42345.4232</double><name>name123_45</name><choice1>1 choice</choice1><enum>history</enum></record><record orange="1429"><int>42</int><double>42345.4232</double><name>name123_45</name><string>one two three</string><choice2>2 choice</choice2><enum>philosophy</enum></record><record orange="1430" apple="true"><int>42</int><double>42345.4232</double><name>name123_45</name><choice3>3 choice</choice3><enum>romance</enum></record><record orange="1431"><int>42</int><double>42345.4232</double><name>name123_45</name><string>one two three</string><choice4>4 choice</choice4><enum>fiction</enum></record><record orange="1432" apple="true"><int>42</int><double>42345.4232</double><name>name123_45</name><choice1>1 choice</choice1><enum>horror</enum></record><record orange="1433"><int>42</int><double>42345.4232</double><name>name123_45</name><string>one two three</string><choice2>2 choice</choice2><enum>history</enum></record><record orange="1434" apple="true"><int>42</int><double>42345.4232</double><name>name123_45</name><choice3>3 choice</choice3><enum>philosophy</enum></record><record orange="1435"><int>42</int><double>42345.4232</double><name>name123_45</name><string>one two three</string><choice4>4 choice</choice4><enum>romance</enum></record><record orange="1436" apple="true"><int>42</int><double>42345.4232</double><name>name123_45</name><choice1>1 choice</choice1><enum>fiction</enum></record><record orange="1437"><int>42</int><double>42345.4232</double><name>name123_45</name><string>one two three</string><choice2>2 choice</choice2><enum>horror</enum></record><record orange="1438" apple="true"><int>42</int><double>42345.4232</double><name>name123_45</name><choice3>3 choice</choice3><enum>history</enum></record><record orange="1439"><int>42</int><double>42345.4232</double><name>name123_45</name><string>one two three</string><choice4>4 choice</choice4><enum>philosophy</enum></record><record orange="1440" apple="true"><int>42</int><double>42345.4232</double><name>name123_45</name><choice1>1 choice</choice1><enum>romance</enum></record><record orange="1441"><int>42</int><double>42345.4232</double><name>name123_45</name><string>one two three</string><choice2>2 choice</choice2><enum>fiction</enum></record><record orange="1442" apple="true"><int>42</int><double>42345.4232</double><name>name123_45</name><choice3>3 choice</choice3><enum>horror</enum></record><record orange="1443"><int>42</int><double>42345.4232</double><name>name123_45</name><string>one two three</string><choice4>4 choice</choice4><enum>history</enum></record><record orange="1444" apple="true"><int>42</int><double>42345.4232</double><name>name123_45</name><choice1>1 choice</choice1><enum>philosophy</enum></record><record orange="1445"><int>42</int><double>42345.4232</double><name>name123_45</name><string>one two three</string><choice2>2 choice</choice2><enum>romance</enum></record><record orange="1446" apple="true"><int>42</int><double>42345.4232</double><name>name123_45</name><choice3>3 choice</choice3><enum>fiction</enum></record><record orange="1447"><int>42</int><double>42345.4232</double><name>name123_45</name><string>one two three</string><choice4>4 choice</choice4><enum>horror</enum></record><record orange="1448" apple="true"><int>42</int><double>42345.4232</double><name>name123_45</name><choice1>1 choice</choice1><enum>history</enum></record><record orange="1449"><int>42</int><double>42345.4232</double><name>name123_45</name><string>one two three</string><choice2>2 choice</choice2><enum>philosophy</enum></record><record orange="1450" apple="true"><int>42</int><double>42345.4232</double><name>name123_45</name><choice3>3 choice</choice3><enum>romance</enum></record><record orange="1451"><int>42</int><double>42345.4232</double><name>name123_45</name><string>one two three</string><choice4>4 choice</choice4><enum>fiction</enum></record><record orange="1452" apple="true"><int>42</int><double>42345.4232</double><name>name123_45</name><choice1>1 choice</choice1><enum>horror</enum></record><record orange="1453"><int>42</int><double>42345.4232</double><name>name123_45</name><string>one two three</string><choice2>2 choice</choice2><enum>history</enum></record><record orange="1454" apple="true"><int>42</int><double>42345.4232</double><name>name123_45</name><choice3>3 choice</choice3><enum>philosophy</enum></record><record orange="1455"><int>42</int><double>42345.4232</double><name>name123_45</name><string>one two three</string><choice4>4 choice</choice4><enum>romance</enum></record><record orange="1456" apple="true"><int>42</int><double>42345.4232</double><name>name123_45</name><choice1>1 choice</choice1><enum>fiction</enum></record><record orange="1457"><int>42</int><double>42345.4232</double><name>name123_45</name><string>one two three</string><choice2>2 choice</choice2><enum>horror</enum></record><record orange="1458" apple="true"><int>42</int><double>42345.4232</double><name>name123_45</name><choice3>3 choice</choice3><enum>history</enum></record><record orange="1459"><int>42</int><double>42345.4232</double><name>name123_45</name><string>one two three</string><choice4>4 choice</choice4><enum>philosophy</enum></record><record orange="1460" apple="true"><int>42</int><double>42345.4232</double><name>name123_45</name><choice1>1 choice</choice1><enum>romance</enum></record><record orange="1461"><int>42</int><double>42345.4232</double><name>name123_45</name><string>one two three</string><choice2>2 choice</choice2><enum>fiction</enum></record><record orange="1462" apple="true"><int>42</int><double>42345.4232</double><name>name123_45</name><choice3>3 choice</choice3><enum>horror</enum></record><record orange="1463"><int>42</int><double>42345.4232</double><name>name123_45</name><string>one two three</string><choice4>4 choice</choice4><enum>history</enum></record><record orange="1464" apple="true"><int>42</int><double>42345.4232</double><name>name123_45</name><choice1>1 choice</choice1><enum>philosophy</enum></record><record orange="1465"><int>42</int><double>42345.4232</double><name>name123_45</name><string>one two three</string><choice2>2 choice</choice2><enum>romance</enum></record><record orange="1466" apple="true"><int>42</int><double>42345.4232</double><name>name123_45</name><choice3>3 choice</choice3><enum>fiction</enum></record><record orange="1467"><int>42</int><double>42345.4232</double><name>name123_45</name><string>one two three</string><choice4>4 choice</choice4><enum>horror</enum></record><record orange="1468" apple="true"><int>42</int><double>42345.4232</double><name>name123_45</name><choice1>1 choice</choice1><enum>history</enum></record><record orange="1469"><int>42</int><double>42345.4232</double><name>name123_45</name><string>one two three</string><choice2>2 choice</choice2><enum>philosophy</enum></record><record orange="1470" apple="true"><int>42</int><double>42345.4232</double><name>name123_45</name><choice3>3 choice</choice3><enum>romance</enum></record><record orange="1471"><int>42</int><double>42345.4232</double><name>name123_45</name><string>one two three</string><choice4>4 choice</choice4><enum>fiction</enum></record><record orange="1472" apple="true"><int>42</int><double>42345.4232</double><name>name123_45</name><choice1>1 choice</choice1><enum>horror</enum></record><record orange="1473"><int>42</int><double>42345.4232</double><name>name123_45</name><string>one two three</string><choice2>2 choice</choice2><enum>history</enum></record><record orange="1474" apple="true"><int>42</int><double>42345.4232</double><name>name123_45</name><choice3>3 choice</choice3><enum>philosophy</enum></record><record orange="1475"><int>42</int><double>42345.4232</double><name>name123_45</name><string>one two three</string><choice4>4 choice</choice4><enum>romance</enum></record><record orange="1476" apple="true"><int>42</int><double>42345.4232</double><name>name123_45</name><choice1>1 choice</choice1><enum>fiction</enum></record><record orange="1477"><int>42</int><double>42345.4232</double><name>name123_45</name><string>one two three</string><choice2>2 choice</choice2><enum>horror</enum></record><record orange="1478" apple="true"><int>42</int><double>42345.4232</double><name>name123_45</name><choice3>3 choice</choice3><enum>history</enum></record><record orange="1479"><int>42</int><double>42345.4232</double><name>name123_45</name><string>one two three</string><choice4>4 choice</choice4><enum>philosophy</enum></record><record orange="1480" apple="true"><int>42</int><double>42345.4232</double><name>name123_45</name><choice1>1 choice</choice1><enum>romance</enum></record><record orange="1481"><int>42</int><double>42345.4232</double><name>name123_45</name><string>one two three</string><choice2>2 choice</choice2><enum>fiction</enum></record><record orange="1482" apple="true"><int>42</int><double>42345.4232</double><name>name123_45</name><choice3>3 choice</choice3><enum>horror</enum></record><record orange="1483"><int>42</int><double>42345.4232</double><name>name123_45</name><string>one two three</string><choice4>4 choice</choice4><enum>history</enum></record><record orange="1484" apple="true"><int>42</int><double>42345.4232</double><name>name123_45</name><choice1>1 choice</choice1><enum>philosophy</enum></record><record orange="1485"><int>42</int><double>42345.4232</double><name>name123_45</name><string>one two three</string><choice2>2 choice</choice2><enum>romance</enum></record><record orange="1486" apple="true"><int>42</int><double>42345.4232</double><name>name123_45</name><choice3>3 choice</choice3><enum>fiction</enum></record><record orange="1487"><int>42</int><double>42345.4232</double><name>name123_45</name><string>one two three</string><choice4>4 choice</choice4><enum>horror</enum></record><record orange="1488" apple="true"><int>42</int><double>42345.4232</double><name>name123_45</name><choice1>1 choice</choice1><enum>history</enum></record><record orange="1489"><int>42</int><double>42345.4232</double><name>name123_45</name><string>one two three</string><choice2>2 choice</choice2><enum>philosophy</enum></record><record orange="1490" apple="true"><int>42</int><double>42345.4232</double><name>name123_45</name><choice3>3 choice</choice3><enum>romance</enum></record><record orange="1491"><int>42</int><double>42345.4232</double><name>name123_45</name><string>one two three</string><choice4>4 choice</choice4><enum>fiction</enum></record><record orange="1492" apple="true"><int>42</int><double>42345.4232</double><name>name123_45</name><choice1>1 choice</choice1><enum>horror</enum></record><record orange="1493"><int>42</int><double>42345.4232</double><name>name123_45</name><string>one two three</string><choice2>2 choice</choice2><enum>history</enum></record><record orange="1494" apple="true"><int>42</int><double>42345.4232</double><name>name123_45</name><choice3>3 choice</choice3><enum>philosophy</enum></record><record orange="1495"><int>42</int><double>42345.4232</double><name>name123_45</name><string>one two three</string><choice4>4 choice</choice4><enum>romance</enum></record><record orange="1496" apple="true"><int>42</int><double>42345.4232</double><name>name123_45</name><choice1>1 choice</choice1><enum>fiction</enum></record><record orange="1497"><int>42</int><double>42345.4232</double><name>name123_45</name><string>one two three</string><choice2>2 choice</choice2><enum>horror</enum></record><record orange="1498" apple="true"><int>42</int><double>42345.4232</double><name>name123_45</name><choice3>3 choice</choice3><enum>history</enum></record><record orange="1499"><int>42</int><double>42345.4232</double><name>name123_45</name><string>one two three</string><choice4>4 choice</choice4><enum>philosophy</enum></record><record orange="1500" apple="true"><int>42</int><double>42345.4232</double><name>name123_45</name><choice1>1 choice</choice1><enum>romance</enum></record><record orange="1501"><int>42</int><double>42345.4232</double><name>name123_45</name><string>one two three</string><choice2>2 choice</choice2><enum>fiction</enum></record><record orange="1502" apple="true"><int>42</int><double>42345.4232</double><name>name123_45</name><choice3>3 choice</choice3><enum>horror</enum></record><record orange="1503"><int>42</int><double>42345.4232</double><name>name123_45</name><string>one two three</string><choice4>4 choice</choice4><enum>history</enum></record><record orange="1504" apple="true"><int>42</int><double>42345.4232</double><name>name123_45</name><choice1>1 choice</choice1><enum>philosophy</enum></record><record orange="1505"><int>42</int><double>42345.4232</double><name>name123_45</name><string>one two three</string><choice2>2 choice</choice2><enum>romance</enum></record><record orange="1506" apple="true"><int>42</int><double>42345.4232</double><name>name123_45</name><choice3>3 choice</choice3><enum>fiction</enum></record><record orange="1507"><int>42</int><double>42345.4232</double><name>name123_45</name><string>one two three</string><choice4>4 choice</choice4><enum>horror</enum></record><record orange="1508" apple="true"><int>42</int><double>42345.4232</double><name>name123_45</name><choice1>1 choice</choice1><enum>history</enum></record><record orange="1509"><int>42</int><double>42345.4232</double><name>name123_45</name><string>one two three</string><choice2>2 choice</choice2><enum>philosophy</enum></record><record orange="1510" apple="true"><int>42</int><double>42345.4232</double><name>name123_45</name><choice3>3 choice</choice3><enum>romance</enum></record><record orange="1511"><int>42</int><double>42345.4232</double><name>name123_45</name><string>one two three</string><choice4>4 choice</choice4><enum>fiction</enum></record><record orange="1512" apple="true"><int>42</int><double>42345.4232</double><name>name123_45</name><choice1>1 choice</choice1><enum>horror</enum></record><record orange="1513"><int>42</int><double>42345.4232</double><name>name123_45</name><string>one two three</string><choice2>2 choice</choice2><enum>history</enum></record><record orange="1514" apple="true"><int>42</int><double>42345.4232</double><name>name123_45</name><choice3>3 choice</choice3><enum>philosophy</enum></record><record orange="1515"><int>42</int><double>42345.4232</double><name>name123_45</name><string>one two three</string><choice4>4 choice</choice4><enum>romance</enum></record><record orange="1516" apple="true"><int>42</int><double>42345.4232</double><name>name123_45</name><choice1>1 choice</choice1><enum>fiction</enum></record><record orange="1517"><int>42</int><double>42345.4232</double><name>name123_45</name><string>one two three</string><choice2>2 choice</choice2><enum>horror</enum></record><record orange="1518" apple="true"><int>42</int><double>42345.4232</double><name>name123_45</name><choice3>3 choice</choice3><enum>history</enum></record><record orange="1519"><int>42</int><double>42345.4232</double><name>name123_45</name><string>one two three</string><choice4>4 choice</choice4><enum>philosophy</enum></record><record orange="1520" apple="true"><int>42</int><double>42345.4232</double><name>name123_45</name><choice1>1 choice</choice1><enum>romance</enum></record><record orange="1521"><int>42</int><double>42345.4232</double><name>name123_45</name><string>one two three</string><choice2>2 choice</choice2><enum>fiction</enum></record><record orange="1522" apple="true"><int>42</int><double>42345.4232</double><name>name123_45</name><choice3>3 choice</choice3><enum>horror</enum></record><record orange="1523"><int>42</int><double>42345.4232</double><name>name123_45</name><string>one two three</string><choice4>4 choice</choice4><enum>history</enum></record><record orange="1524" apple="true"><int>42</int><double>42345.4232</double><name>name123_45</name><choice1>1 choice</choice1><enum>philosophy</enum></record><record orange="1525"><int>42</int><double>42345.4232</double><name>name123_45</name><string>one two three</string><choice2>2 choice</choice2><enum>romance</enum></record><record orange="1526" apple="true"><int>42</int><double>42345.4232</double><name>name123_45</name><choice3>3 choice</choice3><enum>fiction</enum></record><record orange="1527"><int>42</int><double>42345.4232</double><name>name123_45</name><string>one two three</string><choice4>4 choice</choice4><enum>horror</enum></record><record orange="1528" apple="true"><int>42</int><double>42345.4232</double><name>name123_45</name><choice1>1 choice</choice1><enum>history</enum></record><record orange="1529"><int>42</int><double>42345.4232</double><name>name123_45</name><string>one two three</string><choice2>2 choice</choice2><enum>philosophy</enum></record><record orange="1530" apple="true"><int>42</int><double>42345.4232</double><name>name123_45</name><choice3>3 choice</choice3><enum>romance</enum></record><record orange="1531"><int>42</int><double>42345.4232</double><name>name123_45</name><string>one two three</string><choice4>4 choice</choice4><enum>fiction</enum></record><record orange="1532" apple="true"><int>42</int><double>42345.4232</double><name>name123_45</name><choice1>1 choice</choice1><enum>horror</enum></record><record orange="1533"><int>42</int><double>42345.4232</double><name>name123_45</name><string>one two three</string><choice2>2 choice</choice2><enum>history</enum></record><record orange="1534" apple="true"><int>42</int><double>42345.4232</double><name>name123_45</name><choice3>3 choice</choice3><enum>philosophy</enum></record><record orange="1535"><int>42</int><double>42345.4232</double><name>name123_45</name><string>one two three</string><choice4>4 choice</choice4><enum>romance</enum></record><record orange="1536" apple="true"><int>42</int><double>42345.4232</double><name>name123_45</name><choice1>1 choice</choice1><enum>fiction</enum></record><record orange="1537"><int>42</int><double>42345.4232</double><name>name123_45</name><string>one two three</string><choice2>2 choice</choice2><enum>horror</enum></record><record orange="1538" apple="true"><int>42</int><double>42345.4232</double><name>name123_45</name><choice3>3 choice</choice3><enum>history</enum></record><record orange="1539"><int>42</int><double>42345.4232</double><name>name123_45</name><string>one two three</string><choice4>4 choice</choice4><enum>philosophy</enum></record><record orange="1540" apple="true"><int>42</int><double>42345.4232</double><name>name123_45</name><choice1>1 choice</choice1><enum>romance</enum></record><record orange="1541"><int>42</int><double>42345.4232</double><name>name123_45</name><string>one two three</string><choice2>2 choice</choice2><enum>fiction</enum></record><record orange="1542" apple="true"><int>42</int><double>42345.4232</double><name>name123_45</name><choice3>3 choice</choice3><enum>horror</enum></record><record orange="1543"><int>42</int><double>42345.4232</double><name>name123_45</name><string>one two three</string><choice4>4 choice</choice4><enum>history</enum></record><record orange="1544" apple="true"><int>42</int><double>42345.4232</double><name>name123_45</name><choice1>1 choice</choice1><enum>philosophy</enum></record><record orange="1545"><int>42</int><double>42345.4232</double><name>name123_45</name><string>one two three</string><choice2>2 choice</choice2><enum>romance</enum></record><record orange="1546" apple="true"><int>42</int><double>42345.4232</double><name>name123_45</name><choice3>3 choice</choice3><enum>fiction</enum></record><record orange="1547"><int>42</int><double>42345.4232</double><name>name123_45</name><string>one two three</string><choice4>4 choice</choice4><enum>horror</enum></record><record orange="1548" apple="true"><int>42</int><double>42345.4232</double><name>name123_45</name><choice1>1 choice</choice1><enum>history</enum></record><record orange="1549"><int>42</int><double>42345.4232</double><name>name123_45</name><string>one two three</string><choice2>2 choice</choice2><enum>philosophy</enum></record><record orange="1550" apple="true"><int>42</int><double>42345.4232</double><name>name123_45</name><choice3>3 choice</choice3><enum>romance</enum></record><record orange="1551"><int>42</int><double>42345.4232</double><name>name123_45</name><string>one two three</string><choice4>4 choice</choice4><enum>fiction</enum></record><record orange="1552" apple="true"><int>42</int><double>42345.4232</double><name>name123_45</name><choice1>1 choice</choice1><enum>horror</enum></record><record orange="1553"><int>42</int><double>42345.4232</double><name>name123_45</name><string>one two three</string><choice2>2 choice</choice2><enum>history</enum></record><record orange="1554" apple="true"><int>42</int><double>42345.4232</double><name>name123_45</name><choice3>3 choice</choice3><enum>philosophy</enum></record><record orange="1555"><int>42</int><double>42345.4232</double><name>name123_45</name><string>one two three</string><choice4>4 choice</choice4><enum>romance</enum></record><record orange="1556" apple="true"><int>42</int><double>42345.4232</double><name>name123_45</name><choice1>1 choice</choice1><enum>fiction</enum></record><record orange="1557"><int>42</int><double>42345.4232</double><name>name123_45</name><string>one two three</string><choice2>2 choice</choice2><enum>horror</enum></record><record orange="1558" apple="true"><int>42</int><double>42345.4232</double><name>name123_45</name><choice3>3 choice</choice3><enum>history</enum></record><record orange="1559"><int>42</int><double>42345.4232</double><name>name123_45</name><string>one two three</string><choice4>4 choice</choice4><enum>philosophy</enum></record><record orange="1560" apple="true"><int>42</int><double>42345.4232</double><name>name123_45</name><choice1>1 choice</choice1><enum>romance</enum></record><record orange="1561"><int>42</int><double>42345.4232</double><name>name123_45</name><string>one two three</string><choice2>2 choice</choice2><enum>fiction</enum></record><record orange="1562" apple="true"><int>42</int><double>42345.4232</double><name>name123_45</name><choice3>3 choice</choice3><enum>horror</enum></record><record orange="1563"><int>42</int><double>42345.4232</double><name>name123_45</name><string>one two three</string><choice4>4 choice</choice4><enum>history</enum></record><record orange="1564" apple="true"><int>42</int><double>42345.4232</double><name>name123_45</name><choice1>1 choice</choice1><enum>philosophy</enum></record><record orange="1565"><int>42</int><double>42345.4232</double><name>name123_45</name><string>one two three</string><choice2>2 choice</choice2><enum>romance</enum></record><record orange="1566" apple="true"><int>42</int><double>42345.4232</double><name>name123_45</name><choice3>3 choice</choice3><enum>fiction</enum></record><record orange="1567"><int>42</int><double>42345.4232</double><name>name123_45</name><string>one two three</string><choice4>4 choice</choice4><enum>horror</enum></record><record orange="1568" apple="true"><int>42</int><double>42345.4232</double><name>name123_45</name><choice1>1 choice</choice1><enum>history</enum></record><record orange="1569"><int>42</int><double>42345.4232</double><name>name123_45</name><string>one two three</string><choice2>2 choice</choice2><enum>philosophy</enum></record><record orange="1570" apple="true"><int>42</int><double>42345.4232</double><name>name123_45</name><choice3>3 choice</choice3><enum>romance</enum></record><record orange="1571"><int>42</int><double>42345.4232</double><name>name123_45</name><string>one two three</string><choice4>4 choice</choice4><enum>fiction</enum></record><record orange="1572" apple="true"><int>42</int><double>42345.4232</double><name>name123_45</name><choice1>1 choice</choice1><enum>horror</enum></record><record orange="1573"><int>42</int><double>42345.4232</double><name>name123_45</name><string>one two three</string><choice2>2 choice</choice2><enum>history</enum></record><record orange="1574" apple="true"><int>42</int><double>42345.4232</double><name>name123_45</name><choice3>3 choice</choice3><enum>philosophy</enum></record><record orange="1575"><int>42</int><double>42345.4232</double><name>name123_45</name><string>one two three</string><choice4>4 choice</choice4><enum>romance</enum></record><record orange="1576" apple="true"><int>42</int><double>42345.4232</double><name>name123_45</name><choice1>1 choice</choice1><enum>fiction</enum></record><record orange="1577"><int>42</int><double>42345.4232</double><name>name123_45</name><string>one two three</string><choice2>2 choice</choice2><enum>horror</enum></record><record orange="1578" apple="true"><int>42</int><double>42345.4232</double><name>name123_45</name><choice3>3 choice</choice3><enum>history</enum></record><record orange="1579"><int>42</int><double>42345.4232</double><name>name123_45</name><string>one two three</string><choice4>4 choice</choice4><enum>philosophy</enum></record><record orange="1580" apple="true"><int>42</int><double>42345.4232</double><name>name123_45</name><choice1>1 choice</choice1><enum>romance</enum></record><record orange="1581"><int>42</int><double>42345.4232</double><name>name123_45</name><string>one two three</string><choice2>2 choice</choice2><enum>fiction</enum></record><record orange="1582" apple="true"><int>42</int><double>42345.4232</double><name>name123_45</name><choice3>3 choice</choice3><enum>horror</enum></record><record orange="1583"><int>42</int><double>42345.4232</double><name>name123_45</name><string>one two three</string><choice4>4 choice</choice4><enum>history</enum></record><record orange="1584" apple="true"><int>42</int><double>42345.4232</double><name>name123_45</name><choice1>1 choice</choice1><enum>philosophy</enum></record><record orange="1585"><int>42</int><double>42345.4232</double><name>name123_45</name><string>one two three</string><choice2>2 choice</choice2><enum>romance</enum></record><record orange="1586" apple="true"><int>42</int><double>42345.4232</double><name>name123_45</name><choice3>3 choice</choice3><enum>fiction</enum></record><record orange="1587"><int>42</int><double>42345.4232</double><name>name123_45</name><string>one two three</string><choice4>4 choice</choice4><enum>horror</enum></record><record orange="1588" apple="true"><int>42</int><double>42345.4232</double><name>name123_45</name><choice1>1 choice</choice1><enum>history</enum></record><record orange="1589"><int>42</int><double>42345.4232</double><name>name123_45</name><string>one two three</string><choice2>2 choice</choice2><enum>philosophy</enum></record><record orange="1590" apple="true"><int>42</int><double>42345.4232</double><name>name123_45</name><choice3>3 choice</choice3><enum>romance</enum></record><record orange="1591"><int>42</int><double>42345.4232</double><name>name123_45</name><string>one two three</string><choice4>4 choice</choice4><enum>fiction</enum></record><record orange="1592" apple="true"><int>42</int><double>42345.4232</double><name>name123_45</name><choice1>1 choice</choice1><enum>horror</enum></record><record orange="1593"><int>42</int><double>42345.4232</double><name>name123_45</name><string>one two three</string><choice2>2 choice</choice2><enum>history</enum></record><record orange="1594" apple="true"><int>42</int><double>42345.4232</double><name>name123_45</name><choice3>3 choice</choice3><enum>philosophy</enum></record><record orange="1595"><int>42</int><double>42345.4232</double><name>name123_45</name><string>one two three</string><choice4>4 choice</choice4><enum>romance</enum></record><record orange="1596" apple="true"><int>42</int><double>42345.4232</double><name>name123_45</name><choice1>1 choice</choice1><enum>fiction</enum></record><record orange="1597"><int>42</int><double>42345.4232</double><name>name123_45</name><string>one two three</string><choice2>2 choice</choice2><enum>horror</enum></record><record orange="1598" apple="true"><int>42</int><double>42345.4232</double><name>name123_45</name><choice3>3 choice</choice3><enum>history</enum></record><record orange="1599"><int>42</int><double>42345.4232</double><name>name123_45</name><string>one two three</string><choice4>4 choice</choice4><enum>philosophy</enum></record><record orange="1600" apple="true"><int>42</int><double>42345.4232</double><name>name123_45</name><choice1>1 choice</choice1><enum>romance</enum></record><record orange="1601"><int>42</int><double>42345.4232</double><name>name123_45</name><string>one two three</string><choice2>2 choice</choice2><enum>fiction</enum></record><record orange="1602" apple="true"><int>42</int><double>42345.4232</double><name>name123_45</name><choice3>3 choice</choice3><enum>horror</enum></record><record orange="1603"><int>42</int><double>42345.4232</double><name>name123_45</name><string>one two three</string><choice4>4 choice</choice4><enum>history</enum></record><record orange="1604" apple="true"><int>42</int><double>42345.4232</double><name>name123_45</name><choice1>1 choice</choice1><enum>philosophy</enum></record><record orange="1605"><int>42</int><double>42345.4232</double><name>name123_45</name><string>one two three</string><choice2>2 choice</choice2><enum>romance</enum></record><record orange="1606" apple="true"><int>42</int><double>42345.4232</double><name>name123_45</name><choice3>3 choice</choice3><enum>fiction</enum></record><record orange="1607"><int>42</int><double>42345.4232</double><name>name123_45</name><string>one two three</string><choice4>4 choice</choice4><enum>horror</enum></record><record orange="1608" apple="true"><int>42</int><double>42345.4232</double><name>name123_45</name><choice1>1 choice</choice1><enum>history</enum></record><record orange="1609"><int>42</int><double>42345.4232</double><name>name123_45</name><string>one two three</string><choice2>2 choice</choice2><enum>philosophy</enum></record><record orange="1610" apple="true"><int>42</int><double>42345.4232</double><name>name123_45</name><choice3>3 choice</choice3><enum>romance</enum></record><record orange="1611"><int>42</int><double>42345.4232</double><name>name123_45</name><string>one two three</string><choice4>4 choice</choice4><enum>fiction</enum></record><record orange="1612" apple="true"><int>42</int><double>42345.4232</double><name>name123_45</name><choice1>1 choice</choice1><enum>horror</enum></record><record orange="1613"><int>42</int><double>42345.4232</double><name>name123_45</name><string>one two three</string><choice2>2 choice</choice2><enum>history</enum></record><record orange="1614" apple="true"><int>42</int><double>42345.4232</double><name>name123_45</name><choice3>3 choice</choice3><enum>philosophy</enum></record><record orange="1615"><int>42</int><double>42345.4232</double><name>name123_45</name><string>one two three</string><choice4>4 choice</choice4><enum>romance</enum></record><record orange="1616" apple="true"><int>42</int><double>42345.4232</double><name>name123_45</name><choice1>1 choice</choice1><enum>fiction</enum></record><record orange="1617"><int>42</int><double>42345.4232</double><name>name123_45</name><string>one two three</string><choice2>2 choice</choice2><enum>horror</enum></record><record orange="1618" apple="true"><int>42</int><double>42345.4232</double><name>name123_45</name><choice3>3 choice</choice3><enum>history</enum></record><record orange="1619"><int>42</int><double>42345.4232</double><name>name123_45</name><string>one two three</string><choice4>4 choice</choice4><enum>philosophy</enum></record><record orange="1620" apple="true"><int>42</int><double>42345.4232</double><name>name123_45</name><choice1>1 choice</choice1><enum>romance</enum></record><record orange="1621"><int>42</int><double>42345.4232</double><name>name123_45</name><string>one two three</string><choice2>2 choice</choice2><enum>fiction</enum></record><record orange="1622" apple="true"><int>42</int><double>42345.4232</double><name>name123_45</name><choice3>3 choice</choice3><enum>horror</enum></record><record orange="1623"><int>42</int><double>42345.4232</double><name>name123_45</name><string>one two three</string><choice4>4 choice</choice4><enum>history</enum></record><record orange="1624" apple="true"><int>42</int><double>42345.4232</double><name>name123_45</name><choice1>1 choice</choice1><enum>philosophy</enum></record><record orange="1625"><int>42</int><double>42345.4232</double><name>name123_45</name><string>one two three</string><choice2>2 choice</choice2><enum>romance</enum></record><record orange="1626" apple="true"><int>42</int><double>42345.4232</double><name>name123_45</name><choice3>3 choice</choice3><enum>fiction</enum></record><record orange="1627"><int>42</int><double>42345.4232</double><name>name123_45</name><string>one two three</string><choice4>4 choice</choice4><enum>horror</enum></record><record orange="1628" apple="true"><int>42</int><double>42345.4232</double><name>name123_45</name><choice1>1 choice</choice1><enum>history</enum></record><record orange="1629"><int>42</int><double>42345.4232</double><name>name123_45</name><string>one two three</string><choice2>2 choice</choice2><enum>philosophy</enum></record><record orange="1630" apple="true"><int>42</int><double>42345.4232</double><name>name123_45</name><choice3>3 choice</choice3><enum>romance</enum></record><record orange="1631"><int>42</int><double>42345.4232</double><name>name123_45</name><string>one two three</string><choice4>4 choice</choice4><enum>fiction</enum></record><record orange="1632" apple="true"><int>42</int><double>42345.4232</double><name>name123_45</name><choice1>1 choice</choice1><enum>horror</enum></record><record orange="1633"><int>42</int><double>42345.4232</double><name>name123_45</name><string>one two three</string><choice2>2 choice</choice2><enum>history</enum></record><record orange="1634" apple="true"><int>42</int><double>42345.4232</double><name>name123_45</name><choice3>3 choice</choice3><enum>philosophy</enum></record><record orange="1635"><int>42</int><double>42345.4232</double><name>name123_45</name><string>one two three</string><choice4>4 choice</choice4><enum>romance</enum></record><record orange="1636" apple="true"><int>42</int><double>42345.4232</double><name>name123_45</name><choice1>1 choice</choice1><enum>fiction</enum></record><record orange="1637"><int>42</int><double>42345.4232</double><name>name123_45</name><string>one two three</string><choice2>2 choice</choice2><enum>horror</enum></record><record orange="1638" apple="true"><int>42</int><double>42345.4232</double><name>name123_45</name><choice3>3 choice</choice3><enum>history</enum></record><record orange="1639"><int>42</int><double>42345.4232</double><name>name123_45</name><string>one two three</string><choice4>4 choice</choice4><enum>philosophy</enum></record><record orange="1640" apple="true"><int>42</int><double>42345.4232</double><name>name123_45</name><choice1>1 choice</choice1><enum>romance</enum></record><record orange="1641"><int>42</int><double>42345.4232</double><name>name123_45</name><string>one two three</string><choice2>2 choice</choice2><enum>fiction</enum></record><record orange="1642" apple="true"><int>42</int><double>42345.4232</double><name>name123_45</name><choice3>3 choice</choice3><enum>horror</enum></record><record orange="1643"><int>42</int><double>42345.4232</double><name>name123_45</name><string>one two three</string><choice4>4 choice</choice4><enum>history</enum></record><record orange="1644" apple="true"><int>42</int><double>42345.4232</double><name>name123_45</name><choice1>1 choice</choice1><enum>philosophy</enum></record><record orange="1645"><int>42</int><double>42345.4232</double><name>name123_45</name><string>one two three</string><choice2>2 choice</choice2><enum>romance</enum></record><record orange="1646" apple="true"><int>42</int><double>42345.4232</double><name>name123_45</name><choice3>3 choice</choice3><enum>fiction</enum></record><record orange="1647"><int>42</int><double>42345.4232</double><name>name123_45</name><string>one two three</string><choice4>4 choice</choice4><enum>horror</enum></record><record orange="1648" apple="true"><int>42</int><double>42345.4232</double><name>name123_45</name><choice1>1 choice</choice1><enum>history</enum></record><record orange="1649"><int>42</int><double>42345.4232</double><name>name123_45</name><string>one two three</string><choice2>2 choice</choice2><enum>philosophy</enum></record><record orange="1650" apple="true"><int>42</int><double>42345.4232</double><name>name123_45</name><choice3>3 choice</choice3><enum>romance</enum></record><record orange="1651"><int>42</int><double>42345.4232</double><name>name123_45</name><string>one two three</string><choice4>4 choice</choice4><enum>fiction</enum></record><record orange="1652" apple="true"><int>42</int><double>42345.4232</double><name>name123_45</name><choice1>1 choice</choice1><enum>horror</enum></record><record orange="1653"><int>42</int><double>42345.4232</double><name>name123_45</name><string>one two three</string><choice2>2 choice</choice2><enum>history</enum></record><record orange="1654" apple="true"><int>42</int><double>42345.4232</double><name>name123_45</name><choice3>3 choice</choice3><enum>philosophy</enum></record><record orange="1655"><int>42</int><double>42345.4232</double><name>name123_45</name><string>one two three</string><choice4>4 choice</choice4><enum>romance</enum></record><record orange="1656" apple="true"><int>42</int><double>42345.4232</double><name>name123_45</name><choice1>1 choice</choice1><enum>fiction</enum></record><record orange="1657"><int>42</int><double>42345.4232</double><name>name123_45</name><string>one two three</string><choice2>2 choice</choice2><enum>horror</enum></record><record orange="1658" apple="true"><int>42</int><double>42345.4232</double><name>name123_45</name><choice3>3 choice</choice3><enum>history</enum></record><record orange="1659"><int>42</int><double>42345.4232</double><name>name123_45</name><string>one two three</string><choice4>4 choice</choice4><enum>philosophy</enum></record><record orange="1660" apple="true"><int>42</int><double>42345.4232</double><name>name123_45</name><choice1>1 choice</choice1><enum>romance</enum></record><record orange="1661"><int>42</int><double>42345.4232</double><name>name123_45</name><string>one two three</string><choice2>2 choice</choice2><enum>fiction</enum></record><record orange="1662" apple="true"><int>42</int><double>42345.4232</double><name>name123_45</name><choice3>3 choice</choice3><enum>horror</enum></record><record orange="1663"><int>42</int><double>42345.4232</double><name>name123_45</name><string>one two three</string><choice4>4 choice</choice4><enum>history</enum></record><record orange="1664" apple="true"><int>42</int><double>42345.4232</double><name>name123_45</name><choice1>1 choice</choice1><enum>philosophy</enum></record><record orange="1665"><int>42</int><double>42345.4232</double><name>name123_45</name><string>one two three</string><choice2>2 choice</choice2><enum>romance</enum></record><record orange="1666" apple="true"><int>42</int><double>42345.4232</double><name>name123_45</name><choice3>3 choice</choice3><enum>fiction</enum></record><record orange="1667"><int>42</int><double>42345.4232</double><name>name123_45</name><string>one two three</string><choice4>4 choice</choice4><enum>horror</enum></record><record orange="1668" apple="true"><int>42</int><double>42345.4232</double><name>name123_45</name><choice1>1 choice</choice1><enum>history</enum></record><record orange="1669"><int>42</int><double>42345.4232</double><name>name123_45</name><string>one two three</string><choice2>2 choice</choice2><enum>philosophy</enum></record><record orange="1670" apple="true"><int>42</int><double>42345.4232</double><name>name123_45</name><choice3>3 choice</choice3><enum>romance</enum></record><record orange="1671"><int>42</int><double>42345.4232</double><name>name123_45</name><string>one two three</string><choice4>4 choice</choice4><enum>fiction</enum></record><record orange="1672" apple="true"><int>42</int><double>42345.4232</double><name>name123_45</name><choice1>1 choice</choice1><enum>horror</enum></record><record orange="1673"><int>42</int><double>42345.4232</double><name>name123_45</name><string>one two three</string><choice2>2 choice</choice2><enum>history</enum></record><record orange="1674" apple="true"><int>42</int><double>42345.4232</double><name>name123_45</name><choice3>3 choice</choice3><enum>philosophy</enum></record><record orange="1675"><int>42</int><double>42345.4232</double><name>name123_45</name><string>one two three</string><choice4>4 choice</choice4><enum>romance</enum></record><record orange="1676" apple="true"><int>42</int><double>42345.4232</double><name>name123_45</name><choice1>1 choice</choice1><enum>fiction</enum></record><record orange="1677"><int>42</int><double>42345.4232</double><name>name123_45</name><string>one two three</string><choice2>2 choice</choice2><enum>horror</enum></record><record orange="1678" apple="true"><int>42</int><double>42345.4232</double><name>name123_45</name><choice3>3 choice</choice3><enum>history</enum></record><record orange="1679"><int>42</int><double>42345.4232</double><name>name123_45</name><string>one two three</string><choice4>4 choice</choice4><enum>philosophy</enum></record><record orange="1680" apple="true"><int>42</int><double>42345.4232</double><name>name123_45</name><choice1>1 choice</choice1><enum>romance</enum></record><record orange="1681"><int>42</int><double>42345.4232</double><name>name123_45</name><string>one two three</string><choice2>2 choice</choice2><enum>fiction</enum></record><record orange="1682" apple="true"><int>42</int><double>42345.4232</double><name>name123_45</name><choice3>3 choice</choice3><enum>horror</enum></record><record orange="1683"><int>42</int><double>42345.4232</double><name>name123_45</name><string>one two three</string><choice4>4 choice</choice4><enum>history</enum></record><record orange="1684" apple="true"><int>42</int><double>42345.4232</double><name>name123_45</name><choice1>1 choice</choice1><enum>philosophy</enum></record><record orange="1685"><int>42</int><double>42345.4232</double><name>name123_45</name><string>one two three</string><choice2>2 choice</choice2><enum>romance</enum></record><record orange="1686" apple="true"><int>42</int><double>42345.4232</double><name>name123_45</name><choice3>3 choice</choice3><enum>fiction</enum></record><record orange="1687"><int>42</int><double>42345.4232</double><name>name123_45</name><string>one two three</string><choice4>4 choice</choice4><enum>horror</enum></record><record orange="1688" apple="true"><int>42</int><double>42345.4232</double><name>name123_45</name><choice1>1 choice</choice1><enum>history</enum></record><record orange="1689"><int>42</int><double>42345.4232</double><name>name123_45</name><string>one two three</string><choice2>2 choice</choice2><enum>philosophy</enum></record><record orange="1690" apple="true"><int>42</int><double>42345.4232</double><name>name123_45</name><choice3>3 choice</choice3><enum>romance</enum></record><record orange="1691"><int>42</int><double>42345.4232</double><name>name123_45</name><string>one two three</string><choice4>4 choice</choice4><enum>fiction</enum></record><record orange="1692" apple="true"><int>42</int><double>42345.4232</double><name>name123_45</name><choice1>1 choice</choice1><enum>horror</enum></record><record orange="1693"><int>42</int><double>42345.4232</double><name>name123_45</name><string>one two three</string><choice2>2 choice</choice2><enum>history</enum></record><record orange="1694" apple="true"><int>42</int><double>42345.4232</double><name>name123_45</name><choice3>3 choice</choice3><enum>philosophy</enum></record><record orange="1695"><int>42</int><double>42345.4232</double><name>name123_45</name><string>one two three</string><choice4>4 choice</choice4><enum>romance</enum></record><record orange="1696" apple="true"><int>42</int><double>42345.4232</double><name>name123_45</name><choice1>1 choice</choice1><enum>fiction</enum></record><record orange="1697"><int>42</int><double>42345.4232</double><name>name123_45</name><string>one two three</string><choice2>2 choice</choice2><enum>horror</enum></record><record orange="1698" apple="true"><int>42</int><double>42345.4232</double><name>name123_45</name><choice3>3 choice</choice3><enum>history</enum></record><record orange="1699"><int>42</int><double>42345.4232</double><name>name123_45</name><string>one two three</string><choice4>4 choice</choice4><enum>philosophy</enum></record><record orange="1700" apple="true"><int>42</int><double>42345.4232</double><name>name123_45</name><choice1>1 choice</choice1><enum>romance</enum></record><record orange="1701"><int>42</int><double>42345.4232</double><name>name123_45</name><string>one two three</string><choice2>2 choice</choice2><enum>fiction</enum></record><record orange="1702" apple="true"><int>42</int><double>42345.4232</double><name>name123_45</name><choice3>3 choice</choice3><enum>horror</enum></record><record orange="1703"><int>42</int><double>42345.4232</double><name>name123_45</name><string>one two three</string><choice4>4 choice</choice4><enum>history</enum></record><record orange="1704" apple="true"><int>42</int><double>42345.4232</double><name>name123_45</name><choice1>1 choice</choice1><enum>philosophy</enum></record><record orange="1705"><int>42</int><double>42345.4232</double><name>name123_45</name><string>one two three</string><choice2>2 choice</choice2><enum>romance</enum></record><record orange="1706" apple="true"><int>42</int><double>42345.4232</double><name>name123_45</name><choice3>3 choice</choice3><enum>fiction</enum></record><record orange="1707"><int>42</int><double>42345.4232</double><name>name123_45</name><string>one two three</string><choice4>4 choice</choice4><enum>horror</enum></record><record orange="1708" apple="true"><int>42</int><double>42345.4232</double><name>name123_45</name><choice1>1 choice</choice1><enum>history</enum></record><record orange="1709"><int>42</int><double>42345.4232</double><name>name123_45</name><string>one two three</string><choice2>2 choice</choice2><enum>philosophy</enum></record><record orange="1710" apple="true"><int>42</int><double>42345.4232</double><name>name123_45</name><choice3>3 choice</choice3><enum>romance</enum></record><record orange="1711"><int>42</int><double>42345.4232</double><name>name123_45</name><string>one two three</string><choice4>4 choice</choice4><enum>fiction</enum></record><record orange="1712" apple="true"><int>42</int><double>42345.4232</double><name>name123_45</name><choice1>1 choice</choice1><enum>horror</enum></record><record orange="1713"><int>42</int><double>42345.4232</double><name>name123_45</name><string>one two three</string><choice2>2 choice</choice2><enum>history</enum></record><record orange="1714" apple="true"><int>42</int><double>42345.4232</double><name>name123_45</name><choice3>3 choice</choice3><enum>philosophy</enum></record><record orange="1715"><int>42</int><double>42345.4232</double><name>name123_45</name><string>one two three</string><choice4>4 choice</choice4><enum>romance</enum></record><record orange="1716" apple="true"><int>42</int><double>42345.4232</double><name>name123_45</name><choice1>1 choice</choice1><enum>fiction</enum></record><record orange="1717"><int>42</int><double>42345.4232</double><name>name123_45</name><string>one two three</string><choice2>2 choice</choice2><enum>horror</enum></record><record orange="1718" apple="true"><int>42</int><double>42345.4232</double><name>name123_45</name><choice3>3 choice</choice3><enum>history</enum></record><record orange="1719"><int>42</int><double>42345.4232</double><name>name123_45</name><string>one two three</string><choice4>4 choice</choice4><enum>philosophy</enum></record><record orange="1720" apple="true"><int>42</int><double>42345.4232</double><name>name123_45</name><choice1>1 choice</choice1><enum>romance</enum></record><record orange="1721"><int>42</int><double>42345.4232</double><name>name123_45</name><string>one two three</string><choice2>2 choice</choice2><enum>fiction</enum></record><record orange="1722" apple="true"><int>42</int><double>42345.4232</double><name>name123_45</name><choice3>3 choice</choice3><enum>horror</enum></record><record orange="1723"><int>42</int><double>42345.4232</double><name>name123_45</name><string>one two three</string><choice4>4 choice</choice4><enum>history</enum></record><record orange="1724" apple="true"><int>42</int><double>42345.4232</double><name>name123_45</name><choice1>1 choice</choice1><enum>philosophy</enum></record><record orange="1725"><int>42</int><double>42345.4232</double><name>name123_45</name><string>one two three</string><choice2>2 choice</choice2><enum>romance</enum></record><record orange="1726" apple="true"><int>42</int><double>42345.4232</double><name>name123_45</name><choice3>3 choice</choice3><enum>fiction</enum></record><record orange="1727"><int>42</int><double>42345.4232</double><name>name123_45</name><string>one two three</string><choice4>4 choice</choice4><enum>horror</enum></record><record orange="1728" apple="true"><int>42</int><double>42345.4232</double><name>name123_45</name><choice1>1 choice</choice1><enum>history</enum></record><record orange="1729"><int>42</int><double>42345.4232</double><name>name123_45</name><string>one two three</string><choice2>2 choice</choice2><enum>philosophy</enum></record><record orange="1730" apple="true"><int>42</int><double>42345.4232</double><name>name123_45</name><choice3>3 choice</choice3><enum>romance</enum></record><record orange="1731"><int>42</int><double>42345.4232</double><name>name123_45</name><string>one two three</string><choice4>4 choice</choice4><enum>fiction</enum></record><record orange="1732" apple="true"><int>42</int><double>42345.4232</double><name>name123_45</name><choice1>1 choice</choice1><enum>horror</enum></record><record orange="1733"><int>42</int><double>42345.4232</double><name>name123_45</name><string>one two three</string><choice2>2 choice</choice2><enum>history</enum></record><record orange="1734" apple="true"><int>42</int><double>42345.4232</double><name>name123_45</name><choice3>3 choice</choice3><enum>philosophy</enum></record><record orange="1735"><int>42</int><double>42345.4232</double><name>name123_45</name><string>one two three</string><choice4>4 choice</choice4><enum>romance</enum></record><record orange="1736" apple="true"><int>42</int><double>42345.4232</double><name>name123_45</name><choice1>1 choice</choice1><enum>fiction</enum></record><record orange="1737"><int>42</int><double>42345.4232</double><name>name123_45</name><string>one two three</string><choice2>2 choice</choice2><enum>horror</enum></record><record orange="1738" apple="true"><int>42</int><double>42345.4232</double><name>name123_45</name><choice3>3 choice</choice3><enum>history</enum></record><record orange="1739"><int>42</int><double>42345.4232</double><name>name123_45</name><string>one two three</string><choice4>4 choice</choice4><enum>philosophy</enum></record><record orange="1740" apple="true"><int>42</int><double>42345.4232</double><name>name123_45</name><choice1>1 choice</choice1><enum>romance</enum></record><record orange="1741"><int>42</int><double>42345.4232</double><name>name123_45</name><string>one two three</string><choice2>2 choice</choice2><enum>fiction</enum></record><record orange="1742" apple="true"><int>42</int><double>42345.4232</double><name>name123_45</name><choice3>3 choice</choice3><enum>horror</enum></record><record orange="1743"><int>42</int><double>42345.4232</double><name>name123_45</name><string>one two three</string><choice4>4 choice</choice4><enum>history</enum></record><record orange="1744" apple="true"><int>42</int><double>42345.4232</double><name>name123_45</name><choice1>1 choice</choice1><enum>philosophy</enum></record><record orange="1745"><int>42</int><double>42345.4232</double><name>name123_45</name><string>one two three</string><choice2>2 choice</choice2><enum>romance</enum></record><record orange="1746" apple="true"><int>42</int><double>42345.4232</double><name>name123_45</name><choice3>3 choice</choice3><enum>fiction</enum></record><record orange="1747"><int>42</int><double>42345.4232</double><name>name123_45</name><string>one two three</string><choice4>4 choice</choice4><enum>horror</enum></record><record orange="1748" apple="true"><int>42</int><double>42345.4232</double><name>name123_45</name><choice1>1 choice</choice1><enum>history</enum></record><record orange="1749"><int>42</int><double>42345.4232</double><name>name123_45</name><string>one two three</string><choice2>2 choice</choice2><enum>philosophy</enum></record><record orange="1750" apple="true"><int>42</int><double>42345.4232</double><name>name123_45</name><choice3>3 choice</choice3><enum>romance</enum></record><record orange="1751"><int>42</int><double>42345.4232</double><name>name123_45</name><string>one two three</string><choice4>4 choice</choice4><enum>fiction</enum></record><record orange="1752" apple="true"><int>42</int><double>42345.4232</double><name>name123_45</name><choice1>1 choice</choice1><enum>horror</enum></record><record orange="1753"><int>42</int><double>42345.4232</double><name>name123_45</name><string>one two three</string><choice2>2 choice</choice2><enum>history</enum></record><record orange="1754" apple="true"><int>42</int><double>42345.4232</double><name>name123_45</name><choice3>3 choice</choice3><enum>philosophy</enum></record><record orange="1755"><int>42</int><double>42345.4232</double><name>name123_45</name><string>one two three</string><choice4>4 choice</choice4><enum>romance</enum></record><record orange="1756" apple="true"><int>42</int><double>42345.4232</double><name>name123_45</name><choice1>1 choice</choice1><enum>fiction</enum></record><record orange="1757"><int>42</int><double>42345.4232</double><name>name123_45</name><string>one two three</string><choice2>2 choice</choice2><enum>horror</enum></record><record orange="1758" apple="true"><int>42</int><double>42345.4232</double><name>name123_45</name><choice3>3 choice</choice3><enum>history</enum></record><record orange="1759"><int>42</int><double>42345.4232</double><name>name123_45</name><string>one two three</string><choice4>4 choice</choice4><enum>philosophy</enum></record><record orange="1760" apple="true"><int>42</int><double>42345.4232</double><name>name123_45</name><choice1>1 choice</choice1><enum>romance</enum></record><record orange="1761"><int>42</int><double>42345.4232</double><name>name123_45</name><string>one two three</string><choice2>2 choice</choice2><enum>fiction</enum></record><record orange="1762" apple="true"><int>42</int><double>42345.4232</double><name>name123_45</name><choice3>3 choice</choice3><enum>horror</enum></record><record orange="1763"><int>42</int><double>42345.4232</double><name>name123_45</name><string>one two three</string><choice4>4 choice</choice4><enum>history</enum></record><record orange="1764" apple="true"><int>42</int><double>42345.4232</double><name>name123_45</name><choice1>1 choice</choice1><enum>philosophy</enum></record><record orange="1765"><int>42</int><double>42345.4232</double><name>name123_45</name><string>one two three</string><choice2>2 choice</choice2><enum>romance</enum></record><record orange="1766" apple="true"><int>42</int><double>42345.4232</double><name>name123_45</name><choice3>3 choice</choice3><enum>fiction</enum></record><record orange="1767"><int>42</int><double>42345.4232</double><name>name123_45</name><string>one two three</string><choice4>4 choice</choice4><enum>horror</enum></record><record orange="1768" apple="true"><int>42</int><double>42345.4232</double><name>name123_45</name><choice1>1 choice</choice1><enum>history</enum></record><record orange="1769"><int>42</int><double>42345.4232</double><name>name123_45</name><string>one two three</string><choice2>2 choice</choice2><enum>philosophy</enum></record><record orange="1770" apple="true"><int>42</int><double>42345.4232</double><name>name123_45</name><choice3>3 choice</choice3><enum>romance</enum></record><record orange="1771"><int>42</int><double>42345.4232</double><name>name123_45</name><string>one two three</string><choice4>4 choice</choice4><enum>fiction</enum></record><record orange="1772" apple="true"><int>42</int><double>42345.4232</double><name>name123_45</name><choice1>1 choice</choice1><enum>horror</enum></record><record orange="1773"><int>42</int><double>42345.4232</double><name>name123_45</name><string>one two three</string><choice2>2 choice</choice2><enum>history</enum></record><record orange="1774" apple="true"><int>42</int><double>42345.4232</double><name>name123_45</name><choice3>3 choice</choice3><enum>philosophy</enum></record><record orange="1775"><int>42</int><double>42345.4232</double><name>name123_45</name><string>one two three</string><choice4>4 choice</choice4><enum>romance</enum></record><record orange="1776" apple="true"><int>42</int><double>42345.4232</double><name>name123_45</name><choice1>1 choice</choice1><enum>fiction</enum></record><record orange="1777"><int>42</int><double>42345.4232</double><name>name123_45</name><string>one two three</string><choice2>2 choice</choice2><enum>horror</enum></record><record orange="1778" apple="true"><int>42</int><double>42345.4232</double><name>name123_45</name><choice3>3 choice</choice3><enum>history</enum></record><record orange="1779"><int>42</int><double>42345.4232</double><name>name123_45</name><string>one two three</string><choice4>4 choice</choice4><enum>philosophy</enum></record><record orange="1780" apple="true"><int>42</int><double>42345.4232</double><name>name123_45</name><choice1>1 choice</choice1><enum>romance</enum></record><record orange="1781"><int>42</int><double>42345.4232</double><name>name123_45</name><string>one two three</string><choice2>2 choice</choice2><enum>fiction</enum></record><record orange="1782" apple="true"><int>42</int><double>42345.4232</double><name>name123_45</name><choice3>3 choice</choice3><enum>horror</enum></record><record orange="1783"><int>42</int><double>42345.4232</double><name>name123_45</name><string>one two three</string><choice4>4 choice</choice4><enum>history</enum></record><record orange="1784" apple="true"><int>42</int><double>42345.4232</double><name>name123_45</name><choice1>1 choice</choice1><enum>philosophy</enum></record><record orange="1785"><int>42</int><double>42345.4232</double><name>name123_45</name><string>one two three</string><choice2>2 choice</choice2><enum>romance</enum></record><record orange="1786" apple="true"><int>42</int><double>42345.4232</double><name>name123_45</name><choice3>3 choice</choice3><enum>fiction</enum></record><record orange="1787"><int>42</int><double>42345.4232</double><name>name123_45</name><string>one two three</string><choice4>4 choice</choice4><enum>horror</enum></record><record orange="1788" apple="true"><int>42</int><double>42345.4232</double><name>name123_45</name><choice1>1 choice</choice1><enum>history</enum></record><record orange="1789"><int>42</int><double>42345.4232</double><name>name123_45</name><string>one two three</string><choice2>2 choice</choice2><enum>philosophy</enum></record><record orange="1790" apple="true"><int>42</int><double>42345.4232</double><name>name123_45</name><choice3>3 choice</choice3><enum>romance</enum></record><record orange="1791"><int>42</int><double>42345.4232</double><name>name123_45</name><string>one two three</string><choice4>4 choice</choice4><enum>fiction</enum></record><record orange="1792" apple="true"><int>42</int><double>42345.4232</double><name>name123_45</name><choice1>1 choice</choice1><enum>horror</enum></record><record orange="1793"><int>42</int><double>42345.4232</double><name>name123_45</name><string>one two three</string><choice2>2 choice</choice2><enum>history</enum></record><record orange="1794" apple="true"><int>42</int><double>42345.4232</double><name>name123_45</name><choice3>3 choice</choice3><enum>philosophy</enum></record><record orange="1795"><int>42</int><double>42345.4232</double><name>name123_45</name><string>one two three</string><choice4>4 choice</choice4><enum>romance</enum></record><record orange="1796" apple="true"><int>42</int><double>42345.4232</double><name>name123_45</name><choice1>1 choice</choice1><enum>fiction</enum></record><record orange="1797"><int>42</int><double>42345.4232</double><name>name123_45</name><string>one two three</string><choice2>2 choice</choice2><enum>horror</enum></record><record orange="1798" apple="true"><int>42</int><double>42345.4232</double><name>name123_45</name><choice3>3 choice</choice3><enum>history</enum></record><record orange="1799"><int>42</int><double>42345.4232</double><name>name123_45</name><string>one two three</string><choice4>4 choice</choice4><enum>philosophy</enum></record><record orange="1800" apple="true"><int>42</int><double>42345.4232</double><name>name123_45</name><choice1>1 choice</choice1><enum>romance</enum></record><record orange="1801"><int>42</int><double>42345.4232</double><name>name123_45</name><string>one two three</string><choice2>2 choice</choice2><enum>fiction</enum></record><record orange="1802" apple="true"><int>42</int><double>42345.4232</double><name>name123_45</name><choice3>3 choice</choice3><enum>horror</enum></record><record orange="1803"><int>42</int><double>42345.4232</double><name>name123_45</name><string>one two three</string><choice4>4 choice</choice4><enum>history</enum></record><record orange="1804" apple="true"><int>42</int><double>42345.4232</double><name>name123_45</name><choice1>1 choice</choice1><enum>philosophy</enum></record><record orange="1805"><int>42</int><double>42345.4232</double><name>name123_45</name><string>one two three</string><choice2>2 choice</choice2><enum>romance</enum></record><record orange="1806" apple="true"><int>42</int><double>42345.4232</double><name>name123_45</name><choice3>3 choice</choice3><enum>fiction</enum></record><record orange="1807"><int>42</int><double>42345.4232</double><name>name123_45</name><string>one two three</string><choice4>4 choice</choice4><enum>horror</enum></record><record orange="1808" apple="true"><int>42</int><double>42345.4232</double><name>name123_45</name><choice1>1 choice</choice1><enum>history</enum></record><record orange="1809"><int>42</int><double>42345.4232</double><name>name123_45</name><string>one two three</string><choice2>2 choice</choice2><enum>philosophy</enum></record><record orange="1810" apple="true"><int>42</int><double>42345.4232</double><name>name123_45</name><choice3>3 choice</choice3><enum>romance</enum></record><record orange="1811"><int>42</int><double>42345.4232</double><name>name123_45</name><string>one two three</string><choice4>4 choice</choice4><enum>fiction</enum></record><record orange="1812" apple="true"><int>42</int><double>42345.4232</double><name>name123_45</name><choice1>1 choice</choice1><enum>horror</enum></record><record orange="1813"><int>42</int><double>42345.4232</double><name>name123_45</name><string>one two three</string><choice2>2 choice</choice2><enum>history</enum></record><record orange="1814" apple="true"><int>42</int><double>42345.4232</double><name>name123_45</name><choice3>3 choice</choice3><enum>philosophy</enum></record><record orange="1815"><int>42</int><double>42345.4232</double><name>name123_45</name><string>one two three</string><choice4>4 choice</choice4><enum>romance</enum></record><record orange="1816" apple="true"><int>42</int><double>42345.4232</double><name>name123_45</name><choice1>1 choice</choice1><enum>fiction</enum></record><record orange="1817"><int>42</int><double>42345.4232</double><name>name123_45</name><string>one two three</string><choice2>2 choice</choice2><enum>horror</enum></record><record orange="1818" apple="true"><int>42</int><double>42345.4232</double><name>name123_45</name><choice3>3 choice</choice3><enum>history</enum></record><record orange="1819"><int>42</int><double>42345.4232</double><name>name123_45</name><string>one two three</string><choice4>4 choice</choice4><enum>philosophy</enum></record><record orange="1820" apple="true"><int>42</int><double>42345.4232</double><name>name123_45</name><choice1>1 choice</choice1><enum>romance</enum></record><record orange="1821"><int>42</int><double>42345.4232</double><name>name123_45</name><string>one two three</string><choice2>2 choice</choice2><enum>fiction</enum></record><record orange="1822" apple="true"><int>42</int><double>42345.4232</double><name>name123_45</name><choice3>3 choice</choice3><enum>horror</enum></record><record orange="1823"><int>42</int><double>42345.4232</double><name>name123_45</name><string>one two three</string><choice4>4 choice</choice4><enum>history</enum></record><record orange="1824" apple="true"><int>42</int><double>42345.4232</double><name>name123_45</name><choice1>1 choice</choice1><enum>philosophy</enum></record><record orange="1825"><int>42</int><double>42345.4232</double><name>name123_45</name><string>one two three</string><choice2>2 choice</choice2><enum>romance</enum></record><record orange="1826" apple="true"><int>42</int><double>42345.4232</double><name>name123_45</name><choice3>3 choice</choice3><enum>fiction</enum></record><record orange="1827"><int>42</int><double>42345.4232</double><name>name123_45</name><string>one two three</string><choice4>4 choice</choice4><enum>horror</enum></record><record orange="1828" apple="true"><int>42</int><double>42345.4232</double><name>name123_45</name><choice1>1 choice</choice1><enum>history</enum></record><record orange="1829"><int>42</int><double>42345.4232</double><name>name123_45</name><string>one two three</string><choice2>2 choice</choice2><enum>philosophy</enum></record><record orange="1830" apple="true"><int>42</int><double>42345.4232</double><name>name123_45</name><choice3>3 choice</choice3><enum>romance</enum></record><record orange="1831"><int>42</int><double>42345.4232</double><name>name123_45</name><string>one two three</string><choice4>4 choice</choice4><enum>fiction</enum></record><record orange="1832" apple="true"><int>42</int><double>42345.4232</double><name>name123_45</name><choice1>1 choice</choice1><enum>horror</enum></record><record orange="1833"><int>42</int><double>42345.4232</double><name>name123_45</name><string>one two three</string><choice2>2 choice</choice2><enum>history</enum></record><record orange="1834" apple="true"><int>42</int><double>42345.4232</double><name>name123_45</name><choice3>3 choice</choice3><enum>philosophy</enum></record><record orange="1835"><int>42</int><double>42345.4232</double><name>name123_45</name><string>one two three</string><choice4>4 choice</choice4><enum>romance</enum></record><record orange="1836" apple="true"><int>42</int><double>42345.4232</double><name>name123_45</name><choice1>1 choice</choice1><enum>fiction</enum></record><record orange="1837"><int>42</int><double>42345.4232</double><name>name123_45</name><string>one two three</string><choice2>2 choice</choice2><enum>horror</enum></record><record orange="1838" apple="true"><int>42</int><double>42345.4232</double><name>name123_45</name><choice3>3 choice</choice3><enum>history</enum></record><record orange="1839"><int>42</int><double>42345.4232</double><name>name123_45</name><string>one two three</string><choice4>4 choice</choice4><enum>philosophy</enum></record><record orange="1840" apple="true"><int>42</int><double>42345.4232</double><name>name123_45</name><choice1>1 choice</choice1><enum>romance</enum></record><record orange="1841"><int>42</int><double>42345.4232</double><name>name123_45</name><string>one two three</string><choice2>2 choice</choice2><enum>fiction</enum></record><record orange="1842" apple="true"><int>42</int><double>42345.4232</double><name>name123_45</name><choice3>3 choice</choice3><enum>horror</enum></record><record orange="1843"><int>42</int><double>42345.4232</double><name>name123_45</name><string>one two three</string><choice4>4 choice</choice4><enum>history</enum></record><record orange="1844" apple="true"><int>42</int><double>42345.4232</double><name>name123_45</name><choice1>1 choice</choice1><enum>philosophy</enum></record><record orange="1845"><int>42</int><double>42345.4232</double><name>name123_45</name><string>one two three</string><choice2>2 choice</choice2><enum>romance</enum></record><record orange="1846" apple="true"><int>42</int><double>42345.4232</double><name>name123_45</name><choice3>3 choice</choice3><enum>fiction</enum></record><record orange="1847"><int>42</int><double>42345.4232</double><name>name123_45</name><string>one two three</string><choice4>4 choice</choice4><enum>horror</enum></record><record orange="1848" apple="true"><int>42</int><double>42345.4232</double><name>name123_45</name><choice1>1 choice</choice1><enum>history</enum></record><record orange="1849"><int>42</int><double>42345.4232</double><name>name123_45</name><string>one two three</string><choice2>2 choice</choice2><enum>philosophy</enum></record><record orange="1850" apple="true"><int>42</int><double>42345.4232</double><name>name123_45</name><choice3>3 choice</choice3><enum>romance</enum></record><record orange="1851"><int>42</int><double>42345.4232</double><name>name123_45</name><string>one two three</string><choice4>4 choice</choice4><enum>fiction</enum></record><record orange="1852" apple="true"><int>42</int><double>42345.4232</double><name>name123_45</name><choice1>1 choice</choice1><enum>horror</enum></record><record orange="1853"><int>42</int><double>42345.4232</double><name>name123_45</name><string>one two three</string><choice2>2 choice</choice2><enum>history</enum></record><record orange="1854" apple="true"><int>42</int><double>42345.4232</double><name>name123_45</name><choice3>3 choice</choice3><enum>philosophy</enum></record><record orange="1855"><int>42</int><double>42345.4232</double><name>name123_45</name><string>one two three</string><choice4>4 choice</choice4><enum>romance</enum></record><record orange="1856" apple="true"><int>42</int><double>42345.4232</double><name>name123_45</name><choice1>1 choice</choice1><enum>fiction</enum></record><record orange="1857"><int>42</int><double>42345.4232</double><name>name123_45</name><string>one two three</string><choice2>2 choice</choice2><enum>horror</enum></record><record orange="1858" apple="true"><int>42</int><double>42345.4232</double><name>name123_45</name><choice3>3 choice</choice3><enum>history</enum></record><record orange="1859"><int>42</int><double>42345.4232</double><name>name123_45</name><string>one two three</string><choice4>4 choice</choice4><enum>philosophy</enum></record><record orange="1860" apple="true"><int>42</int><double>42345.4232</double><name>name123_45</name><choice1>1 choice</choice1><enum>romance</enum></record><record orange="1861"><int>42</int><double>42345.4232</double><name>name123_45</name><string>one two three</string><choice2>2 choice</choice2><enum>fiction</enum></record><record orange="1862" apple="true"><int>42</int><double>42345.4232</double><name>name123_45</name><choice3>3 choice</choice3><enum>horror</enum></record><record orange="1863"><int>42</int><double>42345.4232</double><name>name123_45</name><string>one two three</string><choice4>4 choice</choice4><enum>history</enum></record><record orange="1864" apple="true"><int>42</int><double>42345.4232</double><name>name123_45</name><choice1>1 choice</choice1><enum>philosophy</enum></record><record orange="1865"><int>42</int><double>42345.4232</double><name>name123_45</name><string>one two three</string><choice2>2 choice</choice2><enum>romance</enum></record><record orange="1866" apple="true"><int>42</int><double>42345.4232</double><name>name123_45</name><choice3>3 choice</choice3><enum>fiction</enum></record><record orange="1867"><int>42</int><double>42345.4232</double><name>name123_45</name><string>one two three</string><choice4>4 choice</choice4><enum>horror</enum></record><record orange="1868" apple="true"><int>42</int><double>42345.4232</double><name>name123_45</name><choice1>1 choice</choice1><enum>history</enum></record><record orange="1869"><int>42</int><double>42345.4232</double><name>name123_45</name><string>one two three</string><choice2>2 choice</choice2><enum>philosophy</enum></record><record orange="1870" apple="true"><int>42</int><double>42345.4232</double><name>name123_45</name><choice3>3 choice</choice3><enum>romance</enum></record><record orange="1871"><int>42</int><double>42345.4232</double><name>name123_45</name><string>one two three</string><choice4>4 choice</choice4><enum>fiction</enum></record><record orange="1872" apple="true"><int>42</int><double>42345.4232</double><name>name123_45</name><choice1>1 choice</choice1><enum>horror</enum></record><record orange="1873"><int>42</int><double>42345.4232</double><name>name123_45</name><string>one two three</string><choice2>2 choice</choice2><enum>history</enum></record><record orange="1874" apple="true"><int>42</int><double>42345.4232</double><name>name123_45</name><choice3>3 choice</choice3><enum>philosophy</enum></record><record orange="1875"><int>42</int><double>42345.4232</double><name>name123_45</name><string>one two three</string><choice4>4 choice</choice4><enum>romance</enum></record><record orange="1876" apple="true"><int>42</int><double>42345.4232</double><name>name123_45</name><choice1>1 choice</choice1><enum>fiction</enum></record><record orange="1877"><int>42</int><double>42345.4232</double><name>name123_45</name><string>one two three</string><choice2>2 choice</choice2><enum>horror</enum></record><record orange="1878" apple="true"><int>42</int><double>42345.4232</double><name>name123_45</name><choice3>3 choice</choice3><enum>history</enum></record><record orange="1879"><int>42</int><double>42345.4232</double><name>name123_45</name><string>one two three</string><choice4>4 choice</choice4><enum>philosophy</enum></record><record orange="1880" apple="true"><int>42</int><double>42345.4232</double><name>name123_45</name><choice1>1 choice</choice1><enum>romance</enum></record><record orange="1881"><int>42</int><double>42345.4232</double><name>name123_45</name><string>one two three</string><choice2>2 choice</choice2><enum>fiction</enum></record><record orange="1882" apple="true"><int>42</int><double>42345.4232</double><name>name123_45</name><choice3>3 choice</choice3><enum>horror</enum></record><record orange="1883"><int>42</int><double>42345.4232</double><name>name123_45</name><string>one two three</string><choice4>4 choice</choice4><enum>history</enum></record><record orange="1884" apple="true"><int>42</int><double>42345.4232</double><name>name123_45</name><choice1>1 choice</choice1><enum>philosophy</enum></record><record orange="1885"><int>42</int><double>42345.4232</double><name>name123_45</name><string>one two three</string><choice2>2 choice</choice2><enum>romance</enum></record><record orange="1886" apple="true"><int>42</int><double>42345.4232</double><name>name123_45</name><choice3>3 choice</choice3><enum>fiction</enum></record><record orange="1887"><int>42</int><double>42345.4232</double><name>name123_45</name><string>one two three</string><choice4>4 choice</choice4><enum>horror</enum></record><record orange="1888" apple="true"><int>42</int><double>42345.4232</double><name>name123_45</name><choice1>1 choice</choice1><enum>history</enum></record><record orange="1889"><int>42</int><double>42345.4232</double><name>name123_45</name><string>one two three</string><choice2>2 choice</choice2><enum>philosophy</enum></record><record orange="1890" apple="true"><int>42</int><double>42345.4232</double><name>name123_45</name><choice3>3 choice</choice3><enum>romance</enum></record><record orange="1891"><int>42</int><double>42345.4232</double><name>name123_45</name><string>one two three</string><choice4>4 choice</choice4><enum>fiction</enum></record><record orange="1892" apple="true"><int>42</int><double>42345.4232</double><name>name123_45</name><choice1>1 choice</choice1><enum>horror</enum></record><record orange="1893"><int>42</int><double>42345.4232</double><name>name123_45</name><string>one two three</string><choice2>2 choice</choice2><enum>history</enum></record><record orange="1894" apple="true"><int>42</int><double>42345.4232</double><name>name123_45</name><choice3>3 choice</choice3><enum>philosophy</enum></record><record orange="1895"><int>42</int><double>42345.4232</double><name>name123_45</name><string>one two three</string><choice4>4 choice</choice4><enum>romance</enum></record><record orange="1896" apple="true"><int>42</int><double>42345.4232</double><name>name123_45</name><choice1>1 choice</choice1><enum>fiction</enum></record><record orange="1897"><int>42</int><double>42345.4232</double><name>name123_45</name><string>one two three</string><choice2>2 choice</choice2><enum>horror</enum></record><record orange="1898" apple="true"><int>42</int><double>42345.4232</double><name>name123_45</name><choice3>3 choice</choice3><enum>history</enum></record><record orange="1899"><int>42</int><double>42345.4232</double><name>name123_45</name><string>one two three</string><choice4>4 choice</choice4><enum>philosophy</enum></record><record orange="1900" apple="true"><int>42</int><double>42345.4232</double><name>name123_45</name><choice1>1 choice</choice1><enum>romance</enum></record><record orange="1901"><int>42</int><double>42345.4232</double><name>name123_45</name><string>one two three</string><choice2>2 choice</choice2><enum>fiction</enum></record><record orange="1902" apple="true"><int>42</int><double>42345.4232</double><name>name123_45</name><choice3>3 choice</choice3><enum>horror</enum></record><record orange="1903"><int>42</int><double>42345.4232</double><name>name123_45</name><string>one two three</string><choice4>4 choice</choice4><enum>history</enum></record><record orange="1904" apple="true"><int>42</int><double>42345.4232</double><name>name123_45</name><choice1>1 choice</choice1><enum>philosophy</enum></record><record orange="1905"><int>42</int><double>42345.4232</double><name>name123_45</name><string>one two three</string><choice2>2 choice</choice2><enum>romance</enum></record><record orange="1906" apple="true"><int>42</int><double>42345.4232</double><name>name123_45</name><choice3>3 choice</choice3><enum>fiction</enum></record><record orange="1907"><int>42</int><double>42345.4232</double><name>name123_45</name><string>one two three</string><choice4>4 choice</choice4><enum>horror</enum></record><record orange="1908" apple="true"><int>42</int><double>42345.4232</double><name>name123_45</name><choice1>1 choice</choice1><enum>history</enum></record><record orange="1909"><int>42</int><double>42345.4232</double><name>name123_45</name><string>one two three</string><choice2>2 choice</choice2><enum>philosophy</enum></record><record orange="1910" apple="true"><int>42</int><double>42345.4232</double><name>name123_45</name><choice3>3 choice</choice3><enum>romance</enum></record><record orange="1911"><int>42</int><double>42345.4232</double><name>name123_45</name><string>one two three</string><choice4>4 choice</choice4><enum>fiction</enum></record><record orange="1912" apple="true"><int>42</int><double>42345.4232</double><name>name123_45</name><choice1>1 choice</choice1><enum>horror</enum></record><record orange="1913"><int>42</int><double>42345.4232</double><name>name123_45</name><string>one two three</string><choice2>2 choice</choice2><enum>history</enum></record><record orange="1914" apple="true"><int>42</int><double>42345.4232</double><name>name123_45</name><choice3>3 choice</choice3><enum>philosophy</enum></record><record orange="1915"><int>42</int><double>42345.4232</double><name>name123_45</name><string>one two three</string><choice4>4 choice</choice4><enum>romance</enum></record><record orange="1916" apple="true"><int>42</int><double>42345.4232</double><name>name123_45</name><choice1>1 choice</choice1><enum>fiction</enum></record><record orange="1917"><int>42</int><double>42345.4232</double><name>name123_45</name><string>one two three</string><choice2>2 choice</choice2><enum>horror</enum></record><record orange="1918" apple="true"><int>42</int><double>42345.4232</double><name>name123_45</name><choice3>3 choice</choice3><enum>history</enum></record><record orange="1919"><int>42</int><double>42345.4232</double><name>name123_45</name><string>one two three</string><choice4>4 choice</choice4><enum>philosophy</enum></record><record orange="1920" apple="true"><int>42</int><double>42345.4232</double><name>name123_45</name><choice1>1 choice</choice1><enum>romance</enum></record><record orange="1921"><int>42</int><double>42345.4232</double><name>name123_45</name><string>one two three</string><choice2>2 choice</choice2><enum>fiction</enum></record><record orange="1922" apple="true"><int>42</int><double>42345.4232</double><name>name123_45</name><choice3>3 choice</choice3><enum>horror</enum></record><record orange="1923"><int>42</int><double>42345.4232</double><name>name123_45</name><string>one two three</string><choice4>4 choice</choice4><enum>history</enum></record><record orange="1924" apple="true"><int>42</int><double>42345.4232</double><name>name123_45</name><choice1>1 choice</choice1><enum>philosophy</enum></record><record orange="1925"><int>42</int><double>42345.4232</double><name>name123_45</name><string>one two three</string><choice2>2 choice</choice2><enum>romance</enum></record><record orange="1926" apple="true"><int>42</int><double>42345.4232</double><name>name123_45</name><choice3>3 choice</choice3><enum>fiction</enum></record><record orange="1927"><int>42</int><double>42345.4232</double><name>name123_45</name><string>one two three</string><choice4>4 choice</choice4><enum>horror</enum></record><record orange="1928" apple="true"><int>42</int><double>42345.4232</double><name>name123_45</name><choice1>1 choice</choice1><enum>history</enum></record><record orange="1929"><int>42</int><double>42345.4232</double><name>name123_45</name><string>one two three</string><choice2>2 choice</choice2><enum>philosophy</enum></record><record orange="1930" apple="true"><int>42</int><double>42345.4232</double><name>name123_45</name><choice3>3 choice</choice3><enum>romance</enum></record><record orange="1931"><int>42</int><double>42345.4232</double><name>name123_45</name><string>one two three</string><choice4>4 choice</choice4><enum>fiction</enum></record><record orange="1932" apple="true"><int>42</int><double>42345.4232</double><name>name123_45</name><choice1>1 choice</choice1><enum>horror</enum></record><record orange="1933"><int>42</int><double>42345.4232</double><name>name123_45</name><string>one two three</string><choice2>2 choice</choice2><enum>history</enum></record><record orange="1934" apple="true"><int>42</int><double>42345.4232</double><name>name123_45</name><choice3>3 choice</choice3><enum>philosophy</enum></record><record orange="1935"><int>42</int><double>42345.4232</double><name>name123_45</name><string>one two three</string><choice4>4 choice</choice4><enum>romance</enum></record><record orange="1936" apple="true"><int>42</int><double>42345.4232</double><name>name123_45</name><choice1>1 choice</choice1><enum>fiction</enum></record><record orange="1937"><int>42</int><double>42345.4232</double><name>name123_45</name><string>one two three</string><choice2>2 choice</choice2><enum>horror</enum></record><record orange="1938" apple="true"><int>42</int><double>42345.4232</double><name>name123_45</name><choice3>3 choice</choice3><enum>history</enum></record><record orange="1939"><int>42</int><double>42345.4232</double><name>name123_45</name><string>one two three</string><choice4>4 choice</choice4><enum>philosophy</enum></record><record orange="1940" apple="true"><int>42</int><double>42345.4232</double><name>name123_45</name><choice1>1 choice</choice1><enum>romance</enum></record><record orange="1941"><int>42</int><double>42345.4232</double><name>name123_45</name><string>one two three</string><choice2>2 choice</choice2><enum>fiction</enum></record><record orange="1942" apple="true"><int>42</int><double>42345.4232</double><name>name123_45</name><choice3>3 choice</choice3><enum>horror</enum></record><record orange="1943"><int>42</int><double>42345.4232</double><name>name123_45</name><string>one two three</string><choice4>4 choice</choice4><enum>history</enum></record><record orange="1944" apple="true"><int>42</int><double>42345.4232</double><name>name123_45</name><choice1>1 choice</choice1><enum>philosophy</enum></record><record orange="1945"><int>42</int><double>42345.4232</double><name>name123_45</name><string>one two three</string><choice2>2 choice</choice2><enum>romance</enum></record><record orange="1946" apple="true"><int>42</int><double>42345.4232</double><name>name123_45</name><choice3>3 choice</choice3><enum>fiction</enum></record><record orange="1947"><int>42</int><double>42345.4232</double><name>name123_45</name><string>one two three</string><choice4>4 choice</choice4><enum>horror</enum></record><record orange="1948" apple="true"><int>42</int><double>42345.4232</double><name>name123_45</name><choice1>1 choice</choice1><enum>history</enum></record><record orange="1949"><int>42</int><double>42345.4232</double><name>name123_45</name><string>one two three</string><choice2>2 choice</choice2><enum>philosophy</enum></record><record orange="1950" apple="true"><int>42</int><double>42345.4232</double><name>name123_45</name><choice3>3 choice</choice3><enum>romance</enum></record><record orange="1951"><int>42</int><double>42345.4232</double><name>name123_45</name><string>one two three</string><choice4>4 choice</choice4><enum>fiction</enum></record><record orange="1952" apple="true"><int>42</int><double>42345.4232</double><name>name123_45</name><choice1>1 choice</choice1><enum>horror</enum></record><record orange="1953"><int>42</int><double>42345.4232</double><name>name123_45</name><string>one two three</string><choice2>2 choice</choice2><enum>history</enum></record><record orange="1954" apple="true"><int>42</int><double>42345.4232</double><name>name123_45</name><choice3>3 choice</choice3><enum>philosophy</enum></record><record orange="1955"><int>42</int><double>42345.4232</double><name>name123_45</name><string>one two three</string><choice4>4 choice</choice4><enum>romance</enum></record><record orange="1956" apple="true"><int>42</int><double>42345.4232</double><name>name123_45</name><choice1>1 choice</choice1><enum>fiction</enum></record><record orange="1957"><int>42</int><double>42345.4232</double><name>name123_45</name><string>one two three</string><choice2>2 choice</choice2><enum>horror</enum></record><record orange="1958" apple="true"><int>42</int><double>42345.4232</double><name>name123_45</name><choice3>3 choice</choice3><enum>history</enum></record><record orange="1959"><int>42</int><double>42345.4232</double><name>name123_45</name><string>one two three</string><choice4>4 choice</choice4><enum>philosophy</enum></record><record orange="1960" apple="true"><int>42</int><double>42345.4232</double><name>name123_45</name><choice1>1 choice</choice1><enum>romance</enum></record><record orange="1961"><int>42</int><double>42345.4232</double><name>name123_45</name><string>one two three</string><choice2>2 choice</choice2><enum>fiction</enum></record><record orange="1962" apple="true"><int>42</int><double>42345.4232</double><name>name123_45</name><choice3>3 choice</choice3><enum>horror</enum></record><record orange="1963"><int>42</int><double>42345.4232</double><name>name123_45</name><string>one two three</string><choice4>4 choice</choice4><enum>history</enum></record><record orange="1964" apple="true"><int>42</int><double>42345.4232</double><name>name123_45</name><choice1>1 choice</choice1><enum>philosophy</enum></record><record orange="1965"><int>42</int><double>42345.4232</double><name>name123_45</name><string>one two three</string><choice2>2 choice</choice2><enum>romance</enum></record><record orange="1966" apple="true"><int>42</int><double>42345.4232</double><name>name123_45</name><choice3>3 choice</choice3><enum>fiction</enum></record><record orange="1967"><int>42</int><double>42345.4232</double><name>name123_45</name><string>one two three</string><choice4>4 choice</choice4><enum>horror</enum></record><record orange="1968" apple="true"><int>42</int><double>42345.4232</double><name>name123_45</name><choice1>1 choice</choice1><enum>history</enum></record><record orange="1969"><int>42</int><double>42345.4232</double><name>name123_45</name><string>one two three</string><choice2>2 choice</choice2><enum>philosophy</enum></record><record orange="1970" apple="true"><int>42</int><double>42345.4232</double><name>name123_45</name><choice3>3 choice</choice3><enum>romance</enum></record><record orange="1971"><int>42</int><double>42345.4232</double><name>name123_45</name><string>one two three</string><choice4>4 choice</choice4><enum>fiction</enum></record><record orange="1972" apple="true"><int>42</int><double>42345.4232</double><name>name123_45</name><choice1>1 choice</choice1><enum>horror</enum></record><record orange="1973"><int>42</int><double>42345.4232</double><name>name123_45</name><string>one two three</string><choice2>2 choice</choice2><enum>history</enum></record><record orange="1974" apple="true"><int>42</int><double>42345.4232</double><name>name123_45</name><choice3>3 choice</choice3><enum>philosophy</enum></record><record orange="1975"><int>42</int><double>42345.4232</double><name>name123_45</name><string>one two three</string><choice4>4 choice</choice4><enum>romance</enum></record><record orange="1976" apple="true"><int>42</int><double>42345.4232</double><name>name123_45</name><choice1>1 choice</choice1><enum>fiction</enum></record><record orange="1977"><int>42</int><double>42345.4232</double><name>name123_45</name><string>one two three</string><choice2>2 choice</choice2><enum>horror</enum></record><record orange="1978" apple="true"><int>42</int><double>42345.4232</double><name>name123_45</name><choice3>3 choice</choice3><enum>history</enum></record><record orange="1979"><int>42</int><double>42345.4232</double><name>name123_45</name><string>one two three</string><choice4>4 choice</choice4><enum>philosophy</enum></record><record orange="1980" apple="true"><int>42</int><double>42345.4232</double><name>name123_45</name><choice1>1 choice</choice1><enum>romance</enum></record><record orange="1981"><int>42</int><double>42345.4232</double><name>name123_45</name><string>one two three</string><choice2>2 choice</choice2><enum>fiction</enum></record><record orange="1982" apple="true"><int>42</int><double>42345.4232</double><name>name123_45</name><choice3>3 choice</choice3><enum>horror</enum></record><record orange="1983"><int>42</int><double>42345.4232</double><name>name123_45</name><string>one two three</string><choice4>4 choice</choice4><enum>history</enum></record><record orange="1984" apple="true"><int>42</int><double>42345.4232</double><name>name123_45</name><choice1>1 choice</choice1><enum>philosophy</enum></record><record orange="1985"><int>42</int><double>42345.4232</double><name>name123_45</name><string>one two three</string><choice2>2 choice</choice2><enum>romance</enum></record><record orange="1986" apple="true"><int>42</int><double>42345.4232</double><name>name123_45</name><choice3>3 choice</choice3><enum>fiction</enum></record><record orange="1987"><int>42</int><double>42345.4232</double><name>name123_45</name><string>one two three</string><choice4>4 choice</choice4><enum>horror</enum></record><record orange="1988" apple="true"><int>42</int><double>42345.4232</double><name>name123_45</name><choice1>1 choice</choice1><enum>history</enum></record><record orange="1989"><int>42</int><double>42345.4232</double><name>name123_45</name><string>one two three</string><choice2>2 choice</choice2><enum>philosophy</enum></record><record orange="1990" apple="true"><int>42</int><double>42345.4232</double><name>name123_45</name><choice3>3 choice</choice3><enum>romance</enum></record><record orange="1991"><int>42</int><double>42345.4232</double><name>name123_45</name><string>one two three</string><choice4>4 choice</choice4><enum>fiction</enum></record><record orange="1992" apple="true"><int>42</int><double>42345.4232</double><name>name123_45</name><choice1>1 choice</choice1><enum>horror</enum></record><record orange="1993"><int>42</int><double>42345.4232</double><name>name123_45</name><string>one two three</string><choice2>2 choice</choice2><enum>history</enum></record><record orange="1994" apple="true"><int>42</int><double>42345.4232</double><name>name123_45</name><choice3>3 choice</choice3><enum>philosophy</enum></record><record orange="1995"><int>42</int><double>42345.4232</double><name>name123_45</name><string>one two three</string><choice4>4 choice</choice4><enum>romance</enum></record><record orange="1996" apple="true"><int>42</int><double>42345.4232</double><name>name123_45</name><choice1>1 choice</choice1><enum>fiction</enum></record><record orange="1997"><int>42</int><double>42345.4232</double><name>name123_45</name><string>one two three</string><choice2>2 choice</choice2><enum>horror</enum></record><record orange="1998" apple="true"><int>42</int><double>42345.4232</double><name>name123_45</name><choice3>3 choice</choice3><enum>history</enum></record><record orange="1999"><int>42</int><double>42345.4232</double><name>name123_45</name><string>one two three</string><choice4>4 choice</choice4><enum>philosophy</enum></record><record orange="2000" apple="true"><int>42</int><double>42345.4232</double><name>name123_45</name><choice1>1 choice</choice1><enum>romance</enum></record><record orange="2001"><int>42</int><double>42345.4232</double><name>name123_45</name><string>one two three</string><choice2>2 choice</choice2><enum>fiction</enum></record><record orange="2002" apple="true"><int>42</int><double>42345.4232</double><name>name123_45</name><choice3>3 choice</choice3><enum>horror</enum></record><record orange="2003"><int>42</int><double>42345.4232</double><name>name123_45</name><string>one two three</string><choice4>4 choice</choice4><enum>history</enum></record><record orange="2004" apple="true"><int>42</int><double>42345.4232</double><name>name123_45</name><choice1>1 choice</choice1><enum>philosophy</enum></record><record orange="2005"><int>42</int><double>42345.4232</double><name>name123_45</name><string>one two three</string><choice2>2 choice</choice2><enum>romance</enum></record><record orange="2006" apple="true"><int>42</int><double>42345.4232</double><name>name123_45</name><choice3>3 choice</choice3><enum>fiction</enum></record><record orange="2007"><int>42</int><double>42345.4232</double><name>name123_45</name><string>one two three</string><choice4>4 choice</choice4><enum>horror</enum></record><record orange="2008" apple="true"><int>42</int><double>42345.4232</double><name>name123_45</name><choice1>1 choice</choice1><enum>history</enum></record><record orange="2009"><int>42</int><double>42345.4232</double><name>name123_45</name><string>one two three</string><choice2>2 choice</choice2><enum>philosophy</enum></record><record orange="2010" apple="true"><int>42</int><double>42345.4232</double><name>name123_45</name><choice3>3 choice</choice3><enum>romance</enum></record><record orange="2011"><int>42</int><double>42345.4232</double><name>name123_45</name><string>one two three</string><choice4>4 choice</choice4><enum>fiction</enum></record><record orange="2012" apple="true"><int>42</int><double>42345.4232</double><name>name123_45</name><choice1>1 choice</choice1><enum>horror</enum></record><record orange="2013"><int>42</int><double>42345.4232</double><name>name123_45</name><string>one two three</string><choice2>2 choice</choice2><enum>history</enum></record><record orange="2014" apple="true"><int>42</int><double>42345.4232</double><name>name123_45</name><choice3>3 choice</choice3><enum>philosophy</enum></record><record orange="2015"><int>42</int><double>42345.4232</double><name>name123_45</name><string>one two three</string><choice4>4 choice</choice4><enum>romance</enum></record><record orange="2016" apple="true"><int>42</int><double>42345.4232</double><name>name123_45</name><choice1>1 choice</choice1><enum>fiction</enum></record><record orange="2017"><int>42</int><double>42345.4232</double><name>name123_45</name><string>one two three</string><choice2>2 choice</choice2><enum>horror</enum></record><record orange="2018" apple="true"><int>42</int><double>42345.4232</double><name>name123_45</name><choice3>3 choice</choice3><enum>history</enum></record><record orange="2019"><int>42</int><double>42345.4232</double><name>name123_45</name><string>one two three</string><choice4>4 choice</choice4><enum>philosophy</enum></record><record orange="2020" apple="true"><int>42</int><double>42345.4232</double><name>name123_45</name><choice1>1 choice</choice1><enum>romance</enum></record><record orange="2021"><int>42</int><double>42345.4232</double><name>name123_45</name><string>one two three</string><choice2>2 choice</choice2><enum>fiction</enum></record><record orange="2022" apple="true"><int>42</int><double>42345.4232</double><name>name123_45</name><choice3>3 choice</choice3><enum>horror</enum></record><record orange="2023"><int>42</int><double>42345.4232</double><name>name123_45</name><string>one two three</string><choice4>4 choice</choice4><enum>history</enum></record><record orange="2024" apple="true"><int>42</int><double>42345.4232</double><name>name123_45</name><choice1>1 choice</choice1><enum>philosophy</enum></record><record orange="2025"><int>42</int><double>42345.4232</double><name>name123_45</name><string>one two three</string><choice2>2 choice</choice2><enum>romance</enum></record><record orange="2026" apple="true"><int>42</int><double>42345.4232</double><name>name123_45</name><choice3>3 choice</choice3><enum>fiction</enum></record><record orange="2027"><int>42</int><double>42345.4232</double><name>name123_45</name><string>one two three</string><choice4>4 choice</choice4><enum>horror</enum></record><record orange="2028" apple="true"><int>42</int><double>42345.4232</double><name>name123_45</name><choice1>1 choice</choice1><enum>history</enum></record><record orange="2029"><int>42</int><double>42345.4232</double><name>name123_45</name><string>one two three</string><choice2>2 choice</choice2><enum>philosophy</enum></record><record orange="2030" apple="true"><int>42</int><double>42345.4232</double><name>name123_45</name><choice3>3 choice</choice3><enum>romance</enum></record><record orange="2031"><int>42</int><double>42345.4232</double><name>name123_45</name><string>one two three</string><choice4>4 choice</choice4><enum>fiction</enum></record><record orange="2032" apple="true"><int>42</int><double>42345.4232</double><name>name123_45</name><choice1>1 choice</choice1><enum>horror</enum></record><record orange="2033"><int>42</int><double>42345.4232</double><name>name123_45</name><string>one two three</string><choice2>2 choice</choice2><enum>history</enum></record><record orange="2034" apple="true"><int>42</int><double>42345.4232</double><name>name123_45</name><choice3>3 choice</choice3><enum>philosophy</enum></record><record orange="2035"><int>42</int><double>42345.4232</double><name>name123_45</name><string>one two three</string><choice4>4 choice</choice4><enum>romance</enum></record><record orange="2036" apple="true"><int>42</int><double>42345.4232</double><name>name123_45</name><choice1>1 choice</choice1><enum>fiction</enum></record><record orange="2037"><int>42</int><double>42345.4232</double><name>name123_45</name><string>one two three</string><choice2>2 choice</choice2><enum>horror</enum></record><record orange="2038" apple="true"><int>42</int><double>42345.4232</double><name>name123_45</name><choice3>3 choice</choice3><enum>history</enum></record><record orange="2039"><int>42</int><double>42345.4232</double><name>name123_45</name><string>one two three</string><choice4>4 choice</choice4><enum>philosophy</enum></record><record orange="2040" apple="true"><int>42</int><double>42345.4232</double><name>name123_45</name><choice1>1 choice</choice1><enum>romance</enum></record><record orange="2041"><int>42</int><double>42345.4232</double><name>name123_45</name><string>one two three</string><choice2>2 choice</choice2><enum>fiction</enum></record><record orange="2042" apple="true"><int>42</int><double>42345.4232</double><name>name123_45</name><choice3>3 choice</choice3><enum>horror</enum></record><record orange="2043"><int>42</int><double>42345.4232</double><name>name123_45</name><string>one two three</string><choice4>4 choice</choice4><enum>history</enum></record><record orange="2044" apple="true"><int>42</int><double>42345.4232</double><name>name123_45</name><choice1>1 choice</choice1><enum>philosophy</enum></record><record orange="2045"><int>42</int><double>42345.4232</double><name>name123_45</name><string>one two three</string><choice2>2 choice</choice2><enum>romance</enum></record><record orange="2046" apple="true"><int>42</int><double>42345.4232</double><name>name123_45</name><choice3>3 choice</choice3><enum>fiction</enum></record><record orange="2047"><int>42</int><double>42345.4232</double><name>name123_45</name><string>one two three</string><choice4>4 choice</choice4><enum>horror</enum></record><record orange="2048" apple="true"><int>42</int><double>42345.4232</double><name>name123_45</name><choice1>1 choice</choice1><enum>history</enum></record><record orange="2049"><int>42</int><double>42345.4232</double><name>name123_45</name><string>one two three</string><choice2>2 choice</choice2><enum>philosophy</enum></record><record orange="2050" apple="true"><int>42</int><double>42345.4232</double><name>name123_45</name><choice3>3 choice</choice3><enum>romance</enum></record><record orange="2051"><int>42</int><double>42345.4232</double><name>name123_45</name><string>one two three</string><choice4>4 choice</choice4><enum>fiction</enum></record><record orange="2052" apple="true"><int>42</int><double>42345.4232</double><name>name123_45</name><choice1>1 choice</choice1><enum>horror</enum></record><record orange="2053"><int>42</int><double>42345.4232</double><name>name123_45</name><string>one two three</string><choice2>2 choice</choice2><enum>history</enum></record><record orange="2054" apple="true"><int>42</int><double>42345.4232</double><name>name123_45</name><choice3>3 choice</choice3><enum>philosophy</enum></record><record orange="2055"><int>42</int><double>42345.4232</double><name>name123_45</name><string>one two three</string><choice4>4 choice</choice4><enum>romance</enum></record><record orange="2056" apple="true"><int>42</int><double>42345.4232</double><name>name123_45</name><choice1>1 choice</choice1><enum>fiction</enum></record><record orange="2057"><int>42</int><double>42345.4232</double><name>name123_45</name><string>one two three</string><choice2>2 choice</choice2><enum>horror</enum></record><record orange="2058" apple="true"><int>42</int><double>42345.4232</double><name>name123_45</name><choice3>3 choice</choice3><enum>history</enum></record><record orange="2059"><int>42</int><double>42345.4232</double><name>name123_45</name><string>one two three</string><choice4>4 choice</choice4><enum>philosophy</enum></record><record orange="2060" apple="true"><int>42</int><double>42345.4232</double><name>name123_45</name><choice1>1 choice</choice1><enum>romance</enum></record><record orange="2061"><int>42</int><double>42345.4232</double><name>name123_45</name><string>one two three</string><choice2>2 choice</choice2><enum>fiction</enum></record><record orange="2062" apple="true"><int>42</int><double>42345.4232</double><name>name123_45</name><choice3>3 choice</choice3><enum>horror</enum></record><record orange="2063"><int>42</int><double>42345.4232</double><name>name123_45</name><string>one two three</string><choice4>4 choice</choice4><enum>history</enum></record><record orange="2064" apple="true"><int>42</int><double>42345.4232</double><name>name123_45</name><choice1>1 choice</choice1><enum>philosophy</enum></record><record orange="2065"><int>42</int><double>42345.4232</double><name>name123_45</name><string>one two three</string><choice2>2 choice</choice2><enum>romance</enum></record><record orange="2066" apple="true"><int>42</int><double>42345.4232</double><name>name123_45</name><choice3>3 choice</choice3><enum>fiction</enum></record><record orange="2067"><int>42</int><double>42345.4232</double><name>name123_45</name><string>one two three</string><choice4>4 choice</choice4><enum>horror</enum></record><record orange="2068" apple="true"><int>42</int><double>42345.4232</double><name>name123_45</name><choice1>1 choice</choice1><enum>history</enum></record><record orange="2069"><int>42</int><double>42345.4232</double><name>name123_45</name><string>one two three</string><choice2>2 choice</choice2><enum>philosophy</enum></record><record orange="2070" apple="true"><int>42</int><double>42345.4232</double><name>name123_45</name><choice3>3 choice</choice3><enum>romance</enum></record><record orange="2071"><int>42</int><double>42345.4232</double><name>name123_45</name><string>one two three</string><choice4>4 choice</choice4><enum>fiction</enum></record><record orange="2072" apple="true"><int>42</int><double>42345.4232</double><name>name123_45</name><choice1>1 choice</choice1><enum>horror</enum></record><record orange="2073"><int>42</int><double>42345.4232</double><name>name123_45</name><string>one two three</string><choice2>2 choice</choice2><enum>history</enum></record><record orange="2074" apple="true"><int>42</int><double>42345.4232</double><name>name123_45</name><choice3>3 choice</choice3><enum>philosophy</enum></record><record orange="2075"><int>42</int><double>42345.4232</double><name>name123_45</name><string>one two three</string><choice4>4 choice</choice4><enum>romance</enum></record><record orange="2076" apple="true"><int>42</int><double>42345.4232</double><name>name123_45</name><choice1>1 choice</choice1><enum>fiction</enum></record><record orange="2077"><int>42</int><double>42345.4232</double><name>name123_45</name><string>one two three</string><choice2>2 choice</choice2><enum>horror</enum></record><record orange="2078" apple="true"><int>42</int><double>42345.4232</double><name>name123_45</name><choice3>3 choice</choice3><enum>history</enum></record><record orange="2079"><int>42</int><double>42345.4232</double><name>name123_45</name><string>one two three</string><choice4>4 choice</choice4><enum>philosophy</enum></record><record orange="2080" apple="true"><int>42</int><double>42345.4232</double><name>name123_45</name><choice1>1 choice</choice1><enum>romance</enum></record><record orange="2081"><int>42</int><double>42345.4232</double><name>name123_45</name><string>one two three</string><choice2>2 choice</choice2><enum>fiction</enum></record><record orange="2082" apple="true"><int>42</int><double>42345.4232</double><name>name123_45</name><choice3>3 choice</choice3><enum>horror</enum></record><record orange="2083"><int>42</int><double>42345.4232</double><name>name123_45</name><string>one two three</string><choice4>4 choice</choice4><enum>history</enum></record><record orange="2084" apple="true"><int>42</int><double>42345.4232</double><name>name123_45</name><choice1>1 choice</choice1><enum>philosophy</enum></record><record orange="2085"><int>42</int><double>42345.4232</double><name>name123_45</name><string>one two three</string><choice2>2 choice</choice2><enum>romance</enum></record><record orange="2086" apple="true"><int>42</int><double>42345.4232</double><name>name123_45</name><choice3>3 choice</choice3><enum>fiction</enum></record><record orange="2087"><int>42</int><double>42345.4232</double><name>name123_45</name><string>one two three</string><choice4>4 choice</choice4><enum>horror</enum></record><record orange="2088" apple="true"><int>42</int><double>42345.4232</double><name>name123_45</name><choice1>1 choice</choice1><enum>history</enum></record><record orange="2089"><int>42</int><double>42345.4232</double><name>name123_45</name><string>one two three</string><choice2>2 choice</choice2><enum>philosophy</enum></record><record orange="2090" apple="true"><int>42</int><double>42345.4232</double><name>name123_45</name><choice3>3 choice</choice3><enum>romance</enum></record><record orange="2091"><int>42</int><double>42345.4232</double><name>name123_45</name><string>one two three</string><choice4>4 choice</choice4><enum>fiction</enum></record><record orange="2092" apple="true"><int>42</int><double>42345.4232</double><name>name123_45</name><choice1>1 choice</choice1><enum>horror</enum></record><record orange="2093"><int>42</int><double>42345.4232</double><name>name123_45</name><string>one two three</string><choice2>2 choice</choice2><enum>history</enum></record><record orange="2094" apple="true"><int>42</int><double>42345.4232</double><name>name123_45</name><choice3>3 choice</choice3><enum>philosophy</enum></record><record orange="2095"><int>42</int><double>42345.4232</double><name>name123_45</name><string>one two three</string><choice4>4 choice</choice4><enum>romance</enum></record><record orange="2096" apple="true"><int>42</int><double>42345.4232</double><name>name123_45</name><choice1>1 choice</choice1><enum>fiction</enum></record><record orange="2097"><int>42</int><double>42345.4232</double><name>name123_45</name><string>one two three</string><choice2>2 choice</choice2><enum>horror</enum></record><record orange="2098" apple="true"><int>42</int><double>42345.4232</double><name>name123_45</name><choice3>3 choice</choice3><enum>history</enum></record><record orange="2099"><int>42</int><double>42345.4232</double><name>name123_45</name><string>one two three</string><choice4>4 choice</choice4><enum>philosophy</enum></record><record orange="2100" apple="true"><int>42</int><double>42345.4232</double><name>name123_45</name><choice1>1 choice</choice1><enum>romance</enum></record><record orange="2101"><int>42</int><double>42345.4232</double><name>name123_45</name><string>one two three</string><choice2>2 choice</choice2><enum>fiction</enum></record><record orange="2102" apple="true"><int>42</int><double>42345.4232</double><name>name123_45</name><choice3>3 choice</choice3><enum>horror</enum></record><record orange="2103"><int>42</int><double>42345.4232</double><name>name123_45</name><string>one two three</string><choice4>4 choice</choice4><enum>history</enum></record><record orange="2104" apple="true"><int>42</int><double>42345.4232</double><name>name123_45</name><choice1>1 choice</choice1><enum>philosophy</enum></record><record orange="2105"><int>42</int><double>42345.4232</double><name>name123_45</name><string>one two three</string><choice2>2 choice</choice2><enum>romance</enum></record><record orange="2106" apple="true"><int>42</int><double>42345.4232</double><name>name123_45</name><choice3>3 choice</choice3><enum>fiction</enum></record><record orange="2107"><int>42</int><double>42345.4232</double><name>name123_45</name><string>one two three</string><choice4>4 choice</choice4><enum>horror</enum></record><record orange="2108" apple="true"><int>42</int><double>42345.4232</double><name>name123_45</name><choice1>1 choice</choice1><enum>history</enum></record><record orange="2109"><int>42</int><double>42345.4232</double><name>name123_45</name><string>one two three</string><choice2>2 choice</choice2><enum>philosophy</enum></record><record orange="2110" apple="true"><int>42</int><double>42345.4232</double><name>name123_45</name><choice3>3 choice</choice3><enum>romance</enum></record><record orange="2111"><int>42</int><double>42345.4232</double><name>name123_45</name><string>one two three</string><choice4>4 choice</choice4><enum>fiction</enum></record><record orange="2112" apple="true"><int>42</int><double>42345.4232</double><name>name123_45</name><choice1>1 choice</choice1><enum>horror</enum></record><record orange="2113"><int>42</int><double>42345.4232</double><name>name123_45</name><string>one two three</string><choice2>2 choice</choice2><enum>history</enum></record><record orange="2114" apple="true"><int>42</int><double>42345.4232</double><name>name123_45</name><choice3>3 choice</choice3><enum>philosophy</enum></record><record orange="2115"><int>42</int><double>42345.4232</double><name>name123_45</name><string>one two three</string><choice4>4 choice</choice4><enum>romance</enum></record><record orange="2116" apple="true"><int>42</int><double>42345.4232</double><name>name123_45</name><choice1>1 choice</choice1><enum>fiction</enum></record><record orange="2117"><int>42</int><double>42345.4232</double><name>name123_45</name><string>one two three</string><choice2>2 choice</choice2><enum>horror</enum></record><record orange="2118" apple="true"><int>42</int><double>42345.4232</double><name>name123_45</name><choice3>3 choice</choice3><enum>history</enum></record><record orange="2119"><int>42</int><double>42345.4232</double><name>name123_45</name><string>one two three</string><choice4>4 choice</choice4><enum>philosophy</enum></record><record orange="2120" apple="true"><int>42</int><double>42345.4232</double><name>name123_45</name><choice1>1 choice</choice1><enum>romance</enum></record><record orange="2121"><int>42</int><double>42345.4232</double><name>name123_45</name><string>one two three</string><choice2>2 choice</choice2><enum>fiction</enum></record><record orange="2122" apple="true"><int>42</int><double>42345.4232</double><name>name123_45</name><choice3>3 choice</choice3><enum>horror</enum></record><record orange="2123"><int>42</int><double>42345.4232</double><name>name123_45</name><string>one two three</string><choice4>4 choice</choice4><enum>history</enum></record><record orange="2124" apple="true"><int>42</int><double>42345.4232</double><name>name123_45</name><choice1>1 choice</choice1><enum>philosophy</enum></record><record orange="2125"><int>42</int><double>42345.4232</double><name>name123_45</name><string>one two three</string><choice2>2 choice</choice2><enum>romance</enum></record><record orange="2126" apple="true"><int>42</int><double>42345.4232</double><name>name123_45</name><choice3>3 choice</choice3><enum>fiction</enum></record><record orange="2127"><int>42</int><double>42345.4232</double><name>name123_45</name><string>one two three</string><choice4>4 choice</choice4><enum>horror</enum></record><record orange="2128" apple="true"><int>42</int><double>42345.4232</double><name>name123_45</name><choice1>1 choice</choice1><enum>history</enum></record><record orange="2129"><int>42</int><double>42345.4232</double><name>name123_45</name><string>one two three</string><choice2>2 choice</choice2><enum>philosophy</enum></record><record orange="2130" apple="true"><int>42</int><double>42345.4232</double><name>name123_45</name><choice3>3 choice</choice3><enum>romance</enum></record><record orange="2131"><int>42</int><double>42345.4232</double><name>name123_45</name><string>one two three</string><choice4>4 choice</choice4><enum>fiction</enum></record><record orange="2132" apple="true"><int>42</int><double>42345.4232</double><name>name123_45</name><choice1>1 choice</choice1><enum>horror</enum></record><record orange="2133"><int>42</int><double>42345.4232</double><name>name123_45</name><string>one two three</string><choice2>2 choice</choice2><enum>history</enum></record><record orange="2134" apple="true"><int>42</int><double>42345.4232</double><name>name123_45</name><choice3>3 choice</choice3><enum>philosophy</enum></record><record orange="2135"><int>42</int><double>42345.4232</double><name>name123_45</name><string>one two three</string><choice4>4 choice</choice4><enum>romance</enum></record><record orange="2136" apple="true"><int>42</int><double>42345.4232</double><name>name123_45</name><choice1>1 choice</choice1><enum>fiction</enum></record><record orange="2137"><int>42</int><double>42345.4232</double><name>name123_45</name><string>one two three</string><choice2>2 choice</choice2><enum>horror</enum></record><record orange="2138" apple="true"><int>42</int><double>42345.4232</double><name>name123_45</name><choice3>3 choice</choice3><enum>history</enum></record><record orange="2139"><int>42</int><double>42345.4232</double><name>name123_45</name><string>one two three</string><choice4>4 choice</choice4><enum>philosophy</enum></record><record orange="2140" apple="true"><int>42</int><double>42345.4232</double><name>name123_45</name><choice1>1 choice</choice1><enum>romance</enum></record><record orange="2141"><int>42</int><double>42345.4232</double><name>name123_45</name><string>one two three</string><choice2>2 choice</choice2><enum>fiction</enum></record><record orange="2142" apple="true"><int>42</int><double>42345.4232</double><name>name123_45</name><choice3>3 choice</choice3><enum>horror</enum></record><record orange="2143"><int>42</int><double>42345.4232</double><name>name123_45</name><string>one two three</string><choice4>4 choice</choice4><enum>history</enum></record><record orange="2144" apple="true"><int>42</int><double>42345.4232</double><name>name123_45</name><choice1>1 choice</choice1><enum>philosophy</enum></record><record orange="2145"><int>42</int><double>42345.4232</double><name>name123_45</name><string>one two three</string><choice2>2 choice</choice2><enum>romance</enum></record><record orange="2146" apple="true"><int>42</int><double>42345.4232</double><name>name123_45</name><choice3>3 choice</choice3><enum>fiction</enum></record><record orange="2147"><int>42</int><double>42345.4232</double><name>name123_45</name><string>one two three</string><choice4>4 choice</choice4><enum>horror</enum></record><record orange="2148" apple="true"><int>42</int><double>42345.4232</double><name>name123_45</name><choice1>1 choice</choice1><enum>history</enum></record><record orange="2149"><int>42</int><double>42345.4232</double><name>name123_45</name><string>one two three</string><choice2>2 choice</choice2><enum>philosophy</enum></record><record orange="2150" apple="true"><int>42</int><double>42345.4232</double><name>name123_45</name><choice3>3 choice</choice3><enum>romance</enum></record><record orange="2151"><int>42</int><double>42345.4232</double><name>name123_45</name><string>one two three</string><choice4>4 choice</choice4><enum>fiction</enum></record><record orange="2152" apple="true"><int>42</int><double>42345.4232</double><name>name123_45</name><choice1>1 choice</choice1><enum>horror</enum></record><record orange="2153"><int>42</int><double>42345.4232</double><name>name123_45</name><string>one two three</string><choice2>2 choice</choice2><enum>history</enum></record><record orange="2154" apple="true"><int>42</int><double>42345.4232</double><name>name123_45</name><choice3>3 choice</choice3><enum>philosophy</enum></record><record orange="2155"><int>42</int><double>42345.4232</double><name>name123_45</name><string>one two three</string><choice4>4 choice</choice4><enum>romance</enum></record><record orange="2156" apple="true"><int>42</int><double>42345.4232</double><name>name123_45</name><choice1>1 choice</choice1><enum>fiction</enum></record><record orange="2157"><int>42</int><double>42345.4232</double><name>name123_45</name><string>one two three</string><choice2>2 choice</choice2><enum>horror</enum></record><record orange="2158" apple="true"><int>42</int><double>42345.4232</double><name>name123_45</name><choice3>3 choice</choice3><enum>history</enum></record><record orange="2159"><int>42</int><double>42345.4232</double><name>name123_45</name><string>one two three</string><choice4>4 choice</choice4><enum>philosophy</enum></record><record orange="2160" apple="true"><int>42</int><double>42345.4232</double><name>name123_45</name><choice1>1 choice</choice1><enum>romance</enum></record><record orange="2161"><int>42</int><double>42345.4232</double><name>name123_45</name><string>one two three</string><choice2>2 choice</choice2><enum>fiction</enum></record><record orange="2162" apple="true"><int>42</int><double>42345.4232</double><name>name123_45</name><choice3>3 choice</choice3><enum>horror</enum></record><record orange="2163"><int>42</int><double>42345.4232</double><name>name123_45</name><string>one two three</string><choice4>4 choice</choice4><enum>history</enum></record><record orange="2164" apple="true"><int>42</int><double>42345.4232</double><name>name123_45</name><choice1>1 choice</choice1><enum>philosophy</enum></record><record orange="2165"><int>42</int><double>42345.4232</double><name>name123_45</name><string>one two three</string><choice2>2 choice</choice2><enum>romance</enum></record><record orange="2166" apple="true"><int>42</int><double>42345.4232</double><name>name123_45</name><choice3>3 choice</choice3><enum>fiction</enum></record><record orange="2167"><int>42</int><double>42345.4232</double><name>name123_45</name><string>one two three</string><choice4>4 choice</choice4><enum>horror</enum></record><record orange="2168" apple="true"><int>42</int><double>42345.4232</double><name>name123_45</name><choice1>1 choice</choice1><enum>history</enum></record><record orange="2169"><int>42</int><double>42345.4232</double><name>name123_45</name><string>one two three</string><choice2>2 choice</choice2><enum>philosophy</enum></record><record orange="2170" apple="true"><int>42</int><double>42345.4232</double><name>name123_45</name><choice3>3 choice</choice3><enum>romance</enum></record><record orange="2171"><int>42</int><double>42345.4232</double><name>name123_45</name><string>one two three</string><choice4>4 choice</choice4><enum>fiction</enum></record><record orange="2172" apple="true"><int>42</int><double>42345.4232</double><name>name123_45</name><choice1>1 choice</choice1><enum>horror</enum></record><record orange="2173"><int>42</int><double>42345.4232</double><name>name123_45</name><string>one two three</string><choice2>2 choice</choice2><enum>history</enum></record><record orange="2174" apple="true"><int>42</int><double>42345.4232</double><name>name123_45</name><choice3>3 choice</choice3><enum>philosophy</enum></record><record orange="2175"><int>42</int><double>42345.4232</double><name>name123_45</name><string>one two three</string><choice4>4 choice</choice4><enum>romance</enum></record><record orange="2176" apple="true"><int>42</int><double>42345.4232</double><name>name123_45</name><choice1>1 choice</choice1><enum>fiction</enum></record><record orange="2177"><int>42</int><double>42345.4232</double><name>name123_45</name><string>one two three</string><choice2>2 choice</choice2><enum>horror</enum></record><record orange="2178" apple="true"><int>42</int><double>42345.4232</double><name>name123_45</name><choice3>3 choice</choice3><enum>history</enum></record><record orange="2179"><int>42</int><double>42345.4232</double><name>name123_45</name><string>one two three</string><choice4>4 choice</choice4><enum>philosophy</enum></record><record orange="2180" apple="true"><int>42</int><double>42345.4232</double><name>name123_45</name><choice1>1 choice</choice1><enum>romance</enum></record><record orange="2181"><int>42</int><double>42345.4232</double><name>name123_45</name><string>one two three</string><choice2>2 choice</choice2><enum>fiction</enum></record><record orange="2182" apple="true"><int>42</int><double>42345.4232</double><name>name123_45</name><choice3>3 choice</choice3><enum>horror</enum></record><record orange="2183"><int>42</int><double>42345.4232</double><name>name123_45</name><string>one two three</string><choice4>4 choice</choice4><enum>history</enum></record><record orange="2184" apple="true"><int>42</int><double>42345.4232</double><name>name123_45</name><choice1>1 choice</choice1><enum>philosophy</enum></record><record orange="2185"><int>42</int><double>42345.4232</double><name>name123_45</name><string>one two three</string><choice2>2 choice</choice2><enum>romance</enum></record><record orange="2186" apple="true"><int>42</int><double>42345.4232</double><name>name123_45</name><choice3>3 choice</choice3><enum>fiction</enum></record><record orange="2187"><int>42</int><double>42345.4232</double><name>name123_45</name><string>one two three</string><choice4>4 choice</choice4><enum>horror</enum></record><record orange="2188" apple="true"><int>42</int><double>42345.4232</double><name>name123_45</name><choice1>1 choice</choice1><enum>history</enum></record><record orange="2189"><int>42</int><double>42345.4232</double><name>name123_45</name><string>one two three</string><choice2>2 choice</choice2><enum>philosophy</enum></record><record orange="2190" apple="true"><int>42</int><double>42345.4232</double><name>name123_45</name><choice3>3 choice</choice3><enum>romance</enum></record><record orange="2191"><int>42</int><double>42345.4232</double><name>name123_45</name><string>one two three</string><choice4>4 choice</choice4><enum>fiction</enum></record><record orange="2192" apple="true"><int>42</int><double>42345.4232</double><name>name123_45</name><choice1>1 choice</choice1><enum>horror</enum></record><record orange="2193"><int>42</int><double>42345.4232</double><name>name123_45</name><string>one two three</string><choice2>2 choice</choice2><enum>history</enum></record><record orange="2194" apple="true"><int>42</int><double>42345.4232</double><name>name123_45</name><choice3>3 choice</choice3><enum>philosophy</enum></record><record orange="2195"><int>42</int><double>42345.4232</double><name>name123_45</name><string>one two three</string><choice4>4 choice</choice4><enum>romance</enum></record><record orange="2196" apple="true"><int>42</int><double>42345.4232</double><name>name123_45</name><choice1>1 choice</choice1><enum>fiction</enum></record><record orange="2197"><int>42</int><double>42345.4232</double><name>name123_45</name><string>one two three</string><choice2>2 choice</choice2><enum>horror</enum></record><record orange="2198" apple="true"><int>42</int><double>42345.4232</double><name>name123_45</name><choice3>3 choice</choice3><enum>history</enum></record><record orange="2199"><int>42</int><double>42345.4232</double><name>name123_45</name><string>one two three</string><choice4>4 choice</choice4><enum>philosophy</enum></record><record orange="2200" apple="true"><int>42</int><double>42345.4232</double><name>name123_45</name><choice1>1 choice</choice1><enum>romance</enum></record><record orange="2201"><int>42</int><double>42345.4232</double><name>name123_45</name><string>one two three</string><choice2>2 choice</choice2><enum>fiction</enum></record><record orange="2202" apple="true"><int>42</int><double>42345.4232</double><name>name123_45</name><choice3>3 choice</choice3><enum>horror</enum></record><record orange="2203"><int>42</int><double>42345.4232</double><name>name123_45</name><string>one two three</string><choice4>4 choice</choice4><enum>history</enum></record><record orange="2204" apple="true"><int>42</int><double>42345.4232</double><name>name123_45</name><choice1>1 choice</choice1><enum>philosophy</enum></record><record orange="2205"><int>42</int><double>42345.4232</double><name>name123_45</name><string>one two three</string><choice2>2 choice</choice2><enum>romance</enum></record><record orange="2206" apple="true"><int>42</int><double>42345.4232</double><name>name123_45</name><choice3>3 choice</choice3><enum>fiction</enum></record><record orange="2207"><int>42</int><double>42345.4232</double><name>name123_45</name><string>one two three</string><choice4>4 choice</choice4><enum>horror</enum></record><record orange="2208" apple="true"><int>42</int><double>42345.4232</double><name>name123_45</name><choice1>1 choice</choice1><enum>history</enum></record><record orange="2209"><int>42</int><double>42345.4232</double><name>name123_45</name><string>one two three</string><choice2>2 choice</choice2><enum>philosophy</enum></record><record orange="2210" apple="true"><int>42</int><double>42345.4232</double><name>name123_45</name><choice3>3 choice</choice3><enum>romance</enum></record><record orange="2211"><int>42</int><double>42345.4232</double><name>name123_45</name><string>one two three</string><choice4>4 choice</choice4><enum>fiction</enum></record><record orange="2212" apple="true"><int>42</int><double>42345.4232</double><name>name123_45</name><choice1>1 choice</choice1><enum>horror</enum></record><record orange="2213"><int>42</int><double>42345.4232</double><name>name123_45</name><string>one two three</string><choice2>2 choice</choice2><enum>history</enum></record><record orange="2214" apple="true"><int>42</int><double>42345.4232</double><name>name123_45</name><choice3>3 choice</choice3><enum>philosophy</enum></record><record orange="2215"><int>42</int><double>42345.4232</double><name>name123_45</name><string>one two three</string><choice4>4 choice</choice4><enum>romance</enum></record><record orange="2216" apple="true"><int>42</int><double>42345.4232</double><name>name123_45</name><choice1>1 choice</choice1><enum>fiction</enum></record><record orange="2217"><int>42</int><double>42345.4232</double><name>name123_45</name><string>one two three</string><choice2>2 choice</choice2><enum>horror</enum></record><record orange="2218" apple="true"><int>42</int><double>42345.4232</double><name>name123_45</name><choice3>3 choice</choice3><enum>history</enum></record><record orange="2219"><int>42</int><double>42345.4232</double><name>name123_45</name><string>one two three</string><choice4>4 choice</choice4><enum>philosophy</enum></record><record orange="2220" apple="true"><int>42</int><double>42345.4232</double><name>name123_45</name><choice1>1 choice</choice1><enum>romance</enum></record><record orange="2221"><int>42</int><double>42345.4232</double><name>name123_45</name><string>one two three</string><choice2>2 choice</choice2><enum>fiction</enum></record><record orange="2222" apple="true"><int>42</int><double>42345.4232</double><name>name123_45</name><choice3>3 choice</choice3><enum>horror</enum></record><record orange="2223"><int>42</int><double>42345.4232</double><name>name123_45</name><string>one two three</string><choice4>4 choice</choice4><enum>history</enum></record><record orange="2224" apple="true"><int>42</int><double>42345.4232</double><name>name123_45</name><choice1>1 choice</choice1><enum>philosophy</enum></record><record orange="2225"><int>42</int><double>42345.4232</double><name>name123_45</name><string>one two three</string><choice2>2 choice</choice2><enum>romance</enum></record><record orange="2226" apple="true"><int>42</int><double>42345.4232</double><name>name123_45</name><choice3>3 choice</choice3><enum>fiction</enum></record><record orange="2227"><int>42</int><double>42345.4232</double><name>name123_45</name><string>one two three</string><choice4>4 choice</choice4><enum>horror</enum></record><record orange="2228" apple="true"><int>42</int><double>42345.4232</double><name>name123_45</name><choice1>1 choice</choice1><enum>history</enum></record><record orange="2229"><int>42</int><double>42345.4232</double><name>name123_45</name><string>one two three</string><choice2>2 choice</choice2><enum>philosophy</enum></record><record orange="2230" apple="true"><int>42</int><double>42345.4232</double><name>name123_45</name><choice3>3 choice</choice3><enum>romance</enum></record><record orange="2231"><int>42</int><double>42345.4232</double><name>name123_45</name><string>one two three</string><choice4>4 choice</choice4><enum>fiction</enum></record><record orange="2232" apple="true"><int>42</int><double>42345.4232</double><name>name123_45</name><choice1>1 choice</choice1><enum>horror</enum></record><record orange="2233"><int>42</int><double>42345.4232</double><name>name123_45</name><string>one two three</string><choice2>2 choice</choice2><enum>history</enum></record><record orange="2234" apple="true"><int>42</int><double>42345.4232</double><name>name123_45</name><choice3>3 choice</choice3><enum>philosophy</enum></record><record orange="2235"><int>42</int><double>42345.4232</double><name>name123_45</name><string>one two three</string><choice4>4 choice</choice4><enum>romance</enum></record><record orange="2236" apple="true"><int>42</int><double>42345.4232</double><name>name123_45</name><choice1>1 choice</choice1><enum>fiction</enum></record><record orange="2237"><int>42</int><double>42345.4232</double><name>name123_45</name><string>one two three</string><choice2>2 choice</choice2><enum>horror</enum></record><record orange="2238" apple="true"><int>42</int><double>42345.4232</double><name>name123_45</name><choice3>3 choice</choice3><enum>history</enum></record><record orange="2239"><int>42</int><double>42345.4232</double><name>name123_45</name><string>one two three</string><choice4>4 choice</choice4><enum>philosophy</enum></record><record orange="2240" apple="true"><int>42</int><double>42345.4232</double><name>name123_45</name><choice1>1 choice</choice1><enum>romance</enum></record><record orange="2241"><int>42</int><double>42345.4232</double><name>name123_45</name><string>one two three</string><choice2>2 choice</choice2><enum>fiction</enum></record><record orange="2242" apple="true"><int>42</int><double>42345.4232</double><name>name123_45</name><choice3>3 choice</choice3><enum>horror</enum></record><record orange="2243"><int>42</int><double>42345.4232</double><name>name123_45</name><string>one two three</string><choice4>4 choice</choice4><enum>history</enum></record><record orange="2244" apple="true"><int>42</int><double>42345.4232</double><name>name123_45</name><choice1>1 choice</choice1><enum>philosophy</enum></record><record orange="2245"><int>42</int><double>42345.4232</double><name>name123_45</name><string>one two three</string><choice2>2 choice</choice2><enum>romance</enum></record><record orange="2246" apple="true"><int>42</int><double>42345.4232</double><name>name123_45</name><choice3>3 choice</choice3><enum>fiction</enum></record><record orange="2247"><int>42</int><double>42345.4232</double><name>name123_45</name><string>one two three</string><choice4>4 choice</choice4><enum>horror</enum></record><record orange="2248" apple="true"><int>42</int><double>42345.4232</double><name>name123_45</name><choice1>1 choice</choice1><enum>history</enum></record><record orange="2249"><int>42</int><double>42345.4232</double><name>name123_45</name><string>one two three</string><choice2>2 choice</choice2><enum>philosophy</enum></record><record orange="2250" apple="true"><int>42</int><double>42345.4232</double><name>name123_45</name><choice3>3 choice</choice3><enum>romance</enum></record><record orange="2251"><int>42</int><double>42345.4232</double><name>name123_45</name><string>one two three</string><choice4>4 choice</choice4><enum>fiction</enum></record><record orange="2252" apple="true"><int>42</int><double>42345.4232</double><name>name123_45</name><choice1>1 choice</choice1><enum>horror</enum></record><record orange="2253"><int>42</int><double>42345.4232</double><name>name123_45</name><string>one two three</string><choice2>2 choice</choice2><enum>history</enum></record><record orange="2254" apple="true"><int>42</int><double>42345.4232</double><name>name123_45</name><choice3>3 choice</choice3><enum>philosophy</enum></record><record orange="2255"><int>42</int><double>42345.4232</double><name>name123_45</name><string>one two three</string><choice4>4 choice</choice4><enum>romance</enum></record><record orange="2256" apple="true"><int>42</int><double>42345.4232</double><name>name123_45</name><choice1>1 choice</choice1><enum>fiction</enum></record><record orange="2257"><int>42</int><double>42345.4232</double><name>name123_45</name><string>one two three</string><choice2>2 choice</choice2><enum>horror</enum></record><record orange="2258" apple="true"><int>42</int><double>42345.4232</double><name>name123_45</name><choice3>3 choice</choice3><enum>history</enum></record><record orange="2259"><int>42</int><double>42345.4232</double><name>name123_45</name><string>one two three</string><choice4>4 choice</choice4><enum>philosophy</enum></record><record orange="2260" apple="true"><int>42</int><double>42345.4232</double><name>name123_45</name><choice1>1 choice</choice1><enum>romance</enum></record><record orange="2261"><int>42</int><double>42345.4232</double><name>name123_45</name><string>one two three</string><choice2>2 choice</choice2><enum>fiction</enum></record><record orange="2262" apple="true"><int>42</int><double>42345.4232</double><name>name123_45</name><choice3>3 choice</choice3><enum>horror</enum></record><record orange="2263"><int>42</int><double>42345.4232</double><name>name123_45</name><string>one two three</string><choice4>4 choice</choice4><enum>history</enum></record><record orange="2264" apple="true"><int>42</int><double>42345.4232</double><name>name123_45</name><choice1>1 choice</choice1><enum>philosophy</enum></record><record orange="2265"><int>42</int><double>42345.4232</double><name>name123_45</name><string>one two three</string><choice2>2 choice</choice2><enum>romance</enum></record><record orange="2266" apple="true"><int>42</int><double>42345.4232</double><name>name123_45</name><choice3>3 choice</choice3><enum>fiction</enum></record><record orange="2267"><int>42</int><double>42345.4232</double><name>name123_45</name><string>one two three</string><choice4>4 choice</choice4><enum>horror</enum></record><record orange="2268" apple="true"><int>42</int><double>42345.4232</double><name>name123_45</name><choice1>1 choice</choice1><enum>history</enum></record><record orange="2269"><int>42</int><double>42345.4232</double><name>name123_45</name><string>one two three</string><choice2>2 choice</choice2><enum>philosophy</enum></record><record orange="2270" apple="true"><int>42</int><double>42345.4232</double><name>name123_45</name><choice3>3 choice</choice3><enum>romance</enum></record><record orange="2271"><int>42</int><double>42345.4232</double><name>name123_45</name><string>one two three</string><choice4>4 choice</choice4><enum>fiction</enum></record><record orange="2272" apple="true"><int>42</int><double>42345.4232</double><name>name123_45</name><choice1>1 choice</choice1><enum>horror</enum></record><record orange="2273"><int>42</int><double>42345.4232</double><name>name123_45</name><string>one two three</string><choice2>2 choice</choice2><enum>history</enum></record><record orange="2274" apple="true"><int>42</int><double>42345.4232</double><name>name123_45</name><choice3>3 choice</choice3><enum>philosophy</enum></record><record orange="2275"><int>42</int><double>42345.4232</double><name>name123_45</name><string>one two three</string><choice4>4 choice</choice4><enum>romance</enum></record><record orange="2276" apple="true"><int>42</int><double>42345.4232</double><name>name123_45</name><choice1>1 choice</choice1><enum>fiction</enum></record><record orange="2277"><int>42</int><double>42345.4232</double><name>name123_45</name><string>one two three</string><choice2>2 choice</choice2><enum>horror</enum></record><record orange="2278" apple="true"><int>42</int><double>42345.4232</double><name>name123_45</name><choice3>3 choice</choice3><enum>history</enum></record><record orange="2279"><int>42</int><double>42345.4232</double><name>name123_45</name><string>one two three</string><choice4>4 choice</choice4><enum>philosophy</enum></record><record orange="2280" apple="true"><int>42</int><double>42345.4232</double><name>name123_45</name><choice1>1 choice</choice1><enum>romance</enum></record><record orange="2281"><int>42</int><double>42345.4232</double><name>name123_45</name><string>one two three</string><choice2>2 choice</choice2><enum>fiction</enum></record><record orange="2282" apple="true"><int>42</int><double>42345.4232</double><name>name123_45</name><choice3>3 choice</choice3><enum>horror</enum></record><record orange="2283"><int>42</int><double>42345.4232</double><name>name123_45</name><string>one two three</string><choice4>4 choice</choice4><enum>history</enum></record><record orange="2284" apple="true"><int>42</int><double>42345.4232</double><name>name123_45</name><choice1>1 choice</choice1><enum>philosophy</enum></record><record orange="2285"><int>42</int><double>42345.4232</double><name>name123_45</name><string>one two three</string><choice2>2 choice</choice2><enum>romance</enum></record><record orange="2286" apple="true"><int>42</int><double>42345.4232</double><name>name123_45</name><choice3>3 choice</choice3><enum>fiction</enum></record><record orange="2287"><int>42</int><double>42345.4232</double><name>name123_45</name><string>one two three</string><choice4>4 choice</choice4><enum>horror</enum></record><record orange="2288" apple="true"><int>42</int><double>42345.4232</double><name>name123_45</name><choice1>1 choice</choice1><enum>history</enum></record><record orange="2289"><int>42</int><double>42345.4232</double><name>name123_45</name><string>one two three</string><choice2>2 choice</choice2><enum>philosophy</enum></record><record orange="2290" apple="true"><int>42</int><double>42345.4232</double><name>name123_45</name><choice3>3 choice</choice3><enum>romance</enum></record><record orange="2291"><int>42</int><double>42345.4232</double><name>name123_45</name><string>one two three</string><choice4>4 choice</choice4><enum>fiction</enum></record><record orange="2292" apple="true"><int>42</int><double>42345.4232</double><name>name123_45</name><choice1>1 choice</choice1><enum>horror</enum></record><record orange="2293"><int>42</int><double>42345.4232</double><name>name123_45</name><string>one two three</string><choice2>2 choice</choice2><enum>history</enum></record><record orange="2294" apple="true"><int>42</int><double>42345.4232</double><name>name123_45</name><choice3>3 choice</choice3><enum>philosophy</enum></record><record orange="2295"><int>42</int><double>42345.4232</double><name>name123_45</name><string>one two three</string><choice4>4 choice</choice4><enum>romance</enum></record><record orange="2296" apple="true"><int>42</int><double>42345.4232</double><name>name123_45</name><choice1>1 choice</choice1><enum>fiction</enum></record><record orange="2297"><int>42</int><double>42345.4232</double><name>name123_45</name><string>one two three</string><choice2>2 choice</choice2><enum>horror</enum></record><record orange="2298" apple="true"><int>42</int><double>42345.4232</double><name>name123_45</name><choice3>3 choice</choice3><enum>history</enum></record><record orange="2299"><int>42</int><double>42345.4232</double><name>name123_45</name><string>one two three</string><choice4>4 choice</choice4><enum>philosophy</enum></record><record orange="2300" apple="true"><int>42</int><double>42345.4232</double><name>name123_45</name><choice1>1 choice</choice1><enum>romance</enum></record><record orange="2301"><int>42</int><double>42345.4232</double><name>name123_45</name><string>one two three</string><choice2>2 choice</choice2><enum>fiction</enum></record><record orange="2302" apple="true"><int>42</int><double>42345.4232</double><name>name123_45</name><choice3>3 choice</choice3><enum>horror</enum></record><record orange="2303"><int>42</int><double>42345.4232</double><name>name123_45</name><string>one two three</string><choice4>4 choice</choice4><enum>history</enum></record><record orange="2304" apple="true"><int>42</int><double>42345.4232</double><name>name123_45</name><choice1>1 choice</choice1><enum>philosophy</enum></record><record orange="2305"><int>42</int><double>42345.4232</double><name>name123_45</name><string>one two three</string><choice2>2 choice</choice2><enum>romance</enum></record><record orange="2306" apple="true"><int>42</int><double>42345.4232</double><name>name123_45</name><choice3>3 choice</choice3><enum>fiction</enum></record><record orange="2307"><int>42</int><double>42345.4232</double><name>name123_45</name><string>one two three</string><choice4>4 choice</choice4><enum>horror</enum></record><record orange="2308" apple="true"><int>42</int><double>42345.4232</double><name>name123_45</name><choice1>1 choice</choice1><enum>history</enum></record><record orange="2309"><int>42</int><double>42345.4232</double><name>name123_45</name><string>one two three</string><choice2>2 choice</choice2><enum>philosophy</enum></record><record orange="2310" apple="true"><int>42</int><double>42345.4232</double><name>name123_45</name><choice3>3 choice</choice3><enum>romance</enum></record><record orange="2311"><int>42</int><double>42345.4232</double><name>name123_45</name><string>one two three</string><choice4>4 choice</choice4><enum>fiction</enum></record><record orange="2312" apple="true"><int>42</int><double>42345.4232</double><name>name123_45</name><choice1>1 choice</choice1><enum>horror</enum></record><record orange="2313"><int>42</int><double>42345.4232</double><name>name123_45</name><string>one two three</string><choice2>2 choice</choice2><enum>history</enum></record><record orange="2314" apple="true"><int>42</int><double>42345.4232</double><name>name123_45</name><choice3>3 choice</choice3><enum>philosophy</enum></record><record orange="2315"><int>42</int><double>42345.4232</double><name>name123_45</name><string>one two three</string><choice4>4 choice</choice4><enum>romance</enum></record><record orange="2316" apple="true"><int>42</int><double>42345.4232</double><name>name123_45</name><choice1>1 choice</choice1><enum>fiction</enum></record><record orange="2317"><int>42</int><double>42345.4232</double><name>name123_45</name><string>one two three</string><choice2>2 choice</choice2><enum>horror</enum></record><record orange="2318" apple="true"><int>42</int><double>42345.4232</double><name>name123_45</name><choice3>3 choice</choice3><enum>history</enum></record><record orange="2319"><int>42</int><double>42345.4232</double><name>name123_45</name><string>one two three</string><choice4>4 choice</choice4><enum>philosophy</enum></record><record orange="2320" apple="true"><int>42</int><double>42345.4232</double><name>name123_45</name><choice1>1 choice</choice1><enum>romance</enum></record><record orange="2321"><int>42</int><double>42345.4232</double><name>name123_45</name><string>one two three</string><choice2>2 choice</choice2><enum>fiction</enum></record><record orange="2322" apple="true"><int>42</int><double>42345.4232</double><name>name123_45</name><choice3>3 choice</choice3><enum>horror</enum></record><record orange="2323"><int>42</int><double>42345.4232</double><name>name123_45</name><string>one two three</string><choice4>4 choice</choice4><enum>history</enum></record><record orange="2324" apple="true"><int>42</int><double>42345.4232</double><name>name123_45</name><choice1>1 choice</choice1><enum>philosophy</enum></record><record orange="2325"><int>42</int><double>42345.4232</double><name>name123_45</name><string>one two three</string><choice2>2 choice</choice2><enum>romance</enum></record><record orange="2326" apple="true"><int>42</int><double>42345.4232</double><name>name123_45</name><choice3>3 choice</choice3><enum>fiction</enum></record><record orange="2327"><int>42</int><double>42345.4232</double><name>name123_45</name><string>one two three</string><choice4>4 choice</choice4><enum>horror</enum></record><record orange="2328" apple="true"><int>42</int><double>42345.4232</double><name>name123_45</name><choice1>1 choice</choice1><enum>history</enum></record><record orange="2329"><int>42</int><double>42345.4232</double><name>name123_45</name><string>one two three</string><choice2>2 choice</choice2><enum>philosophy</enum></record><record orange="2330" apple="true"><int>42</int><double>42345.4232</double><name>name123_45</name><choice3>3 choice</choice3><enum>romance</enum></record><record orange="2331"><int>42</int><double>42345.4232</double><name>name123_45</name><string>one two three</string><choice4>4 choice</choice4><enum>fiction</enum></record><record orange="2332" apple="true"><int>42</int><double>42345.4232</double><name>name123_45</name><choice1>1 choice</choice1><enum>horror</enum></record><record orange="2333"><int>42</int><double>42345.4232</double><name>name123_45</name><string>one two three</string><choice2>2 choice</choice2><enum>history</enum></record><record orange="2334" apple="true"><int>42</int><double>42345.4232</double><name>name123_45</name><choice3>3 choice</choice3><enum>philosophy</enum></record><record orange="2335"><int>42</int><double>42345.4232</double><name>name123_45</name><string>one two three</string><choice4>4 choice</choice4><enum>romance</enum></record><record orange="2336" apple="true"><int>42</int><double>42345.4232</double><name>name123_45</name><choice1>1 choice</choice1><enum>fiction</enum></record><record orange="2337"><int>42</int><double>42345.4232</double><name>name123_45</name><string>one two three</string><choice2>2 choice</choice2><enum>horror</enum></record><record orange="2338" apple="true"><int>42</int><double>42345.4232</double><name>name123_45</name><choice3>3 choice</choice3><enum>history</enum></record><record orange="2339"><int>42</int><double>42345.4232</double><name>name123_45</name><string>one two three</string><choice4>4 choice</choice4><enum>philosophy</enum></record><record orange="2340" apple="true"><int>42</int><double>42345.4232</double><name>name123_45</name><choice1>1 choice</choice1><enum>romance</enum></record><record orange="2341"><int>42</int><double>42345.4232</double><name>name123_45</name><string>one two three</string><choice2>2 choice</choice2><enum>fiction</enum></record><record orange="2342" apple="true"><int>42</int><double>42345.4232</double><name>name123_45</name><choice3>3 choice</choice3><enum>horror</enum></record><record orange="2343"><int>42</int><double>42345.4232</double><name>name123_45</name><string>one two three</string><choice4>4 choice</choice4><enum>history</enum></record><record orange="2344" apple="true"><int>42</int><double>42345.4232</double><name>name123_45</name><choice1>1 choice</choice1><enum>philosophy</enum></record><record orange="2345"><int>42</int><double>42345.4232</double><name>name123_45</name><string>one two three</string><choice2>2 choice</choice2><enum>romance</enum></record><record orange="2346" apple="true"><int>42</int><double>42345.4232</double><name>name123_45</name><choice3>3 choice</choice3><enum>fiction</enum></record><record orange="2347"><int>42</int><double>42345.4232</double><name>name123_45</name><string>one two three</string><choice4>4 choice</choice4><enum>horror</enum></record><record orange="2348" apple="true"><int>42</int><double>42345.4232</double><name>name123_45</name><choice1>1 choice</choice1><enum>history</enum></record><record orange="2349"><int>42</int><double>42345.4232</double><name>name123_45</name><string>one two three</string><choice2>2 choice</choice2><enum>philosophy</enum></record><record orange="2350" apple="true"><int>42</int><double>42345.4232</double><name>name123_45</name><choice3>3 choice</choice3><enum>romance</enum></record><record orange="2351"><int>42</int><double>42345.4232</double><name>name123_45</name><string>one two three</string><choice4>4 choice</choice4><enum>fiction</enum></record><record orange="2352" apple="true"><int>42</int><double>42345.4232</double><name>name123_45</name><choice1>1 choice</choice1><enum>horror</enum></record><record orange="2353"><int>42</int><double>42345.4232</double><name>name123_45</name><string>one two three</string><choice2>2 choice</choice2><enum>history</enum></record><record orange="2354" apple="true"><int>42</int><double>42345.4232</double><name>name123_45</name><choice3>3 choice</choice3><enum>philosophy</enum></record><record orange="2355"><int>42</int><double>42345.4232</double><name>name123_45</name><string>one two three</string><choice4>4 choice</choice4><enum>romance</enum></record><record orange="2356" apple="true"><int>42</int><double>42345.4232</double><name>name123_45</name><choice1>1 choice</choice1><enum>fiction</enum></record><record orange="2357"><int>42</int><double>42345.4232</double><name>name123_45</name><string>one two three</string><choice2>2 choice</choice2><enum>horror</enum></record><record orange="2358" apple="true"><int>42</int><double>42345.4232</double><name>name123_45</name><choice3>3 choice</choice3><enum>history</enum></record><record orange="2359"><int>42</int><double>42345.4232</double><name>name123_45</name><string>one two three</string><choice4>4 choice</choice4><enum>philosophy</enum></record><record orange="2360" apple="true"><int>42</int><double>42345.4232</double><name>name123_45</name><choice1>1 choice</choice1><enum>romance</enum></record><record orange="2361"><int>42</int><double>42345.4232</double><name>name123_45</name><string>one two three</string><choice2>2 choice</choice2><enum>fiction</enum></record><record orange="2362" apple="true"><int>42</int><double>42345.4232</double><name>name123_45</name><choice3>3 choice</choice3><enum>horror</enum></record><record orange="2363"><int>42</int><double>42345.4232</double><name>name123_45</name><string>one two three</string><choice4>4 choice</choice4><enum>history</enum></record><record orange="2364" apple="true"><int>42</int><double>42345.4232</double><name>name123_45</name><choice1>1 choice</choice1><enum>philosophy</enum></record><record orange="2365"><int>42</int><double>42345.4232</double><name>name123_45</name><string>one two three</string><choice2>2 choice</choice2><enum>romance</enum></record><record orange="2366" apple="true"><int>42</int><double>42345.4232</double><name>name123_45</name><choice3>3 choice</choice3><enum>fiction</enum></record><record orange="2367"><int>42</int><double>42345.4232</double><name>name123_45</name><string>one two three</string><choice4>4 choice</choice4><enum>horror</enum></record><record orange="2368" apple="true"><int>42</int><double>42345.4232</double><name>name123_45</name><choice1>1 choice</choice1><enum>history</enum></record><record orange="2369"><int>42</int><double>42345.4232</double><name>name123_45</name><string>one two three</string><choice2>2 choice</choice2><enum>philosophy</enum></record><record orange="2370" apple="true"><int>42</int><double>42345.4232</double><name>name123_45</name><choice3>3 choice</choice3><enum>romance</enum></record><record orange="2371"><int>42</int><double>42345.4232</double><name>name123_45</name><string>one two three</string><choice4>4 choice</choice4><enum>fiction</enum></record><record orange="2372" apple="true"><int>42</int><double>42345.4232</double><name>name123_45</name><choice1>1 choice</choice1><enum>horror</enum></record><record orange="2373"><int>42</int><double>42345.4232</double><name>name123_45</name><string>one two three</string><choice2>2 choice</choice2><enum>history</enum></record><record orange="2374" apple="true"><int>42</int><double>42345.4232</double><name>name123_45</name><choice3>3 choice</choice3><enum>philosophy</enum></record><record orange="2375"><int>42</int><double>42345.4232</double><name>name123_45</name><string>one two three</string><choice4>4 choice</choice4><enum>romance</enum></record><record orange="2376" apple="true"><int>42</int><double>42345.4232</double><name>name123_45</name><choice1>1 choice</choice1><enum>fiction</enum></record><record orange="2377"><int>42</int><double>42345.4232</double><name>name123_45</name><string>one two three</string><choice2>2 choice</choice2><enum>horror</enum></record><record orange="2378" apple="true"><int>42</int><double>42345.4232</double><name>name123_45</name><choice3>3 choice</choice3><enum>history</enum></record><record orange="2379"><int>42</int><double>42345.4232</double><name>name123_45</name><string>one two three</string><choice4>4 choice</choice4><enum>philosophy</enum></record><record orange="2380" apple="true"><int>42</int><double>42345.4232</double><name>name123_45</name><choice1>1 choice</choice1><enum>romance</enum></record><record orange="2381"><int>42</int><double>42345.4232</double><name>name123_45</name><string>one two three</string><choice2>2 choice</choice2><enum>fiction</enum></record><record orange="2382" apple="true"><int>42</int><double>42345.4232</double><name>name123_45</name><choice3>3 choice</choice3><enum>horror</enum></record><record orange="2383"><int>42</int><double>42345.4232</double><name>name123_45</name><string>one two three</string><choice4>4 choice</choice4><enum>history</enum></record><record orange="2384" apple="true"><int>42</int><double>42345.4232</double><name>name123_45</name><choice1>1 choice</choice1><enum>philosophy</enum></record><record orange="2385"><int>42</int><double>42345.4232</double><name>name123_45</name><string>one two three</string><choice2>2 choice</choice2><enum>romance</enum></record><record orange="2386" apple="true"><int>42</int><double>42345.4232</double><name>name123_45</name><choice3>3 choice</choice3><enum>fiction</enum></record><record orange="2387"><int>42</int><double>42345.4232</double><name>name123_45</name><string>one two three</string><choice4>4 choice</choice4><enum>horror</enum></record><record orange="2388" apple="true"><int>42</int><double>42345.4232</double><name>name123_45</name><choice1>1 choice</choice1><enum>history</enum></record><record orange="2389"><int>42</int><double>42345.4232</double><name>name123_45</name><string>one two three</string><choice2>2 choice</choice2><enum>philosophy</enum></record><record orange="2390" apple="true"><int>42</int><double>42345.4232</double><name>name123_45</name><choice3>3 choice</choice3><enum>romance</enum></record><record orange="2391"><int>42</int><double>42345.4232</double><name>name123_45</name><string>one two three</string><choice4>4 choice</choice4><enum>fiction</enum></record><record orange="2392" apple="true"><int>42</int><double>42345.4232</double><name>name123_45</name><choice1>1 choice</choice1><enum>horror</enum></record><record orange="2393"><int>42</int><double>42345.4232</double><name>name123_45</name><string>one two three</string><choice2>2 choice</choice2><enum>history</enum></record><record orange="2394" apple="true"><int>42</int><double>42345.4232</double><name>name123_45</name><choice3>3 choice</choice3><enum>philosophy</enum></record><record orange="2395"><int>42</int><double>42345.4232</double><name>name123_45</name><string>one two three</string><choice4>4 choice</choice4><enum>romance</enum></record><record orange="2396" apple="true"><int>42</int><double>42345.4232</double><name>name123_45</name><choice1>1 choice</choice1><enum>fiction</enum></record><record orange="2397"><int>42</int><double>42345.4232</double><name>name123_45</name><string>one two three</string><choice2>2 choice</choice2><enum>horror</enum></record><record orange="2398" apple="true"><int>42</int><double>42345.4232</double><name>name123_45</name><choice3>3 choice</choice3><enum>history</enum></record><record orange="2399"><int>42</int><double>42345.4232</double><name>name123_45</name><string>one two three</string><choice4>4 choice</choice4><enum>philosophy</enum></record><record orange="2400" apple="true"><int>42</int><double>42345.4232</double><name>name123_45</name><choice1>1 choice</choice1><enum>romance</enum></record><record orange="2401"><int>42</int><double>42345.4232</double><name>name123_45</name><string>one two three</string><choice2>2 choice</choice2><enum>fiction</enum></record><record orange="2402" apple="true"><int>42</int><double>42345.4232</double><name>name123_45</name><choice3>3 choice</choice3><enum>horror</enum></record><record orange="2403"><int>42</int><double>42345.4232</double><name>name123_45</name><string>one two three</string><choice4>4 choice</choice4><enum>history</enum></record><record orange="2404" apple="true"><int>42</int><double>42345.4232</double><name>name123_45</name><choice1>1 choice</choice1><enum>philosophy</enum></record><record orange="2405"><int>42</int><double>42345.4232</double><name>name123_45</name><string>one two three</string><choice2>2 choice</choice2><enum>romance</enum></record><record orange="2406" apple="true"><int>42</int><double>42345.4232</double><name>name123_45</name><choice3>3 choice</choice3><enum>fiction</enum></record><record orange="2407"><int>42</int><double>42345.4232</double><name>name123_45</name><string>one two three</string><choice4>4 choice</choice4><enum>horror</enum></record><record orange="2408" apple="true"><int>42</int><double>42345.4232</double><name>name123_45</name><choice1>1 choice</choice1><enum>history</enum></record><record orange="2409"><int>42</int><double>42345.4232</double><name>name123_45</name><string>one two three</string><choice2>2 choice</choice2><enum>philosophy</enum></record><record orange="2410" apple="true"><int>42</int><double>42345.4232</double><name>name123_45</name><choice3>3 choice</choice3><enum>romance</enum></record><record orange="2411"><int>42</int><double>42345.4232</double><name>name123_45</name><string>one two three</string><choice4>4 choice</choice4><enum>fiction</enum></record><record orange="2412" apple="true"><int>42</int><double>42345.4232</double><name>name123_45</name><choice1>1 choice</choice1><enum>horror</enum></record><record orange="2413"><int>42</int><double>42345.4232</double><name>name123_45</name><string>one two three</string><choice2>2 choice</choice2><enum>history</enum></record><record orange="2414" apple="true"><int>42</int><double>42345.4232</double><name>name123_45</name><choice3>3 choice</choice3><enum>philosophy</enum></record><record orange="2415"><int>42</int><double>42345.4232</double><name>name123_45</name><string>one two three</string><choice4>4 choice</choice4><enum>romance</enum></record><record orange="2416" apple="true"><int>42</int><double>42345.4232</double><name>name123_45</name><choice1>1 choice</choice1><enum>fiction</enum></record><record orange="2417"><int>42</int><double>42345.4232</double><name>name123_45</name><string>one two three</string><choice2>2 choice</choice2><enum>horror</enum></record><record orange="2418" apple="true"><int>42</int><double>42345.4232</double><name>name123_45</name><choice3>3 choice</choice3><enum>history</enum></record><record orange="2419"><int>42</int><double>42345.4232</double><name>name123_45</name><string>one two three</string><choice4>4 choice</choice4><enum>philosophy</enum></record><record orange="2420" apple="true"><int>42</int><double>42345.4232</double><name>name123_45</name><choice1>1 choice</choice1><enum>romance</enum></record><record orange="2421"><int>42</int><double>42345.4232</double><name>name123_45</name><string>one two three</string><choice2>2 choice</choice2><enum>fiction</enum></record><record orange="2422" apple="true"><int>42</int><double>42345.4232</double><name>name123_45</name><choice3>3 choice</choice3><enum>horror</enum></record><record orange="2423"><int>42</int><double>42345.4232</double><name>name123_45</name><string>one two three</string><choice4>4 choice</choice4><enum>history</enum></record><record orange="2424" apple="true"><int>42</int><double>42345.4232</double><name>name123_45</name><choice1>1 choice</choice1><enum>philosophy</enum></record><record orange="2425"><int>42</int><double>42345.4232</double><name>name123_45</name><string>one two three</string><choice2>2 choice</choice2><enum>romance</enum></record><record orange="2426" apple="true"><int>42</int><double>42345.4232</double><name>name123_45</name><choice3>3 choice</choice3><enum>fiction</enum></record><record orange="2427"><int>42</int><double>42345.4232</double><name>name123_45</name><string>one two three</string><choice4>4 choice</choice4><enum>horror</enum></record><record orange="2428" apple="true"><int>42</int><double>42345.4232</double><name>name123_45</name><choice1>1 choice</choice1><enum>history</enum></record><record orange="2429"><int>42</int><double>42345.4232</double><name>name123_45</name><string>one two three</string><choice2>2 choice</choice2><enum>philosophy</enum></record><record orange="2430" apple="true"><int>42</int><double>42345.4232</double><name>name123_45</name><choice3>3 choice</choice3><enum>romance</enum></record><record orange="2431"><int>42</int><double>42345.4232</double><name>name123_45</name><string>one two three</string><choice4>4 choice</choice4><enum>fiction</enum></record><record orange="2432" apple="true"><int>42</int><double>42345.4232</double><name>name123_45</name><choice1>1 choice</choice1><enum>horror</enum></record><record orange="2433"><int>42</int><double>42345.4232</double><name>name123_45</name><string>one two three</string><choice2>2 choice</choice2><enum>history</enum></record><record orange="2434" apple="true"><int>42</int><double>42345.4232</double><name>name123_45</name><choice3>3 choice</choice3><enum>philosophy</enum></record><record orange="2435"><int>42</int><double>42345.4232</double><name>name123_45</name><string>one two three</string><choice4>4 choice</choice4><enum>romance</enum></record><record orange="2436" apple="true"><int>42</int><double>42345.4232</double><name>name123_45</name><choice1>1 choice</choice1><enum>fiction</enum></record><record orange="2437"><int>42</int><double>42345.4232</double><name>name123_45</name><string>one two three</string><choice2>2 choice</choice2><enum>horror</enum></record><record orange="2438" apple="true"><int>42</int><double>42345.4232</double><name>name123_45</name><choice3>3 choice</choice3><enum>history</enum></record><record orange="2439"><int>42</int><double>42345.4232</double><name>name123_45</name><string>one two three</string><choice4>4 choice</choice4><enum>philosophy</enum></record><record orange="2440" apple="true"><int>42</int><double>42345.4232</double><name>name123_45</name><choice1>1 choice</choice1><enum>romance</enum></record><record orange="2441"><int>42</int><double>42345.4232</double><name>name123_45</name><string>one two three</string><choice2>2 choice</choice2><enum>fiction</enum></record><record orange="2442" apple="true"><int>42</int><double>42345.4232</double><name>name123_45</name><choice3>3 choice</choice3><enum>horror</enum></record><record orange="2443"><int>42</int><double>42345.4232</double><name>name123_45</name><string>one two three</string><choice4>4 choice</choice4><enum>history</enum></record><record orange="2444" apple="true"><int>42</int><double>42345.4232</double><name>name123_45</name><choice1>1 choice</choice1><enum>philosophy</enum></record><record orange="2445"><int>42</int><double>42345.4232</double><name>name123_45</name><string>one two three</string><choice2>2 choice</choice2><enum>romance</enum></record><record orange="2446" apple="true"><int>42</int><double>42345.4232</double><name>name123_45</name><choice3>3 choice</choice3><enum>fiction</enum></record><record orange="2447"><int>42</int><double>42345.4232</double><name>name123_45</name><string>one two three</string><choice4>4 choice</choice4><enum>horror</enum></record><record orange="2448" apple="true"><int>42</int><double>42345.4232</double><name>name123_45</name><choice1>1 choice</choice1><enum>history</enum></record><record orange="2449"><int>42</int><double>42345.4232</double><name>name123_45</name><string>one two three</string><choice2>2 choice</choice2><enum>philosophy</enum></record><record orange="2450" apple="true"><int>42</int><double>42345.4232</double><name>name123_45</name><choice3>3 choice</choice3><enum>romance</enum></record><record orange="2451"><int>42</int><double>42345.4232</double><name>name123_45</name><string>one two three</string><choice4>4 choice</choice4><enum>fiction</enum></record><record orange="2452" apple="true"><int>42</int><double>42345.4232</double><name>name123_45</name><choice1>1 choice</choice1><enum>horror</enum></record><record orange="2453"><int>42</int><double>42345.4232</double><name>name123_45</name><string>one two three</string><choice2>2 choice</choice2><enum>history</enum></record><record orange="2454" apple="true"><int>42</int><double>42345.4232</double><name>name123_45</name><choice3>3 choice</choice3><enum>philosophy</enum></record><record orange="2455"><int>42</int><double>42345.4232</double><name>name123_45</name><string>one two three</string><choice4>4 choice</choice4><enum>romance</enum></record><record orange="2456" apple="true"><int>42</int><double>42345.4232</double><name>name123_45</name><choice1>1 choice</choice1><enum>fiction</enum></record><record orange="2457"><int>42</int><double>42345.4232</double><name>name123_45</name><string>one two three</string><choice2>2 choice</choice2><enum>horror</enum></record><record orange="2458" apple="true"><int>42</int><double>42345.4232</double><name>name123_45</name><choice3>3 choice</choice3><enum>history</enum></record><record orange="2459"><int>42</int><double>42345.4232</double><name>name123_45</name><string>one two three</string><choice4>4 choice</choice4><enum>philosophy</enum></record><record orange="2460" apple="true"><int>42</int><double>42345.4232</double><name>name123_45</name><choice1>1 choice</choice1><enum>romance</enum></record><record orange="2461"><int>42</int><double>42345.4232</double><name>name123_45</name><string>one two three</string><choice2>2 choice</choice2><enum>fiction</enum></record><record orange="2462" apple="true"><int>42</int><double>42345.4232</double><name>name123_45</name><choice3>3 choice</choice3><enum>horror</enum></record><record orange="2463"><int>42</int><double>42345.4232</double><name>name123_45</name><string>one two three</string><choice4>4 choice</choice4><enum>history</enum></record><record orange="2464" apple="true"><int>42</int><double>42345.4232</double><name>name123_45</name><choice1>1 choice</choice1><enum>philosophy</enum></record><record orange="2465"><int>42</int><double>42345.4232</double><name>name123_45</name><string>one two three</string><choice2>2 choice</choice2><enum>romance</enum></record><record orange="2466" apple="true"><int>42</int><double>42345.4232</double><name>name123_45</name><choice3>3 choice</choice3><enum>fiction</enum></record><record orange="2467"><int>42</int><double>42345.4232</double><name>name123_45</name><string>one two three</string><choice4>4 choice</choice4><enum>horror</enum></record><record orange="2468" apple="true"><int>42</int><double>42345.4232</double><name>name123_45</name><choice1>1 choice</choice1><enum>history</enum></record><record orange="2469"><int>42</int><double>42345.4232</double><name>name123_45</name><string>one two three</string><choice2>2 choice</choice2><enum>philosophy</enum></record><record orange="2470" apple="true"><int>42</int><double>42345.4232</double><name>name123_45</name><choice3>3 choice</choice3><enum>romance</enum></record><record orange="2471"><int>42</int><double>42345.4232</double><name>name123_45</name><string>one two three</string><choice4>4 choice</choice4><enum>fiction</enum></record><record orange="2472" apple="true"><int>42</int><double>42345.4232</double><name>name123_45</name><choice1>1 choice</choice1><enum>horror</enum></record><record orange="2473"><int>42</int><double>42345.4232</double><name>name123_45</name><string>one two three</string><choice2>2 choice</choice2><enum>history</enum></record><record orange="2474" apple="true"><int>42</int><double>42345.4232</double><name>name123_45</name><choice3>3 choice</choice3><enum>philosophy</enum></record><record orange="2475"><int>42</int><double>42345.4232</double><name>name123_45</name><string>one two three</string><choice4>4 choice</choice4><enum>romance</enum></record><record orange="2476" apple="true"><int>42</int><double>42345.4232</double><name>name123_45</name><choice1>1 choice</choice1><enum>fiction</enum></record><record orange="2477"><int>42</int><double>42345.4232</double><name>name123_45</name><string>one two three</string><choice2>2 choice</choice2><enum>horror</enum></record><record orange="2478" apple="true"><int>42</int><double>42345.4232</double><name>name123_45</name><choice3>3 choice</choice3><enum>history</enum></record><record orange="2479"><int>42</int><double>42345.4232</double><name>name123_45</name><string>one two three</string><choice4>4 choice</choice4><enum>philosophy</enum></record><record orange="2480" apple="true"><int>42</int><double>42345.4232</double><name>name123_45</name><choice1>1 choice</choice1><enum>romance</enum></record><record orange="2481"><int>42</int><double>42345.4232</double><name>name123_45</name><string>one two three</string><choice2>2 choice</choice2><enum>fiction</enum></record><record orange="2482" apple="true"><int>42</int><double>42345.4232</double><name>name123_45</name><choice3>3 choice</choice3><enum>horror</enum></record><record orange="2483"><int>42</int><double>42345.4232</double><name>name123_45</name><string>one two three</string><choice4>4 choice</choice4><enum>history</enum></record><record orange="2484" apple="true"><int>42</int><double>42345.4232</double><name>name123_45</name><choice1>1 choice</choice1><enum>philosophy</enum></record><record orange="2485"><int>42</int><double>42345.4232</double><name>name123_45</name><string>one two three</string><choice2>2 choice</choice2><enum>romance</enum></record><record orange="2486" apple="true"><int>42</int><double>42345.4232</double><name>name123_45</name><choice3>3 choice</choice3><enum>fiction</enum></record><record orange="2487"><int>42</int><double>42345.4232</double><name>name123_45</name><string>one two three</string><choice4>4 choice</choice4><enum>horror</enum></record><record orange="2488" apple="true"><int>42</int><double>42345.4232</double><name>name123_45</name><choice1>1 choice</choice1><enum>history</enum></record><record orange="2489"><int>42</int><double>42345.4232</double><name>name123_45</name><string>one two three</string><choice2>2 choice</choice2><enum>philosophy</enum></record><record orange="2490" apple="true"><int>42</int><double>42345.4232</double><name>name123_45</name><choice3>3 choice</choice3><enum>romance</enum></record><record orange="2491"><int>42</int><double>42345.4232</double><name>name123_45</name><string>one two three</string><choice4>4 choice</choice4><enum>fiction</enum></record><record orange="2492" apple="true"><int>42</int><double>42345.4232</double><name>name123_45</name><choice1>1 choice</choice1><enum>horror</enum></record><record orange="2493"><int>42</int><double>42345.4232</double><name>name123_45</name><string>one two three</string><choice2>2 choice</choice2><enum>history</enum></record><record orange="2494" apple="true"><int>42</int><double>42345.4232</double><name>name123_45</name><choice3>3 choice</choice3><enum>philosophy</enum></record><record orange="2495"><int>42</int><double>42345.4232</double><name>name123_45</name><string>one two three</string><choice4>4 choice</choice4><enum>romance</enum></record><record orange="2496" apple="true"><int>42</int><double>42345.4232</double><name>name123_45</name><choice1>1 choice</choice1><enum>fiction</enum></record><record orange="2497"><int>42</int><double>42345.4232</double><name>name123_45</name><string>one two three</string><choice2>2 choice</choice2><enum>horror</enum></record><record orange="2498" apple="true"><int>42</int><double>42345.4232</double><name>name123_45</name><choice3>3 choice</choice3><enum>history</enum></record><record orange="2499"><int>42</int><double>42345.4232</double><name>name123_45</name><string>one two three</string><choice4>4 choice</choice4><enum>philosophy</enum></record><record orange="2500" apple="true"><int>42</int><double>42345.4232</double><name>name123_45</name><choice1>1 choice</choice1><enum>romance</enum></record><record orange="2501"><int>42</int><double>42345.4232</double><name>name123_45</name><string>one two three</string><choice2>2 choice</choice2><enum>fiction</enum></record><record orange="2502" apple="true"><int>42</int><double>42345.4232</double><name>name123_45</name><choice3>3 choice</choice3><enum>horror</enum></record><record orange="2503"><int>42</int><double>42345.4232</double><name>name123_45</name><string>one two three</string><choice4>4 choice</choice4><enum>history</enum></record><record orange="2504" apple="true"><int>42</int><double>42345.4232</double><name>name123_45</name><choice1>1 choice</choice1><enum>philosophy</enum></record><record orange="2505"><int>42</int><double>42345.4232</double><name>name123_45</name><string>one two three</string><choice2>2 choice</choice2><enum>romance</enum></record><record orange="2506" apple="true"><int>42</int><double>42345.4232</double><name>name123_45</name><choice3>3 choice</choice3><enum>fiction</enum></record><record orange="2507"><int>42</int><double>42345.4232</double><name>name123_45</name><string>one two three</string><choice4>4 choice</choice4><enum>horror</enum></record><record orange="2508" apple="true"><int>42</int><double>42345.4232</double><name>name123_45</name><choice1>1 choice</choice1><enum>history</enum></record><record orange="2509"><int>42</int><double>42345.4232</double><name>name123_45</name><string>one two three</string><choice2>2 choice</choice2><enum>philosophy</enum></record><record orange="2510" apple="true"><int>42</int><double>42345.4232</double><name>name123_45</name><choice3>3 choice</choice3><enum>romance</enum></record><record orange="2511"><int>42</int><double>42345.4232</double><name>name123_45</name><string>one two three</string><choice4>4 choice</choice4><enum>fiction</enum></record><record orange="2512" apple="true"><int>42</int><double>42345.4232</double><name>name123_45</name><choice1>1 choice</choice1><enum>horror</enum></record><record orange="2513"><int>42</int><double>42345.4232</double><name>name123_45</name><string>one two three</string><choice2>2 choice</choice2><enum>history</enum></record><record orange="2514" apple="true"><int>42</int><double>42345.4232</double><name>name123_45</name><choice3>3 choice</choice3><enum>philosophy</enum></record><record orange="2515"><int>42</int><double>42345.4232</double><name>name123_45</name><string>one two three</string><choice4>4 choice</choice4><enum>romance</enum></record><record orange="2516" apple="true"><int>42</int><double>42345.4232</double><name>name123_45</name><choice1>1 choice</choice1><enum>fiction</enum></record><record orange="2517"><int>42</int><double>42345.4232</double><name>name123_45</name><string>one two three</string><choice2>2 choice</choice2><enum>horror</enum></record><record orange="2518" apple="true"><int>42</int><double>42345.4232</double><name>name123_45</name><choice3>3 choice</choice3><enum>history</enum></record><record orange="2519"><int>42</int><double>42345.4232</double><name>name123_45</name><string>one two three</string><choice4>4 choice</choice4><enum>philosophy</enum></record><record orange="2520" apple="true"><int>42</int><double>42345.4232</double><name>name123_45</name><choice1>1 choice</choice1><enum>romance</enum></record><record orange="2521"><int>42</int><double>42345.4232</double><name>name123_45</name><string>one two three</string><choice2>2 choice</choice2><enum>fiction</enum></record><record orange="2522" apple="true"><int>42</int><double>42345.4232</double><name>name123_45</name><choice3>3 choice</choice3><enum>horror</enum></record><record orange="2523"><int>42</int><double>42345.4232</double><name>name123_45</name><string>one two three</string><choice4>4 choice</choice4><enum>history</enum></record><record orange="2524" apple="true"><int>42</int><double>42345.4232</double><name>name123_45</name><choice1>1 choice</choice1><enum>philosophy</enum></record><record orange="2525"><int>42</int><double>42345.4232</double><name>name123_45</name><string>one two three</string><choice2>2 choice</choice2><enum>romance</enum></record><record orange="2526" apple="true"><int>42</int><double>42345.4232</double><name>name123_45</name><choice3>3 choice</choice3><enum>fiction</enum></record><record orange="2527"><int>42</int><double>42345.4232</double><name>name123_45</name><string>one two three</string><choice4>4 choice</choice4><enum>horror</enum></record><record orange="2528" apple="true"><int>42</int><double>42345.4232</double><name>name123_45</name><choice1>1 choice</choice1><enum>history</enum></record><record orange="2529"><int>42</int><double>42345.4232</double><name>name123_45</name><string>one two three</string><choice2>2 choice</choice2><enum>philosophy</enum></record><record orange="2530" apple="true"><int>42</int><double>42345.4232</double><name>name123_45</name><choice3>3 choice</choice3><enum>romance</enum></record><record orange="2531"><int>42</int><double>42345.4232</double><name>name123_45</name><string>one two three</string><choice4>4 choice</choice4><enum>fiction</enum></record><record orange="2532" apple="true"><int>42</int><double>42345.4232</double><name>name123_45</name><choice1>1 choice</choice1><enum>horror</enum></record><record orange="2533"><int>42</int><double>42345.4232</double><name>name123_45</name><string>one two three</string><choice2>2 choice</choice2><enum>history</enum></record><record orange="2534" apple="true"><int>42</int><double>42345.4232</double><name>name123_45</name><choice3>3 choice</choice3><enum>philosophy</enum></record><record orange="2535"><int>42</int><double>42345.4232</double><name>name123_45</name><string>one two three</string><choice4>4 choice</choice4><enum>romance</enum></record><record orange="2536" apple="true"><int>42</int><double>42345.4232</double><name>name123_45</name><choice1>1 choice</choice1><enum>fiction</enum></record><record orange="2537"><int>42</int><double>42345.4232</double><name>name123_45</name><string>one two three</string><choice2>2 choice</choice2><enum>horror</enum></record><record orange="2538" apple="true"><int>42</int><double>42345.4232</double><name>name123_45</name><choice3>3 choice</choice3><enum>history</enum></record><record orange="2539"><int>42</int><double>42345.4232</double><name>name123_45</name><string>one two three</string><choice4>4 choice</choice4><enum>philosophy</enum></record><record orange="2540" apple="true"><int>42</int><double>42345.4232</double><name>name123_45</name><choice1>1 choice</choice1><enum>romance</enum></record><record orange="2541"><int>42</int><double>42345.4232</double><name>name123_45</name><string>one two three</string><choice2>2 choice</choice2><enum>fiction</enum></record><record orange="2542" apple="true"><int>42</int><double>42345.4232</double><name>name123_45</name><choice3>3 choice</choice3><enum>horror</enum></record><record orange="2543"><int>42</int><double>42345.4232</double><name>name123_45</name><string>one two three</string><choice4>4 choice</choice4><enum>history</enum></record><record orange="2544" apple="true"><int>42</int><double>42345.4232</double><name>name123_45</name><choice1>1 choice</choice1><enum>philosophy</enum></record><record orange="2545"><int>42</int><double>42345.4232</double><name>name123_45</name><string>one two three</string><choice2>2 choice</choice2><enum>romance</enum></record><record orange="2546" apple="true"><int>42</int><double>42345.4232</double><name>name123_45</name><choice3>3 choice</choice3><enum>fiction</enum></record><record orange="2547"><int>42</int><double>42345.4232</double><name>name123_45</name><string>one two three</string><choice4>4 choice</choice4><enum>horror</enum></record><record orange="2548" apple="true"><int>42</int><double>42345.4232</double><name>name123_45</name><choice1>1 choice</choice1><enum>history</enum></record><record orange="2549"><int>42</int><double>42345.4232</double><name>name123_45</name><string>one two three</string><choice2>2 choice</choice2><enum>philosophy</enum></record><record orange="2550" apple="true"><int>42</int><double>42345.4232</double><name>name123_45</name><choice3>3 choice</choice3><enum>romance</enum></record><record orange="2551"><int>42</int><double>42345.4232</double><name>name123_45</name><string>one two three</string><choice4>4 choice</choice4><enum>fiction</enum></record><record orange="2552" apple="true"><int>42</int><double>42345.4232</double><name>name123_45</name><choice1>1 choice</choice1><enum>horror</enum></record><record orange="2553"><int>42</int><double>42345.4232</double><name>name123_45</name><string>one two three</string><choice2>2 choice</choice2><enum>history</enum></record><record orange="2554" apple="true"><int>42</int><double>42345.4232</double><name>name123_45</name><choice3>3 choice</choice3><enum>philosophy</enum></record><record orange="2555"><int>42</int><double>42345.4232</double><name>name123_45</name><string>one two three</string><choice4>4 choice</choice4><enum>romance</enum></record><record orange="2556" apple="true"><int>42</int><double>42345.4232</double><name>name123_45</name><choice1>1 choice</choice1><enum>fiction</enum></record><record orange="2557"><int>42</int><double>42345.4232</double><name>name123_45</name><string>one two three</string><choice2>2 choice</choice2><enum>horror</enum></record><record orange="2558" apple="true"><int>42</int><double>42345.4232</double><name>name123_45</name><choice3>3 choice</choice3><enum>history</enum></record><record orange="2559"><int>42</int><double>42345.4232</double><name>name123_45</name><string>one two three</string><choice4>4 choice</choice4><enum>philosophy</enum></record><record orange="2560" apple="true"><int>42</int><double>42345.4232</double><name>name123_45</name><choice1>1 choice</choice1><enum>romance</enum></record><record orange="2561"><int>42</int><double>42345.4232</double><name>name123_45</name><string>one two three</string><choice2>2 choice</choice2><enum>fiction</enum></record><record orange="2562" apple="true"><int>42</int><double>42345.4232</double><name>name123_45</name><choice3>3 choice</choice3><enum>horror</enum></record><record orange="2563"><int>42</int><double>42345.4232</double><name>name123_45</name><string>one two three</string><choice4>4 choice</choice4><enum>history</enum></record><record orange="2564" apple="true"><int>42</int><double>42345.4232</double><name>name123_45</name><choice1>1 choice</choice1><enum>philosophy</enum></record><record orange="2565"><int>42</int><double>42345.4232</double><name>name123_45</name><string>one two three</string><choice2>2 choice</choice2><enum>romance</enum></record><record orange="2566" apple="true"><int>42</int><double>42345.4232</double><name>name123_45</name><choice3>3 choice</choice3><enum>fiction</enum></record><record orange="2567"><int>42</int><double>42345.4232</double><name>name123_45</name><string>one two three</string><choice4>4 choice</choice4><enum>horror</enum></record><record orange="2568" apple="true"><int>42</int><double>42345.4232</double><name>name123_45</name><choice1>1 choice</choice1><enum>history</enum></record><record orange="2569"><int>42</int><double>42345.4232</double><name>name123_45</name><string>one two three</string><choice2>2 choice</choice2><enum>philosophy</enum></record><record orange="2570" apple="true"><int>42</int><double>42345.4232</double><name>name123_45</name><choice3>3 choice</choice3><enum>romance</enum></record><record orange="2571"><int>42</int><double>42345.4232</double><name>name123_45</name><string>one two three</string><choice4>4 choice</choice4><enum>fiction</enum></record><record orange="2572" apple="true"><int>42</int><double>42345.4232</double><name>name123_45</name><choice1>1 choice</choice1><enum>horror</enum></record><record orange="2573"><int>42</int><double>42345.4232</double><name>name123_45</name><string>one two three</string><choice2>2 choice</choice2><enum>history</enum></record><record orange="2574" apple="true"><int>42</int><double>42345.4232</double><name>name123_45</name><choice3>3 choice</choice3><enum>philosophy</enum></record><record orange="2575"><int>42</int><double>42345.4232</double><name>name123_45</name><string>one two three</string><choice4>4 choice</choice4><enum>romance</enum></record><record orange="2576" apple="true"><int>42</int><double>42345.4232</double><name>name123_45</name><choice1>1 choice</choice1><enum>fiction</enum></record><record orange="2577"><int>42</int><double>42345.4232</double><name>name123_45</name><string>one two three</string><choice2>2 choice</choice2><enum>horror</enum></record><record orange="2578" apple="true"><int>42</int><double>42345.4232</double><name>name123_45</name><choice3>3 choice</choice3><enum>history</enum></record><record orange="2579"><int>42</int><double>42345.4232</double><name>name123_45</name><string>one two three</string><choice4>4 choice</choice4><enum>philosophy</enum></record><record orange="2580" apple="true"><int>42</int><double>42345.4232</double><name>name123_45</name><choice1>1 choice</choice1><enum>romance</enum></record><record orange="2581"><int>42</int><double>42345.4232</double><name>name123_45</name><string>one two three</string><choice2>2 choice</choice2><enum>fiction</enum></record><record orange="2582" apple="true"><int>42</int><double>42345.4232</double><name>name123_45</name><choice3>3 choice</choice3><enum>horror</enum></record><record orange="2583"><int>42</int><double>42345.4232</double><name>name123_45</name><string>one two three</string><choice4>4 choice</choice4><enum>history</enum></record><record orange="2584" apple="true"><int>42</int><double>42345.4232</double><name>name123_45</name><choice1>1 choice</choice1><enum>philosophy</enum></record><record orange="2585"><int>42</int><double>42345.4232</double><name>name123_45</name><string>one two three</string><choice2>2 choice</choice2><enum>romance</enum></record><record orange="2586" apple="true"><int>42</int><double>42345.4232</double><name>name123_45</name><choice3>3 choice</choice3><enum>fiction</enum></record><record orange="2587"><int>42</int><double>42345.4232</double><name>name123_45</name><string>one two three</string><choice4>4 choice</choice4><enum>horror</enum></record><record orange="2588" apple="true"><int>42</int><double>42345.4232</double><name>name123_45</name><choice1>1 choice</choice1><enum>history</enum></record><record orange="2589"><int>42</int><double>42345.4232</double><name>name123_45</name><string>one two three</string><choice2>2 choice</choice2><enum>philosophy</enum></record><record orange="2590" apple="true"><int>42</int><double>42345.4232</double><name>name123_45</name><choice3>3 choice</choice3><enum>romance</enum></record><record orange="2591"><int>42</int><double>42345.4232</double><name>name123_45</name><string>one two three</string><choice4>4 choice</choice4><enum>fiction</enum></record><record orange="2592" apple="true"><int>42</int><double>42345.4232</double><name>name123_45</name><choice1>1 choice</choice1><enum>horror</enum></record><record orange="2593"><int>42</int><double>42345.4232</double><name>name123_45</name><string>one two three</string><choice2>2 choice</choice2><enum>history</enum></record><record orange="2594" apple="true"><int>42</int><double>42345.4232</double><name>name123_45</name><choice3>3 choice</choice3><enum>philosophy</enum></record><record orange="2595"><int>42</int><double>42345.4232</double><name>name123_45</name><string>one two three</string><choice4>4 choice</choice4><enum>romance</enum></record><record orange="2596" apple="true"><int>42</int><double>42345.4232</double><name>name123_45</name><choice1>1 choice</choice1><enum>fiction</enum></record><record orange="2597"><int>42</int><double>42345.4232</double><name>name123_45</name><string>one two three</string><choice2>2 choice</choice2><enum>horror</enum></record><record orange="2598" apple="true"><int>42</int><double>42345.4232</double><name>name123_45</name><choice3>3 choice</choice3><enum>history</enum></record><record orange="2599"><int>42</int><double>42345.4232</double><name>name123_45</name><string>one two three</string><choice4>4 choice</choice4><enum>philosophy</enum></record><record orange="2600" apple="true"><int>42</int><double>42345.4232</double><name>name123_45</name><choice1>1 choice</choice1><enum>romance</enum></record><record orange="2601"><int>42</int><double>42345.4232</double><name>name123_45</name><string>one two three</string><choice2>2 choice</choice2><enum>fiction</enum></record><record orange="2602" apple="true"><int>42</int><double>42345.4232</double><name>name123_45</name><choice3>3 choice</choice3><enum>horror</enum></record><record orange="2603"><int>42</int><double>42345.4232</double><name>name123_45</name><string>one two three</string><choice4>4 choice</choice4><enum>history</enum></record><record orange="2604" apple="true"><int>42</int><double>42345.4232</double><name>name123_45</name><choice1>1 choice</choice1><enum>philosophy</enum></record><record orange="2605"><int>42</int><double>42345.4232</double><name>name123_45</name><string>one two three</string><choice2>2 choice</choice2><enum>romance</enum></record><record orange="2606" apple="true"><int>42</int><double>42345.4232</double><name>name123_45</name><choice3>3 choice</choice3><enum>fiction</enum></record><record orange="2607"><int>42</int><double>42345.4232</double><name>name123_45</name><string>one two three</string><choice4>4 choice</choice4><enum>horror</enum></record><record orange="2608" apple="true"><int>42</int><double>42345.4232</double><name>name123_45</name><choice1>1 choice</choice1><enum>history</enum></record><record orange="2609"><int>42</int><double>42345.4232</double><name>name123_45</name><string>one two three</string><choice2>2 choice</choice2><enum>philosophy</enum></record><record orange="2610" apple="true"><int>42</int><double>42345.4232</double><name>name123_45</name><choice3>3 choice</choice3><enum>romance</enum></record><record orange="2611"><int>42</int><double>42345.4232</double><name>name123_45</name><string>one two three</string><choice4>4 choice</choice4><enum>fiction</enum></record><record orange="2612" apple="true"><int>42</int><double>42345.4232</double><name>name123_45</name><choice1>1 choice</choice1><enum>horror</enum></record><record orange="2613"><int>42</int><double>42345.4232</double><name>name123_45</name><string>one two three</string><choice2>2 choice</choice2><enum>history</enum></record><record orange="2614" apple="true"><int>42</int><double>42345.4232</double><name>name123_45</name><choice3>3 choice</choice3><enum>philosophy</enum></record><record orange="2615"><int>42</int><double>42345.4232</double><name>name123_45</name><string>one two three</string><choice4>4 choice</choice4><enum>romance</enum></record><record orange="2616" apple="true"><int>42</int><double>42345.4232</double><name>name123_45</name><choice1>1 choice</choice1><enum>fiction</enum></record><record orange="2617"><int>42</int><double>42345.4232</double><name>name123_45</name><string>one two three</string><choice2>2 choice</choice2><enum>horror</enum></record><record orange="2618" apple="true"><int>42</int><double>42345.4232</double><name>name123_45</name><choice3>3 choice</choice3><enum>history</enum></record><record orange="2619"><int>42</int><double>42345.4232</double><name>name123_45</name><string>one two three</string><choice4>4 choice</choice4><enum>philosophy</enum></record><record orange="2620" apple="true"><int>42</int><double>42345.4232</double><name>name123_45</name><choice1>1 choice</choice1><enum>romance</enum></record><record orange="2621"><int>42</int><double>42345.4232</double><name>name123_45</name><string>one two three</string><choice2>2 choice</choice2><enum>fiction</enum></record><record orange="2622" apple="true"><int>42</int><double>42345.4232</double><name>name123_45</name><choice3>3 choice</choice3><enum>horror</enum></record><record orange="2623"><int>42</int><double>42345.4232</double><name>name123_45</name><string>one two three</string><choice4>4 choice</choice4><enum>history</enum></record><record orange="2624" apple="true"><int>42</int><double>42345.4232</double><name>name123_45</name><choice1>1 choice</choice1><enum>philosophy</enum></record><record orange="2625"><int>42</int><double>42345.4232</double><name>name123_45</name><string>one two three</string><choice2>2 choice</choice2><enum>romance</enum></record><record orange="2626" apple="true"><int>42</int><double>42345.4232</double><name>name123_45</name><choice3>3 choice</choice3><enum>fiction</enum></record><record orange="2627"><int>42</int><double>42345.4232</double><name>name123_45</name><string>one two three</string><choice4>4 choice</choice4><enum>horror</enum></record><record orange="2628" apple="true"><int>42</int><double>42345.4232</double><name>name123_45</name><choice1>1 choice</choice1><enum>history</enum></record><record orange="2629"><int>42</int><double>42345.4232</double><name>name123_45</name><string>one two three</string><choice2>2 choice</choice2><enum>philosophy</enum></record><record orange="2630" apple="true"><int>42</int><double>42345.4232</double><name>name123_45</name><choice3>3 choice</choice3><enum>romance</enum></record><record orange="2631"><int>42</int><double>42345.4232</double><name>name123_45</name><string>one two three</string><choice4>4 choice</choice4><enum>fiction</enum></record><record orange="2632" apple="true"><int>42</int><double>42345.4232</double><name>name123_45</name><choice1>1 choice</choice1><enum>horror</enum></record><record orange="2633"><int>42</int><double>42345.4232</double><name>name123_45</name><string>one two three</string><choice2>2 choice</choice2><enum>history</enum></record><record orange="2634" apple="true"><int>42</int><double>42345.4232</double><name>name123_45</name><choice3>3 choice</choice3><enum>philosophy</enum></record><record orange="2635"><int>42</int><double>42345.4232</double><name>name123_45</name><string>one two three</string><choice4>4 choice</choice4><enum>romance</enum></record><record orange="2636" apple="true"><int>42</int><double>42345.4232</double><name>name123_45</name><choice1>1 choice</choice1><enum>fiction</enum></record><record orange="2637"><int>42</int><double>42345.4232</double><name>name123_45</name><string>one two three</string><choice2>2 choice</choice2><enum>horror</enum></record><record orange="2638" apple="true"><int>42</int><double>42345.4232</double><name>name123_45</name><choice3>3 choice</choice3><enum>history</enum></record><record orange="2639"><int>42</int><double>42345.4232</double><name>name123_45</name><string>one two three</string><choice4>4 choice</choice4><enum>philosophy</enum></record><record orange="2640" apple="true"><int>42</int><double>42345.4232</double><name>name123_45</name><choice1>1 choice</choice1><enum>romance</enum></record><record orange="2641"><int>42</int><double>42345.4232</double><name>name123_45</name><string>one two three</string><choice2>2 choice</choice2><enum>fiction</enum></record><record orange="2642" apple="true"><int>42</int><double>42345.4232</double><name>name123_45</name><choice3>3 choice</choice3><enum>horror</enum></record><record orange="2643"><int>42</int><double>42345.4232</double><name>name123_45</name><string>one two three</string><choice4>4 choice</choice4><enum>history</enum></record><record orange="2644" apple="true"><int>42</int><double>42345.4232</double><name>name123_45</name><choice1>1 choice</choice1><enum>philosophy</enum></record><record orange="2645"><int>42</int><double>42345.4232</double><name>name123_45</name><string>one two three</string><choice2>2 choice</choice2><enum>romance</enum></record><record orange="2646" apple="true"><int>42</int><double>42345.4232</double><name>name123_45</name><choice3>3 choice</choice3><enum>fiction</enum></record><record orange="2647"><int>42</int><double>42345.4232</double><name>name123_45</name><string>one two three</string><choice4>4 choice</choice4><enum>horror</enum></record><record orange="2648" apple="true"><int>42</int><double>42345.4232</double><name>name123_45</name><choice1>1 choice</choice1><enum>history</enum></record><record orange="2649"><int>42</int><double>42345.4232</double><name>name123_45</name><string>one two three</string><choice2>2 choice</choice2><enum>philosophy</enum></record><record orange="2650" apple="true"><int>42</int><double>42345.4232</double><name>name123_45</name><choice3>3 choice</choice3><enum>romance</enum></record><record orange="2651"><int>42</int><double>42345.4232</double><name>name123_45</name><string>one two three</string><choice4>4 choice</choice4><enum>fiction</enum></record><record orange="2652" apple="true"><int>42</int><double>42345.4232</double><name>name123_45</name><choice1>1 choice</choice1><enum>horror</enum></record><record orange="2653"><int>42</int><double>42345.4232</double><name>name123_45</name><string>one two three</string><choice2>2 choice</choice2><enum>history</enum></record><record orange="2654" apple="true"><int>42</int><double>42345.4232</double><name>name123_45</name><choice3>3 choice</choice3><enum>philosophy</enum></record><record orange="2655"><int>42</int><double>42345.4232</double><name>name123_45</name><string>one two three</string><choice4>4 choice</choice4><enum>romance</enum></record><record orange="2656" apple="true"><int>42</int><double>42345.4232</double><name>name123_45</name><choice1>1 choice</choice1><enum>fiction</enum></record><record orange="2657"><int>42</int><double>42345.4232</double><name>name123_45</name><string>one two three</string><choice2>2 choice</choice2><enum>horror</enum></record><record orange="2658" apple="true"><int>42</int><double>42345.4232</double><name>name123_45</name><choice3>3 choice</choice3><enum>history</enum></record><record orange="2659"><int>42</int><double>42345.4232</double><name>name123_45</name><string>one two three</string><choice4>4 choice</choice4><enum>philosophy</enum></record><record orange="2660" apple="true"><int>42</int><double>42345.4232</double><name>name123_45</name><choice1>1 choice</choice1><enum>romance</enum></record><record orange="2661"><int>42</int><double>42345.4232</double><name>name123_45</name><string>one two three</string><choice2>2 choice</choice2><enum>fiction</enum></record><record orange="2662" apple="true"><int>42</int><double>42345.4232</double><name>name123_45</name><choice3>3 choice</choice3><enum>horror</enum></record><record orange="2663"><int>42</int><double>42345.4232</double><name>name123_45</name><string>one two three</string><choice4>4 choice</choice4><enum>history</enum></record><record orange="2664" apple="true"><int>42</int><double>42345.4232</double><name>name123_45</name><choice1>1 choice</choice1><enum>philosophy</enum></record><record orange="2665"><int>42</int><double>42345.4232</double><name>name123_45</name><string>one two three</string><choice2>2 choice</choice2><enum>romance</enum></record><record orange="2666" apple="true"><int>42</int><double>42345.4232</double><name>name123_45</name><choice3>3 choice</choice3><enum>fiction</enum></record><record orange="2667"><int>42</int><double>42345.4232</double><name>name123_45</name><string>one two three</string><choice4>4 choice</choice4><enum>horror</enum></record><record orange="2668" apple="true"><int>42</int><double>42345.4232</double><name>name123_45</name><choice1>1 choice</choice1><enum>history</enum></record><record orange="2669"><int>42</int><double>42345.4232</double><name>name123_45</name><string>one two three</string><choice2>2 choice</choice2><enum>philosophy</enum></record><record orange="2670" apple="true"><int>42</int><double>42345.4232</double><name>name123_45</name><choice3>3 choice</choice3><enum>romance</enum></record><record orange="2671"><int>42</int><double>42345.4232</double><name>name123_45</name><string>one two three</string><choice4>4 choice</choice4><enum>fiction</enum></record><record orange="2672" apple="true"><int>42</int><double>42345.4232</double><name>name123_45</name><choice1>1 choice</choice1><enum>horror</enum></record><record orange="2673"><int>42</int><double>42345.4232</double><name>name123_45</name><string>one two three</string><choice2>2 choice</choice2><enum>history</enum></record><record orange="2674" apple="true"><int>42</int><double>42345.4232</double><name>name123_45</name><choice3>3 choice</choice3><enum>philosophy</enum></record><record orange="2675"><int>42</int><double>42345.4232</double><name>name123_45</name><string>one two three</string><choice4>4 choice</choice4><enum>romance</enum></record><record orange="2676" apple="true"><int>42</int><double>42345.4232</double><name>name123_45</name><choice1>1 choice</choice1><enum>fiction</enum></record><record orange="2677"><int>42</int><double>42345.4232</double><name>name123_45</name><string>one two three</string><choice2>2 choice</choice2><enum>horror</enum></record><record orange="2678" apple="true"><int>42</int><double>42345.4232</double><name>name123_45</name><choice3>3 choice</choice3><enum>history</enum></record><record orange="2679"><int>42</int><double>42345.4232</double><name>name123_45</name><string>one two three</string><choice4>4 choice</choice4><enum>philosophy</enum></record><record orange="2680" apple="true"><int>42</int><double>42345.4232</double><name>name123_45</name><choice1>1 choice</choice1><enum>romance</enum></record><record orange="2681"><int>42</int><double>42345.4232</double><name>name123_45</name><string>one two three</string><choice2>2 choice</choice2><enum>fiction</enum></record><record orange="2682" apple="true"><int>42</int><double>42345.4232</double><name>name123_45</name><choice3>3 choice</choice3><enum>horror</enum></record><record orange="2683"><int>42</int><double>42345.4232</double><name>name123_45</name><string>one two three</string><choice4>4 choice</choice4><enum>history</enum></record><record orange="2684" apple="true"><int>42</int><double>42345.4232</double><name>name123_45</name><choice1>1 choice</choice1><enum>philosophy</enum></record><record orange="2685"><int>42</int><double>42345.4232</double><name>name123_45</name><string>one two three</string><choice2>2 choice</choice2><enum>romance</enum></record><record orange="2686" apple="true"><int>42</int><double>42345.4232</double><name>name123_45</name><choice3>3 choice</choice3><enum>fiction</enum></record><record orange="2687"><int>42</int><double>42345.4232</double><name>name123_45</name><string>one two three</string><choice4>4 choice</choice4><enum>horror</enum></record><record orange="2688" apple="true"><int>42</int><double>42345.4232</double><name>name123_45</name><choice1>1 choice</choice1><enum>history</enum></record><record orange="2689"><int>42</int><double>42345.4232</double><name>name123_45</name><string>one two three</string><choice2>2 choice</choice2><enum>philosophy</enum></record><record orange="2690" apple="true"><int>42</int><double>42345.4232</double><name>name123_45</name><choice3>3 choice</choice3><enum>romance</enum></record><record orange="2691"><int>42</int><double>42345.4232</double><name>name123_45</name><string>one two three</string><choice4>4 choice</choice4><enum>fiction</enum></record><record orange="2692" apple="true"><int>42</int><double>42345.4232</double><name>name123_45</name><choice1>1 choice</choice1><enum>horror</enum></record><record orange="2693"><int>42</int><double>42345.4232</double><name>name123_45</name><string>one two three</string><choice2>2 choice</choice2><enum>history</enum></record><record orange="2694" apple="true"><int>42</int><double>42345.4232</double><name>name123_45</name><choice3>3 choice</choice3><enum>philosophy</enum></record><record orange="2695"><int>42</int><double>42345.4232</double><name>name123_45</name><string>one two three</string><choice4>4 choice</choice4><enum>romance</enum></record><record orange="2696" apple="true"><int>42</int><double>42345.4232</double><name>name123_45</name><choice1>1 choice</choice1><enum>fiction</enum></record><record orange="2697"><int>42</int><double>42345.4232</double><name>name123_45</name><string>one two three</string><choice2>2 choice</choice2><enum>horror</enum></record><record orange="2698" apple="true"><int>42</int><double>42345.4232</double><name>name123_45</name><choice3>3 choice</choice3><enum>history</enum></record><record orange="2699"><int>42</int><double>42345.4232</double><name>name123_45</name><string>one two three</string><choice4>4 choice</choice4><enum>philosophy</enum></record><record orange="2700" apple="true"><int>42</int><double>42345.4232</double><name>name123_45</name><choice1>1 choice</choice1><enum>romance</enum></record><record orange="2701"><int>42</int><double>42345.4232</double><name>name123_45</name><string>one two three</string><choice2>2 choice</choice2><enum>fiction</enum></record><record orange="2702" apple="true"><int>42</int><double>42345.4232</double><name>name123_45</name><choice3>3 choice</choice3><enum>horror</enum></record><record orange="2703"><int>42</int><double>42345.4232</double><name>name123_45</name><string>one two three</string><choice4>4 choice</choice4><enum>history</enum></record><record orange="2704" apple="true"><int>42</int><double>42345.4232</double><name>name123_45</name><choice1>1 choice</choice1><enum>philosophy</enum></record><record orange="2705"><int>42</int><double>42345.4232</double><name>name123_45</name><string>one two three</string><choice2>2 choice</choice2><enum>romance</enum></record><record orange="2706" apple="true"><int>42</int><double>42345.4232</double><name>name123_45</name><choice3>3 choice</choice3><enum>fiction</enum></record><record orange="2707"><int>42</int><double>42345.4232</double><name>name123_45</name><string>one two three</string><choice4>4 choice</choice4><enum>horror</enum></record><record orange="2708" apple="true"><int>42</int><double>42345.4232</double><name>name123_45</name><choice1>1 choice</choice1><enum>history</enum></record><record orange="2709"><int>42</int><double>42345.4232</double><name>name123_45</name><string>one two three</string><choice2>2 choice</choice2><enum>philosophy</enum></record><record orange="2710" apple="true"><int>42</int><double>42345.4232</double><name>name123_45</name><choice3>3 choice</choice3><enum>romance</enum></record><record orange="2711"><int>42</int><double>42345.4232</double><name>name123_45</name><string>one two three</string><choice4>4 choice</choice4><enum>fiction</enum></record><record orange="2712" apple="true"><int>42</int><double>42345.4232</double><name>name123_45</name><choice1>1 choice</choice1><enum>horror</enum></record><record orange="2713"><int>42</int><double>42345.4232</double><name>name123_45</name><string>one two three</string><choice2>2 choice</choice2><enum>history</enum></record><record orange="2714" apple="true"><int>42</int><double>42345.4232</double><name>name123_45</name><choice3>3 choice</choice3><enum>philosophy</enum></record><record orange="2715"><int>42</int><double>42345.4232</double><name>name123_45</name><string>one two three</string><choice4>4 choice</choice4><enum>romance</enum></record><record orange="2716" apple="true"><int>42</int><double>42345.4232</double><name>name123_45</name><choice1>1 choice</choice1><enum>fiction</enum></record><record orange="2717"><int>42</int><double>42345.4232</double><name>name123_45</name><string>one two three</string><choice2>2 choice</choice2><enum>horror</enum></record><record orange="2718" apple="true"><int>42</int><double>42345.4232</double><name>name123_45</name><choice3>3 choice</choice3><enum>history</enum></record><record orange="2719"><int>42</int><double>42345.4232</double><name>name123_45</name><string>one two three</string><choice4>4 choice</choice4><enum>philosophy</enum></record><record orange="2720" apple="true"><int>42</int><double>42345.4232</double><name>name123_45</name><choice1>1 choice</choice1><enum>romance</enum></record><record orange="2721"><int>42</int><double>42345.4232</double><name>name123_45</name><string>one two three</string><choice2>2 choice</choice2><enum>fiction</enum></record><record orange="2722" apple="true"><int>42</int><double>42345.4232</double><name>name123_45</name><choice3>3 choice</choice3><enum>horror</enum></record><record orange="2723"><int>42</int><double>42345.4232</double><name>name123_45</name><string>one two three</string><choice4>4 choice</choice4><enum>history</enum></record><record orange="2724" apple="true"><int>42</int><double>42345.4232</double><name>name123_45</name><choice1>1 choice</choice1><enum>philosophy</enum></record><record orange="2725"><int>42</int><double>42345.4232</double><name>name123_45</name><string>one two three</string><choice2>2 choice</choice2><enum>romance</enum></record><record orange="2726" apple="true"><int>42</int><double>42345.4232</double><name>name123_45</name><choice3>3 choice</choice3><enum>fiction</enum></record><record orange="2727"><int>42</int><double>42345.4232</double><name>name123_45</name><string>one two three</string><choice4>4 choice</choice4><enum>horror</enum></record><record orange="2728" apple="true"><int>42</int><double>42345.4232</double><name>name123_45</name><choice1>1 choice</choice1><enum>history</enum></record><record orange="2729"><int>42</int><double>42345.4232</double><name>name123_45</name><string>one two three</string><choice2>2 choice</choice2><enum>philosophy</enum></record><record orange="2730" apple="true"><int>42</int><double>42345.4232</double><name>name123_45</name><choice3>3 choice</choice3><enum>romance</enum></record><record orange="2731"><int>42</int><double>42345.4232</double><name>name123_45</name><string>one two three</string><choice4>4 choice</choice4><enum>fiction</enum></record><record orange="2732" apple="true"><int>42</int><double>42345.4232</double><name>name123_45</name><choice1>1 choice</choice1><enum>horror</enum></record><record orange="2733"><int>42</int><double>42345.4232</double><name>name123_45</name><string>one two three</string><choice2>2 choice</choice2><enum>history</enum></record><record orange="2734" apple="true"><int>42</int><double>42345.4232</double><name>name123_45</name><choice3>3 choice</choice3><enum>philosophy</enum></record><record orange="2735"><int>42</int><double>42345.4232</double><name>name123_45</name><string>one two three</string><choice4>4 choice</choice4><enum>romance</enum></record><record orange="2736" apple="true"><int>42</int><double>42345.4232</double><name>name123_45</name><choice1>1 choice</choice1><enum>fiction</enum></record><record orange="2737"><int>42</int><double>42345.4232</double><name>name123_45</name><string>one two three</string><choice2>2 choice</choice2><enum>horror</enum></record><record orange="2738" apple="true"><int>42</int><double>42345.4232</double><name>name123_45</name><choice3>3 choice</choice3><enum>history</enum></record><record orange="2739"><int>42</int><double>42345.4232</double><name>name123_45</name><string>one two three</string><choice4>4 choice</choice4><enum>philosophy</enum></record><record orange="2740" apple="true"><int>42</int><double>42345.4232</double><name>name123_45</name><choice1>1 choice</choice1><enum>romance</enum></record><record orange="2741"><int>42</int><double>42345.4232</double><name>name123_45</name><string>one two three</string><choice2>2 choice</choice2><enum>fiction</enum></record><record orange="2742" apple="true"><int>42</int><double>42345.4232</double><name>name123_45</name><choice3>3 choice</choice3><enum>horror</enum></record><record orange="2743"><int>42</int><double>42345.4232</double><name>name123_45</name><string>one two three</string><choice4>4 choice</choice4><enum>history</enum></record><record orange="2744" apple="true"><int>42</int><double>42345.4232</double><name>name123_45</name><choice1>1 choice</choice1><enum>philosophy</enum></record><record orange="2745"><int>42</int><double>42345.4232</double><name>name123_45</name><string>one two three</string><choice2>2 choice</choice2><enum>romance</enum></record><record orange="2746" apple="true"><int>42</int><double>42345.4232</double><name>name123_45</name><choice3>3 choice</choice3><enum>fiction</enum></record><record orange="2747"><int>42</int><double>42345.4232</double><name>name123_45</name><string>one two three</string><choice4>4 choice</choice4><enum>horror</enum></record><record orange="2748" apple="true"><int>42</int><double>42345.4232</double><name>name123_45</name><choice1>1 choice</choice1><enum>history</enum></record><record orange="2749"><int>42</int><double>42345.4232</double><name>name123_45</name><string>one two three</string><choice2>2 choice</choice2><enum>philosophy</enum></record><record orange="2750" apple="true"><int>42</int><double>42345.4232</double><name>name123_45</name><choice3>3 choice</choice3><enum>romance</enum></record><record orange="2751"><int>42</int><double>42345.4232</double><name>name123_45</name><string>one two three</string><choice4>4 choice</choice4><enum>fiction</enum></record><record orange="2752" apple="true"><int>42</int><double>42345.4232</double><name>name123_45</name><choice1>1 choice</choice1><enum>horror</enum></record><record orange="2753"><int>42</int><double>42345.4232</double><name>name123_45</name><string>one two three</string><choice2>2 choice</choice2><enum>history</enum></record><record orange="2754" apple="true"><int>42</int><double>42345.4232</double><name>name123_45</name><choice3>3 choice</choice3><enum>philosophy</enum></record><record orange="2755"><int>42</int><double>42345.4232</double><name>name123_45</name><string>one two three</string><choice4>4 choice</choice4><enum>romance</enum></record><record orange="2756" apple="true"><int>42</int><double>42345.4232</double><name>name123_45</name><choice1>1 choice</choice1><enum>fiction</enum></record><record orange="2757"><int>42</int><double>42345.4232</double><name>name123_45</name><string>one two three</string><choice2>2 choice</choice2><enum>horror</enum></record><record orange="2758" apple="true"><int>42</int><double>42345.4232</double><name>name123_45</name><choice3>3 choice</choice3><enum>history</enum></record><record orange="2759"><int>42</int><double>42345.4232</double><name>name123_45</name><string>one two three</string><choice4>4 choice</choice4><enum>philosophy</enum></record><record orange="2760" apple="true"><int>42</int><double>42345.4232</double><name>name123_45</name><choice1>1 choice</choice1><enum>romance</enum></record><record orange="2761"><int>42</int><double>42345.4232</double><name>name123_45</name><string>one two three</string><choice2>2 choice</choice2><enum>fiction</enum></record><record orange="2762" apple="true"><int>42</int><double>42345.4232</double><name>name123_45</name><choice3>3 choice</choice3><enum>horror</enum></record><record orange="2763"><int>42</int><double>42345.4232</double><name>name123_45</name><string>one two three</string><choice4>4 choice</choice4><enum>history</enum></record><record orange="2764" apple="true"><int>42</int><double>42345.4232</double><name>name123_45</name><choice1>1 choice</choice1><enum>philosophy</enum></record><record orange="2765"><int>42</int><double>42345.4232</double><name>name123_45</name><string>one two three</string><choice2>2 choice</choice2><enum>romance</enum></record><record orange="2766" apple="true"><int>42</int><double>42345.4232</double><name>name123_45</name><choice3>3 choice</choice3><enum>fiction</enum></record><record orange="2767"><int>42</int><double>42345.4232</double><name>name123_45</name><string>one two three</string><choice4>4 choice</choice4><enum>horror</enum></record><record orange="2768" apple="true"><int>42</int><double>42345.4232</double><name>name123_45</name><choice1>1 choice</choice1><enum>history</enum></record><record orange="2769"><int>42</int><double>42345.4232</double><name>name123_45</name><string>one two three</string><choice2>2 choice</choice2><enum>philosophy</enum></record><record orange="2770" apple="true"><int>42</int><double>42345.4232</double><name>name123_45</name><choice3>3 choice</choice3><enum>romance</enum></record><record orange="2771"><int>42</int><double>42345.4232</double><name>name123_45</name><string>one two three</string><choice4>4 choice</choice4><enum>fiction</enum></record><record orange="2772" apple="true"><int>42</int><double>42345.4232</double><name>name123_45</name><choice1>1 choice</choice1><enum>horror</enum></record><record orange="2773"><int>42</int><double>42345.4232</double><name>name123_45</name><string>one two three</string><choice2>2 choice</choice2><enum>history</enum></record><record orange="2774" apple="true"><int>42</int><double>42345.4232</double><name>name123_45</name><choice3>3 choice</choice3><enum>philosophy</enum></record><record orange="2775"><int>42</int><double>42345.4232</double><name>name123_45</name><string>one two three</string><choice4>4 choice</choice4><enum>romance</enum></record><record orange="2776" apple="true"><int>42</int><double>42345.4232</double><name>name123_45</name><choice1>1 choice</choice1><enum>fiction</enum></record><record orange="2777"><int>42</int><double>42345.4232</double><name>name123_45</name><string>one two three</string><choice2>2 choice</choice2><enum>horror</enum></record><record orange="2778" apple="true"><int>42</int><double>42345.4232</double><name>name123_45</name><choice3>3 choice</choice3><enum>history</enum></record><record orange="2779"><int>42</int><double>42345.4232</double><name>name123_45</name><string>one two three</string><choice4>4 choice</choice4><enum>philosophy</enum></record><record orange="2780" apple="true"><int>42</int><double>42345.4232</double><name>name123_45</name><choice1>1 choice</choice1><enum>romance</enum></record><record orange="2781"><int>42</int><double>42345.4232</double><name>name123_45</name><string>one two three</string><choice2>2 choice</choice2><enum>fiction</enum></record><record orange="2782" apple="true"><int>42</int><double>42345.4232</double><name>name123_45</name><choice3>3 choice</choice3><enum>horror</enum></record><record orange="2783"><int>42</int><double>42345.4232</double><name>name123_45</name><string>one two three</string><choice4>4 choice</choice4><enum>history</enum></record><record orange="2784" apple="true"><int>42</int><double>42345.4232</double><name>name123_45</name><choice1>1 choice</choice1><enum>philosophy</enum></record><record orange="2785"><int>42</int><double>42345.4232</double><name>name123_45</name><string>one two three</string><choice2>2 choice</choice2><enum>romance</enum></record><record orange="2786" apple="true"><int>42</int><double>42345.4232</double><name>name123_45</name><choice3>3 choice</choice3><enum>fiction</enum></record><record orange="2787"><int>42</int><double>42345.4232</double><name>name123_45</name><string>one two three</string><choice4>4 choice</choice4><enum>horror</enum></record><record orange="2788" apple="true"><int>42</int><double>42345.4232</double><name>name123_45</name><choice1>1 choice</choice1><enum>history</enum></record><record orange="2789"><int>42</int><double>42345.4232</double><name>name123_45</name><string>one two three</string><choice2>2 choice</choice2><enum>philosophy</enum></record><record orange="2790" apple="true"><int>42</int><double>42345.4232</double><name>name123_45</name><choice3>3 choice</choice3><enum>romance</enum></record><record orange="2791"><int>42</int><double>42345.4232</double><name>name123_45</name><string>one two three</string><choice4>4 choice</choice4><enum>fiction</enum></record><record orange="2792" apple="true"><int>42</int><double>42345.4232</double><name>name123_45</name><choice1>1 choice</choice1><enum>horror</enum></record><record orange="2793"><int>42</int><double>42345.4232</double><name>name123_45</name><string>one two three</string><choice2>2 choice</choice2><enum>history</enum></record><record orange="2794" apple="true"><int>42</int><double>42345.4232</double><name>name123_45</name><choice3>3 choice</choice3><enum>philosophy</enum></record><record orange="2795"><int>42</int><double>42345.4232</double><name>name123_45</name><string>one two three</string><choice4>4 choice</choice4><enum>romance</enum></record><record orange="2796" apple="true"><int>42</int><double>42345.4232</double><name>name123_45</name><choice1>1 choice</choice1><enum>fiction</enum></record><record orange="2797"><int>42</int><double>42345.4232</double><name>name123_45</name><string>one two three</string><choice2>2 choice</choice2><enum>horror</enum></record><record orange="2798" apple="true"><int>42</int><double>42345.4232</double><name>name123_45</name><choice3>3 choice</choice3><enum>history</enum></record><record orange="2799"><int>42</int><double>42345.4232</double><name>name123_45</name><string>one two three</string><choice4>4 choice</choice4><enum>philosophy</enum></record><record orange="2800" apple="true"><int>42</int><double>42345.4232</double><name>name123_45</name><choice1>1 choice</choice1><enum>romance</enum></record><record orange="2801"><int>42</int><double>42345.4232</double><name>name123_45</name><string>one two three</string><choice2>2 choice</choice2><enum>fiction</enum></record><record orange="2802" apple="true"><int>42</int><double>42345.4232</double><name>name123_45</name><choice3>3 choice</choice3><enum>horror</enum></record><record orange="2803"><int>42</int><double>42345.4232</double><name>name123_45</name><string>one two three</string><choice4>4 choice</choice4><enum>history</enum></record><record orange="2804" apple="true"><int>42</int><double>42345.4232</double><name>name123_45</name><choice1>1 choice</choice1><enum>philosophy</enum></record><record orange="2805"><int>42</int><double>42345.4232</double><name>name123_45</name><string>one two three</string><choice2>2 choice</choice2><enum>romance</enum></record><record orange="2806" apple="true"><int>42</int><double>42345.4232</double><name>name123_45</name><choice3>3 choice</choice3><enum>fiction</enum></record><record orange="2807"><int>42</int><double>42345.4232</double><name>name123_45</name><string>one two three</string><choice4>4 choice</choice4><enum>horror</enum></record><record orange="2808" apple="true"><int>42</int><double>42345.4232</double><name>name123_45</name><choice1>1 choice</choice1><enum>history</enum></record><record orange="2809"><int>42</int><double>42345.4232</double><name>name123_45</name><string>one two three</string><choice2>2 choice</choice2><enum>philosophy</enum></record><record orange="2810" apple="true"><int>42</int><double>42345.4232</double><name>name123_45</name><choice3>3 choice</choice3><enum>romance</enum></record><record orange="2811"><int>42</int><double>42345.4232</double><name>name123_45</name><string>one two three</string><choice4>4 choice</choice4><enum>fiction</enum></record><record orange="2812" apple="true"><int>42</int><double>42345.4232</double><name>name123_45</name><choice1>1 choice</choice1><enum>horror</enum></record><record orange="2813"><int>42</int><double>42345.4232</double><name>name123_45</name><string>one two three</string><choice2>2 choice</choice2><enum>history</enum></record><record orange="2814" apple="true"><int>42</int><double>42345.4232</double><name>name123_45</name><choice3>3 choice</choice3><enum>philosophy</enum></record><record orange="2815"><int>42</int><double>42345.4232</double><name>name123_45</name><string>one two three</string><choice4>4 choice</choice4><enum>romance</enum></record><record orange="2816" apple="true"><int>42</int><double>42345.4232</double><name>name123_45</name><choice1>1 choice</choice1><enum>fiction</enum></record><record orange="2817"><int>42</int><double>42345.4232</double><name>name123_45</name><string>one two three</string><choice2>2 choice</choice2><enum>horror</enum></record><record orange="2818" apple="true"><int>42</int><double>42345.4232</double><name>name123_45</name><choice3>3 choice</choice3><enum>history</enum></record><record orange="2819"><int>42</int><double>42345.4232</double><name>name123_45</name><string>one two three</string><choice4>4 choice</choice4><enum>philosophy</enum></record><record orange="2820" apple="true"><int>42</int><double>42345.4232</double><name>name123_45</name><choice1>1 choice</choice1><enum>romance</enum></record><record orange="2821"><int>42</int><double>42345.4232</double><name>name123_45</name><string>one two three</string><choice2>2 choice</choice2><enum>fiction</enum></record><record orange="2822" apple="true"><int>42</int><double>42345.4232</double><name>name123_45</name><choice3>3 choice</choice3><enum>horror</enum></record><record orange="2823"><int>42</int><double>42345.4232</double><name>name123_45</name><string>one two three</string><choice4>4 choice</choice4><enum>history</enum></record><record orange="2824" apple="true"><int>42</int><double>42345.4232</double><name>name123_45</name><choice1>1 choice</choice1><enum>philosophy</enum></record><record orange="2825"><int>42</int><double>42345.4232</double><name>name123_45</name><string>one two three</string><choice2>2 choice</choice2><enum>romance</enum></record><record orange="2826" apple="true"><int>42</int><double>42345.4232</double><name>name123_45</name><choice3>3 choice</choice3><enum>fiction</enum></record><record orange="2827"><int>42</int><double>42345.4232</double><name>name123_45</name><string>one two three</string><choice4>4 choice</choice4><enum>horror</enum></record><record orange="2828" apple="true"><int>42</int><double>42345.4232</double><name>name123_45</name><choice1>1 choice</choice1><enum>history</enum></record><record orange="2829"><int>42</int><double>42345.4232</double><name>name123_45</name><string>one two three</string><choice2>2 choice</choice2><enum>philosophy</enum></record><record orange="2830" apple="true"><int>42</int><double>42345.4232</double><name>name123_45</name><choice3>3 choice</choice3><enum>romance</enum></record><record orange="2831"><int>42</int><double>42345.4232</double><name>name123_45</name><string>one two three</string><choice4>4 choice</choice4><enum>fiction</enum></record><record orange="2832" apple="true"><int>42</int><double>42345.4232</double><name>name123_45</name><choice1>1 choice</choice1><enum>horror</enum></record><record orange="2833"><int>42</int><double>42345.4232</double><name>name123_45</name><string>one two three</string><choice2>2 choice</choice2><enum>history</enum></record><record orange="2834" apple="true"><int>42</int><double>42345.4232</double><name>name123_45</name><choice3>3 choice</choice3><enum>philosophy</enum></record><record orange="2835"><int>42</int><double>42345.4232</double><name>name123_45</name><string>one two three</string><choice4>4 choice</choice4><enum>romance</enum></record><record orange="2836" apple="true"><int>42</int><double>42345.4232</double><name>name123_45</name><choice1>1 choice</choice1><enum>fiction</enum></record><record orange="2837"><int>42</int><double>42345.4232</double><name>name123_45</name><string>one two three</string><choice2>2 choice</choice2><enum>horror</enum></record><record orange="2838" apple="true"><int>42</int><double>42345.4232</double><name>name123_45</name><choice3>3 choice</choice3><enum>history</enum></record><record orange="2839"><int>42</int><double>42345.4232</double><name>name123_45</name><string>one two three</string><choice4>4 choice</choice4><enum>philosophy</enum></record><record orange="2840" apple="true"><int>42</int><double>42345.4232</double><name>name123_45</name><choice1>1 choice</choice1><enum>romance</enum></record><record orange="2841"><int>42</int><double>42345.4232</double><name>name123_45</name><string>one two three</string><choice2>2 choice</choice2><enum>fiction</enum></record><record orange="2842" apple="true"><int>42</int><double>42345.4232</double><name>name123_45</name><choice3>3 choice</choice3><enum>horror</enum></record><record orange="2843"><int>42</int><double>42345.4232</double><name>name123_45</name><string>one two three</string><choice4>4 choice</choice4><enum>history</enum></record><record orange="2844" apple="true"><int>42</int><double>42345.4232</double><name>name123_45</name><choice1>1 choice</choice1><enum>philosophy</enum></record><record orange="2845"><int>42</int><double>42345.4232</double><name>name123_45</name><string>one two three</string><choice2>2 choice</choice2><enum>romance</enum></record><record orange="2846" apple="true"><int>42</int><double>42345.4232</double><name>name123_45</name><choice3>3 choice</choice3><enum>fiction</enum></record><record orange="2847"><int>42</int><double>42345.4232</double><name>name123_45</name><string>one two three</string><choice4>4 choice</choice4><enum>horror</enum></record><record orange="2848" apple="true"><int>42</int><double>42345.4232</double><name>name123_45</name><choice1>1 choice</choice1><enum>history</enum></record><record orange="2849"><int>42</int><double>42345.4232</double><name>name123_45</name><string>one two three</string><choice2>2 choice</choice2><enum>philosophy</enum></record><record orange="2850" apple="true"><int>42</int><double>42345.4232</double><name>name123_45</name><choice3>3 choice</choice3><enum>romance</enum></record><record orange="2851"><int>42</int><double>42345.4232</double><name>name123_45</name><string>one two three</string><choice4>4 choice</choice4><enum>fiction</enum></record><record orange="2852" apple="true"><int>42</int><double>42345.4232</double><name>name123_45</name><choice1>1 choice</choice1><enum>horror</enum></record><record orange="2853"><int>42</int><double>42345.4232</double><name>name123_45</name><string>one two three</string><choice2>2 choice</choice2><enum>history</enum></record><record orange="2854" apple="true"><int>42</int><double>42345.4232</double><name>name123_45</name><choice3>3 choice</choice3><enum>philosophy</enum></record><record orange="2855"><int>42</int><double>42345.4232</double><name>name123_45</name><string>one two three</string><choice4>4 choice</choice4><enum>romance</enum></record><record orange="2856" apple="true"><int>42</int><double>42345.4232</double><name>name123_45</name><choice1>1 choice</choice1><enum>fiction</enum></record><record orange="2857"><int>42</int><double>42345.4232</double><name>name123_45</name><string>one two three</string><choice2>2 choice</choice2><enum>horror</enum></record><record orange="2858" apple="true"><int>42</int><double>42345.4232</double><name>name123_45</name><choice3>3 choice</choice3><enum>history</enum></record><record orange="2859"><int>42</int><double>42345.4232</double><name>name123_45</name><string>one two three</string><choice4>4 choice</choice4><enum>philosophy</enum></record><record orange="2860" apple="true"><int>42</int><double>42345.4232</double><name>name123_45</name><choice1>1 choice</choice1><enum>romance</enum></record><record orange="2861"><int>42</int><double>42345.4232</double><name>name123_45</name><string>one two three</string><choice2>2 choice</choice2><enum>fiction</enum></record><record orange="2862" apple="true"><int>42</int><double>42345.4232</double><name>name123_45</name><choice3>3 choice</choice3><enum>horror</enum></record><record orange="2863"><int>42</int><double>42345.4232</double><name>name123_45</name><string>one two three</string><choice4>4 choice</choice4><enum>history</enum></record><record orange="2864" apple="true"><int>42</int><double>42345.4232</double><name>name123_45</name><choice1>1 choice</choice1><enum>philosophy</enum></record><record orange="2865"><int>42</int><double>42345.4232</double><name>name123_45</name><string>one two three</string><choice2>2 choice</choice2><enum>romance</enum></record><record orange="2866" apple="true"><int>42</int><double>42345.4232</double><name>name123_45</name><choice3>3 choice</choice3><enum>fiction</enum></record><record orange="2867"><int>42</int><double>42345.4232</double><name>name123_45</name><string>one two three</string><choice4>4 choice</choice4><enum>horror</enum></record><record orange="2868" apple="true"><int>42</int><double>42345.4232</double><name>name123_45</name><choice1>1 choice</choice1><enum>history</enum></record><record orange="2869"><int>42</int><double>42345.4232</double><name>name123_45</name><string>one two three</string><choice2>2 choice</choice2><enum>philosophy</enum></record><record orange="2870" apple="true"><int>42</int><double>42345.4232</double><name>name123_45</name><choice3>3 choice</choice3><enum>romance</enum></record><record orange="2871"><int>42</int><double>42345.4232</double><name>name123_45</name><string>one two three</string><choice4>4 choice</choice4><enum>fiction</enum></record><record orange="2872" apple="true"><int>42</int><double>42345.4232</double><name>name123_45</name><choice1>1 choice</choice1><enum>horror</enum></record><record orange="2873"><int>42</int><double>42345.4232</double><name>name123_45</name><string>one two three</string><choice2>2 choice</choice2><enum>history</enum></record><record orange="2874" apple="true"><int>42</int><double>42345.4232</double><name>name123_45</name><choice3>3 choice</choice3><enum>philosophy</enum></record><record orange="2875"><int>42</int><double>42345.4232</double><name>name123_45</name><string>one two three</string><choice4>4 choice</choice4><enum>romance</enum></record><record orange="2876" apple="true"><int>42</int><double>42345.4232</double><name>name123_45</name><choice1>1 choice</choice1><enum>fiction</enum></record><record orange="2877"><int>42</int><double>42345.4232</double><name>name123_45</name><string>one two three</string><choice2>2 choice</choice2><enum>horror</enum></record><record orange="2878" apple="true"><int>42</int><double>42345.4232</double><name>name123_45</name><choice3>3 choice</choice3><enum>history</enum></record><record orange="2879"><int>42</int><double>42345.4232</double><name>name123_45</name><string>one two three</string><choice4>4 choice</choice4><enum>philosophy</enum></record><record orange="2880" apple="true"><int>42</int><double>42345.4232</double><name>name123_45</name><choice1>1 choice</choice1><enum>romance</enum></record><record orange="2881"><int>42</int><double>42345.4232</double><name>name123_45</name><string>one two three</string><choice2>2 choice</choice2><enum>fiction</enum></record><record orange="2882" apple="true"><int>42</int><double>42345.4232</double><name>name123_45</name><choice3>3 choice</choice3><enum>horror</enum></record><record orange="2883"><int>42</int><double>42345.4232</double><name>name123_45</name><string>one two three</string><choice4>4 choice</choice4><enum>history</enum></record><record orange="2884" apple="true"><int>42</int><double>42345.4232</double><name>name123_45</name><choice1>1 choice</choice1><enum>philosophy</enum></record><record orange="2885"><int>42</int><double>42345.4232</double><name>name123_45</name><string>one two three</string><choice2>2 choice</choice2><enum>romance</enum></record><record orange="2886" apple="true"><int>42</int><double>42345.4232</double><name>name123_45</name><choice3>3 choice</choice3><enum>fiction</enum></record><record orange="2887"><int>42</int><double>42345.4232</double><name>name123_45</name><string>one two three</string><choice4>4 choice</choice4><enum>horror</enum></record><record orange="2888" apple="true"><int>42</int><double>42345.4232</double><name>name123_45</name><choice1>1 choice</choice1><enum>history</enum></record><record orange="2889"><int>42</int><double>42345.4232</double><name>name123_45</name><string>one two three</string><choice2>2 choice</choice2><enum>philosophy</enum></record><record orange="2890" apple="true"><int>42</int><double>42345.4232</double><name>name123_45</name><choice3>3 choice</choice3><enum>romance</enum></record><record orange="2891"><int>42</int><double>42345.4232</double><name>name123_45</name><string>one two three</string><choice4>4 choice</choice4><enum>fiction</enum></record><record orange="2892" apple="true"><int>42</int><double>42345.4232</double><name>name123_45</name><choice1>1 choice</choice1><enum>horror</enum></record><record orange="2893"><int>42</int><double>42345.4232</double><name>name123_45</name><string>one two three</string><choice2>2 choice</choice2><enum>history</enum></record><record orange="2894" apple="true"><int>42</int><double>42345.4232</double><name>name123_45</name><choice3>3 choice</choice3><enum>philosophy</enum></record><record orange="2895"><int>42</int><double>42345.4232</double><name>name123_45</name><string>one two three</string><choice4>4 choice</choice4><enum>romance</enum></record><record orange="2896" apple="true"><int>42</int><double>42345.4232</double><name>name123_45</name><choice1>1 choice</choice1><enum>fiction</enum></record><record orange="2897"><int>42</int><double>42345.4232</double><name>name123_45</name><string>one two three</string><choice2>2 choice</choice2><enum>horror</enum></record><record orange="2898" apple="true"><int>42</int><double>42345.4232</double><name>name123_45</name><choice3>3 choice</choice3><enum>history</enum></record><record orange="2899"><int>42</int><double>42345.4232</double><name>name123_45</name><string>one two three</string><choice4>4 choice</choice4><enum>philosophy</enum></record><record orange="2900" apple="true"><int>42</int><double>42345.4232</double><name>name123_45</name><choice1>1 choice</choice1><enum>romance</enum></record><record orange="2901"><int>42</int><double>42345.4232</double><name>name123_45</name><string>one two three</string><choice2>2 choice</choice2><enum>fiction</enum></record><record orange="2902" apple="true"><int>42</int><double>42345.4232</double><name>name123_45</name><choice3>3 choice</choice3><enum>horror</enum></record><record orange="2903"><int>42</int><double>42345.4232</double><name>name123_45</name><string>one two three</string><choice4>4 choice</choice4><enum>history</enum></record><record orange="2904" apple="true"><int>42</int><double>42345.4232</double><name>name123_45</name><choice1>1 choice</choice1><enum>philosophy</enum></record><record orange="2905"><int>42</int><double>42345.4232</double><name>name123_45</name><string>one two three</string><choice2>2 choice</choice2><enum>romance</enum></record><record orange="2906" apple="true"><int>42</int><double>42345.4232</double><name>name123_45</name><choice3>3 choice</choice3><enum>fiction</enum></record><record orange="2907"><int>42</int><double>42345.4232</double><name>name123_45</name><string>one two three</string><choice4>4 choice</choice4><enum>horror</enum></record><record orange="2908" apple="true"><int>42</int><double>42345.4232</double><name>name123_45</name><choice1>1 choice</choice1><enum>history</enum></record><record orange="2909"><int>42</int><double>42345.4232</double><name>name123_45</name><string>one two three</string><choice2>2 choice</choice2><enum>philosophy</enum></record><record orange="2910" apple="true"><int>42</int><double>42345.4232</double><name>name123_45</name><choice3>3 choice</choice3><enum>romance</enum></record><record orange="2911"><int>42</int><double>42345.4232</double><name>name123_45</name><string>one two three</string><choice4>4 choice</choice4><enum>fiction</enum></record><record orange="2912" apple="true"><int>42</int><double>42345.4232</double><name>name123_45</name><choice1>1 choice</choice1><enum>horror</enum></record><record orange="2913"><int>42</int><double>42345.4232</double><name>name123_45</name><string>one two three</string><choice2>2 choice</choice2><enum>history</enum></record><record orange="2914" apple="true"><int>42</int><double>42345.4232</double><name>name123_45</name><choice3>3 choice</choice3><enum>philosophy</enum></record><record orange="2915"><int>42</int><double>42345.4232</double><name>name123_45</name><string>one two three</string><choice4>4 choice</choice4><enum>romance</enum></record><record orange="2916" apple="true"><int>42</int><double>42345.4232</double><name>name123_45</name><choice1>1 choice</choice1><enum>fiction</enum></record><record orange="2917"><int>42</int><double>42345.4232</double><name>name123_45</name><string>one two three</string><choice2>2 choice</choice2><enum>horror</enum></record><record orange="2918" apple="true"><int>42</int><double>42345.4232</double><name>name123_45</name><choice3>3 choice</choice3><enum>history</enum></record><record orange="2919"><int>42</int><double>42345.4232</double><name>name123_45</name><string>one two three</string><choice4>4 choice</choice4><enum>philosophy</enum></record><record orange="2920" apple="true"><int>42</int><double>42345.4232</double><name>name123_45</name><choice1>1 choice</choice1><enum>romance</enum></record><record orange="2921"><int>42</int><double>42345.4232</double><name>name123_45</name><string>one two three</string><choice2>2 choice</choice2><enum>fiction</enum></record><record orange="2922" apple="true"><int>42</int><double>42345.4232</double><name>name123_45</name><choice3>3 choice</choice3><enum>horror</enum></record><record orange="2923"><int>42</int><double>42345.4232</double><name>name123_45</name><string>one two three</string><choice4>4 choice</choice4><enum>history</enum></record><record orange="2924" apple="true"><int>42</int><double>42345.4232</double><name>name123_45</name><choice1>1 choice</choice1><enum>philosophy</enum></record><record orange="2925"><int>42</int><double>42345.4232</double><name>name123_45</name><string>one two three</string><choice2>2 choice</choice2><enum>romance</enum></record><record orange="2926" apple="true"><int>42</int><double>42345.4232</double><name>name123_45</name><choice3>3 choice</choice3><enum>fiction</enum></record><record orange="2927"><int>42</int><double>42345.4232</double><name>name123_45</name><string>one two three</string><choice4>4 choice</choice4><enum>horror</enum></record><record orange="2928" apple="true"><int>42</int><double>42345.4232</double><name>name123_45</name><choice1>1 choice</choice1><enum>history</enum></record><record orange="2929"><int>42</int><double>42345.4232</double><name>name123_45</name><string>one two three</string><choice2>2 choice</choice2><enum>philosophy</enum></record><record orange="2930" apple="true"><int>42</int><double>42345.4232</double><name>name123_45</name><choice3>3 choice</choice3><enum>romance</enum></record><record orange="2931"><int>42</int><double>42345.4232</double><name>name123_45</name><string>one two three</string><choice4>4 choice</choice4><enum>fiction</enum></record><record orange="2932" apple="true"><int>42</int><double>42345.4232</double><name>name123_45</name><choice1>1 choice</choice1><enum>horror</enum></record><record orange="2933"><int>42</int><double>42345.4232</double><name>name123_45</name><string>one two three</string><choice2>2 choice</choice2><enum>history</enum></record><record orange="2934" apple="true"><int>42</int><double>42345.4232</double><name>name123_45</name><choice3>3 choice</choice3><enum>philosophy</enum></record><record orange="2935"><int>42</int><double>42345.4232</double><name>name123_45</name><string>one two three</string><choice4>4 choice</choice4><enum>romance</enum></record><record orange="2936" apple="true"><int>42</int><double>42345.4232</double><name>name123_45</name><choice1>1 choice</choice1><enum>fiction</enum></record><record orange="2937"><int>42</int><double>42345.4232</double><name>name123_45</name><string>one two three</string><choice2>2 choice</choice2><enum>horror</enum></record><record orange="2938" apple="true"><int>42</int><double>42345.4232</double><name>name123_45</name><choice3>3 choice</choice3><enum>history</enum></record><record orange="2939"><int>42</int><double>42345.4232</double><name>name123_45</name><string>one two three</string><choice4>4 choice</choice4><enum>philosophy</enum></record><record orange="2940" apple="true"><int>42</int><double>42345.4232</double><name>name123_45</name><choice1>1 choice</choice1><enum>romance</enum></record><record orange="2941"><int>42</int><double>42345.4232</double><name>name123_45</name><string>one two three</string><choice2>2 choice</choice2><enum>fiction</enum></record><record orange="2942" apple="true"><int>42</int><double>42345.4232</double><name>name123_45</name><choice3>3 choice</choice3><enum>horror</enum></record><record orange="2943"><int>42</int><double>42345.4232</double><name>name123_45</name><string>one two three</string><choice4>4 choice</choice4><enum>history</enum></record><record orange="2944" apple="true"><int>42</int><double>42345.4232</double><name>name123_45</name><choice1>1 choice</choice1><enum>philosophy</enum></record><record orange="2945"><int>42</int><double>42345.4232</double><name>name123_45</name><string>one two three</string><choice2>2 choice</choice2><enum>romance</enum></record><record orange="2946" apple="true"><int>42</int><double>42345.4232</double><name>name123_45</name><choice3>3 choice</choice3><enum>fiction</enum></record><record orange="2947"><int>42</int><double>42345.4232</double><name>name123_45</name><string>one two three</string><choice4>4 choice</choice4><enum>horror</enum></record><record orange="2948" apple="true"><int>42</int><double>42345.4232</double><name>name123_45</name><choice1>1 choice</choice1><enum>history</enum></record><record orange="2949"><int>42</int><double>42345.4232</double><name>name123_45</name><string>one two three</string><choice2>2 choice</choice2><enum>philosophy</enum></record><record orange="2950" apple="true"><int>42</int><double>42345.4232</double><name>name123_45</name><choice3>3 choice</choice3><enum>romance</enum></record><record orange="2951"><int>42</int><double>42345.4232</double><name>name123_45</name><string>one two three</string><choice4>4 choice</choice4><enum>fiction</enum></record><record orange="2952" apple="true"><int>42</int><double>42345.4232</double><name>name123_45</name><choice1>1 choice</choice1><enum>horror</enum></record><record orange="2953"><int>42</int><double>42345.4232</double><name>name123_45</name><string>one two three</string><choice2>2 choice</choice2><enum>history</enum></record><record orange="2954" apple="true"><int>42</int><double>42345.4232</double><name>name123_45</name><choice3>3 choice</choice3><enum>philosophy</enum></record><record orange="2955"><int>42</int><double>42345.4232</double><name>name123_45</name><string>one two three</string><choice4>4 choice</choice4><enum>romance</enum></record><record orange="2956" apple="true"><int>42</int><double>42345.4232</double><name>name123_45</name><choice1>1 choice</choice1><enum>fiction</enum></record><record orange="2957"><int>42</int><double>42345.4232</double><name>name123_45</name><string>one two three</string><choice2>2 choice</choice2><enum>horror</enum></record><record orange="2958" apple="true"><int>42</int><double>42345.4232</double><name>name123_45</name><choice3>3 choice</choice3><enum>history</enum></record><record orange="2959"><int>42</int><double>42345.4232</double><name>name123_45</name><string>one two three</string><choice4>4 choice</choice4><enum>philosophy</enum></record><record orange="2960" apple="true"><int>42</int><double>42345.4232</double><name>name123_45</name><choice1>1 choice</choice1><enum>romance</enum></record><record orange="2961"><int>42</int><double>42345.4232</double><name>name123_45</name><string>one two three</string><choice2>2 choice</choice2><enum>fiction</enum></record><record orange="2962" apple="true"><int>42</int><double>42345.4232</double><name>name123_45</name><choice3>3 choice</choice3><enum>horror</enum></record><record orange="2963"><int>42</int><double>42345.4232</double><name>name123_45</name><string>one two three</string><choice4>4 choice</choice4><enum>history</enum></record><record orange="2964" apple="true"><int>42</int><double>42345.4232</double><name>name123_45</name><choice1>1 choice</choice1><enum>philosophy</enum></record><record orange="2965"><int>42</int><double>42345.4232</double><name>name123_45</name><string>one two three</string><choice2>2 choice</choice2><enum>romance</enum></record><record orange="2966" apple="true"><int>42</int><double>42345.4232</double><name>name123_45</name><choice3>3 choice</choice3><enum>fiction</enum></record><record orange="2967"><int>42</int><double>42345.4232</double><name>name123_45</name><string>one two three</string><choice4>4 choice</choice4><enum>horror</enum></record><record orange="2968" apple="true"><int>42</int><double>42345.4232</double><name>name123_45</name><choice1>1 choice</choice1><enum>history</enum></record><record orange="2969"><int>42</int><double>42345.4232</double><name>name123_45</name><string>one two three</string><choice2>2 choice</choice2><enum>philosophy</enum></record><record orange="2970" apple="true"><int>42</int><double>42345.4232</double><name>name123_45</name><choice3>3 choice</choice3><enum>romance</enum></record><record orange="2971"><int>42</int><double>42345.4232</double><name>name123_45</name><string>one two three</string><choice4>4 choice</choice4><enum>fiction</enum></record><record orange="2972" apple="true"><int>42</int><double>42345.4232</double><name>name123_45</name><choice1>1 choice</choice1><enum>horror</enum></record><record orange="2973"><int>42</int><double>42345.4232</double><name>name123_45</name><string>one two three</string><choice2>2 choice</choice2><enum>history</enum></record><record orange="2974" apple="true"><int>42</int><double>42345.4232</double><name>name123_45</name><choice3>3 choice</choice3><enum>philosophy</enum></record><record orange="2975"><int>42</int><double>42345.4232</double><name>name123_45</name><string>one two three</string><choice4>4 choice</choice4><enum>romance</enum></record><record orange="2976" apple="true"><int>42</int><double>42345.4232</double><name>name123_45</name><choice1>1 choice</choice1><enum>fiction</enum></record><record orange="2977"><int>42</int><double>42345.4232</double><name>name123_45</name><string>one two three</string><choice2>2 choice</choice2><enum>horror</enum></record><record orange="2978" apple="true"><int>42</int><double>42345.4232</double><name>name123_45</name><choice3>3 choice</choice3><enum>history</enum></record><record orange="2979"><int>42</int><double>42345.4232</double><name>name123_45</name><string>one two three</string><choice4>4 choice</choice4><enum>philosophy</enum></record><record orange="2980" apple="true"><int>42</int><double>42345.4232</double><name>name123_45</name><choice1>1 choice</choice1><enum>romance</enum></record><record orange="2981"><int>42</int><double>42345.4232</double><name>name123_45</name><string>one two three</string><choice2>2 choice</choice2><enum>fiction</enum></record><record orange="2982" apple="true"><int>42</int><double>42345.4232</double><name>name123_45</name><choice3>3 choice</choice3><enum>horror</enum></record><record orange="2983"><int>42</int><double>42345.4232</double><name>name123_45</name><string>one two three</string><choice4>4 choice</choice4><enum>history</enum></record><record orange="2984" apple="true"><int>42</int><double>42345.4232</double><name>name123_45</name><choice1>1 choice</choice1><enum>philosophy</enum></record><record orange="2985"><int>42</int><double>42345.4232</double><name>name123_45</name><string>one two three</string><choice2>2 choice</choice2><enum>romance</enum></record><record orange="2986" apple="true"><int>42</int><double>42345.4232</double><name>name123_45</name><choice3>3 choice</choice3><enum>fiction</enum></record><record orange="2987"><int>42</int><double>42345.4232</double><name>name123_45</name><string>one two three</string><choice4>4 choice</choice4><enum>horror</enum></record><record orange="2988" apple="true"><int>42</int><double>42345.4232</double><name>name123_45</name><choice1>1 choice</choice1><enum>history</enum></record><record orange="2989"><int>42</int><double>42345.4232</double><name>name123_45</name><string>one two three</string><choice2>2 choice</choice2><enum>philosophy</enum></record><record orange="2990" apple="true"><int>42</int><double>42345.4232</double><name>name123_45</name><choice3>3 choice</choice3><enum>romance</enum></record><record orange="2991"><int>42</int><double>42345.4232</double><name>name123_45</name><string>one two three</string><choice4>4 choice</choice4><enum>fiction</enum></record><record orange="2992" apple="true"><int>42</int><double>42345.4232</double><name>name123_45</name><choice1>1 choice</choice1><enum>horror</enum></record><record orange="2993"><int>42</int><double>42345.4232</double><name>name123_45</name><string>one two three</string><choice2>2 choice</choice2><enum>history</enum></record><record orange="2994" apple="true"><int>42</int><double>42345.4232</double><name>name123_45</name><choice3>3 choice</choice3><enum>philosophy</enum></record><record orange="2995"><int>42</int><double>42345.4232</double><name>name123_45</name><string>one two three</string><choice4>4 choice</choice4><enum>romance</enum></record><record orange="2996" apple="true"><int>42</int><double>42345.4232</double><name>name123_45</name><choice1>1 choice</choice1><enum>fiction</enum></record><record orange="2997"><int>42</int><double>42345.4232</double><name>name123_45</name><string>one two three</string><choice2>2 choice</choice2><enum>horror</enum></record><record orange="2998" apple="true"><int>42</int><double>42345.4232</double><name>name123_45</name><choice3>3 choice</choice3><enum>history</enum></record><record orange="2999"><int>42</int><double>42345.4232</double><name>name123_45</name><string>one two three</string><choice4>4 choice</choice4><enum>philosophy</enum></record><record orange="3000" apple="true"><int>42</int><double>42345.4232</double><name>name123_45</name><choice1>1 choice</choice1><enum>romance</enum></record><record orange="3001"><int>42</int><double>42345.4232</double><name>name123_45</name><string>one two three</string><choice2>2 choice</choice2><enum>fiction</enum></record><record orange="3002" apple="true"><int>42</int><double>42345.4232</double><name>name123_45</name><choice3>3 choice</choice3><enum>horror</enum></record><record orange="3003"><int>42</int><double>42345.4232</double><name>name123_45</name><string>one two three</string><choice4>4 choice</choice4><enum>history</enum></record><record orange="3004" apple="true"><int>42</int><double>42345.4232</double><name>name123_45</name><choice1>1 choice</choice1><enum>philosophy</enum></record><record orange="3005"><int>42</int><double>42345.4232</double><name>name123_45</name><string>one two three</string><choice2>2 choice</choice2><enum>romance</enum></record><record orange="3006" apple="true"><int>42</int><double>42345.4232</double><name>name123_45</name><choice3>3 choice</choice3><enum>fiction</enum></record><record orange="3007"><int>42</int><double>42345.4232</double><name>name123_45</name><string>one two three</string><choice4>4 choice</choice4><enum>horror</enum></record><record orange="3008" apple="true"><int>42</int><double>42345.4232</double><name>name123_45</name><choice1>1 choice</choice1><enum>history</enum></record><record orange="3009"><int>42</int><double>42345.4232</double><name>name123_45</name><string>one two three</string><choice2>2 choice</choice2><enum>philosophy</enum></record><record orange="3010" apple="true"><int>42</int><double>42345.4232</double><name>name123_45</name><choice3>3 choice</choice3><enum>romance</enum></record><record orange="3011"><int>42</int><double>42345.4232</double><name>name123_45</name><string>one two three</string><choice4>4 choice</choice4><enum>fiction</enum></record><record orange="3012" apple="true"><int>42</int><double>42345.4232</double><name>name123_45</name><choice1>1 choice</choice1><enum>horror</enum></record><record orange="3013"><int>42</int><double>42345.4232</double><name>name123_45</name><string>one two three</string><choice2>2 choice</choice2><enum>history</enum></record><record orange="3014" apple="true"><int>42</int><double>42345.4232</double><name>name123_45</name><choice3>3 choice</choice3><enum>philosophy</enum></record><record orange="3015"><int>42</int><double>42345.4232</double><name>name123_45</name><string>one two three</string><choice4>4 choice</choice4><enum>romance</enum></record><record orange="3016" apple="true"><int>42</int><double>42345.4232</double><name>name123_45</name><choice1>1 choice</choice1><enum>fiction</enum></record><record orange="3017"><int>42</int><double>42345.4232</double><name>name123_45</name><string>one two three</string><choice2>2 choice</choice2><enum>horror</enum></record><record orange="3018" apple="true"><int>42</int><double>42345.4232</double><name>name123_45</name><choice3>3 choice</choice3><enum>history</enum></record><record orange="3019"><int>42</int><double>42345.4232</double><name>name123_45</name><string>one two three</string><choice4>4 choice</choice4><enum>philosophy</enum></record><record orange="3020" apple="true"><int>42</int><double>42345.4232</double><name>name123_45</name><choice1>1 choice</choice1><enum>romance</enum></record><record orange="3021"><int>42</int><double>42345.4232</double><name>name123_45</name><string>one two three</string><choice2>2 choice</choice2><enum>fiction</enum></record><record orange="3022" apple="true"><int>42</int><double>42345.4232</double><name>name123_45</name><choice3>3 choice</choice3><enum>horror</enum></record><record orange="3023"><int>42</int><double>42345.4232</double><name>name123_45</name><string>one two three</string><choice4>4 choice</choice4><enum>history</enum></record><record orange="3024" apple="true"><int>42</int><double>42345.4232</double><name>name123_45</name><choice1>1 choice</choice1><enum>philosophy</enum></record><record orange="3025"><int>42</int><double>42345.4232</double><name>name123_45</name><string>one two three</string><choice2>2 choice</choice2><enum>romance</enum></record><record orange="3026" apple="true"><int>42</int><double>42345.4232</double><name>name123_45</name><choice3>3 choice</choice3><enum>fiction</enum></record><record orange="3027"><int>42</int><double>42345.4232</double><name>name123_45</name><string>one two three</string><choice4>4 choice</choice4><enum>horror</enum></record><record orange="3028" apple="true"><int>42</int><double>42345.4232</double><name>name123_45</name><choice1>1 choice</choice1><enum>history</enum></record><record orange="3029"><int>42</int><double>42345.4232</double><name>name123_45</name><string>one two three</string><choice2>2 choice</choice2><enum>philosophy</enum></record><record orange="3030" apple="true"><int>42</int><double>42345.4232</double><name>name123_45</name><choice3>3 choice</choice3><enum>romance</enum></record><record orange="3031"><int>42</int><double>42345.4232</double><name>name123_45</name><string>one two three</string><choice4>4 choice</choice4><enum>fiction</enum></record><record orange="3032" apple="true"><int>42</int><double>42345.4232</double><name>name123_45</name><choice1>1 choice</choice1><enum>horror</enum></record><record orange="3033"><int>42</int><double>42345.4232</double><name>name123_45</name><string>one two three</string><choice2>2 choice</choice2><enum>history</enum></record><record orange="3034" apple="true"><int>42</int><double>42345.4232</double><name>name123_45</name><choice3>3 choice</choice3><enum>philosophy</enum></record><record orange="3035"><int>42</int><double>42345.4232</double><name>name123_45</name><string>one two three</string><choice4>4 choice</choice4><enum>romance</enum></record><record orange="3036" apple="true"><int>42</int><double>42345.4232</double><name>name123_45</name><choice1>1 choice</choice1><enum>fiction</enum></record><record orange="3037"><int>42</int><double>42345.4232</double><name>name123_45</name><string>one two three</string><choice2>2 choice</choice2><enum>horror</enum></record><record orange="3038" apple="true"><int>42</int><double>42345.4232</double><name>name123_45</name><choice3>3 choice</choice3><enum>history</enum></record><record orange="3039"><int>42</int><double>42345.4232</double><name>name123_45</name><string>one two three</string><choice4>4 choice</choice4><enum>philosophy</enum></record><record orange="3040" apple="true"><int>42</int><double>42345.4232</double><name>name123_45</name><choice1>1 choice</choice1><enum>romance</enum></record><record orange="3041"><int>42</int><double>42345.4232</double><name>name123_45</name><string>one two three</string><choice2>2 choice</choice2><enum>fiction</enum></record><record orange="3042" apple="true"><int>42</int><double>42345.4232</double><name>name123_45</name><choice3>3 choice</choice3><enum>horror</enum></record><record orange="3043"><int>42</int><double>42345.4232</double><name>name123_45</name><string>one two three</string><choice4>4 choice</choice4><enum>history</enum></record><record orange="3044" apple="true"><int>42</int><double>42345.4232</double><name>name123_45</name><choice1>1 choice</choice1><enum>philosophy</enum></record><record orange="3045"><int>42</int><double>42345.4232</double><name>name123_45</name><string>one two three</string><choice2>2 choice</choice2><enum>romance</enum></record><record orange="3046" apple="true"><int>42</int><double>42345.4232</double><name>name123_45</name><choice3>3 choice</choice3><enum>fiction</enum></record><record orange="3047"><int>42</int><double>42345.4232</double><name>name123_45</name><string>one two three</string><choice4>4 choice</choice4><enum>horror</enum></record><record orange="3048" apple="true"><int>42</int><double>42345.4232</double><name>name123_45</name><choice1>1 choice</choice1><enum>history</enum></record><record orange="3049"><int>42</int><double>42345.4232</double><name>name123_45</name><string>one two three</string><choice2>2 choice</choice2><enum>philosophy</enum></record><record orange="3050" apple="true"><int>42</int><double>42345.4232</double><name>name123_45</name><choice3>3 choice</choice3><enum>romance</enum></record><record orange="3051"><int>42</int><double>42345.4232</double><name>name123_45</name><string>one two three</string><choice4>4 choice</choice4><enum>fiction</enum></record><record orange="3052" apple="true"><int>42</int><double>42345.4232</double><name>name123_45</name><choice1>1 choice</choice1><enum>horror</enum></record><record orange="3053"><int>42</int><double>42345.4232</double><name>name123_45</name><string>one two three</string><choice2>2 choice</choice2><enum>history</enum></record><record orange="3054" apple="true"><int>42</int><double>42345.4232</double><name>name123_45</name><choice3>3 choice</choice3><enum>philosophy</enum></record><record orange="3055"><int>42</int><double>42345.4232</double><name>name123_45</name><string>one two three</string><choice4>4 choice</choice4><enum>romance</enum></record><record orange="3056" apple="true"><int>42</int><double>42345.4232</double><name>name123_45</name><choice1>1 choice</choice1><enum>fiction</enum></record><record orange="3057"><int>42</int><double>42345.4232</double><name>name123_45</name><string>one two three</string><choice2>2 choice</choice2><enum>horror</enum></record><record orange="3058" apple="true"><int>42</int><double>42345.4232</double><name>name123_45</name><choice3>3 choice</choice3><enum>history</enum></record><record orange="3059"><int>42</int><double>42345.4232</double><name>name123_45</name><string>one two three</string><choice4>4 choice</choice4><enum>philosophy</enum></record><record orange="3060" apple="true"><int>42</int><double>42345.4232</double><name>name123_45</name><choice1>1 choice</choice1><enum>romance</enum></record><record orange="3061"><int>42</int><double>42345.4232</double><name>name123_45</name><string>one two three</string><choice2>2 choice</choice2><enum>fiction</enum></record><record orange="3062" apple="true"><int>42</int><double>42345.4232</double><name>name123_45</name><choice3>3 choice</choice3><enum>horror</enum></record><record orange="3063"><int>42</int><double>42345.4232</double><name>name123_45</name><string>one two three</string><choice4>4 choice</choice4><enum>history</enum></record><record orange="3064" apple="true"><int>42</int><double>42345.4232</double><name>name123_45</name><choice1>1 choice</choice1><enum>philosophy</enum></record><record orange="3065"><int>42</int><double>42345.4232</double><name>name123_45</name><string>one two three</string><choice2>2 choice</choice2><enum>romance</enum></record><record orange="3066" apple="true"><int>42</int><double>42345.4232</double><name>name123_45</name><choice3>3 choice</choice3><enum>fiction</enum></record><record orange="3067"><int>42</int><double>42345.4232</double><name>name123_45</name><string>one two three</string><choice4>4 choice</choice4><enum>horror</enum></record><record orange="3068" apple="true"><int>42</int><double>42345.4232</double><name>name123_45</name><choice1>1 choice</choice1><enum>history</enum></record><record orange="3069"><int>42</int><double>42345.4232</double><name>name123_45</name><string>one two three</string><choice2>2 choice</choice2><enum>philosophy</enum></record><record orange="3070" apple="true"><int>42</int><double>42345.4232</double><name>name123_45</name><choice3>3 choice</choice3><enum>romance</enum></record><record orange="3071"><int>42</int><double>42345.4232</double><name>name123_45</name><string>one two three</string><choice4>4 choice</choice4><enum>fiction</enum></record><record orange="3072" apple="true"><int>42</int><double>42345.4232</double><name>name123_45</name><choice1>1 choice</choice1><enum>horror</enum></record><record orange="3073"><int>42</int><double>42345.4232</double><name>name123_45</name><string>one two three</string><choice2>2 choice</choice2><enum>history</enum></record><record orange="3074" apple="true"><int>42</int><double>42345.4232</double><name>name123_45</name><choice3>3 choice</choice3><enum>philosophy</enum></record><record orange="3075"><int>42</int><double>42345.4232</double><name>name123_45</name><string>one two three</string><choice4>4 choice</choice4><enum>romance</enum></record><record orange="3076" apple="true"><int>42</int><double>42345.4232</double><name>name123_45</name><choice1>1 choice</choice1><enum>fiction</enum></record><record orange="3077"><int>42</int><double>42345.4232</double><name>name123_45</name><string>one two three</string><choice2>2 choice</choice2><enum>horror</enum></record><record orange="3078" apple="true"><int>42</int><double>42345.4232</double><name>name123_45</name><choice3>3 choice</choice3><enum>history</enum></record><record orange="3079"><int>42</int><double>42345.4232</double><name>name123_45</name><string>one two three</string><choice4>4 choice</choice4><enum>philosophy</enum></record><record orange="3080" apple="true"><int>42</int><double>42345.4232</double><name>name123_45</name><choice1>1 choice</choice1><enum>romance</enum></record><record orange="3081"><int>42</int><double>42345.4232</double><name>name123_45</name><string>one two three</string><choice2>2 choice</choice2><enum>fiction</enum></record><record orange="3082" apple="true"><int>42</int><double>42345.4232</double><name>name123_45</name><choice3>3 choice</choice3><enum>horror</enum></record><record orange="3083"><int>42</int><double>42345.4232</double><name>name123_45</name><string>one two three</string><choice4>4 choice</choice4><enum>history</enum></record><record orange="3084" apple="true"><int>42</int><double>42345.4232</double><name>name123_45</name><choice1>1 choice</choice1><enum>philosophy</enum></record><record orange="3085"><int>42</int><double>42345.4232</double><name>name123_45</name><string>one two three</string><choice2>2 choice</choice2><enum>romance</enum></record><record orange="3086" apple="true"><int>42</int><double>42345.4232</double><name>name123_45</name><choice3>3 choice</choice3><enum>fiction</enum></record><record orange="3087"><int>42</int><double>42345.4232</double><name>name123_45</name><string>one two three</string><choice4>4 choice</choice4><enum>horror</enum></record><record orange="3088" apple="true"><int>42</int><double>42345.4232</double><name>name123_45</name><choice1>1 choice</choice1><enum>history</enum></record><record orange="3089"><int>42</int><double>42345.4232</double><name>name123_45</name><string>one two three</string><choice2>2 choice</choice2><enum>philosophy</enum></record><record orange="3090" apple="true"><int>42</int><double>42345.4232</double><name>name123_45</name><choice3>3 choice</choice3><enum>romance</enum></record><record orange="3091"><int>42</int><double>42345.4232</double><name>name123_45</name><string>one two three</string><choice4>4 choice</choice4><enum>fiction</enum></record><record orange="3092" apple="true"><int>42</int><double>42345.4232</double><name>name123_45</name><choice1>1 choice</choice1><enum>horror</enum></record><record orange="3093"><int>42</int><double>42345.4232</double><name>name123_45</name><string>one two three</string><choice2>2 choice</choice2><enum>history</enum></record><record orange="3094" apple="true"><int>42</int><double>42345.4232</double><name>name123_45</name><choice3>3 choice</choice3><enum>philosophy</enum></record><record orange="3095"><int>42</int><double>42345.4232</double><name>name123_45</name><string>one two three</string><choice4>4 choice</choice4><enum>romance</enum></record><record orange="3096" apple="true"><int>42</int><double>42345.4232</double><name>name123_45</name><choice1>1 choice</choice1><enum>fiction</enum></record><record orange="3097"><int>42</int><double>42345.4232</double><name>name123_45</name><string>one two three</string><choice2>2 choice</choice2><enum>horror</enum></record><record orange="3098" apple="true"><int>42</int><double>42345.4232</double><name>name123_45</name><choice3>3 choice</choice3><enum>history</enum></record><record orange="3099"><int>42</int><double>42345.4232</double><name>name123_45</name><string>one two three</string><choice4>4 choice</choice4><enum>philosophy</enum></record><record orange="3100" apple="true"><int>42</int><double>42345.4232</double><name>name123_45</name><choice1>1 choice</choice1><enum>romance</enum></record><record orange="3101"><int>42</int><double>42345.4232</double><name>name123_45</name><string>one two three</string><choice2>2 choice</choice2><enum>fiction</enum></record><record orange="3102" apple="true"><int>42</int><double>42345.4232</double><name>name123_45</name><choice3>3 choice</choice3><enum>horror</enum></record><record orange="3103"><int>42</int><double>42345.4232</double><name>name123_45</name><string>one two three</string><choice4>4 choice</choice4><enum>history</enum></record><record orange="3104" apple="true"><int>42</int><double>42345.4232</double><name>name123_45</name><choice1>1 choice</choice1><enum>philosophy</enum></record><record orange="3105"><int>42</int><double>42345.4232</double><name>name123_45</name><string>one two three</string><choice2>2 choice</choice2><enum>romance</enum></record><record orange="3106" apple="true"><int>42</int><double>42345.4232</double><name>name123_45</name><choice3>3 choice</choice3><enum>fiction</enum></record><record orange="3107"><int>42</int><double>42345.4232</double><name>name123_45</name><string>one two three</string><choice4>4 choice</choice4><enum>horror</enum></record><record orange="3108" apple="true"><int>42</int><double>42345.4232</double><name>name123_45</name><choice1>1 choice</choice1><enum>history</enum></record><record orange="3109"><int>42</int><double>42345.4232</double><name>name123_45</name><string>one two three</string><choice2>2 choice</choice2><enum>philosophy</enum></record><record orange="3110" apple="true"><int>42</int><double>42345.4232</double><name>name123_45</name><choice3>3 choice</choice3><enum>romance</enum></record><record orange="3111"><int>42</int><double>42345.4232</double><name>name123_45</name><string>one two three</string><choice4>4 choice</choice4><enum>fiction</enum></record><record orange="3112" apple="true"><int>42</int><double>42345.4232</double><name>name123_45</name><choice1>1 choice</choice1><enum>horror</enum></record><record orange="3113"><int>42</int><double>42345.4232</double><name>name123_45</name><string>one two three</string><choice2>2 choice</choice2><enum>history</enum></record><record orange="3114" apple="true"><int>42</int><double>42345.4232</double><name>name123_45</name><choice3>3 choice</choice3><enum>philosophy</enum></record><record orange="3115"><int>42</int><double>42345.4232</double><name>name123_45</name><string>one two three</string><choice4>4 choice</choice4><enum>romance</enum></record><record orange="3116" apple="true"><int>42</int><double>42345.4232</double><name>name123_45</name><choice1>1 choice</choice1><enum>fiction</enum></record><record orange="3117"><int>42</int><double>42345.4232</double><name>name123_45</name><string>one two three</string><choice2>2 choice</choice2><enum>horror</enum></record><record orange="3118" apple="true"><int>42</int><double>42345.4232</double><name>name123_45</name><choice3>3 choice</choice3><enum>history</enum></record><record orange="3119"><int>42</int><double>42345.4232</double><name>name123_45</name><string>one two three</string><choice4>4 choice</choice4><enum>philosophy</enum></record><record orange="3120" apple="true"><int>42</int><double>42345.4232</double><name>name123_45</name><choice1>1 choice</choice1><enum>romance</enum></record><record orange="3121"><int>42</int><double>42345.4232</double><name>name123_45</name><string>one two three</string><choice2>2 choice</choice2><enum>fiction</enum></record><record orange="3122" apple="true"><int>42</int><double>42345.4232</double><name>name123_45</name><choice3>3 choice</choice3><enum>horror</enum></record><record orange="3123"><int>42</int><double>42345.4232</double><name>name123_45</name><string>one two three</string><choice4>4 choice</choice4><enum>history</enum></record><record orange="3124" apple="true"><int>42</int><double>42345.4232</double><name>name123_45</name><choice1>1 choice</choice1><enum>philosophy</enum></record><record orange="3125"><int>42</int><double>42345.4232</double><name>name123_45</name><string>one two three</string><choice2>2 choice</choice2><enum>romance</enum></record><record orange="3126" apple="true"><int>42</int><double>42345.4232</double><name>name123_45</name><choice3>3 choice</choice3><enum>fiction</enum></record><record orange="3127"><int>42</int><double>42345.4232</double><name>name123_45</name><string>one two three</string><choice4>4 choice</choice4><enum>horror</enum></record><record orange="3128" apple="true"><int>42</int><double>42345.4232</double><name>name123_45</name><choice1>1 choice</choice1><enum>history</enum></record><record orange="3129"><int>42</int><double>42345.4232</double><name>name123_45</name><string>one two three</string><choice2>2 choice</choice2><enum>philosophy</enum></record><record orange="3130" apple="true"><int>42</int><double>42345.4232</double><name>name123_45</name><choice3>3 choice</choice3><enum>romance</enum></record><record orange="3131"><int>42</int><double>42345.4232</double><name>name123_45</name><string>one two three</string><choice4>4 choice</choice4><enum>fiction</enum></record><record orange="3132" apple="true"><int>42</int><double>42345.4232</double><name>name123_45</name><choice1>1 choice</choice1><enum>horror</enum></record><record orange="3133"><int>42</int><double>42345.4232</double><name>name123_45</name><string>one two three</string><choice2>2 choice</choice2><enum>history</enum></record><record orange="3134" apple="true"><int>42</int><double>42345.4232</double><name>name123_45</name><choice3>3 choice</choice3><enum>philosophy</enum></record><record orange="3135"><int>42</int><double>42345.4232</double><name>name123_45</name><string>one two three</string><choice4>4 choice</choice4><enum>romance</enum></record><record orange="3136" apple="true"><int>42</int><double>42345.4232</double><name>name123_45</name><choice1>1 choice</choice1><enum>fiction</enum></record><record orange="3137"><int>42</int><double>42345.4232</double><name>name123_45</name><string>one two three</string><choice2>2 choice</choice2><enum>horror</enum></record><record orange="3138" apple="true"><int>42</int><double>42345.4232</double><name>name123_45</name><choice3>3 choice</choice3><enum>history</enum></record><record orange="3139"><int>42</int><double>42345.4232</double><name>name123_45</name><string>one two three</string><choice4>4 choice</choice4><enum>philosophy</enum></record><record orange="3140" apple="true"><int>42</int><double>42345.4232</double><name>name123_45</name><choice1>1 choice</choice1><enum>romance</enum></record><record orange="3141"><int>42</int><double>42345.4232</double><name>name123_45</name><string>one two three</string><choice2>2 choice</choice2><enum>fiction</enum></record><record orange="3142" apple="true"><int>42</int><double>42345.4232</double><name>name123_45</name><choice3>3 choice</choice3><enum>horror</enum></record><record orange="3143"><int>42</int><double>42345.4232</double><name>name123_45</name><string>one two three</string><choice4>4 choice</choice4><enum>history</enum></record><record orange="3144" apple="true"><int>42</int><double>42345.4232</double><name>name123_45</name><choice1>1 choice</choice1><enum>philosophy</enum></record><record orange="3145"><int>42</int><double>42345.4232</double><name>name123_45</name><string>one two three</string><choice2>2 choice</choice2><enum>romance</enum></record><record orange="3146" apple="true"><int>42</int><double>42345.4232</double><name>name123_45</name><choice3>3 choice</choice3><enum>fiction</enum></record><record orange="3147"><int>42</int><double>42345.4232</double><name>name123_45</name><string>one two three</string><choice4>4 choice</choice4><enum>horror</enum></record><record orange="3148" apple="true"><int>42</int><double>42345.4232</double><name>name123_45</name><choice1>1 choice</choice1><enum>history</enum></record><record orange="3149"><int>42</int><double>42345.4232</double><name>name123_45</name><string>one two three</string><choice2>2 choice</choice2><enum>philosophy</enum></record></t:root>